
                                   Fri Apr 24 16:52:35 2020           Page 1
                                   Fri Apr 24 16:52:36 2020    gh_0000cbk1.s
Command Line:   C:\ghs\comp_201754\asppc.exe -w -noundefined -elf -b1 -I.
                -I./components/spc570sxx_platform_component_rla/lib/include
                -I./components/flash_driver/lib/include
                -I./components/spc570sxx_board_initialization_component_rla/lib/include
                -I./components/spc570sxx_clock_component_rla/lib/include
                -I./components/spc570sxx_irq_component_rla/lib/include
                -I./components/spc570sxx_osal_component_rla/lib/include
                -I./components/spc570sxx_platform_component_rla/cfg
                -I./components/spc570sxx_board_initialization_component_rla/cfg
                -I./components/spc570sxx_clock_component_rla/cfg
                -I./components/spc570sxx_irq_component_rla/cfg
                -I./components/spc570sxx_osal_component_rla/cfg -I./source/
                -I./source/ASW/ -I./source/BSW/ -I./source/BSW/BSW_Geny/
                -I./source/BSW/BSW_Geny/Can/ -I./source/BSW/BSW_Geny/Common/
                -I./source/BSW/BSW_Geny/Il/
                -I./source/BSW/BSW_Geny/SipVersionCheck/
                -I./source/BSW/BSW_Geny/Tp/ -I./source/BSW/BSW_Geny/VStdLib/
                -I./source/BSW/CANbedded_Vector/ -I./source/FBL/ -I./source/Geny/
                -I./source/Geny/Cdd/ -I./source/Geny/Cfg/ -I./source/Geny/Db/
                -I./source/Geny/Prj/ -I./source/HAL/ -I./source/RTE/
                -I./source/UDS/ -I./components -IC:\ghs\comp_201754\/ansi
                -IC:\ghs\comp_201754\lib\ppc5514 -cpu=ppc5746mz0
                -patch_dbo=D:\07_Working\E100\build\obj\appdescdev.dbo
                -source=appdescdev.c -o build\obj\gh_0000cbk1.o
                -list=build/lst/appdescdev.lst build\obj\gh_0000cbk1.s
Source File:    build\obj\gh_0000cbk1.s
Directory:      D:\07_Working\E100
Host OS:        Windows
AS: Copyright (C) 1983-2017 Green Hills Software.  All Rights Reserved.
Release: Compiler v2017.5.4
Build Directory: [Directory] COMP-VAL-WIN50:c:/autoval2/v2017.5-2017-10-03/win32-comp-ecom
Revision: [VCInfo] http://toolsvc/branches/release-branch-2017-5-comp/src@603870 (built by auto-compiler)
Revision Date: Wed Oct 04 11:30:08 2017

Release Date: Wed Oct 04 09:00:05 2017

                             1	#Driver Command: ccppc -c -cpu=ppc5746mz0 -Ospeed -Onounroll --ee -ansi
                             2	#		--no_coverage_analysis -check=nomemory -inline_prologue -std=c99
                             3	#		-G -dual_debug --gnu_asm -gnu99 --no_commons -w --ghstd=last
                             4	#		-list -tmp=build/obj -list=build/lst/appdescdev.lst -DPPC_USE_VLE
                             5	#		-MD -I.
                             6	#		-I./components/spc570sxx_platform_component_rla/lib/include
                             7	#		-I./components/flash_driver/lib/include
                             8	#		-I./components/spc570sxx_board_initialization_component_rla/lib/include
                             9	#		-I./components/spc570sxx_clock_component_rla/lib/include
                            10	#		-I./components/spc570sxx_irq_component_rla/lib/include
                            11	#		-I./components/spc570sxx_osal_component_rla/lib/include
                            12	#		-I./components/spc570sxx_platform_component_rla/cfg
                            13	#		-I./components/spc570sxx_board_initialization_component_rla/cfg
                            14	#		-I./components/spc570sxx_clock_component_rla/cfg
                            15	#		-I./components/spc570sxx_irq_component_rla/cfg
                            16	#		-I./components/spc570sxx_osal_component_rla/cfg -I./source/
                            17	#		-I./source/ASW/ -I./source/BSW/ -I./source/BSW/BSW_Geny/
                            18	#		-I./source/BSW/BSW_Geny/Can/ -I./source/BSW/BSW_Geny/Common/
                            19	#		-I./source/BSW/BSW_Geny/Il/
                            20	#		-I./source/BSW/BSW_Geny/SipVersionCheck/
                            21	#		-I./source/BSW/BSW_Geny/Tp/ -I./source/BSW/BSW_Geny/VStdLib/
                            22	#		-I./source/BSW/CANbedded_Vector/ -I./source/FBL/ -I./source/Geny/
                            23	#		-I./source/Geny/Cdd/ -I./source/Geny/Cfg/ -I./source/Geny/Db/
                            24	#		-I./source/Geny/Prj/ -I./source/HAL/ -I./source/RTE/
                            25	#		-I./source/UDS/ -I./components -IC:\ghs\comp_201754\/ansi
                            26	#		./source/BSW/CANbedded_Vector/appdescdev.c -o
                            27	#		build/obj/appdescdev.o
                            28	#Source File:   ./source/BSW/CANbedded_Vector/appdescdev.c

                                   Fri Apr 24 16:52:35 2020           Page 2
                                   Fri Apr 24 16:52:36 2020    gh_0000cbk1.s
                            29	#Directory:     D:\07_Working\E100
                            30	#Compile Date:  Fri Apr 24 16:52:35 2020
                            31	#Host OS:       Win32
                            32	#Version:       C-POWERPC 2017.5.4 RELEASE VERSION
                            33	#Release:       Compiler v2017.5.4
                            34	#Revision Date: Wed Oct 04 11:39:37 2017
                            35	#Release Date:  Wed Oct 04 09:00:05 2017
                            36	# ecom  -g -w -OLM
                            37	
                            38		.data
                            39		.note ".PPC.EMB.apuinfo",""
00000000 00000008           40		.long	0x00000008
00000004 00000004           41		.long	4
00000008 00000002           42		.long	0x00000002
                            43		# "APUinfo\000"
0000000c 41505569           44		.byte	65,80,85,105
00000010 6e666f00           45		.byte	110,102,111,0
00000014 01040001           46		.long	0x01040001
                            47		.ghsnote version,20
                            48		.ghsnote tools,3
                            49		.ghsnote options,644
                            50		.section ".vletext", "vax"
                            51		.vle
                            52		.vle
                            53	..bof.D.3A.5C07_Working.5CE100.5Cbuild.5Cobj.5Cappdescdev...44.3A.5C07_Working.5CE100..5EA29AC3..0::
                            54	..eof.D.3A.5C07_Working.5CE100.5Cbuild.5Cobj.5Cappdescdev...44.3A.5C07_Working.5CE100..5EA29AC3..0::
                            55		.section	.debug_info
                            56	.Ldw_begin:
00000000 00000070           57		.long	.Ldw_end-.Ldw_begin-4
00000004 0002               58		.byte	0,2
00000006 00000000           59		.long	.Ldw_abbr_begin
0000000a 04                 60		.byte	4
                            61		.section	.debug_abbrev
                            62	.Ldw_abbr_begin:
                            63		.section	.debug_info
0000000b 01                 64		.byte	1
0000000c 00000000           65		.long	..bof.D.3A.5C07_Working.5CE100.5Cbuild.5Cobj.5Cappdescdev...44.3A.5C07_Working.5CE100..5EA29AC3..0
00000010 00000000           66		.long	..eof.D.3A.5C07_Working.5CE100.5Cbuild.5Cobj.5Cappdescdev...44.3A.5C07_Working.5CE100..5EA29AC3..0
00000014 2e2f736f75726365   67		.strz	"./source/BSW/CANbedded_Vector/appdescdev.c"
0000001c 2f4253572f43414e
00000024 6265646465645f56
0000002c 6563746f722f6170
00000034 7064657363646576
0000003c 2e6300          
0000003f 443a5c30375f576f   68		.strz	"D:\\07_Working\\E100"
00000047 726b696e675c4531
0000004f 303000          
00000052 4748532043203230   69		.strz	"GHS C 2017.5.4 [dual]"
0000005a 31372e352e34205b
00000062 6475616c5d00    
00000068 0001               70		.byte	0,1
0000006a 00000000           71		.long	.Ldw_line_begin
0000006e 00000000           72		.long	.Ldw_macinfo_begin
00000072 00                 73		.byte	0
                            74	
                            75		.section	.debug_abbrev
00000000 01                 76		.byte	1
00000001 11                 77		.byte	17
00000002 01                 78		.byte	1
00000003 1101               79		.byte	17,1
00000005 1201               80		.byte	18,1
00000007 0308               81		.byte	3,8
00000009 1b08               82		.byte	27,8
0000000b 2508               83		.byte	37,8
0000000d 1305               84		.byte	19,5

                                   Fri Apr 24 16:52:35 2020           Page 3
                                   Fri Apr 24 16:52:36 2020    gh_0000cbk1.s
0000000f 1006               85		.byte	16,6
00000011 4306               86		.byte	67,6
00000013 420b               87		.byte	66,11
00000015 0000               88		.byte	0,0
                            89	
                            90		.section	.debug_line
                            91	.Ldw_line_begin:
00000000 00000281           92		.long	.Ldw_line_end-.Ldw_line_begin-4
00000004 0002               93		.byte	0,2
00000006 0000027b           94		.long	.Ldw_lpro_end-.Ldw_lpro_begin
                            95	.Ldw_lpro_begin:
0000000a 01                 96		.byte	1
0000000b 00                 97		.byte	0
0000000c 00                 98		.byte	0
0000000d 04                 99		.byte	4
0000000e 0a                100		.byte	10
0000000f 000101            101		.byte	0,1,1
00000012 010100            102		.byte	1,1,0
00000015 000001            103		.byte	0,0,1
00000018 00                104		.byte	0
00000019 2e2f736f75726365  105		.strz	"./source/BSW/CANbedded_Vector/appdescdev.c"
00000021 2f4253572f43414e
00000029 6265646465645f56
00000031 6563746f722f6170
00000039 7064657363646576
00000041 2e6300          
00000044 000000            106		.byte	0,0,0
00000047 2e2f736f75726365  107		.strz	"./source/BSW/CANbedded_Vector/v_inc.h"
0000004f 2f4253572f43414e
00000057 6265646465645f56
0000005f 6563746f722f765f
00000067 696e632e6800    
0000006d 000000            108		.byte	0,0,0
00000070 2e2f736f75726365  109		.strz	"./source/BSW/BSW_Geny/Can/can_inc.h"
00000078 2f4253572f425357
00000080 5f47656e792f4361
00000088 6e2f63616e5f696e
00000090 632e6800        
00000094 000000            110		.byte	0,0,0
00000097 2e2f736f75726365  111		.strz	"./source/BSW/CANbedded_Vector/can_cfg.h"
0000009f 2f4253572f43414e
000000a7 6265646465645f56
000000af 6563746f722f6361
000000b7 6e5f6366672e6800
000000bf 000000            112		.byte	0,0,0
000000c2 2e2f736f75726365  113		.strz	"./source/BSW/CANbedded_Vector/v_cfg.h"
000000ca 2f4253572f43414e
000000d2 6265646465645f56
000000da 6563746f722f765f
000000e2 6366672e6800    
000000e8 000000            114		.byte	0,0,0
000000eb 2e2f736f75726365  115		.strz	"./source/BSW/CANbedded_Vector/v_par.h"
000000f3 2f4253572f43414e
000000fb 6265646465645f56
00000103 6563746f722f765f
0000010b 7061722e6800    
00000111 000000            116		.byte	0,0,0
00000114 2e2f736f75726365  117		.strz	"./source/BSW/BSW_Geny/Common/v_def.h"
0000011c 2f4253572f425357
00000124 5f47656e792f436f
0000012c 6d6d6f6e2f765f64
00000134 65662e6800      
00000139 000000            118		.byte	0,0,0
0000013c 2e2f736f75726365  119		.strz	"./source/BSW/BSW_Geny/VStdLib/vstdlib.h"
00000144 2f4253572f425357
0000014c 5f47656e792f5653
00000154 74644c69622f7673
0000015c 74646c69622e6800
00000164 000000            120		.byte	0,0,0
00000167 2e2f736f75726365  121		.strz	"./source/BSW/BSW_Geny/Can/can_def.h"
0000016f 2f4253572f425357
00000177 5f47656e792f4361
0000017f 6e2f63616e5f6465
00000187 662e6800        
0000018b 000000            122		.byte	0,0,0
0000018e 2e2f736f75726365  123		.strz	"./source/BSW/CANbedded_Vector/drv_par.h"
00000196 2f4253572f43414e
0000019e 6265646465645f56
000001a6 6563746f722f6472
000001ae 765f7061722e6800
000001b6 000000            124		.byte	0,0,0
000001b9 2e2f736f75726365  125		.strz	"./source/BSW/BSW_Geny/Tp/tpmc.h"
000001c1 2f4253572f425357
000001c9 5f47656e792f5470
000001d1 2f74706d632e6800
000001d9 000000            126		.byte	0,0,0
000001dc 2e2f736f75726365  127		.strz	"./source/BSW/CANbedded_Vector/tp_cfg.h"
000001e4 2f4253572f43414e
000001ec 6265646465645f56
000001f4 6563746f722f7470
000001fc 5f6366672e6800  
00000203 000000            128		.byte	0,0,0
00000206 2e2f736f75726365  129		.strz	"./source/BSW/CANbedded_Vector/can_par.h"
0000020e 2f4253572f43414e
00000216 6265646465645f56
0000021e 6563746f722f6361
00000226 6e5f7061722e6800
0000022e 000000            130		.byte	0,0,0
00000231 2e2f736f75726365  131		.strz	"./source/BSW/CANbedded_Vector/desc.h"
00000239 2f4253572f43414e
00000241 6265646465645f56
00000249 6563746f722f6465
00000251 73632e6800      
00000256 000000            132		.byte	0,0,0
00000259 2e2f736f75726365  133		.strz	"./source/BSW/CANbedded_Vector/appdesc.h"
00000261 2f4253572f43414e
00000269 6265646465645f56
00000271 6563746f722f6170
00000279 70646573632e6800
00000281 000000            134		.byte	0,0,0
00000284 00                135		.byte	0
                           136	.Ldw_lpro_end:
                           137		.section	.debug_macinfo
                           138	.Ldw_macinfo_begin:
                           139		.section	.debug_info
00000073 00                140		.byte	0

                                   Fri Apr 24 16:52:35 2020           Page 4
                                   Fri Apr 24 16:52:36 2020    gh_0000cbk1.s
                           141	
                           142		.section	.debug_line
                           143	.Ldw_line_end:
                           144		.section	.debug_macinfo
00000000 03                145		.byte	3
00000001 00                146		.byte	0
00000002 01                147		.byte	1
00000003 03                148		.byte	3
00000004 20                149		.byte	32
00000005 02                150		.byte	2
00000006 01                151		.byte	1
00000007 2d                152		.byte	45
00000008 5f5f565f494e435f  153		.strz	"__V_INC_H__ "
00000010 485f5f2000      
00000015 03                154		.byte	3
00000016 2f                155		.byte	47
00000017 03                156		.byte	3
00000018 03                157		.byte	3
00000019 2a                158		.byte	42
0000001a 04                159		.byte	4
0000001b 03                160		.byte	3
0000001c 2f                161		.byte	47
0000001d 05                162		.byte	5
0000001e 01                163		.byte	1
0000001f 30                164		.byte	48
00000020 5647454e5f47454e  165		.strz	"VGEN_GENY "
00000028 592000          
0000002b 01                166		.byte	1
0000002c 54                167		.byte	84
0000002d 435f435055545950  168		.strz	"C_CPUTYPE_32BIT "
00000035 455f333242495420
0000003d 00              
0000003e 01                169		.byte	1
0000003f 59                170		.byte	89
00000040 565f435055545950  171		.strz	"V_CPUTYPE_BITARRAY_32BIT "
00000048 455f424954415252
00000050 41595f3332424954
00000058 2000            
0000005a 01                172		.byte	1
0000005b 5e                173		.byte	94
0000005c 435f435055545950  174		.strz	"C_CPUTYPE_BIGENDIAN "
00000064 455f424947454e44
0000006c 49414e2000      
00000071 01                175		.byte	1
00000072 63                176		.byte	99
00000073 435f435055545950  177		.strz	"C_CPUTYPE_BITORDER_MSB2LSB "
0000007b 455f4249544f5244
00000083 45525f4d5342324c
0000008b 53422000        
0000008f 01                178		.byte	1
00000090 6d                179		.byte	109
00000091 565f454e41424c45  180		.strz	"V_ENABLE_USE_DUMMY_STATEMENT "
00000099 5f5553455f44554d
000000a1 4d595f5354415445
000000a9 4d454e542000    
000000af 01                181		.byte	1
000000b0 72                182		.byte	114
000000b1 435f434f4d505f47  183		.strz	"C_COMP_GHS_MPC55XX_FLEXCAN2 "
000000b9 48535f4d50433535
000000c1 58585f464c455843
000000c9 414e322000      
000000ce 01                184		.byte	1
000000cf 9301              185		.byte	147,1
000000d1 5647454e5f454e41  186		.strz	"VGEN_ENABLE_VSTDLIB "
000000d9 424c455f56535444
000000e1 4c49422000      
000000e6 01                187		.byte	1
000000e7 9701              188		.byte	151,1
000000e9 565354445f454e41  189		.strz	"VSTD_ENABLE_APPL_INTCTRL "
000000f1 424c455f4150504c
000000f9 5f494e544354524c
00000101 2000            
00000103 01                190		.byte	1
00000104 a901              191		.byte	169,1
00000106 565354445f454e41  192		.strz	"VSTD_ENABLE_LIBRARY_FUNCTIONS "
0000010e 424c455f4c494252
00000116 4152595f46554e43
0000011e 54494f4e532000  
00000125 01                193		.byte	1
00000126 d201              194		.byte	210,1
00000128 4452565f4150495f  195		.strz	"DRV_API_CALL_TYPE "
00000130 43414c4c5f545950
00000138 452000          
0000013b 01                196		.byte	1

                                   Fri Apr 24 16:52:35 2020           Page 5
                                   Fri Apr 24 16:52:36 2020    gh_0000cbk1.s
0000013c d301              197		.byte	211,1
0000013e 4452565f4150495f  198		.strz	"DRV_API_CALLBACK_TYPE "
00000146 43414c4c4241434b
0000014e 5f545950452000  
00000155 01                199		.byte	1
00000156 d401              200		.byte	212,1
00000158 54505f4150495f43  201		.strz	"TP_API_CALL_TYPE "
00000160 414c4c5f54595045
00000168 2000            
0000016a 01                202		.byte	1
0000016b d501              203		.byte	213,1
0000016d 54505f4150495f43  204		.strz	"TP_API_CALLBACK_TYPE "
00000175 414c4c4241434b5f
0000017d 545950452000    
00000183 01                205		.byte	1
00000184 d601              206		.byte	214,1
00000186 54505f494e544552  207		.strz	"TP_INTERNAL_CALL_TYPE "
0000018e 4e414c5f43414c4c
00000196 5f545950452000  
0000019d 01                208		.byte	1
0000019e ad02              209		.byte	173,2
000001a0 4d414749435f4e55  210		.strz	"MAGIC_NUMBER 345877849"
000001a8 4d42455220333435
000001b0 38373738343900  
000001b7 04                211		.byte	4
000001b8 01                212		.byte	1
000001b9 4c                213		.byte	76
000001ba 6b43616e4e756d62  214		.strz	"kCanNumberOfChannels 1"
000001c2 65724f664368616e
000001ca 6e656c73203100  
000001d1 01                215		.byte	1
000001d2 4d                216		.byte	77
000001d3 6b43616e4e756d62  217		.strz	"kCanNumberOfHwChannels 1"
000001db 65724f6648774368
000001e3 616e6e656c732031
000001eb 00              
000001ec 01                218		.byte	1
000001ed 58                219		.byte	88
000001ee 435f454e41424c45  220		.strz	"C_ENABLE_RECEIVE_FCT "
000001f6 5f52454345495645
000001fe 5f4643542000    
00000204 01                221		.byte	1
00000205 59                222		.byte	89
00000206 4150504c5f43414e  223		.strz	"APPL_CAN_MSGRECEIVED ApplCanMsgReceived"
0000020e 5f4d534752454345
00000216 4956454420417070
0000021e 6c43616e4d736752
00000226 6563656976656400
0000022e 01                224		.byte	1
0000022f 5c                225		.byte	92
00000230 435f454e41424c45  226		.strz	"C_ENABLE_TRANSMIT_QUEUE "
00000238 5f5452414e534d49
00000240 545f515545554520
00000248 00              
00000249 01                227		.byte	1
0000024a 60                228		.byte	96
0000024b 435f454e41424c45  229		.strz	"C_ENABLE_USER_CHECK "
00000253 5f555345525f4348
0000025b 45434b2000      
00000260 01                230		.byte	1
00000261 61                231		.byte	97
00000262 435f454e41424c45  232		.strz	"C_ENABLE_HARDWARE_CHECK "
0000026a 5f48415244574152
00000272 455f434845434b20
0000027a 00              
0000027b 01                233		.byte	1
0000027c 62                234		.byte	98
0000027d 435f454e41424c45  235		.strz	"C_ENABLE_GEN_CHECK "
00000285 5f47454e5f434845
0000028d 434b2000        
00000291 01                236		.byte	1
00000292 63                237		.byte	99
00000293 435f454e41424c45  238		.strz	"C_ENABLE_INTERNAL_CHECK "
0000029b 5f494e5445524e41
000002a3 4c5f434845434b20
000002ab 00              
000002ac 01                239		.byte	1
000002ad 6f                240		.byte	111
000002ae 435f534543555249  241		.strz	"C_SECURITY_LEVEL 30"
000002b6 54595f4c4556454c
000002be 20333000        
000002c2 01                242		.byte	1
000002c3 72                243		.byte	114
000002c4 435f454e41424c45  244		.strz	"C_ENABLE_PART_OFFLINE "
000002cc 5f504152545f4f46
000002d4 464c494e452000  
000002db 01                245		.byte	1
000002dc 77                246		.byte	119
000002dd 6b43616e4e756d62  247		.strz	"kCanNumberOfTxObjects 4"
000002e5 65724f6654784f62
000002ed 6a65637473203400
000002f5 01                248		.byte	1
000002f6 7a                249		.byte	122
000002f7 6b43616e4e756d62  250		.strz	"kCanNumberOfRxObjects 5"
000002ff 65724f6652784f62
00000307 6a65637473203500
0000030f 01                251		.byte	1
00000310 8101              252		.byte	129,1

                                   Fri Apr 24 16:52:35 2020           Page 6
                                   Fri Apr 24 16:52:36 2020    gh_0000cbk1.s
00000312 6b43616e4e756d62  253		.strz	"kCanNumberOfConfFlags 3"
0000031a 65724f66436f6e66
00000322 466c616773203300
0000032a 01                254		.byte	1
0000032b 8501              255		.byte	133,1
0000032d 6b43616e4e756d62  256		.strz	"kCanNumberOfInitObjects 1"
00000335 65724f66496e6974
0000033d 4f626a6563747320
00000345 3100            
00000347 01                257		.byte	1
00000348 8c01              258		.byte	140,1
0000034a 435f454e41424c45  259		.strz	"C_ENABLE_CONFIRMATION_FLAG "
00000352 5f434f4e4649524d
0000035a 4154494f4e5f464c
00000362 41472000        
00000366 01                260		.byte	1
00000367 8f01              261		.byte	143,1
00000369 435f454e41424c45  262		.strz	"C_ENABLE_CONFIRMATION_FCT "
00000371 5f434f4e4649524d
00000379 4154494f4e5f4643
00000381 542000          
00000384 01                263		.byte	1
00000385 9001              264		.byte	144,1
00000387 435f454e41424c45  265		.strz	"C_ENABLE_INDICATION_FCT "
0000038f 5f494e4449434154
00000397 494f4e5f46435420
0000039f 00              
000003a0 01                266		.byte	1
000003a1 9101              267		.byte	145,1
000003a3 435f454e41424c45  268		.strz	"C_ENABLE_PRECOPY_FCT "
000003ab 5f505245434f5059
000003b3 5f4643542000    
000003b9 01                269		.byte	1
000003ba 9701              270		.byte	151,1
000003bc 435f454e41424c45  271		.strz	"C_ENABLE_GENERIC_PRECOPY "
000003c4 5f47454e45524943
000003cc 5f505245434f5059
000003d4 2000            
000003d6 01                272		.byte	1
000003d7 9801              273		.byte	152,1
000003d9 4150504c5f43414e  274		.strz	"APPL_CAN_GENERIC_PRECOPY IlCanGenericPrecopy"
000003e1 5f47454e45524943
000003e9 5f505245434f5059
000003f1 20496c43616e4765
000003f9 6e65726963507265
00000401 636f707900      
00000406 01                275		.byte	1
00000407 a401              276		.byte	164,1
00000409 435f454e41424c45  277		.strz	"C_ENABLE_CAN_CANCEL_NOTIFICATION "
00000411 5f43414e5f43414e
00000419 43454c5f4e4f5449
00000421 4649434154494f4e
00000429 2000            
0000042b 01                278		.byte	1
0000042c a501              279		.byte	165,1
0000042e 4150504c5f43414e  280		.strz	"APPL_CAN_CANCELNOTIFICATION IlCanCancelNotification"
00000436 5f43414e43454c4e
0000043e 4f54494649434154
00000446 494f4e20496c4361
0000044e 6e43616e63656c4e
00000456 6f74696669636174
0000045e 696f6e00        
00000462 01                281		.byte	1
00000463 a701              282		.byte	167,1
00000465 6b43616e50687973  283		.strz	"kCanPhysToLogChannelIndex_0 "
0000046d 546f4c6f67436861
00000475 6e6e656c496e6465
0000047d 785f302000      
00000482 01                284		.byte	1
00000483 a801              285		.byte	168,1
00000485 435f454e41424c45  286		.strz	"C_ENABLE_RX_FULLCAN_OBJECTS "
0000048d 5f52585f46554c4c
00000495 43414e5f4f424a45
0000049d 4354532000      
000004a2 01                287		.byte	1
000004a3 a901              288		.byte	169,1
000004a5 435f454e41424c45  289		.strz	"C_ENABLE_RX_BASICCAN_OBJECTS "
000004ad 5f52585f42415349
000004b5 4343414e5f4f424a
000004bd 454354532000    
000004c3 01                290		.byte	1
000004c4 b201              291		.byte	178,1
000004c6 435f454e41424c45  292		.strz	"C_ENABLE_CAN_CAN_INTERRUPT_CONTROL "
000004ce 5f43414e5f43414e
000004d6 5f494e5445525255
000004de 50545f434f4e5452
000004e6 4f4c2000        
000004ea 01                293		.byte	1
000004eb b601              294		.byte	182,1
000004ed 435f454e41424c45  295		.strz	"C_ENABLE_TX_POLLING "
000004f5 5f54585f504f4c4c
000004fd 494e472000      
00000502 01                296		.byte	1
00000503 b701              297		.byte	183,1
00000505 435f454e41424c45  298		.strz	"C_ENABLE_RX_BASICCAN_POLLING "
0000050d 5f52585f42415349
00000515 4343414e5f504f4c
0000051d 4c494e472000    
00000523 01                299		.byte	1
00000524 b801              300		.byte	184,1
00000526 435f454e41424c45  301		.strz	"C_ENABLE_RX_FULLCAN_POLLING "
0000052e 5f52585f46554c4c
00000536 43414e5f504f4c4c
0000053e 494e472000      
00000543 01                302		.byte	1
00000544 b901              303		.byte	185,1
00000546 435f454e41424c45  304		.strz	"C_ENABLE_ERROR_POLLING "
0000054e 5f4552524f525f50
00000556 4f4c4c494e472000
0000055e 01                305		.byte	1
0000055f ba01              306		.byte	186,1
00000561 435f454e41424c45  307		.strz	"C_ENABLE_WAKEUP_POLLING "
00000569 5f57414b4555505f
00000571 504f4c4c494e4720
00000579 00              
0000057a 01                308		.byte	1

                                   Fri Apr 24 16:52:35 2020           Page 7
                                   Fri Apr 24 16:52:36 2020    gh_0000cbk1.s
0000057b c201              309		.byte	194,1
0000057d 435f44495341424c  310		.strz	"C_DISABLE_SLEEP_WAKEUP "
00000585 455f534c4545505f
0000058d 57414b4555502000
00000595 01                311		.byte	1
00000596 ce01              312		.byte	206,1
00000598 6b43616e4e756d62  313		.strz	"kCanNumberOfUsedCanRxIdTables 1"
000005a0 65724f6655736564
000005a8 43616e5278496454
000005b0 61626c6573203100
000005b8 01                314		.byte	1
000005b9 d301              315		.byte	211,1
000005bb 6b43616e4e756d62  316		.strz	"kCanNumberOfUsedTxCANObjects 1"
000005c3 65724f6655736564
000005cb 547843414e4f626a
000005d3 65637473203100  
000005da 01                317		.byte	1
000005db ec01              318		.byte	236,1
000005dd 435f44495341424c  319		.strz	"C_DISABLE_SINGLE_ISR_API "
000005e5 455f53494e474c45
000005ed 5f4953525f415049
000005f5 2000            
000005f7 01                320		.byte	1
000005f8 ed01              321		.byte	237,1
000005fa 435f454e41424c45  322		.strz	"C_ENABLE_FLEXCAN_INDIV_RXMASK "
00000602 5f464c455843414e
0000060a 5f494e4449565f52
00000612 584d41534b2000  
00000619 01                323		.byte	1
0000061a ef01              324		.byte	239,1
0000061c 435f43414e5f4d41  325		.strz	"C_CAN_MAX_BUFFER_32 "
00000624 585f425546464552
0000062c 5f33322000      
00000631 01                326		.byte	1
00000632 f001              327		.byte	240,1
00000634 435f454e41424c45  328		.strz	"C_ENABLE_MIXED_RX_FULLCAN_MESSAGES "
0000063c 5f4d495845445f52
00000644 585f46554c4c4341
0000064c 4e5f4d4553534147
00000654 45532000        
00000658 04                329		.byte	4
00000659 03                330		.byte	3
0000065a 43                331		.byte	67
0000065b 06                332		.byte	6
0000065c 03                333		.byte	3
0000065d 34                334		.byte	52
0000065e 07                335		.byte	7
0000065f 01                336		.byte	1
00000660 f503              337		.byte	245,3
00000662 565f4445465f4820  338		.strz	"V_DEF_H "
0000066a 00              
0000066b 01                339		.byte	1
0000066c 8804              340		.byte	136,4
0000066e 565f4445465f5355  341		.strz	"V_DEF_SUPPORTED_PLATFORM "
00000676 50504f525445445f
0000067e 504c4154464f524d
00000686 2000            
00000688 01                342		.byte	1
00000689 9e04              343		.byte	158,4
0000068b 63616e75696e7438  344		.strz	"canuint8 vuint8"
00000693 207675696e743800
0000069b 01                345		.byte	1
0000069c a904              346		.byte	169,4
0000069e 63616e75696e7431  347		.strz	"canuint16 vuint16"
000006a6 36207675696e7431
000006ae 3600            
000006b0 01                348		.byte	1
000006b1 e204              349		.byte	226,4
000006b3 7675696e74782076  350		.strz	"vuintx vuint32"
000006bb 75696e74333200  
000006c2 01                351		.byte	1
000006c3 e504              352		.byte	229,4
000006c5 7673696e74782076  353		.strz	"vsintx vsint32"
000006cd 73696e74333200  
000006d4 01                354		.byte	1
000006d5 fd04              355		.byte	253,4
000006d7 63616e6269747479  356		.strz	"canbittype vbittype"
000006df 7065207662697474
000006e7 79706500        
000006eb 01                357		.byte	1
000006ec dd06              358		.byte	221,6
000006ee 4c4f43414c5f494e  359		.strz	"LOCAL_INLINE static inline"
000006f6 4c494e4520737461
000006fe 74696320696e6c69
00000706 6e6500          
00000709 01                360		.byte	1
0000070a e706              361		.byte	231,6
0000070c 565f4d454d524f4d  362		.strz	"V_MEMROM0 "
00000714 302000          
00000717 01                363		.byte	1
00000718 ef06              364		.byte	239,6

                                   Fri Apr 24 16:52:35 2020           Page 8
                                   Fri Apr 24 16:52:36 2020    gh_0000cbk1.s
0000071a 565f4d454d524f4d  365		.strz	"V_MEMROM1 "
00000722 312000          
00000725 01                366		.byte	1
00000726 8307              367		.byte	131,7
00000728 565f4d454d524f4d  368		.strz	"V_MEMROM2 const"
00000730 3220636f6e737400
00000738 01                369		.byte	1
00000739 9607              370		.byte	150,7
0000073b 565f4d454d524f4d  371		.strz	"V_MEMROM3 "
00000743 332000          
00000746 01                372		.byte	1
00000747 9c07              373		.byte	156,7
00000749 565f4d454d52414d  374		.strz	"V_MEMRAM0 "
00000751 302000          
00000754 01                375		.byte	1
00000755 a007              376		.byte	160,7
00000757 565f4d454d52414d  377		.strz	"V_MEMRAM1_NEAR "
0000075f 315f4e4541522000
00000767 01                378		.byte	1
00000768 a407              379		.byte	164,7
0000076a 565f4d454d52414d  380		.strz	"V_MEMRAM1 "
00000772 312000          
00000775 01                381		.byte	1
00000776 a807              382		.byte	168,7
00000778 565f4d454d52414d  383		.strz	"V_MEMRAM1_FAR "
00000780 315f4641522000  
00000787 01                384		.byte	1
00000788 ae07              385		.byte	174,7
0000078a 565f4d454d52414d  386		.strz	"V_MEMRAM2_NEAR "
00000792 325f4e4541522000
0000079a 01                387		.byte	1
0000079b b107              388		.byte	177,7
0000079d 4d454d4f52595f4e  389		.strz	"MEMORY_NEAR V_MEMRAM2_NEAR"
000007a5 45415220565f4d45
000007ad 4d52414d325f4e45
000007b5 415200          
000007b8 01                390		.byte	1
000007b9 b807              391		.byte	184,7
000007bb 565f4d454d52414d  392		.strz	"V_MEMRAM2 "
000007c3 322000          
000007c6 01                393		.byte	1
000007c7 c207              394		.byte	194,7
000007c9 565f4d454d52414d  395		.strz	"V_MEMRAM2_FAR "
000007d1 325f4641522000  
000007d8 01                396		.byte	1
000007d9 cf07              397		.byte	207,7
000007db 565f4d454d52414d  398		.strz	"V_MEMRAM3 "
000007e3 332000          
000007e6 01                399		.byte	1
000007e7 d907              400		.byte	217,7
000007e9 5655494e54385f43  401		.strz	"VUINT8_CAST "
000007f1 4153542000      
000007f6 03                402		.byte	3
000007f7 f207              403		.byte	242,7
000007f9 08                404		.byte	8
000007fa 03                405		.byte	3
000007fb d501              406		.byte	213,1
000007fd 07                407		.byte	7
000007fe 04                408		.byte	4
000007ff 01                409		.byte	1
00000800 e301              410		.byte	227,1
00000802 565354444c49425f  411		.strz	"VSTDLIB__COREHLL_VERSION 0x0308u"
0000080a 5f434f5245484c4c
00000812 5f56455253494f4e
0000081a 2030783033303875
00000822 00              
00000823 01                412		.byte	1
00000824 ed01              413		.byte	237,1
00000826 565354445f415049  414		.strz	"VSTD_API_0 "
0000082e 5f302000        
00000832 01                415		.byte	1
00000833 f101              416		.byte	241,1
00000835 565354445f415049  417		.strz	"VSTD_API_1 "
0000083d 5f312000        
00000841 01                418		.byte	1
00000842 f501              419		.byte	245,1
00000844 565354445f415049  420		.strz	"VSTD_API_2 "
0000084c 5f322000        

                                   Fri Apr 24 16:52:35 2020           Page 9
                                   Fri Apr 24 16:52:36 2020    gh_0000cbk1.s
00000850 01                421		.byte	1
00000851 8102              422		.byte	129,2
00000853 565354445f4e4f4e  423		.strz	"VSTD_NONE "
0000085b 452000          
0000085e 01                424		.byte	1
0000085f b502              425		.byte	181,2
00000861 565354445f444546  426		.strz	"VSTD_DEF_CONST(storage,vartype,memclass) V_MEMROM0 storage V_MEMROM1 vartype V_MEMROM2"
00000869 5f434f4e53542873
00000871 746f726167652c76
00000879 6172747970652c6d
00000881 656d636c61737329
00000889 20565f4d454d524f
00000891 4d302073746f7261
00000899 676520565f4d454d
000008a1 524f4d3120766172
000008a9 7479706520565f4d
000008b1 454d524f4d3200  
000008b8 01                427		.byte	1
000008b9 bc02              428		.byte	188,2
000008bb 565354445f444546  429		.strz	"VSTD_DEF_FUNC_API(storage,rettype,memclass) VSTD_API_0 storage VSTD_API_1 rettype"
000008c3 5f46554e435f4150
000008cb 492873746f726167
000008d3 652c726574747970
000008db 652c6d656d636c61
000008e3 7373292056535444
000008eb 5f4150495f302073
000008f3 746f726167652056
000008fb 5354445f4150495f
00000903 3120726574747970
0000090b 6500            
0000090d 01                430		.byte	1
0000090e dd02              431		.byte	221,2
00000910 565354445f454e41  432		.strz	"VSTD_ENABLE_INTCTRL_HANDLING "
00000918 424c455f494e5443
00000920 54524c5f48414e44
00000928 4c494e472000    
0000092e 01                433		.byte	1
0000092f fd02              434		.byte	253,2
00000931 565354445f484c5f  435		.strz	"VSTD_HL_USE_VSTD_MEMCLR "
00000939 5553455f56535444
00000941 5f4d454d434c5220
00000949 00              
0000094a 01                436		.byte	1
0000094b fe02              437		.byte	254,2
0000094d 565354445f484c5f  438		.strz	"VSTD_HL_USE_VSTD_MEMSET "
00000955 5553455f56535444
0000095d 5f4d454d53455420
00000965 00              
00000966 01                439		.byte	1
00000967 ff02              440		.byte	255,2
00000969 565354445f484c5f  441		.strz	"VSTD_HL_USE_VSTD_RAMMEMCPY "
00000971 5553455f56535444
00000979 5f52414d4d454d43
00000981 50592000        
00000985 01                442		.byte	1
00000986 8003              443		.byte	128,3
00000988 565354445f484c5f  444		.strz	"VSTD_HL_USE_VSTD_ROMMEMCPY "
00000990 5553455f56535444
00000998 5f524f4d4d454d43
000009a0 50592000        
000009a4 01                445		.byte	1
000009a5 8103              446		.byte	129,3
000009a7 565354445f484c5f  447		.strz	"VSTD_HL_USE_VSTD_WORD_MEMCPY "
000009af 5553455f56535444
000009b7 5f574f52445f4d45
000009bf 4d4350592000    
000009c5 01                448		.byte	1
000009c6 8203              449		.byte	130,3
000009c8 565354445f484c5f  450		.strz	"VSTD_HL_USE_VSTD_DWORD_MEMCPY "
000009d0 5553455f56535444
000009d8 5f44574f52445f4d
000009e0 454d4350592000  
000009e7 01                451		.byte	1
000009e8 9305              452		.byte	147,5
000009ea 565354445f4e4f49  453		.strz	"VSTD_NOINLINE_PRE "
000009f2 4e4c494e455f5052
000009fa 452000          
000009fd 01                454		.byte	1
000009fe 9605              455		.byte	150,5
00000a00 565354445f4e4f49  456		.strz	"VSTD_NOINLINE_POST "
00000a08 4e4c494e455f504f
00000a10 53542000        
00000a14 04                457		.byte	4
00000a15 01                458		.byte	1
00000a16 9308              459		.byte	147,8
00000a18 565f4e4f4e452000  460		.strz	"V_NONE "
00000a20 01                461		.byte	1
00000a21 9708              462		.byte	151,8
00000a23 435f43414c4c4241  463		.strz	"C_CALLBACK_1 "
00000a2b 434b5f312000    
00000a31 01                464		.byte	1
00000a32 9a08              465		.byte	154,8
00000a34 435f43414c4c4241  466		.strz	"C_CALLBACK_2 "
00000a3c 434b5f322000    
00000a42 01                467		.byte	1
00000a43 9d08              468		.byte	157,8
00000a45 435f4150495f3120  469		.strz	"C_API_1 "
00000a4d 00              
00000a4e 01                470		.byte	1
00000a4f a008              471		.byte	160,8
00000a51 435f4150495f3220  472		.strz	"C_API_2 "
00000a59 00              
00000a5a 01                473		.byte	1
00000a5b a308              474		.byte	163,8
00000a5d 435f4150495f3320  475		.strz	"C_API_3 "
00000a65 00              
00000a66 01                476		.byte	1

                                   Fri Apr 24 16:52:35 2020           Page 10
                                   Fri Apr 24 16:52:36 2020    gh_0000cbk1.s
00000a67 a808              477		.byte	168,8
00000a69 565f4445465f5641  478		.strz	"V_DEF_VAR_TYPE(storage,vartype) typedef storage V_MEMRAM1 vartype V_MEMRAM2"
00000a71 525f545950452873
00000a79 746f726167652c76
00000a81 6172747970652920
00000a89 7479706564656620
00000a91 73746f7261676520
00000a99 565f4d454d52414d
00000aa1 3120766172747970
00000aa9 6520565f4d454d52
00000ab1 414d3200        
00000ab5 01                479		.byte	1
00000ab6 ab08              480		.byte	171,8
00000ab8 565f4445465f5032  481		.strz	"V_DEF_P2VAR_TYPE(storage,ptrtype,ptrclass) typedef storage V_MEMRAM1 ptrtype V_MEMRAM2 *"
00000ac0 5641525f54595045
00000ac8 2873746f72616765
00000ad0 2c70747274797065
00000ad8 2c707472636c6173
00000ae0 7329207479706564
00000ae8 65662073746f7261
00000af0 676520565f4d454d
00000af8 52414d3120707472
00000b00 7479706520565f4d
00000b08 454d52414d32202a
00000b10 00              
00000b11 01                482		.byte	1
00000b12 ae08              483		.byte	174,8
00000b14 565f4445465f5032  484		.strz	"V_DEF_P2SFR_CAN_TYPE(storage,ptrtype) typedef storage V_MEMRAM1 ptrtype MEMORY_CAN *"
00000b1c 5346525f43414e5f
00000b24 545950452873746f
00000b2c 726167652c707472
00000b34 7479706529207479
00000b3c 7065646566207374
00000b44 6f7261676520565f
00000b4c 4d454d52414d3120
00000b54 7074727479706520
00000b5c 4d454d4f52595f43
00000b64 414e202a00      
00000b69 01                485		.byte	1
00000b6a b108              486		.byte	177,8
00000b6c 565f4445465f434f  487		.strz	"V_DEF_CONST(storage,type,memclass) V_MEMROM0 storage V_MEMROM1 type V_MEMROM2"
00000b74 4e53542873746f72
00000b7c 6167652c74797065
00000b84 2c6d656d636c6173
00000b8c 732920565f4d454d
00000b94 524f4d302073746f
00000b9c 7261676520565f4d
00000ba4 454d524f4d312074
00000bac 79706520565f4d45
00000bb4 4d524f4d3200    
00000bba 01                488		.byte	1
00000bbb b708              489		.byte	183,8
00000bbd 565f4445465f5032  490		.strz	"V_DEF_P2CONST_TYPE(storage,ptrtype,ptrclass) typedef storage V_MEMROM1 ptrtype V_MEMROM2 V_MEMROM3 *"
00000bc5 434f4e53545f5459
00000bcd 50452873746f7261
00000bd5 67652c7074727479
00000bdd 70652c707472636c
00000be5 6173732920747970
00000bed 656465662073746f
00000bf5 7261676520565f4d
00000bfd 454d524f4d312070
00000c05 7472747970652056
00000c0d 5f4d454d524f4d32
00000c15 20565f4d454d524f
00000c1d 4d33202a00      
00000c22 04                491		.byte	4
00000c23 01                492		.byte	1
00000c24 45                493		.byte	69
00000c25 6b47454e79566572  494		.strz	"kGENyVersionNumberOfBytes 10"
00000c2d 73696f6e4e756d62
00000c35 65724f6642797465
00000c3d 7320313000      
00000c42 04                495		.byte	4
00000c43 03                496		.byte	3
00000c44 46                497		.byte	70
00000c45 09                498		.byte	9
00000c46 01                499		.byte	1
00000c47 f603              500		.byte	246,3
00000c49 435f53494e474c45  501		.strz	"C_SINGLE_RECEIVE_CHANNEL "
00000c51 5f52454345495645
00000c59 5f4348414e4e454c
00000c61 2000            
00000c63 01                502		.byte	1
00000c64 fb03              503		.byte	251,3
00000c66 435f454e41424c45  504		.strz	"C_ENABLE_CAN_TRANSMIT "
00000c6e 5f43414e5f545241
00000c76 4e534d49542000  
00000c7d 01                505		.byte	1
00000c7e 8004              506		.byte	128,4
00000c80 435f454e41424c45  507		.strz	"C_ENABLE_OFFLINE "
00000c88 5f4f46464c494e45
00000c90 2000            
00000c92 01                508		.byte	1
00000c93 8404              509		.byte	132,4
00000c95 435f454e41424c45  510		.strz	"C_ENABLE_STOP "
00000c9d 5f53544f502000  
00000ca4 01                511		.byte	1
00000ca5 a004              512		.byte	160,4
00000ca7 435f454e41424c45  513		.strz	"C_ENABLE_INDIVIDUAL_BUFFER_MASKING "
00000caf 5f494e4449564944
00000cb7 55414c5f42554646
00000cbf 45525f4d41534b49
00000cc7 4e472000        
00000ccb 01                514		.byte	1
00000ccc db04              515		.byte	219,4
00000cce 6b43616e4e756d62  516		.strz	"kCanNumberOfRxBasicMasks 1"
00000cd6 65724f6652784261
00000cde 7369634d61736b73
00000ce6 203100          
00000ce9 01                517		.byte	1
00000cea f004              518		.byte	240,4
00000cec 435f44495341424c  519		.strz	"C_DISABLE_CAN_ISR_LOCK "
00000cf4 455f43414e5f4953
00000cfc 525f4c4f434b2000
00000d04 01                520		.byte	1
00000d05 a506              521		.byte	165,6
00000d07 43414e5f4348414e  522		.strz	"CAN_CHANNEL_CANTYPE_ONLY void"
00000d0f 4e454c5f43414e54
00000d17 5950455f4f4e4c59
00000d1f 20766f696400    
00000d25 01                523		.byte	1
00000d26 a606              524		.byte	166,6
00000d28 43414e5f4348414e  525		.strz	"CAN_CHANNEL_CANTYPE_FIRST "
00000d30 4e454c5f43414e54
00000d38 5950455f46495253
00000d40 542000          
00000d43 01                526		.byte	1
00000d44 ea06              527		.byte	234,6
00000d46 6b43616e4e756d62  528		.strz	"kCanNumberOfConfBytes ((kCanNumberOfConfFlags + 7)/8)"
00000d4e 65724f66436f6e66
00000d56 4279746573202828
00000d5e 6b43616e4e756d62
00000d66 65724f66436f6e66
00000d6e 466c616773202b20
00000d76 37292f382900    
00000d7c 01                529		.byte	1
00000d7d dd0a              530		.byte	221,10
00000d7f 4d454d4f52595f43  531		.strz	"MEMORY_CAN "
00000d87 414e2000        
00000d8b 01                532		.byte	1

                                   Fri Apr 24 16:52:35 2020           Page 11
                                   Fri Apr 24 16:52:36 2020    gh_0000cbk1.s
00000d8c f70a              533		.byte	247,10
00000d8e 435f464c45584341  534		.strz	"C_FLEXCAN_ISR_GROUP_B "
00000d96 4e5f4953525f4752
00000d9e 4f55505f422000  
00000da5 01                535		.byte	1
00000da6 ac0b              536		.byte	172,11
00000da8 6b43616e4d61784d  537		.strz	"kCanMaxMB ((vuint16)32)"
00000db0 422028287675696e
00000db8 7431362933322900
00000dc0 01                538		.byte	1
00000dc1 e917              539		.byte	233,23
00000dc3 435f454e41424c45  540		.strz	"C_ENABLE_ISR_PROTOTYPE "
00000dcb 5f4953525f50524f
00000dd3 544f545950452000
00000ddb 04                541		.byte	4
00000ddc 04                542		.byte	4
00000ddd 03                543		.byte	3
00000dde 32                544		.byte	50
00000ddf 0a                545		.byte	10
00000de0 04                546		.byte	4
00000de1 03                547		.byte	3
00000de2 34                548		.byte	52
00000de3 0b                549		.byte	11
00000de4 03                550		.byte	3
00000de5 dd03              551		.byte	221,3
00000de7 0c                552		.byte	12
00000de8 03                553		.byte	3
00000de9 2f                554		.byte	47
00000dea 0d                555		.byte	13
00000deb 03                556		.byte	3
00000dec 30                557		.byte	48
00000ded 02                558		.byte	2
00000dee 04                559		.byte	4
00000def 04                560		.byte	4
00000df0 01                561		.byte	1
00000df1 30                562		.byte	48
00000df2 54505f4d454d4f52  563		.strz	"TP_MEMORY_MODEL_DATA "
00000dfa 595f4d4f44454c5f
00000e02 444154412000    
00000e08 01                564		.byte	1
00000e09 32                565		.byte	50
00000e0a 54505f454e41424c  566		.strz	"TP_ENABLE_SINGLE_MSG_OBJ "
00000e12 455f53494e474c45
00000e1a 5f4d53475f4f424a
00000e22 2000            
00000e24 01                567		.byte	1
00000e25 36                568		.byte	54
00000e26 6b54704e756d6265  569		.strz	"kTpNumberOfCanChannels 1"
00000e2e 724f6643616e4368
00000e36 616e6e656c732031
00000e3e 00              
00000e3f 01                570		.byte	1
00000e40 38                571		.byte	56
00000e41 6b54704f6e203100  572		.strz	"kTpOn 1"
00000e49 01                573		.byte	1
00000e4a 3c                574		.byte	60
00000e4b 6b54704f66662030  575		.strz	"kTpOff 0"
00000e53 00              
00000e54 01                576		.byte	1
00000e55 4a                577		.byte	74
00000e56 54505f5553455f49  578		.strz	"TP_USE_ISO_COMPLIANCE kTpOn"
00000e5e 534f5f434f4d504c
00000e66 49414e4345206b54
00000e6e 704f6e00        
00000e72 01                579		.byte	1
00000e73 4b                580		.byte	75
00000e74 54505f5553455f46  581		.strz	"TP_USE_FAST_PRECOPY kTpOff"
00000e7c 4153545f50524543
00000e84 4f5059206b54704f
00000e8c 666600          
00000e8f 01                582		.byte	1
00000e90 4c                583		.byte	76
00000e91 54505f5553455f44  584		.strz	"TP_USE_DIAGPRECOPY kTpOff"
00000e99 494147505245434f
00000ea1 5059206b54704f66
00000ea9 6600            
00000eab 01                585		.byte	1
00000eac 4e                586		.byte	78
00000ead 54505f454e41424c  587		.strz	"TP_ENABLE_ISO_15765_2_2 "
00000eb5 455f49534f5f3135
00000ebd 3736355f325f3220
00000ec5 00              
00000ec6 01                588		.byte	1

                                   Fri Apr 24 16:52:35 2020           Page 12
                                   Fri Apr 24 16:52:36 2020    gh_0000cbk1.s
00000ec7 50                589		.byte	80
00000ec8 54505f4449534142  590		.strz	"TP_DISABLE_OBD_PRECOPY "
00000ed0 4c455f4f42445f50
00000ed8 5245434f50592000
00000ee0 01                591		.byte	1
00000ee1 56                592		.byte	86
00000ee2 54505f5553455f45  593		.strz	"TP_USE_EXTENDED_API_BS kTpOff"
00000eea 5854454e4445445f
00000ef2 4150495f4253206b
00000efa 54704f666600    
00000f00 01                594		.byte	1
00000f01 57                595		.byte	87
00000f02 54505f5553455f45  596		.strz	"TP_USE_EXTENDED_API_STMIN kTpOff"
00000f0a 5854454e4445445f
00000f12 4150495f53544d49
00000f1a 4e206b54704f6666
00000f22 00              
00000f23 01                597		.byte	1
00000f24 58                598		.byte	88
00000f25 54505f5553455f54  599		.strz	"TP_USE_TX_OF_FC_IN_ISR kTpOn"
00000f2d 585f4f465f46435f
00000f35 494e5f495352206b
00000f3d 54704f6e00      
00000f42 01                600		.byte	1
00000f43 59                601		.byte	89
00000f44 54505f5553455f4f  602		.strz	"TP_USE_OVERRUN_INDICATION kTpOff"
00000f4c 56455252554e5f49
00000f54 4e4449434154494f
00000f5c 4e206b54704f6666
00000f64 00              
00000f65 01                603		.byte	1
00000f66 5a                604		.byte	90
00000f67 54505f5553455f4f  605		.strz	"TP_USE_ONLY_FIRST_FC kTpOn"
00000f6f 4e4c595f46495253
00000f77 545f4643206b5470
00000f7f 4f6e00          
00000f82 01                606		.byte	1
00000f83 5b                607		.byte	91
00000f84 54505f5553455f46  608		.strz	"TP_USE_FAST_TX_TRANSMISSION kTpOff"
00000f8c 4153545f54585f54
00000f94 52414e534d495353
00000f9c 494f4e206b54704f
00000fa4 666600          
00000fa7 01                609		.byte	1
00000fa8 5c                610		.byte	92
00000fa9 54505f5553455f51  611		.strz	"TP_USE_QUEUE_IN_ISR kTpOn"
00000fb1 554555455f494e5f
00000fb9 495352206b54704f
00000fc1 6e00            
00000fc3 01                612		.byte	1
00000fc4 5d                613		.byte	93
00000fc5 54505f5553455f4e  614		.strz	"TP_USE_NO_STMIN_AFTER_FC kTpOff"
00000fcd 4f5f53544d494e5f
00000fd5 41465445525f4643
00000fdd 206b54704f666600
00000fe5 01                615		.byte	1
00000fe6 5e                616		.byte	94
00000fe7 4d454d4f52595f4e  617		.strz	"MEMORY_NEAR_TP_SAVE MEMORY_NEAR"
00000fef 4541525f54505f53
00000ff7 415645204d454d4f
00000fff 52595f4e45415200
00001007 01                618		.byte	1
00001008 5f                619		.byte	95
00001009 54505f5553455f54  620		.strz	"TP_USE_TX_HANDLE_CHANGEABLE kTpOff"
00001011 585f48414e444c45
00001019 5f4348414e474541
00001021 424c45206b54704f
00001029 666600          
0000102c 01                621		.byte	1
0000102d 60                622		.byte	96
0000102e 54505f5553455f47  623		.strz	"TP_USE_GATEWAY_API kTpOff"
00001036 4154455741595f41
0000103e 5049206b54704f66
00001046 6600            
00001048 01                624		.byte	1
00001049 61                625		.byte	97
0000104a 54505f5553455f52  626		.strz	"TP_USE_RX_CHANNEL_WITHOUT_FC kTpOff"
00001052 585f4348414e4e45
0000105a 4c5f574954484f55
00001062 545f4643206b5470
0000106a 4f666600        
0000106e 01                627		.byte	1
0000106f 62                628		.byte	98
00001070 54505f5553455f54  629		.strz	"TP_USE_TX_CHANNEL_WITHOUT_FC kTpOff"
00001078 585f4348414e4e45
00001080 4c5f574954484f55
00001088 545f4643206b5470
00001090 4f666600        
00001094 01                630		.byte	1
00001095 63                631		.byte	99
00001096 54505f5553455f4f  632		.strz	"TP_USE_OLD_STMIN_CALCULATION kTpOff"
0000109e 4c445f53544d494e
000010a6 5f43414c43554c41
000010ae 54494f4e206b5470
000010b6 4f666600        
000010ba 01                633		.byte	1
000010bb 66                634		.byte	102
000010bc 54505f5553455f50  635		.strz	"TP_USE_PADDING kTpOn"
000010c4 414444494e47206b
000010cc 54704f6e00      
000010d1 01                636		.byte	1
000010d2 67                637		.byte	103
000010d3 54505f5041444449  638		.strz	"TP_PADDING_PATTERN 0x00"
000010db 4e475f5041545445
000010e3 524e203078303000
000010eb 01                639		.byte	1
000010ec 68                640		.byte	104
000010ed 54505f5553455f56  641		.strz	"TP_USE_VARIABLE_DLC kTpOff"
000010f5 41524941424c455f
000010fd 444c43206b54704f
00001105 666600          
00001108 01                642		.byte	1
00001109 69                643		.byte	105
0000110a 54505f4449534142  644		.strz	"TP_DISABLE_IGNORE_FC_RES_STMIN "
00001112 4c455f49474e4f52
0000111a 455f46435f524553
00001122 5f53544d494e2000

                                   Fri Apr 24 16:52:35 2020           Page 13
                                   Fri Apr 24 16:52:36 2020    gh_0000cbk1.s
0000112a 01                645		.byte	1
0000112b 6a                646		.byte	106
0000112c 54505f4449534142  647		.strz	"TP_DISABLE_CANCEL_FC_RES_STMIN "
00001134 4c455f43414e4345
0000113c 4c5f46435f524553
00001144 5f53544d494e2000
0000114c 01                648		.byte	1
0000114d 6b                649		.byte	107
0000114e 54505f4449534142  650		.strz	"TP_DISABLE_IGNORE_FC_OVFL "
00001156 4c455f49474e4f52
0000115e 455f46435f4f5646
00001166 4c2000          
00001169 01                651		.byte	1
0000116a 6c                652		.byte	108
0000116b 54505f4449534142  653		.strz	"TP_DISABLE_WAIT_FOR_CORRECT_SN "
00001173 4c455f574149545f
0000117b 464f525f434f5252
00001183 4543545f534e2000
0000118b 01                654		.byte	1
0000118c 6d                655		.byte	109
0000118d 54505f4449534142  656		.strz	"TP_DISABLE_SINGLE_CHAN_MULTICONN "
00001195 4c455f53494e474c
0000119d 455f4348414e5f4d
000011a5 554c5449434f4e4e
000011ad 2000            
000011af 01                657		.byte	1
000011b0 6e                658		.byte	110
000011b1 54505f4449534142  659		.strz	"TP_DISABLE_FC_WAIT "
000011b9 4c455f46435f5741
000011c1 49542000        
000011c5 01                660		.byte	1
000011c6 6f                661		.byte	111
000011c7 54505f5553455f55  662		.strz	"TP_USE_UNEXPECTED_FC_CANCELATION kTpOff"
000011cf 4e45585045435445
000011d7 445f46435f43414e
000011df 43454c4154494f4e
000011e7 206b54704f666600
000011ef 01                663		.byte	1
000011f0 70                664		.byte	112
000011f1 54505f4449534142  665		.strz	"TP_DISABLE_EXT_COPYFROMCAN_API "
000011f9 4c455f4558545f43
00001201 4f505946524f4d43
00001209 414e5f4150492000
00001211 01                666		.byte	1
00001212 77                667		.byte	119
00001213 54505f5553455f4e  668		.strz	"TP_USE_NORMAL_ADDRESSING kTpOn"
0000121b 4f524d414c5f4144
00001223 4452455353494e47
0000122b 206b54704f6e00  
00001232 01                669		.byte	1
00001233 78                670		.byte	120
00001234 54505f5553455f4e  671		.strz	"TP_USE_NORMAL_FIXED_ADDRESSING kTpOff"
0000123c 4f524d414c5f4649
00001244 5845445f41444452
0000124c 455353494e47206b
00001254 54704f666600    
0000125a 01                672		.byte	1
0000125b 79                673		.byte	121
0000125c 54505f5553455f45  674		.strz	"TP_USE_EXTENDED_ADDRESSING kTpOff"
00001264 5854454e4445445f
0000126c 4144445245535349
00001274 4e47206b54704f66
0000127c 6600            
0000127e 01                675		.byte	1
0000127f 7a                676		.byte	122
00001280 54505f5553455f4d  677		.strz	"TP_USE_MIXED_11_ADDRESSING kTpOff"
00001288 495845445f31315f
00001290 4144445245535349
00001298 4e47206b54704f66
000012a0 6600            
000012a2 01                678		.byte	1
000012a3 7b                679		.byte	123
000012a4 54505f5553455f4d  680		.strz	"TP_USE_MIXED_29_ADDRESSING kTpOff"
000012ac 495845445f32395f
000012b4 4144445245535349
000012bc 4e47206b54704f66
000012c4 6600            
000012c6 01                681		.byte	1
000012c7 7c                682		.byte	124
000012c8 54505f454e41424c  683		.strz	"TP_ENABLE_SINGLE_CHANNEL_TP "
000012d0 455f53494e474c45
000012d8 5f4348414e4e454c
000012e0 5f54502000      
000012e5 01                684		.byte	1
000012e6 7d                685		.byte	125
000012e7 54505f4449534142  686		.strz	"TP_DISABLE_MULTIPLE_ADDRESSING "
000012ef 4c455f4d554c5449
000012f7 504c455f41444452
000012ff 455353494e472000
00001307 01                687		.byte	1
00001308 8b01              688		.byte	139,1
0000130a 54505f5553455f50  689		.strz	"TP_USE_PRE_COPY_CHECK kTpOff"
00001312 52455f434f50595f
0000131a 434845434b206b54
00001322 704f666600      
00001327 01                690		.byte	1
00001328 8c01              691		.byte	140,1
0000132a 54505f5553455f41  692		.strz	"TP_USE_APPL_PRECOPY kTpOff"
00001332 50504c5f50524543
0000133a 4f5059206b54704f
00001342 666600          
00001345 01                693		.byte	1
00001346 8e01              694		.byte	142,1
00001348 54505f5553455f43  695		.strz	"TP_USE_CUSTOM_RX_MEMCPY kTpOff"
00001350 5553544f4d5f5258
00001358 5f4d454d43505920
00001360 6b54704f666600  
00001367 01                696		.byte	1
00001368 9601              697		.byte	150,1
0000136a 54505f5553455f53  698		.strz	"TP_USE_STMIN_OF_FC kTpOn"
00001372 544d494e5f4f465f
0000137a 4643206b54704f6e
00001382 00              
00001383 01                699		.byte	1
00001384 9801              700		.byte	152,1

                                   Fri Apr 24 16:52:35 2020           Page 14
                                   Fri Apr 24 16:52:36 2020    gh_0000cbk1.s
00001386 54505f5553455f44  701		.strz	"TP_USE_DYN_ID kTpOff"
0000138e 594e5f4944206b54
00001396 704f666600      
0000139b 01                702		.byte	1
0000139c 9901              703		.byte	153,1
0000139e 54505f5553455f43  704		.strz	"TP_USE_CUSTOM_TX_MEMCPY kTpOn"
000013a6 5553544f4d5f5458
000013ae 5f4d454d43505920
000013b6 6b54704f6e00    
000013bc 01                705		.byte	1
000013bd a001              706		.byte	160,1
000013bf 54505f5553455f57  707		.strz	"TP_USE_WAIT_FRAMES kTpOff"
000013c7 4149545f4652414d
000013cf 4553206b54704f66
000013d7 6600            
000013d9 01                708		.byte	1
000013da a101              709		.byte	161,1
000013dc 54505f5553455f4d  710		.strz	"TP_USE_MULTIPLE_BASEADDRESS kTpOff"
000013e4 554c5449504c455f
000013ec 4241534541444452
000013f4 455353206b54704f
000013fc 666600          
000013ff 01                711		.byte	1
00001400 a201              712		.byte	162,1
00001402 54505f5553455f50  713		.strz	"TP_USE_PRE_DISPATCHED_MODE kTpOff"
0000140a 52455f4449535041
00001412 54434845445f4d4f
0000141a 4445206b54704f66
00001422 6600            
00001424 01                714		.byte	1
00001425 a901              715		.byte	169,1
00001427 54505f5553455f45  716		.strz	"TP_USE_EXT_IDS_FOR_NORMAL kTpOff"
0000142f 58545f4944535f46
00001437 4f525f4e4f524d41
0000143f 4c206b54704f6666
00001447 00              
00001448 01                717		.byte	1
00001449 aa01              718		.byte	170,1
0000144b 54505f5553455f4d  719		.strz	"TP_USE_MIXED_IDS_FOR_NORMAL kTpOff"
00001453 495845445f494453
0000145b 5f464f525f4e4f52
00001463 4d414c206b54704f
0000146b 666600          
0000146e 01                720		.byte	1
0000146f b101              721		.byte	177,1
00001471 54505f4449534142  722		.strz	"TP_DISABLE_MIN_TIMER "
00001479 4c455f4d494e5f54
00001481 494d45522000    
00001487 01                723		.byte	1
00001488 b201              724		.byte	178,1
0000148a 6b54705478436861  725		.strz	"kTpTxChannelCount 1"
00001492 6e6e656c436f756e
0000149a 74203100        
0000149e 01                726		.byte	1
0000149f b301              727		.byte	179,1
000014a1 6b54705278436861  728		.strz	"kTpRxChannelCount 1"
000014a9 6e6e656c436f756e
000014b1 74203100        
000014b5 01                729		.byte	1
000014b6 c201              730		.byte	194,1
000014b8 54505f4449534142  731		.strz	"TP_DISABLE_CHECKTA_COMPATIBILITY "
000014c0 4c455f434845434b
000014c8 54415f434f4d5041
000014d0 544942494c495459
000014d8 2000            
000014da 01                732		.byte	1
000014db c901              733		.byte	201,1
000014dd 54505f46554e435f  734		.strz	"TP_FUNC_ENABLE_RECEPTION "
000014e5 454e41424c455f52
000014ed 4543455054494f4e
000014f5 2000            
000014f7 01                735		.byte	1
000014f8 d601              736		.byte	214,1
000014fa 54505f5553455f54  737		.strz	"TP_USE_TP_INDICATION kTpOn"
00001502 505f494e44494341
0000150a 54494f4e206b5470
00001512 4f6e00          
00001515 01                738		.byte	1
00001516 d801              739		.byte	216,1
00001518 54505f5553455f54  740		.strz	"TP_USE_TP_CONFIRMATION kTpOn"
00001520 505f434f4e464952
00001528 4d4154494f4e206b
00001530 54704f6e00      
00001535 01                741		.byte	1
00001536 d901              742		.byte	217,1
00001538 54505f5553455f54  743		.strz	"TP_USE_TP_RX_SF kTpOff"
00001540 505f52585f534620
00001548 6b54704f666600  
0000154f 01                744		.byte	1
00001550 da01              745		.byte	218,1
00001552 54505f5553455f54  746		.strz	"TP_USE_TP_RX_FF kTpOff"
0000155a 505f52585f464620
00001562 6b54704f666600  
00001569 01                747		.byte	1
0000156a db01              748		.byte	219,1
0000156c 54505f5553455f54  749		.strz	"TP_USE_TP_RX_CF kTpOff"
00001574 505f52585f434620
0000157c 6b54704f666600  
00001583 01                750		.byte	1
00001584 dc01              751		.byte	220,1
00001586 54505f5553455f54  752		.strz	"TP_USE_TP_NOTIFY_TX kTpOff"
0000158e 505f4e4f54494659
00001596 5f5458206b54704f
0000159e 666600          
000015a1 01                753		.byte	1
000015a2 dd01              754		.byte	221,1
000015a4 54505f5553455f54  755		.strz	"TP_USE_TP_CAN_MESSAGE_TRANSMITTED kTpOff"
000015ac 505f43414e5f4d45
000015b4 53534147455f5452
000015bc 414e534d49545445
000015c4 44206b54704f6666
000015cc 00              
000015cd 01                756		.byte	1

                                   Fri Apr 24 16:52:35 2020           Page 15
                                   Fri Apr 24 16:52:36 2020    gh_0000cbk1.s
000015ce de01              757		.byte	222,1
000015d0 54505f5553455f54  758		.strz	"TP_USE_TP_TX_FC kTpOff"
000015d8 505f54585f464320
000015e0 6b54704f666600  
000015e7 01                759		.byte	1
000015e8 df01              760		.byte	223,1
000015ea 54505f5553455f54  761		.strz	"TP_USE_TP_RX_GET_BUFFER kTpOn"
000015f2 505f52585f474554
000015fa 5f42554646455220
00001602 6b54704f6e00    
00001608 01                762		.byte	1
00001609 e001              763		.byte	224,1
0000160b 54505f5553455f54  764		.strz	"TP_USE_TX_ERROR_INDICATION kTpOn"
00001613 585f4552524f525f
0000161b 494e444943415449
00001623 4f4e206b54704f6e
0000162b 00              
0000162c 01                765		.byte	1
0000162d 8002              766		.byte	128,2
0000162f 5f5f4170706c5470  767		.strz	"__ApplTpRxCanMessageTransmitted(tpChannel) "
00001637 527843616e4d6573
0000163f 736167655472616e
00001647 736d697474656428
0000164f 74704368616e6e65
00001657 6c292000        
0000165b 01                768		.byte	1
0000165c 8102              769		.byte	129,2
0000165e 5f5f4170706c5470  770		.strz	"__ApplTpTxDelayFinished(tpChannel,state) "
00001666 547844656c617946
0000166e 696e697368656428
00001676 74704368616e6e65
0000167e 6c2c737461746529
00001686 2000            
00001688 01                771		.byte	1
00001689 8602              772		.byte	134,2
0000168b 54505f5041444449  773		.strz	"TP_PADDING_PATTERN 0xAA"
00001693 4e475f5041545445
0000169b 524e203078414100
000016a3 04                774		.byte	4
000016a4 01                775		.byte	1
000016a5 f003              776		.byte	240,3
000016a7 54505f454e41424c  777		.strz	"TP_ENABLE_NORMAL_ADDRESSING "
000016af 455f4e4f524d414c
000016b7 5f41444452455353
000016bf 494e472000      
000016c4 01                778		.byte	1
000016c5 b504              779		.byte	181,4
000016c7 54505f4449534142  780		.strz	"TP_DISABLE_DYNAMIC_CHANNELS "
000016cf 4c455f44594e414d
000016d7 49435f4348414e4e
000016df 454c532000      
000016e4 01                781		.byte	1
000016e5 c504              782		.byte	197,4
000016e7 54505f4449534142  783		.strz	"TP_DISABLE_VARIABLE_DLC "
000016ef 4c455f5641524941
000016f7 424c455f444c4320
000016ff 00              
00001700 01                784		.byte	1
00001701 a305              785		.byte	163,5
00001703 54505f454e41424c  786		.strz	"TP_ENABLE_MF_RECEPTION "
0000170b 455f4d465f524543
00001713 455054494f4e2000
0000171b 01                787		.byte	1
0000171c b505              788		.byte	181,5
0000171e 54505f5553455f4d  789		.strz	"TP_USE_MULTIPLE_ECU_NR kTpOff"
00001726 554c5449504c455f
0000172e 4543555f4e52206b
00001736 54704f666600    
0000173c 01                790		.byte	1
0000173d e206              791		.byte	226,6
0000173f 54505f454e41424c  792		.strz	"TP_ENABLE_FC_SUPPRESS "
00001747 455f46435f535550
0000174f 50524553532000  
00001756 01                793		.byte	1
00001757 8207              794		.byte	130,7
00001759 54505f454e41424c  795		.strz	"TP_ENABLE_FC_OVERFLOW "
00001761 455f46435f4f5645
00001769 52464c4f572000  
00001770 01                796		.byte	1
00001771 9a08              797		.byte	154,8
00001773 6b54704d61784361  798		.strz	"kTpMaxCanChannels 15"
0000177b 6e4368616e6e656c
00001783 7320313500      
00001788 04                799		.byte	4
00001789 04                800		.byte	4
0000178a 03                801		.byte	3
0000178b 2c                802		.byte	44
0000178c 0e                803		.byte	14
0000178d 01                804		.byte	1
0000178e 1c                805		.byte	28
0000178f 5f5f444553435f48  806		.strz	"__DESC_H__ "
00001797 5f5f2000        
0000179b 01                807		.byte	1
0000179c a401              808		.byte	164,1
0000179e 444553435f454e41  809		.strz	"DESC_ENABLE_SPONTANEOUS_RES "
000017a6 424c455f53504f4e
000017ae 54414e454f55535f
000017b6 5245532000      
000017bb 01                810		.byte	1
000017bc dd01              811		.byte	221,1
000017be 444553435f454e41  812		.strz	"DESC_ENABLE_AUTO_STATES "
000017c6 424c455f4155544f
000017ce 5f53544154455320
000017d6 00              

                                   Fri Apr 24 16:52:35 2020           Page 16
                                   Fri Apr 24 16:52:36 2020    gh_0000cbk1.s
000017d7 01                813		.byte	1
000017d8 fb01              814		.byte	251,1
000017da 444553435f454e41  815		.strz	"DESC_ENABLE_SKIP_PID_ON_WRONG_SESSION "
000017e2 424c455f534b4950
000017ea 5f5049445f4f4e5f
000017f2 57524f4e475f5345
000017fa 5353494f4e2000  
00001801 01                816		.byte	1
00001802 a502              817		.byte	165,2
00001804 444553435f454e41  818		.strz	"DESC_ENABLE_RX_COMM_CONTROL "
0000180c 424c455f52585f43
00001814 4f4d4d5f434f4e54
0000181c 524f4c2000      
00001821 01                819		.byte	1
00001822 a702              820		.byte	167,2
00001824 444553435f454e41  821		.strz	"DESC_ENABLE_COMM_CTRL_SUBNET_SUPPORT "
0000182c 424c455f434f4d4d
00001834 5f4354524c5f5355
0000183c 424e45545f535550
00001844 504f52542000    
0000184a 01                822		.byte	1
0000184b bd02              823		.byte	189,2
0000184d 444553435f454e41  824		.strz	"DESC_ENABLE_SA_TIMER_AND_COUNTER "
00001855 424c455f53415f54
0000185d 494d45525f414e44
00001865 5f434f554e544552
0000186d 2000            
0000186f 01                825		.byte	1
00001870 bf02              826		.byte	191,2
00001872 444553435f454e41  827		.strz	"DESC_ENABLE_START_SA_TIMER_EXTERN "
0000187a 424c455f53544152
00001882 545f53415f54494d
0000188a 45525f4558544552
00001892 4e2000          
00001895 01                828		.byte	1
00001896 9703              829		.byte	151,3
00001898 7675696e74385f6c  830		.strz	"vuint8_least vuintx"
000018a0 6561737420767569
000018a8 6e747800        
000018ac 01                831		.byte	1
000018ad 9a03              832		.byte	154,3
000018af 7673696e74385f6c  833		.strz	"vsint8_least vsintx"
000018b7 6561737420767369
000018bf 6e747800        
000018c3 01                834		.byte	1
000018c4 9d03              835		.byte	157,3
000018c6 7675696e7431365f  836		.strz	"vuint16_least vuintx"
000018ce 6c65617374207675
000018d6 696e747800      
000018db 01                837		.byte	1
000018dc a003              838		.byte	160,3
000018de 7673696e7431365f  839		.strz	"vsint16_least vsintx"
000018e6 6c65617374207673
000018ee 696e747800      
000018f3 01                840		.byte	1
000018f4 a303              841		.byte	163,3
000018f6 7675696e7433325f  842		.strz	"vuint32_least vuintx"
000018fe 6c65617374207675
00001906 696e747800      
0000190b 01                843		.byte	1
0000190c a603              844		.byte	166,3
0000190e 7673696e7433325f  845		.strz	"vsint32_least vsintx"
00001916 6c65617374207673
0000191e 696e747800      
00001923 01                846		.byte	1
00001924 c303              847		.byte	195,3
00001926 76626f6f6c65616e  848		.strz	"vboolean vuint8_least"
0000192e 207675696e74385f
00001936 6c6561737400    
0000193c 01                849		.byte	1
0000193d a204              850		.byte	162,4
0000193f 444553435f434f4e  851		.strz	"DESC_CONST_MEM_ABSTRACT const"
00001947 53545f4d454d5f41
0000194f 4253545241435420
00001957 636f6e737400    
0000195d 01                852		.byte	1
0000195e b004              853		.byte	176,4
00001960 444553435f503246  854		.strz	"DESC_P2FARRAM(baseType) V_MEMRAM1 baseType V_MEMRAM2 V_MEMRAM3 *"
00001968 415252414d286261
00001970 7365547970652920
00001978 565f4d454d52414d
00001980 3120626173655479
00001988 706520565f4d454d
00001990 52414d3220565f4d
00001998 454d52414d33202a
000019a0 00              
000019a1 01                855		.byte	1
000019a2 b404              856		.byte	180,4
000019a4 444553435f434f4e  857		.strz	"DESC_CONSTP2FARRAM(baseType) V_MEMRAM1 baseType V_MEMRAM2 V_MEMRAM3 * DESC_CONST_MEM_ABSTRACT"
000019ac 5354503246415252
000019b4 414d286261736554
000019bc 7970652920565f4d
000019c4 454d52414d312062
000019cc 6173655479706520
000019d4 565f4d454d52414d
000019dc 3220565f4d454d52
000019e4 414d33202a204445
000019ec 53435f434f4e5354
000019f4 5f4d454d5f414253
000019fc 545241435400    
00001a02 01                858		.byte	1
00001a03 bd04              859		.byte	189,4
00001a05 444553435f415049  860		.strz	"DESC_API_CALL_TYPE "
00001a0d 5f43414c4c5f5459
00001a15 50452000        
00001a19 01                861		.byte	1
00001a1a c304              862		.byte	195,4
00001a1c 444553435f415049  863		.strz	"DESC_API_CALLBACK_TYPE "
00001a24 5f43414c4c424143
00001a2c 4b5f545950452000
00001a34 01                864		.byte	1
00001a35 9b06              865		.byte	155,6
00001a37 444553435f555344  866		.strz	"DESC_USDTNET_P2FARRAM(baseType) V_MEMRAM1 baseType V_MEMRAM2 V_MEMRAM3 *"
00001a3f 544e45545f503246
00001a47 415252414d286261
00001a4f 7365547970652920
00001a57 565f4d454d52414d
00001a5f 3120626173655479
00001a67 706520565f4d454d
00001a6f 52414d3220565f4d
00001a77 454d52414d33202a
00001a7f 00              
00001a80 01                867		.byte	1
00001a81 a506              868		.byte	165,6

                                   Fri Apr 24 16:52:35 2020           Page 17
                                   Fri Apr 24 16:52:36 2020    gh_0000cbk1.s
00001a83 6b446573634e756d  869		.strz	"kDescNumCommChannels 1"
00001a8b 436f6d6d4368616e
00001a93 6e656c73203100  
00001a9a 01                870		.byte	1
00001a9b a606              871		.byte	166,6
00001a9d 6b446573634e756d  872		.strz	"kDescNumContexts 1"
00001aa5 436f6e7465787473
00001aad 203100          
00001ab0 01                873		.byte	1
00001ab1 d606              874		.byte	214,6
00001ab3 444553435f434f4e  875		.strz	"DESC_CONTEXT_FORMAL_PARAM_DEF_ONLY void"
00001abb 544558545f464f52
00001ac3 4d414c5f50415241
00001acb 4d5f4445465f4f4e
00001ad3 4c5920766f696400
00001adb 01                876		.byte	1
00001adc d706              877		.byte	215,6
00001ade 444553435f434f4e  878		.strz	"DESC_CONTEXT_FORMAL_PARAM_DEF_FIRST "
00001ae6 544558545f464f52
00001aee 4d414c5f50415241
00001af6 4d5f4445465f4649
00001afe 5253542000      
00001b03 01                879		.byte	1
00001b04 d806              880		.byte	216,6
00001b06 444553435f434f4e  881		.strz	"DESC_CONTEXT_PARAM_DEF_LOCAL "
00001b0e 544558545f504152
00001b16 414d5f4445465f4c
00001b1e 4f43414c2000    
00001b24 01                882		.byte	1
00001b25 e207              883		.byte	226,7
00001b27 444553435f4c4556  884		.strz	"DESC_LEVEL_FORMAL_PARAM_DEF_ONLY void"
00001b2f 454c5f464f524d41
00001b37 4c5f504152414d5f
00001b3f 4445465f4f4e4c59
00001b47 20766f696400    
00001b4d 01                885		.byte	1
00001b4e e307              886		.byte	227,7
00001b50 444553435f4c4556  887		.strz	"DESC_LEVEL_FORMAL_PARAM_DEF_FIRST "
00001b58 454c5f464f524d41
00001b60 4c5f504152414d5f
00001b68 4445465f46495253
00001b70 542000          
00001b73 04                888		.byte	4
00001b74 03                889		.byte	3
00001b75 2e                890		.byte	46
00001b76 0f                891		.byte	15
00001b77 04                892		.byte	4
00001b78 04                893		.byte	4
00001b79 00                894		.byte	0
                           895		.section	.debug_abbrev
00000017 00                896		.byte	0
                           897		.section	.debug_info
                           898	.Ldw_end:
