
                                   Fri Apr 24 16:52:03 2020           Page 1
                                   Tue Mar 03 12:02:12 2020           boot.s
Command Line:   C:\ghs\comp_201754\asppc.exe -noundefined -elf -b1 -I.
                -I./components/spc570sxx_platform_component_rla/lib/include
                -I./components/flash_driver/lib/include
                -I./components/spc570sxx_board_initialization_component_rla/lib/include
                -I./components/spc570sxx_clock_component_rla/lib/include
                -I./components/spc570sxx_irq_component_rla/lib/include
                -I./components/spc570sxx_osal_component_rla/lib/include
                -I./components/spc570sxx_platform_component_rla/cfg
                -I./components/spc570sxx_board_initialization_component_rla/cfg
                -I./components/spc570sxx_clock_component_rla/cfg
                -I./components/spc570sxx_irq_component_rla/cfg
                -I./components/spc570sxx_osal_component_rla/cfg -I./source/
                -I./source/ASW/ -I./source/BSW/ -I./source/BSW/BSW_Geny/
                -I./source/BSW/BSW_Geny/Can/ -I./source/BSW/BSW_Geny/Common/
                -I./source/BSW/BSW_Geny/Il/
                -I./source/BSW/BSW_Geny/SipVersionCheck/
                -I./source/BSW/BSW_Geny/Tp/ -I./source/BSW/BSW_Geny/VStdLib/
                -I./source/BSW/CANbedded_Vector/ -I./source/FBL/ -I./source/Geny/
                -I./source/Geny/Cdd/ -I./source/Geny/Cfg/ -I./source/Geny/Db/
                -I./source/Geny/Prj/ -I./source/HAL/ -I./source/RTE/
                -I./source/UDS/ -I./components -IC:\ghs\comp_201754\/ansi
                -IC:\ghs\comp_201754\lib\ppc5514 -cpu=ppc5746mz0
                -dbo=D:\07_Working\E100\build\obj\boot.dbo
                -source=./components/spc570sxx_platform_component_rla/lib/src/boot.s
                --gh_oname=build/obj/boot.o --gh_md_append=build/obj/boot.dtmp
                -asm3g -asm3g_driver=C:/ghs/comp_201754/ccppc
                -asm3g_args=@@build/obj/boot.a3g -accept_unsafe_op_names -o
                build\obj\gh_00003jk1.o -list=build/lst/boot.lst
                build\obj\gh_00003jk1.si
Original File:  ./components/spc570sxx_platform_component_rla/lib/src/boot.s
Source File:    build\obj\gh_00003jk1.si
Directory:      D:\07_Working\E100
Host OS:        Windows
AS: Copyright (C) 1983-2017 Green Hills Software.  All Rights Reserved.
Release: Compiler v2017.5.4
Build Directory: [Directory] COMP-VAL-WIN50:c:/autoval2/v2017.5-2017-10-03/win32-comp-ecom
Revision: [VCInfo] http://toolsvc/branches/release-branch-2017-5-comp/src@603870 (built by auto-compiler)
Revision Date: Wed Oct 04 11:30:08 2017

Release Date: Wed Oct 04 09:00:05 2017

                             0	#line 1 "./components/spc570sxx_platform_component_rla/lib/src/boot.s"
                             1	
                             2	
                             3	
                             4	
                             5	
                             6	
                             7	
                             8	
                             9	
                            10	
                            11	
                            12	 
                            13	
                            14	
                            15	
                            16	
                            17	
                            18	
                            19	
                            20	 
                            21	
                             0*	#line 1 "./components/spc570sxx_platform_component_rla/cfg/boot.h"

                                   Fri Apr 24 16:52:03 2020           Page 2
                                   Tue Mar 03 12:02:12 2020           boot.s
                             1*	
                             2*	
                             3*	
                             4*	
                             5*	
                             6*	
                             7*	
                             8*	
                             9*	
                            10*	
                            11*	
                            12*	 
                            13*	
                            14*	
                            15*	
                            16*	
                            17*	
                            18*	 
                            19*	
                            20*	
                            21*	
                            22*	
                            23*	 
                            24*	 
                            25*	 
                            26*	
                            27*	
                            28*	
                            29*	
                            30*	 
                            31*	
                            32*	
                            33*	 
                            34*	
                            35*	
                            36*	
                            37*	
                            38*	 
                            39*	
                            40*	
                            41*	
                            42*	
                            43*	
                            44*	
                            45*	
                            46*	
                            47*	
                            48*	 
                            49*	
                            50*	 
                            51*	 
                            52*	 
                            53*	
                            54*	
                            55*	
                            56*	 

                                   Fri Apr 24 16:52:03 2020           Page 3
                                   Tue Mar 03 12:02:12 2020           boot.s
                            57*	
                            58*	
                            59*	
                            60*	
                            61*	 
                            62*	
                            63*	
                            64*	
                            65*	
                            66*	 
                            67*	
                            68*	
                            69*	
                            70*	
                            71*	 
                            72*	
                            73*	
                            74*	
                            75*	
                            76*	 
                            77*	
                            78*	
                            79*	
                            80*	
                            81*	 
                            82*	 
                            83*	 
                            84*	
                            85*	 
                            86*	 
                            87*	 
                            88*	
                            89*	 
                            90*	 
                            91*	 
                            92*	
                            93*	 
                            94*	 
                            95*	 
                            96*	
                            97*	 
                            98*	 
                            99*	 
                           100*	
                           101*	
                           102*	
                           103*	 
                            22	#line 23 "./components/spc570sxx_platform_component_rla/lib/src/boot.s"
                             0*	#line 1 "./components/spc570sxx_platform_component_rla/cfg/toolchain.h"
                             1*	
                             2*	
                             3*	
                             4*	
                             5*	
                             6*	
                             7*	

                                   Fri Apr 24 16:52:03 2020           Page 4
                                   Tue Mar 03 12:02:12 2020           boot.s
                             8*	
                             9*	
                            10*	
                            11*	
                            12*	 
                            13*	
                            14*	
                            15*	
                            16*	
                            17*	 
                            18*	
                            19*	
                            20*	
                            21*	
                            22*	
                            23*	
                            24*	
                            25*	
                            26*	
                            23	#line 24 "./components/spc570sxx_platform_component_rla/lib/src/boot.s"
                            24	
                            25	
                            26	         
                            27	        .section    .boot, "axv"
                            28	
00000000 005a0000           29	        .long       0x005A0000
00000004 00000000           30	        .long       _reset_address
                            31	
                            32	        .align      2
                            33	        .globl      _reset_address
                            34	        .type       _reset_address, @function
                            35	.vle
                            36	_reset_address:
                            37	
00000008 78000001           38	        e_bl       _coreinit
                            39	
0000000c 78000001           40	        e_bl       _ivinit
                            41	
                            65	#line 66
00000010 78000000           66	        e_b         _boot_address
                            67	
                            68	
                            69	
                            70	        .align      2
                            71	_coreinit:
                            72	        
                            73	
                            74	
                            75	
                            76	 
00000014 7c000278           77	        xor         %r0, %r0, %r0
00000018 7c210a78           78	        xor         %r1, %r1, %r1
0000001c 7c421278           79	        xor         %r2, %r2, %r2
00000020 7c631a78           80	        xor         %r3, %r3, %r3
00000024 7c842278           81	        xor         %r4, %r4, %r4
00000028 7ca52a78           82	        xor         %r5, %r5, %r5

                                   Fri Apr 24 16:52:03 2020           Page 5
                                   Tue Mar 03 12:02:12 2020           boot.s
0000002c 7cc63278           83	        xor         %r6, %r6, %r6
00000030 7ce73a78           84	        xor         %r7, %r7, %r7
00000034 7d084278           85	        xor         %r8, %r8, %r8
00000038 7d294a78           86	        xor         %r9, %r9, %r9
0000003c 7d4a5278           87	        xor         %r10, %r10, %r10
00000040 7d6b5a78           88	        xor         %r11, %r11, %r11
00000044 7d8c6278           89	        xor         %r12, %r12, %r12
00000048 7dad6a78           90	        xor         %r13, %r13, %r13
0000004c 7dce7278           91	        xor         %r14, %r14, %r14
00000050 7def7a78           92	        xor         %r15, %r15, %r15
00000054 7e108278           93	        xor         %r16, %r16, %r16
00000058 7e318a78           94	        xor         %r17, %r17, %r17
0000005c 7e529278           95	        xor         %r18, %r18, %r18
00000060 7e739a78           96	        xor         %r19, %r19, %r19
00000064 7e94a278           97	        xor         %r20, %r20, %r20
00000068 7eb5aa78           98	        xor         %r21, %r21, %r21
0000006c 7ed6b278           99	        xor         %r22, %r22, %r22
00000070 7ef7ba78          100	        xor         %r23, %r23, %r23
00000074 7f18c278          101	        xor         %r24, %r24, %r24
00000078 7f39ca78          102	        xor         %r25, %r25, %r25
0000007c 7f5ad278          103	        xor         %r26, %r26, %r26
00000080 7f7bda78          104	        xor         %r27, %r27, %r27
00000084 7f9ce278          105	        xor         %r28, %r28, %r28
00000088 7fbdea78          106	        xor         %r29, %r29, %r29
0000008c 7fdef278          107	        xor         %r30, %r30, %r30
00000090 7ffffa78          108	        xor         %r31, %r31, %r31
00000094 7080e000          109	        e_lis       %r4, %hi(__ram_start__)
00000098 7080c000          110	        e_or2i      %r4, %lo(__ram_start__)
0000009c 70a0e000          111	        e_lis       %r5, %hi(__ram_end__)
000000a0 70a0c000          112	        e_or2i      %r5, %lo(__ram_end__)
                           113	.cleareccloop:
000000a4 7c042840          114	        cmpl        cr0, %r4, %r5
000000a8 e000              115	        se_bge      .cleareccend
000000aa 1a040900          116	        e_stmw      %r16, 0(%r4)
000000ae 18848040          117	        e_addi      %r4, %r4, 64
000000b2 e800              118	        se_b        .cleareccloop
                           119	.cleareccend:
                           120	
                           121	        
                           122	
                           123	 
000000b4 70600201          124	        e_li        %r3, (0x00000001 | 0x00000200)
000000b8 7c75fba6          125	        mtspr       1013, %r3        
                           126	
000000bc 0004              127	        se_blr
                           128	
                           129	
                           130	        
                           131	
                           132	 
000000be 4400              133	        .align      2
                           134	_ivinit:
                           135	         
000000c0 7060e006          136	        e_lis       %r3, %hi((0x00040000 | 0x00020000 | 0x00001000))
000000c4 7062c000          137	        e_or2i      %r3, %lo((0x00040000 | 0x00020000 | 0x00001000))
000000c8 7c600124          138	        mtMSR       %r3

                                   Fri Apr 24 16:52:03 2020           Page 6
                                   Tue Mar 03 12:02:12 2020           boot.s
                           139	
                           140	         
000000cc 7060e000          141	        e_lis       %r3, %hi(__ivpr_base__)
000000d0 7060c000          142	        e_or2i      %r3, %lo(__ivpr_base__)
000000d4 7c7f0ba6          143	        mtIVPR      %r3
                           144	
000000d8 0004              145	        se_blr
                           146	
                           147	        .section    .ivors, "axv"
                           148	
                           149	        .globl      IVORS
                           150	IVORS:
00000000 78000000          151	IVOR0:  e_b           _IVOR0
00000004 4400440044004400  152	        .align      4
0000000c 44004400        
00000010 78000000          153	IVOR1:  e_b           _IVOR1
00000014 4400440044004400  154	        .align      4
0000001c 44004400        
00000020 78000000          155	IVOR2:  e_b           _IVOR2
00000024 4400440044004400  156	        .align      4
0000002c 44004400        
00000030 78000000          157	IVOR3:  e_b           _IVOR3
00000034 4400440044004400  158	        .align      4
0000003c 44004400        
00000040 78000000          159	IVOR4:  e_b           _IVOR4
00000044 4400440044004400  160	        .align      4
0000004c 44004400        
00000050 78000000          161	IVOR5:  e_b           _IVOR5
00000054 4400440044004400  162	        .align      4
0000005c 44004400        
00000060 78000000          163	IVOR6:  e_b           _IVOR6
00000064 4400440044004400  164	        .align      4
0000006c 44004400        
00000070 78000000          165	IVOR7:  e_b           _IVOR7
00000074 4400440044004400  166	        .align      4
0000007c 44004400        
00000080 78000000          167	IVOR8:  e_b           _IVOR8
00000084 4400440044004400  168	        .align      4
0000008c 44004400        
00000090 78000000          169	IVOR9:  e_b           _IVOR9
00000094 4400440044004400  170	        .align      4
0000009c 44004400        
000000a0 78000000          171	IVOR10: e_b           _IVOR10
000000a4 4400440044004400  172	        .align      4
000000ac 44004400        
000000b0 78000000          173	IVOR11: e_b           _IVOR11
000000b4 4400440044004400  174	        .align      4
000000bc 44004400        
000000c0 78000000          175	IVOR12: e_b           _IVOR12
000000c4 4400440044004400  176	        .align      4
000000cc 44004400        
000000d0 78000000          177	IVOR13: e_b           _IVOR13
000000d4 4400440044004400  178	        .align      4
000000dc 44004400        
000000e0 78000000          179	IVOR14: e_b           _IVOR14
000000e4 4400440044004400  180	        .align      4
000000ec 44004400        
000000f0 78000000          181	IVOR15: e_b           _IVOR15
                           182	
                           183	        .section    .handlers, "axv"
                           184	
                           185	        
                           186	
                           187	 
                           188	        .align      2
                           189	        .weak       _IVOR0,  _IVOR1,  _IVOR2,  _IVOR3,  _IVOR4,  _IVOR5
                           190	        .weak       _IVOR6,  _IVOR7,  _IVOR8,  _IVOR9,  _IVOR10, _IVOR11
                           191	        .weak       _IVOR12, _IVOR13, _IVOR14, _IVOR15
                           192	        .weak       _unhandled_exception
                           193	_IVOR0:
                           194	_IVOR1:

                                   Fri Apr 24 16:52:03 2020           Page 7
                                   Tue Mar 03 12:02:12 2020           boot.s
                           195	_IVOR2:
                           196	_IVOR3:
                           197	_IVOR4:
                           198	_IVOR5:
                           199	_IVOR6:
                           200	_IVOR7:
                           201	_IVOR8:
                           202	_IVOR9:
                           203	_IVOR10:
                           204	_IVOR11:
                           205	_IVOR12:
                           206	_IVOR13:
                           207	_IVOR14:
                           208	_IVOR15:
                           209	_unhandled_exception:
00000000 78000000          210	        e_b         _unhandled_exception
                           211	
                           212	
                           213	 
