
                                   Fri Apr 24 16:53:02 2020           Page 1
                                   Fri Apr 24 16:53:02 2020    gh_00001c81.s
Command Line:   C:\ghs\comp_201754\asppc.exe -w -noundefined -elf -b1 -I.
                -I./components/spc570sxx_platform_component_rla/lib/include
                -I./components/flash_driver/lib/include
                -I./components/spc570sxx_board_initialization_component_rla/lib/include
                -I./components/spc570sxx_clock_component_rla/lib/include
                -I./components/spc570sxx_irq_component_rla/lib/include
                -I./components/spc570sxx_osal_component_rla/lib/include
                -I./components/spc570sxx_platform_component_rla/cfg
                -I./components/spc570sxx_board_initialization_component_rla/cfg
                -I./components/spc570sxx_clock_component_rla/cfg
                -I./components/spc570sxx_irq_component_rla/cfg
                -I./components/spc570sxx_osal_component_rla/cfg -I./source/
                -I./source/ASW/ -I./source/BSW/ -I./source/BSW/BSW_Geny/
                -I./source/BSW/BSW_Geny/Can/ -I./source/BSW/BSW_Geny/Common/
                -I./source/BSW/BSW_Geny/Il/
                -I./source/BSW/BSW_Geny/SipVersionCheck/
                -I./source/BSW/BSW_Geny/Tp/ -I./source/BSW/BSW_Geny/VStdLib/
                -I./source/BSW/CANbedded_Vector/ -I./source/FBL/ -I./source/Geny/
                -I./source/Geny/Cdd/ -I./source/Geny/Cfg/ -I./source/Geny/Db/
                -I./source/Geny/Prj/ -I./source/HAL/ -I./source/RTE/
                -I./source/UDS/ -I./components -IC:\ghs\comp_201754\/ansi
                -IC:\ghs\comp_201754\lib\ppc5514 -cpu=ppc5746mz0
                -patch_dbo=D:\07_Working\E100\build\obj\components.dbo
                -source=components.c -o build\obj\gh_00001c81.o
                -list=build/lst/components.lst build\obj\gh_00001c81.s
Source File:    build\obj\gh_00001c81.s
Directory:      D:\07_Working\E100
Host OS:        Windows
AS: Copyright (C) 1983-2017 Green Hills Software.  All Rights Reserved.
Release: Compiler v2017.5.4
Build Directory: [Directory] COMP-VAL-WIN50:c:/autoval2/v2017.5-2017-10-03/win32-comp-ecom
Revision: [VCInfo] http://toolsvc/branches/release-branch-2017-5-comp/src@603870 (built by auto-compiler)
Revision Date: Wed Oct 04 11:30:08 2017

Release Date: Wed Oct 04 09:00:05 2017

                             1	#Driver Command: ccppc -c -cpu=ppc5746mz0 -Ospeed -Onounroll --ee -ansi
                             2	#		--no_coverage_analysis -check=nomemory -inline_prologue -std=c99
                             3	#		-G -dual_debug --gnu_asm -gnu99 --no_commons -w --ghstd=last
                             4	#		-list -tmp=build/obj -list=build/lst/components.lst -DPPC_USE_VLE
                             5	#		-MD -I.
                             6	#		-I./components/spc570sxx_platform_component_rla/lib/include
                             7	#		-I./components/flash_driver/lib/include
                             8	#		-I./components/spc570sxx_board_initialization_component_rla/lib/include
                             9	#		-I./components/spc570sxx_clock_component_rla/lib/include
                            10	#		-I./components/spc570sxx_irq_component_rla/lib/include
                            11	#		-I./components/spc570sxx_osal_component_rla/lib/include
                            12	#		-I./components/spc570sxx_platform_component_rla/cfg
                            13	#		-I./components/spc570sxx_board_initialization_component_rla/cfg
                            14	#		-I./components/spc570sxx_clock_component_rla/cfg
                            15	#		-I./components/spc570sxx_irq_component_rla/cfg
                            16	#		-I./components/spc570sxx_osal_component_rla/cfg -I./source/
                            17	#		-I./source/ASW/ -I./source/BSW/ -I./source/BSW/BSW_Geny/
                            18	#		-I./source/BSW/BSW_Geny/Can/ -I./source/BSW/BSW_Geny/Common/
                            19	#		-I./source/BSW/BSW_Geny/Il/
                            20	#		-I./source/BSW/BSW_Geny/SipVersionCheck/
                            21	#		-I./source/BSW/BSW_Geny/Tp/ -I./source/BSW/BSW_Geny/VStdLib/
                            22	#		-I./source/BSW/CANbedded_Vector/ -I./source/FBL/ -I./source/Geny/
                            23	#		-I./source/Geny/Cdd/ -I./source/Geny/Cfg/ -I./source/Geny/Db/
                            24	#		-I./source/Geny/Prj/ -I./source/HAL/ -I./source/RTE/
                            25	#		-I./source/UDS/ -I./components -IC:\ghs\comp_201754\/ansi
                            26	#		./components/components.c -o build/obj/components.o
                            27	#Source File:   ./components/components.c
                            28	#Directory:     D:\07_Working\E100

                                   Fri Apr 24 16:53:02 2020           Page 2
                                   Fri Apr 24 16:53:02 2020    gh_00001c81.s
                            29	#Compile Date:  Fri Apr 24 16:53:01 2020
                            30	#Host OS:       Win32
                            31	#Version:       C-POWERPC 2017.5.4 RELEASE VERSION
                            32	#Release:       Compiler v2017.5.4
                            33	#Revision Date: Wed Oct 04 11:39:37 2017
                            34	#Release Date:  Wed Oct 04 09:00:05 2017
                            35	# ecom  -g -w -OLM
                            36		.section ".vletext", "vax"
                            37		.vle
                            38		.vle
                            39	..bof.D.3A.5C07_Working.5CE100.5Cbuild.5Cobj.5Ccomponents...44.3A.5C07_Working.5CE100..5EA29ADD..0::
                            40		.align	1
                            41	..gh.f.f.1.p.0.a.1.r.0.e.0:
                            42		.type	..gh.f.f.1.p.0.a.1.r.0.e.0,@object
                            43		.size	..gh.f.f.1.p.0.a.1.r.0.e.0,0
                            44		.global	componentsInit
                            45	componentsInit:
00000000 0080               46		se_mflr	r0
00000002 d101               47		se_stw	r0, 4(sp)
00000004 182106f8           48		e_stwu	sp, -8(sp)
                            49	#	    .bf
                            50	.LDW01:
00000008 78000001           51		e_bl	boardInit
0000000c 78000001           52		e_bl	irqInit
00000010 78000001           53		e_bl	eirqInit
00000014 78000001           54		e_bl	clockInit
00000018 78000001           55		e_bl	osalInit
                            56	#	    .ef
                            57	.LDW11:
0000001c c301               58		se_lwz	r0, 12(sp)
0000001e 2071               59		se_addi	sp, 8
00000020 0090               60		se_mtlr	r0
00000022 0004               61		se_blr
                            62		.global	__ghs_eofn_componentsInit
                            63	__ghs_eofn_componentsInit:
                            64		.type	componentsInit,@function
                            65		.size	componentsInit,$-componentsInit
                            66		.align	1
                            67	
                            68	#function:			componentsInit
                            69	#stack frame size:		8
                            70	#link area offset:		0
                            71	#local storage area offset:	8
                            72	#
                            73	
                            74		.data
                            75		.section ".vletext", "vax"
                            76		.vle
                            77		.vle
                            78		.align	1
                            79	
                            80		.data
                            81		.note ".PPC.EMB.apuinfo",""
00000000 00000008           82		.long	0x00000008
00000004 00000004           83		.long	4
00000008 00000002           84		.long	0x00000002

                                   Fri Apr 24 16:53:02 2020           Page 3
                                   Fri Apr 24 16:53:02 2020    gh_00001c81.s
                            85		# "APUinfo\000"
0000000c 41505569           86		.byte	65,80,85,105
00000010 6e666f00           87		.byte	110,102,111,0
00000014 01040001           88		.long	0x01040001
                            89		.ghsnote version,20
                            90		.ghsnote tools,3
                            91		.ghsnote options,644
                            92		.section ".vletext", "vax"
                            93		.vle
                            94		.vle
                            95		.align	1
                            96	..eof.D.3A.5C07_Working.5CE100.5Cbuild.5Cobj.5Ccomponents...44.3A.5C07_Working.5CE100..5EA29ADD..0::
                            97		.section	.debug_info
                            98	.Ldw_begin:
00000000 0000010c           99		.long	.Ldw_end-.Ldw_begin-4
00000004 0002              100		.byte	0,2
00000006 00000000          101		.long	.Ldw_abbr_begin
0000000a 04                102		.byte	4
                           103		.section	.debug_abbrev
                           104	.Ldw_abbr_begin:
                           105		.section	.debug_info
0000000b 01                106		.byte	1
0000000c 00000000          107		.long	..bof.D.3A.5C07_Working.5CE100.5Cbuild.5Cobj.5Ccomponents...44.3A.5C07_Working.5CE100..5EA29ADD..0
00000010 00000000          108		.long	..eof.D.3A.5C07_Working.5CE100.5Cbuild.5Cobj.5Ccomponents...44.3A.5C07_Working.5CE100..5EA29ADD..0
00000014 2e2f636f6d706f6e  109		.strz	"./components/components.c"
0000001c 656e74732f636f6d
00000024 706f6e656e74732e
0000002c 6300            
0000002e 443a5c30375f576f  110		.strz	"D:\\07_Working\\E100"
00000036 726b696e675c4531
0000003e 303000          
00000041 4748532043203230  111		.strz	"GHS C 2017.5.4 [dual]"
00000049 31372e352e34205b
00000051 6475616c5d00    
00000057 0001              112		.byte	0,1
00000059 00000000          113		.long	.Ldw_line_begin
0000005d 00000000          114		.long	.Ldw_macinfo_begin
00000061 00                115		.byte	0
                           116	
                           117		.section	.debug_abbrev
00000000 01                118		.byte	1
00000001 11                119		.byte	17
00000002 01                120		.byte	1
00000003 1101              121		.byte	17,1
00000005 1201              122		.byte	18,1
00000007 0308              123		.byte	3,8
00000009 1b08              124		.byte	27,8
0000000b 2508              125		.byte	37,8
0000000d 1305              126		.byte	19,5
0000000f 1006              127		.byte	16,6
00000011 4306              128		.byte	67,6
00000013 420b              129		.byte	66,11
00000015 0000              130		.byte	0,0
                           131	
                           132		.section	.debug_line
                           133	.Ldw_line_begin:
00000000 0000075d          134		.long	.Ldw_line_end-.Ldw_line_begin-4
00000004 0002              135		.byte	0,2
00000006 0000073f          136		.long	.Ldw_lpro_end-.Ldw_lpro_begin
                           137	.Ldw_lpro_begin:
0000000a 01                138		.byte	1
0000000b 00                139		.byte	0
0000000c 00                140		.byte	0

                                   Fri Apr 24 16:53:02 2020           Page 4
                                   Fri Apr 24 16:53:02 2020    gh_00001c81.s
0000000d 04                141		.byte	4
0000000e 0a                142		.byte	10
0000000f 000101            143		.byte	0,1,1
00000012 010100            144		.byte	1,1,0
00000015 000001            145		.byte	0,0,1
00000018 00                146		.byte	0
00000019 2e2f636f6d706f6e  147		.strz	"./components/components.c"
00000021 656e74732f636f6d
00000029 706f6e656e74732e
00000031 6300            
00000033 000000            148		.byte	0,0,0
00000036 2e2f636f6d706f6e  149		.strz	"./components/components.h"
0000003e 656e74732f636f6d
00000046 706f6e656e74732e
0000004e 6800            
00000050 000000            150		.byte	0,0,0
00000053 2e2f636f6d706f6e  151		.strz	"./components/spc570sxx_platform_component_rla/lib/include/platform.h"
0000005b 656e74732f737063
00000063 3537307378785f70
0000006b 6c6174666f726d5f
00000073 636f6d706f6e656e
0000007b 745f726c612f6c69
00000083 622f696e636c7564
0000008b 652f706c6174666f
00000093 726d2e6800      
00000098 000000            152		.byte	0,0,0
0000009b 2e2f636f6d706f6e  153		.strz	"./components/spc570sxx_platform_component_rla/cfg/core.h"
000000a3 656e74732f737063
000000ab 3537307378785f70
000000b3 6c6174666f726d5f
000000bb 636f6d706f6e656e
000000c3 745f726c612f6366
000000cb 672f636f72652e68
000000d3 00              
000000d4 000000            154		.byte	0,0,0
000000d7 2e2f636f6d706f6e  155		.strz	"./components/spc570sxx_platform_component_rla/cfg/toolchain.h"
000000df 656e74732f737063
000000e7 3537307378785f70
000000ef 6c6174666f726d5f
000000f7 636f6d706f6e656e
000000ff 745f726c612f6366
00000107 672f746f6f6c6368
0000010f 61696e2e6800    
00000115 000000            156		.byte	0,0,0
00000118 2e2f636f6d706f6e  157		.strz	"./components/spc570sxx_platform_component_rla/lib/include/intc.h"
00000120 656e74732f737063
00000128 3537307378785f70
00000130 6c6174666f726d5f
00000138 636f6d706f6e656e
00000140 745f726c612f6c69
00000148 622f696e636c7564
00000150 652f696e74632e68
00000158 00              
00000159 000000            158		.byte	0,0,0
0000015c 2e2f636f6d706f6e  159		.strz	"./components/spc570sxx_platform_component_rla/lib/include/typedefs.h"
00000164 656e74732f737063
0000016c 3537307378785f70
00000174 6c6174666f726d5f
0000017c 636f6d706f6e656e
00000184 745f726c612f6c69
0000018c 622f696e636c7564
00000194 652f747970656465
0000019c 66732e6800      
000001a1 000000            160		.byte	0,0,0
000001a4 433a5c6768735c63  161		.strz	"C:\\ghs\\comp_201754\\/ansi/stdint.h"
000001ac 6f6d705f32303137
000001b4 35345c2f616e7369
000001bc 2f737464696e742e
000001c4 6800            
000001c6 000000            162		.byte	0,0,0
000001c9 433a5c6768735c63  163		.strz	"C:\\ghs\\comp_201754\\/ansi/stddef.h"
000001d1 6f6d705f32303137
000001d9 35345c2f616e7369
000001e1 2f7374646465662e
000001e9 6800            
000001eb 000000            164		.byte	0,0,0
000001ee 433a5c6768735c63  165		.strz	"C:\\ghs\\comp_201754\\/ansi/ghs_null.h"
000001f6 6f6d705f32303137
000001fe 35345c2f616e7369
00000206 2f6768735f6e756c
0000020e 6c2e6800        
00000212 000000            166		.byte	0,0,0
00000215 433a5c6768735c63  167		.strz	"C:\\ghs\\comp_201754\\/ansi/ghs_wchar.h"
0000021d 6f6d705f32303137
00000225 35345c2f616e7369
0000022d 2f6768735f776368
00000235 61722e6800      
0000023a 000000            168		.byte	0,0,0
0000023d 433a5c6768735c63  169		.strz	"C:\\ghs\\comp_201754\\/ansi/stdbool.h"
00000245 6f6d705f32303137
0000024d 35345c2f616e7369
00000255 2f737464626f6f6c
0000025d 2e6800          
00000260 000000            170		.byte	0,0,0
00000263 2e2f636f6d706f6e  171		.strz	"./components/spc570sxx_platform_component_rla/lib/include/spr.h"
0000026b 656e74732f737063
00000273 3537307378785f70
0000027b 6c6174666f726d5f
00000283 636f6d706f6e656e
0000028b 745f726c612f6c69
00000293 622f696e636c7564
0000029b 652f7370722e6800
000002a3 000000            172		.byte	0,0,0
000002a6 433a5c6768735c63  173		.strz	"C:\\ghs\\comp_201754\\include\\ppc\\ppc_ghs.h"
000002ae 6f6d705f32303137
000002b6 35345c696e636c75
000002be 64655c7070635c70
000002c6 70635f6768732e68
000002ce 00              
000002cf 000000            174		.byte	0,0,0
000002d2 2e2f636f6d706f6e  175		.strz	"./components/spc570sxx_platform_component_rla/lib/include/spc570s_registry.h"
000002da 656e74732f737063
000002e2 3537307378785f70
000002ea 6c6174666f726d5f
000002f2 636f6d706f6e656e
000002fa 745f726c612f6c69
00000302 622f696e636c7564
0000030a 652f737063353730
00000312 735f726567697374
0000031a 72792e6800      
0000031f 000000            176		.byte	0,0,0
00000322 2e2f636f6d706f6e  177		.strz	"./components/spc570sxx_platform_component_rla/lib/include/xpc570s.h"
0000032a 656e74732f737063
00000332 3537307378785f70
0000033a 6c6174666f726d5f
00000342 636f6d706f6e656e
0000034a 745f726c612f6c69
00000352 622f696e636c7564
0000035a 652f787063353730
00000362 732e6800        
00000366 000000            178		.byte	0,0,0
00000369 2e2f636f6d706f6e  179		.strz	"./components/spc570sxx_board_initialization_component_rla/cfg/board.h"
00000371 656e74732f737063
00000379 3537307378785f62
00000381 6f6172645f696e69
00000389 7469616c697a6174
00000391 696f6e5f636f6d70
00000399 6f6e656e745f726c
000003a1 612f6366672f626f
000003a9 6172642e6800    
000003af 000000            180		.byte	0,0,0
000003b2 2e2f636f6d706f6e  181		.strz	"./components/spc570sxx_board_initialization_component_rla/lib/include/pal.h"
000003ba 656e74732f737063
000003c2 3537307378785f62
000003ca 6f6172645f696e69
000003d2 7469616c697a6174
000003da 696f6e5f636f6d70
000003e2 6f6e656e745f726c
000003ea 612f6c69622f696e
000003f2 636c7564652f7061
000003fa 6c2e6800        
000003fe 000000            182		.byte	0,0,0
00000401 2e2f636f6d706f6e  183		.strz	"./components/spc570sxx_clock_component_rla/lib/include/clock.h"
00000409 656e74732f737063
00000411 3537307378785f63
00000419 6c6f636b5f636f6d
00000421 706f6e656e745f72
00000429 6c612f6c69622f69
00000431 6e636c7564652f63
00000439 6c6f636b2e6800  
00000440 000000            184		.byte	0,0,0
00000443 2e2f636f6d706f6e  185		.strz	"./components/spc570sxx_irq_component_rla/lib/include/irq.h"
0000044b 656e74732f737063
00000453 3537307378785f69
0000045b 72715f636f6d706f
00000463 6e656e745f726c61
0000046b 2f6c69622f696e63
00000473 6c7564652f697271
0000047b 2e6800          
0000047e 000000            186		.byte	0,0,0
00000481 2e2f636f6d706f6e  187		.strz	"./components/spc570sxx_irq_component_rla/lib/include/vectors.h"
00000489 656e74732f737063
00000491 3537307378785f69
00000499 72715f636f6d706f
000004a1 6e656e745f726c61
000004a9 2f6c69622f696e63
000004b1 6c7564652f766563
000004b9 746f72732e6800  
000004c0 000000            188		.byte	0,0,0
000004c3 2e2f636f6d706f6e  189		.strz	"./components/spc570sxx_irq_component_rla/cfg/irq_cfg.h"
000004cb 656e74732f737063
000004d3 3537307378785f69
000004db 72715f636f6d706f
000004e3 6e656e745f726c61
000004eb 2f6366672f697271
000004f3 5f6366672e6800  
000004fa 000000            190		.byte	0,0,0
000004fd 2e2f636f6d706f6e  191		.strz	"./components/spc570sxx_clock_component_rla/cfg/clock_cfg.h"
00000505 656e74732f737063
0000050d 3537307378785f63
00000515 6c6f636b5f636f6d
0000051d 706f6e656e745f72
00000525 6c612f6366672f63
0000052d 6c6f636b5f636667
00000535 2e6800          
00000538 000000            192		.byte	0,0,0
0000053b 2e2f636f6d706f6e  193		.strz	"./components/spc570sxx_irq_component_rla/cfg/eirq_cfg.h"
00000543 656e74732f737063
0000054b 3537307378785f69
00000553 72715f636f6d706f
0000055b 6e656e745f726c61
00000563 2f6366672f656972
0000056b 715f6366672e6800
00000573 000000            194		.byte	0,0,0
00000576 2e2f636f6d706f6e  195		.strz	"./components/spc570sxx_irq_component_rla/lib/include/eirq.h"
0000057e 656e74732f737063
00000586 3537307378785f69
0000058e 72715f636f6d706f
00000596 6e656e745f726c61
0000059e 2f6c69622f696e63
000005a6 6c7564652f656972
000005ae 712e6800        
000005b2 000000            196		.byte	0,0,0

                                   Fri Apr 24 16:53:02 2020           Page 5
                                   Fri Apr 24 16:53:02 2020    gh_00001c81.s
000005b5 2e2f636f6d706f6e  197		.strz	"./components/spc570sxx_osal_component_rla/lib/include/osal.h"
000005bd 656e74732f737063
000005c5 3537307378785f6f
000005cd 73616c5f636f6d70
000005d5 6f6e656e745f726c
000005dd 612f6c69622f696e
000005e5 636c7564652f6f73
000005ed 616c2e6800      
000005f2 000000            198		.byte	0,0,0
000005f5 2e2f636f6d706f6e  199		.strz	"./components/spc570sxx_osal_component_rla/cfg/osal_cfg.h"
000005fd 656e74732f737063
00000605 3537307378785f6f
0000060d 73616c5f636f6d70
00000615 6f6e656e745f726c
0000061d 612f6366672f6f73
00000625 616c5f6366672e68
0000062d 00              
0000062e 000000            200		.byte	0,0,0
00000631 2e2f636f6d706f6e  201		.strz	"./components/spc570sxx_osal_component_rla/lib/include/systimer.h"
00000639 656e74732f737063
00000641 3537307378785f6f
00000649 73616c5f636f6d70
00000651 6f6e656e745f726c
00000659 612f6c69622f696e
00000661 636c7564652f7379
00000669 7374696d65722e68
00000671 00              
00000672 000000            202		.byte	0,0,0
00000675 2e2f636f6d706f6e  203		.strz	"./components/flash_driver/lib/include/flashdriver.h"
0000067d 656e74732f666c61
00000685 73685f6472697665
0000068d 722f6c69622f696e
00000695 636c7564652f666c
0000069d 6173686472697665
000006a5 722e6800        
000006a9 000000            204		.byte	0,0,0
000006ac 2e2f636f6d706f6e  205		.strz	"./components/flash_driver/lib/include/ssd_types.h"
000006b4 656e74732f666c61
000006bc 73685f6472697665
000006c4 722f6c69622f696e
000006cc 636c7564652f7373
000006d4 645f74797065732e
000006dc 6800            
000006de 000000            206		.byte	0,0,0
000006e1 2e2f636f6d706f6e  207		.strz	"./components/flash_driver/lib/include/ssd_c55.h"
000006e9 656e74732f666c61
000006f1 73685f6472697665
000006f9 722f6c69622f696e
00000701 636c7564652f7373
00000709 645f6335352e6800
00000711 000000            208		.byte	0,0,0
00000714 2e2f636f6d706f6e  209		.strz	"./components/flash_driver/lib/include/FlashMap.h"
0000071c 656e74732f666c61
00000724 73685f6472697665
0000072c 722f6c69622f696e
00000734 636c7564652f466c
0000073c 6173684d61702e68
00000744 00              
00000745 000000            210		.byte	0,0,0
00000748 00                211		.byte	0
                           212	.Ldw_lpro_end:
                           213		.section	.debug_macinfo
                           214	.Ldw_macinfo_begin:
                           215		.section	.debug_frame
                           216	.LDW_63ce758:
00000000 0000008c          217		.long	.LDW_unq_2-.LDW_unq_1
                           218	.LDW_unq_1:
00000004 ffffffff          219		.byte	255,255,255,255
00000008 01                220		.byte	1
00000009 00                221		.byte	0
0000000a 01                222		.byte	1
0000000b 01                223		.byte	1
0000000c 6c                224		.byte	108
0000000d 0c                225		.byte	12
0000000e 01                226		.byte	1
0000000f 00                227		.byte	0
00000010 07                228		.byte	7
00000011 00                229		.byte	0
00000012 07                230		.byte	7
00000013 01                231		.byte	1
00000014 07                232		.byte	7
00000015 02                233		.byte	2
00000016 07                234		.byte	7
00000017 03                235		.byte	3
00000018 07                236		.byte	7
00000019 04                237		.byte	4
0000001a 07                238		.byte	7
0000001b 05                239		.byte	5
0000001c 07                240		.byte	7
0000001d 06                241		.byte	6
0000001e 07                242		.byte	7
0000001f 07                243		.byte	7
00000020 07                244		.byte	7
00000021 08                245		.byte	8
00000022 07                246		.byte	7
00000023 09                247		.byte	9
00000024 07                248		.byte	7
00000025 0a                249		.byte	10
00000026 07                250		.byte	7
00000027 0b                251		.byte	11
00000028 07                252		.byte	7

                                   Fri Apr 24 16:53:02 2020           Page 6
                                   Fri Apr 24 16:53:02 2020    gh_00001c81.s
00000029 0c                253		.byte	12
0000002a 07                254		.byte	7
0000002b 0d                255		.byte	13
0000002c 07                256		.byte	7
0000002d 0e                257		.byte	14
0000002e 07                258		.byte	7
0000002f 0f                259		.byte	15
00000030 07                260		.byte	7
00000031 10                261		.byte	16
00000032 07                262		.byte	7
00000033 11                263		.byte	17
00000034 07                264		.byte	7
00000035 12                265		.byte	18
00000036 07                266		.byte	7
00000037 13                267		.byte	19
00000038 07                268		.byte	7
00000039 14                269		.byte	20
0000003a 07                270		.byte	7
0000003b 15                271		.byte	21
0000003c 07                272		.byte	7
0000003d 16                273		.byte	22
0000003e 07                274		.byte	7
0000003f 17                275		.byte	23
00000040 07                276		.byte	7
00000041 18                277		.byte	24
00000042 07                278		.byte	7
00000043 19                279		.byte	25
00000044 07                280		.byte	7
00000045 1a                281		.byte	26
00000046 07                282		.byte	7
00000047 1b                283		.byte	27
00000048 07                284		.byte	7
00000049 1c                285		.byte	28
0000004a 07                286		.byte	7
0000004b 1d                287		.byte	29
0000004c 07                288		.byte	7
0000004d 1e                289		.byte	30
0000004e 07                290		.byte	7
0000004f 1f                291		.byte	31
00000050 07                292		.byte	7
00000051 20                293		.byte	32
00000052 07                294		.byte	7
00000053 21                295		.byte	33
00000054 07                296		.byte	7
00000055 22                297		.byte	34
00000056 07                298		.byte	7
00000057 23                299		.byte	35
00000058 07                300		.byte	7
00000059 24                301		.byte	36
0000005a 07                302		.byte	7
0000005b 25                303		.byte	37
0000005c 07                304		.byte	7
0000005d 26                305		.byte	38
0000005e 07                306		.byte	7
0000005f 27                307		.byte	39
00000060 07                308		.byte	7

                                   Fri Apr 24 16:53:02 2020           Page 7
                                   Fri Apr 24 16:53:02 2020    gh_00001c81.s
00000061 28                309		.byte	40
00000062 07                310		.byte	7
00000063 29                311		.byte	41
00000064 07                312		.byte	7
00000065 2a                313		.byte	42
00000066 07                314		.byte	7
00000067 2b                315		.byte	43
00000068 07                316		.byte	7
00000069 2c                317		.byte	44
0000006a 07                318		.byte	7
0000006b 2d                319		.byte	45
0000006c 07                320		.byte	7
0000006d 2e                321		.byte	46
0000006e 07                322		.byte	7
0000006f 2f                323		.byte	47
00000070 07                324		.byte	7
00000071 30                325		.byte	48
00000072 07                326		.byte	7
00000073 31                327		.byte	49
00000074 07                328		.byte	7
00000075 32                329		.byte	50
00000076 07                330		.byte	7
00000077 33                331		.byte	51
00000078 07                332		.byte	7
00000079 34                333		.byte	52
0000007a 07                334		.byte	7
0000007b 35                335		.byte	53
0000007c 07                336		.byte	7
0000007d 36                337		.byte	54
0000007e 07                338		.byte	7
0000007f 37                339		.byte	55
00000080 07                340		.byte	7
00000081 38                341		.byte	56
00000082 07                342		.byte	7
00000083 39                343		.byte	57
00000084 07                344		.byte	7
00000085 3a                345		.byte	58
00000086 07                346		.byte	7
00000087 3b                347		.byte	59
00000088 07                348		.byte	7
00000089 3c                349		.byte	60
0000008a 07                350		.byte	7
0000008b 3d                351		.byte	61
0000008c 07                352		.byte	7
0000008d 3e                353		.byte	62
0000008e 07                354		.byte	7
0000008f 3f                355		.byte	63
                           356	.LDW_unq_2:
                           357		.section	.debug_info
                           358	.LDW_4a5cd88:
00000062 47                359		.byte	71
00000063 01                360		.byte	1
                           361	
                           362		.section	.debug_abbrev
00000017 47                363		.byte	71
00000018 15                364		.byte	21

                                   Fri Apr 24 16:53:02 2020           Page 8
                                   Fri Apr 24 16:53:02 2020    gh_00001c81.s
00000019 01                365		.byte	1
0000001a 270c              366		.byte	39,12
0000001c 0000              367		.byte	0,0
                           368	
                           369		.section	.debug_info
00000064 00                370		.byte	0
                           371	
                           372	.LDW_645b9c0:
00000065 47                373		.byte	71
00000066 01                374		.byte	1
                           375	
00000067 00                376		.byte	0
                           377	
                           378	.LDW_645bd08:
00000068 47                379		.byte	71
00000069 01                380		.byte	1
                           381	
0000006a 00                382		.byte	0
                           383	
                           384	.LDW_645bdb0:
0000006b 47                385		.byte	71
0000006c 01                386		.byte	1
                           387	
0000006d 00                388		.byte	0
                           389	
                           390	.LDW_645be90:
0000006e 47                391		.byte	71
0000006f 01                392		.byte	1
                           393	
00000070 00                394		.byte	0
                           395	
                           396	.LDW_645bec8:
00000071 47                397		.byte	71
00000072 01                398		.byte	1
                           399	
00000073 00                400		.byte	0
                           401	
                           402	.LDW_6458f08:
00000074 17                403		.byte	23
00000075 697271496e697400  404		.strz	"irqInit"
0000007d 75                405		.byte	117
0000007e 08                406		.byte	8
0000007f 14                407		.byte	20
00000080 01                408		.byte	1
00000081 00                409		.byte	0
00000082 01                410		.byte	1
00000083 01                411		.byte	1
00000084 00                412		.byte	0
00000085 01                413		.byte	1
                           414	
                           415		.section	.debug_abbrev
0000001e 17                416		.byte	23
0000001f 2e                417		.byte	46
00000020 01                418		.byte	1
00000021 0308              419		.byte	3,8
00000023 3b0f              420		.byte	59,15

                                   Fri Apr 24 16:53:02 2020           Page 9
                                   Fri Apr 24 16:53:02 2020    gh_00001c81.s
00000025 390f              421		.byte	57,15
00000027 3a0f              422		.byte	58,15
00000029 3c0c              423		.byte	60,12
0000002b 200b              424		.byte	32,11
0000002d 3f0c              425		.byte	63,12
0000002f 320b              426		.byte	50,11
00000031 4c0b              427		.byte	76,11
00000033 270c              428		.byte	39,12
00000035 0000              429		.byte	0,0
                           430	
                           431		.section	.debug_info
00000086 00                432		.byte	0
                           433	
                           434	.LDW_6459628:
00000087 17                435		.byte	23
00000088 636c6f636b496e69  436		.strz	"clockInit"
00000090 7400            
00000092 e809              437		.byte	232,9
00000094 08                438		.byte	8
00000095 13                439		.byte	19
00000096 01                440		.byte	1
00000097 00                441		.byte	0
00000098 01                442		.byte	1
00000099 01                443		.byte	1
0000009a 00                444		.byte	0
0000009b 01                445		.byte	1
                           446	
0000009c 00                447		.byte	0
                           448	
                           449	.LDW_6458ca8:
0000009d 17                450		.byte	23
0000009e 626f617264496e69  451		.strz	"boardInit"
000000a6 7400            
000000a8 43                452		.byte	67
000000a9 08                453		.byte	8
000000aa 11                454		.byte	17
000000ab 01                455		.byte	1
000000ac 00                456		.byte	0
000000ad 01                457		.byte	1
000000ae 01                458		.byte	1
000000af 00                459		.byte	0
000000b0 01                460		.byte	1
                           461	
000000b1 00                462		.byte	0
                           463	
                           464	.LDW_6458c10:
000000b2 17                465		.byte	23
000000b3 65697271496e6974  466		.strz	"eirqInit"
000000bb 00              
000000bc 8501              467		.byte	133,1
000000be 06                468		.byte	6
000000bf 19                469		.byte	25
000000c0 01                470		.byte	1
000000c1 00                471		.byte	0
000000c2 01                472		.byte	1
000000c3 01                473		.byte	1
000000c4 00                474		.byte	0
000000c5 01                475		.byte	1
                           476	

                                   Fri Apr 24 16:53:02 2020           Page 10
                                   Fri Apr 24 16:53:02 2020    gh_00001c81.s
000000c6 00                477		.byte	0
                           478	
                           479	.LDW_6459920:
000000c7 17                480		.byte	23
000000c8 6f73616c496e6974  481		.strz	"osalInit"
000000d0 00              
000000d1 8701              482		.byte	135,1
000000d3 08                483		.byte	8
000000d4 1a                484		.byte	26
000000d5 01                485		.byte	1
000000d6 00                486		.byte	0
000000d7 01                487		.byte	1
000000d8 01                488		.byte	1
000000d9 00                489		.byte	0
000000da 01                490		.byte	1
                           491	
000000db 00                492		.byte	0
                           493	
                           494	.LDW_5cbe450:
000000dc 15                495		.byte	21
000000dd 636f6d706f6e656e  496		.strz	"componentsInit"
000000e5 7473496e697400  
000000ec 24                497		.byte	36
000000ed 06                498		.byte	6
000000ee 01                499		.byte	1
000000ef 00000000          500		.long	componentsInit
000000f3 00000000          501		.long	__ghs_eofn_componentsInit
000000f7 0151              502		.byte	1,81
000000f9 00                503		.byte	0
000000fa 08                504		.byte	8
000000fb 00                505		.byte	0
000000fc 08                506		.byte	8
000000fd 00                507		.byte	0
000000fe 00                508		.byte	0
000000ff 00                509		.byte	0
00000100 01                510		.byte	1
00000101 01                511		.byte	1
00000102 00                512		.byte	0
00000103 01                513		.byte	1
                           514	
                           515		.section	.debug_abbrev
00000037 15                516		.byte	21
00000038 2e                517		.byte	46
00000039 01                518		.byte	1
0000003a 0308              519		.byte	3,8
0000003c 3b0f              520		.byte	59,15
0000003e 390f              521		.byte	57,15
00000040 3a0f              522		.byte	58,15
00000042 1101              523		.byte	17,1
00000044 1201              524		.byte	18,1
00000046 400a              525		.byte	64,10
00000048 8341              526		.byte	131,65
0000004a 0f                527		.byte	15
0000004b 8741              528		.byte	135,65
0000004d 0d                529		.byte	13
0000004e 8541              530		.byte	133,65
00000050 0f                531		.byte	15
00000051 8641              532		.byte	134,65

                                   Fri Apr 24 16:53:02 2020           Page 11
                                   Fri Apr 24 16:53:02 2020    gh_00001c81.s
00000053 0d                533		.byte	13
00000054 9241              534		.byte	146,65
00000056 0f                535		.byte	15
00000057 3c0c              536		.byte	60,12
00000059 200b              537		.byte	32,11
0000005b 3f0c              538		.byte	63,12
0000005d 320b              539		.byte	50,11
0000005f 4c0b              540		.byte	76,11
00000061 270c              541		.byte	39,12
00000063 0000              542		.byte	0,0
                           543	
                           544		.section	.debug_frame
                           545	.LDW_4a9aa90:
00000090 00000014          546		.long	.LDW_unq_4-.LDW_unq_3
                           547	.LDW_unq_3:
00000094 00000000          548		.long	.LDW_63ce758
00000098 00000000          549		.long	componentsInit
0000009c 00000024          550		.long	__ghs_eofn_componentsInit-componentsInit
000000a0 01                551		.byte	1
000000a1 00000000          552		.long	.LDW11
000000a5 00                553		.byte	0
000000a6 00                554		.byte	0
000000a7 00                555		.byte	0
                           556	.LDW_unq_4:
                           557		.section	.debug_line
00000749 000502            558		.byte	0,5,2
0000074c 00000000          559		.long	componentsInit
00000750 06                560		.byte	6
00000751 03                561		.byte	3
00000752 23                562		.byte	35
00000753 02                563		.byte	2
00000754 00                564		.byte	0
00000755 01                565		.byte	1
00000756 2c                566		.byte	44
00000757 1b                567		.byte	27
00000758 1b                568		.byte	27
00000759 1b                569		.byte	27
0000075a 1b                570		.byte	27
0000075b 1b                571		.byte	27
0000075c 02                572		.byte	2
0000075d 08                573		.byte	8
0000075e 000101            574		.byte	0,1,1
                           575		.section	.debug_info
                           576	.LDW_4a580b8:
00000104 1f                577		.byte	31
00000105 00000000          578		.long	.LDW01
00000109 00000000          579		.long	.LDW11
                           580	
                           581		.section	.debug_abbrev
00000065 1f                582		.byte	31
00000066 0b                583		.byte	11
00000067 01                584		.byte	1
00000068 1101              585		.byte	17,1
0000006a 1201              586		.byte	18,1
0000006c 0000              587		.byte	0,0
                           588	

                                   Fri Apr 24 16:53:02 2020           Page 12
                                   Fri Apr 24 16:53:02 2020    gh_00001c81.s
                           589		.section	.debug_info
0000010d 00                590		.byte	0
                           591	
0000010e 00                592		.byte	0
                           593	
0000010f 00                594		.byte	0
                           595	
                           596		.section	.debug_line
                           597	.Ldw_line_end:
                           598		.section	.debug_macinfo
00000000 01                599		.byte	1
00000001 00                600		.byte	0
00000002 5f5f6768735f5f20  601		.strz	"__ghs__ 1"
0000000a 3100            
0000000c 01                602		.byte	1
0000000d 00                603		.byte	0
0000000e 5f5f535444435f5f  604		.strz	"__STDC__ 1"
00000016 203100          
00000019 01                605		.byte	1
0000001a 00                606		.byte	0
0000001b 5f5f415454524942  607		.strz	"__ATTRIBUTES 1"
00000023 55544553203100  
0000002a 01                608		.byte	1
0000002b 00                609		.byte	0
0000002c 5f5f4544475f5f20  610		.strz	"__EDG__ 1"
00000034 3100            
00000036 01                611		.byte	1
00000037 00                612		.byte	0
00000038 5f5f536f66747761  613		.strz	"__SoftwareDouble__ 1"
00000040 7265446f75626c65
00000048 5f5f203100      
0000004d 01                614		.byte	1
0000004e 00                615		.byte	0
0000004f 5f5f707063203100  616		.strz	"__ppc 1"
00000057 01                617		.byte	1
00000058 00                618		.byte	0
00000059 5f5f6768735f6d61  619		.strz	"__ghs_max_pack_value 16"
00000061 785f7061636b5f76
00000069 616c756520313600
00000071 01                620		.byte	1
00000072 00                621		.byte	0
00000073 5f5f57434841525f  622		.strz	"__WCHAR_TYPE__ long"
0000007b 545950455f5f206c
00000083 6f6e6700        
00000087 01                623		.byte	1
00000088 00                624		.byte	0
00000089 5f5f434841525f42  625		.strz	"__CHAR_BIT 8"
00000091 4954203800      
00000096 01                626		.byte	1
00000097 00                627		.byte	0
00000098 5f5f534852545f42  628		.strz	"__SHRT_BIT 16"
000000a0 495420313600    
000000a6 01                629		.byte	1
000000a7 00                630		.byte	0
000000a8 5f5f494e545f4249  631		.strz	"__INT_BIT 32"
000000b0 5420333200      
000000b5 01                632		.byte	1
000000b6 00                633		.byte	0
000000b7 5f5f4c4f4e475f42  634		.strz	"__LONG_BIT 32"
000000bf 495420333200    
000000c5 01                635		.byte	1
000000c6 00                636		.byte	0
000000c7 5f5f57434841525f  637		.strz	"__WCHAR_BIT 32"
000000cf 42495420333200  
000000d6 01                638		.byte	1
000000d7 00                639		.byte	0
000000d8 5f5f5054525f4249  640		.strz	"__PTR_BIT 32"
000000e0 5420333200      
000000e5 01                641		.byte	1
000000e6 00                642		.byte	0
000000e7 5f5f4c4c4f4e475f  643		.strz	"__LLONG_BIT 64"
000000ef 42495420363400  
000000f6 01                644		.byte	1

                                   Fri Apr 24 16:53:02 2020           Page 13
                                   Fri Apr 24 16:53:02 2020    gh_00001c81.s
000000f7 00                645		.byte	0
000000f8 5f5f5245475f4249  646		.strz	"__REG_BIT 32"
00000100 5420333200      
00000105 03                647		.byte	3
00000106 00                648		.byte	0
00000107 01                649		.byte	1
00000108 03                650		.byte	3
00000109 1f                651		.byte	31
0000010a 02                652		.byte	2
0000010b 03                653		.byte	3
0000010c 24                654		.byte	36
0000010d 03                655		.byte	3
0000010e 03                656		.byte	3
0000010f 16                657		.byte	22
00000110 04                658		.byte	4
00000111 01                659		.byte	1
00000112 1f                660		.byte	31
00000113 5f53504335373053  661		.strz	"_SPC570Sxx_ "
0000011b 78785f2000      
00000120 04                662		.byte	4
00000121 03                663		.byte	3
00000122 17                664		.byte	23
00000123 05                665		.byte	5
00000124 04                666		.byte	4
00000125 03                667		.byte	3
00000126 18                668		.byte	24
00000127 06                669		.byte	6
00000128 04                670		.byte	4
00000129 03                671		.byte	3
0000012a 1a                672		.byte	26
0000012b 07                673		.byte	7
0000012c 03                674		.byte	3
0000012d 15                675		.byte	21
0000012e 08                676		.byte	8
0000012f 01                677		.byte	1
00000130 9901              678		.byte	153,1
00000132 5f5f5f4641535433  679		.strz	"___FAST32 int"
0000013a 3220696e7400    
00000140 01                680		.byte	1
00000141 9a01              681		.byte	154,1
00000143 5f5f5f4641535433  682		.strz	"___FAST32_BIT __REG_BIT"
0000014b 325f424954205f5f
00000153 5245475f42495400
0000015b 01                683		.byte	1
0000015c 8502              684		.byte	133,2
0000015e 5f5f5f494c343842  685		.strz	"___IL48BIT __LLONG_BIT"
00000166 4954205f5f4c4c4f
0000016e 4e475f42495400  
00000175 01                686		.byte	1
00000176 a502              687		.byte	165,2
00000178 5f5f5f494c363442  688		.strz	"___IL64BIT __LLONG_BIT"
00000180 4954205f5f4c4c4f
00000188 4e475f42495400  
0000018f 01                689		.byte	1
00000190 9003              690		.byte	144,3
00000192 5f5f5f494d424954  691		.strz	"___IMBIT __LLONG_BIT"
0000019a 205f5f4c4c4f4e47
000001a2 5f42495400      
000001a7 04                692		.byte	4
000001a8 03                693		.byte	3
000001a9 16                694		.byte	22
000001aa 09                695		.byte	9
000001ab 01                696		.byte	1
000001ac 11                697		.byte	17
000001ad 5f5354444445465f  698		.strz	"_STDDEF_H "
000001b5 482000          
000001b8 03                699		.byte	3
000001b9 13                700		.byte	19

                                   Fri Apr 24 16:53:02 2020           Page 14
                                   Fri Apr 24 16:53:02 2020    gh_00001c81.s
000001ba 0a                701		.byte	10
000001bb 04                702		.byte	4
000001bc 03                703		.byte	3
000001bd 14                704		.byte	20
000001be 0b                705		.byte	11
000001bf 04                706		.byte	4
000001c0 04                707		.byte	4
000001c1 03                708		.byte	3
000001c2 17                709		.byte	23
000001c3 0c                710		.byte	12
000001c4 04                711		.byte	4
000001c5 04                712		.byte	4
000001c6 03                713		.byte	3
000001c7 1b                714		.byte	27
000001c8 0d                715		.byte	13
000001c9 03                716		.byte	3
000001ca 16                717		.byte	22
000001cb 0e                718		.byte	14
000001cc 01                719		.byte	1
000001cd 11                720		.byte	17
000001ce 5f5f52454756414c  721		.strz	"__REGVAL unsigned int"
000001d6 20756e7369676e65
000001de 6420696e7400    
000001e4 01                722		.byte	1
000001e5 15                723		.byte	21
000001e6 5f5f415454524942  724		.strz	"__ATTRIBUTE(x) __attribute__(x)"
000001ee 555445287829205f
000001f6 5f61747472696275
000001fe 74655f5f28782900
00000206 04                725		.byte	4
00000207 04                726		.byte	4
00000208 03                727		.byte	3
00000209 1c                728		.byte	28
0000020a 0f                729		.byte	15
0000020b 01                730		.byte	1
0000020c b301              731		.byte	179,1
0000020e 535043355f534955  732		.strz	"SPC5_SIUL_EIRQ_HAS_0_HANDLER TRUE"
00000216 4c5f454952515f48
0000021e 41535f305f48414e
00000226 444c455220545255
0000022e 4500            
00000230 01                733		.byte	1
00000231 b401              734		.byte	180,1
00000233 535043355f534955  735		.strz	"SPC5_SIUL_EIRQ_HAS_1_HANDLER TRUE"
0000023b 4c5f454952515f48
00000243 41535f315f48414e
0000024b 444c455220545255
00000253 4500            
00000255 01                736		.byte	1
00000256 b501              737		.byte	181,1
00000258 535043355f534955  738		.strz	"SPC5_SIUL_EIRQ_HAS_2_HANDLER TRUE"
00000260 4c5f454952515f48
00000268 41535f325f48414e
00000270 444c455220545255
00000278 4500            
0000027a 01                739		.byte	1
0000027b b601              740		.byte	182,1
0000027d 535043355f534955  741		.strz	"SPC5_SIUL_EIRQ_HAS_3_5_HANDLER TRUE"
00000285 4c5f454952515f48
0000028d 41535f335f355f48
00000295 414e444c45522054
0000029d 52554500        
000002a1 01                742		.byte	1
000002a2 b701              743		.byte	183,1
000002a4 535043355f534955  744		.strz	"SPC5_SIUL_EIRQ_0_HANDLER vector243"
000002ac 4c5f454952515f30
000002b4 5f48414e444c4552
000002bc 20766563746f7232
000002c4 343300          
000002c7 01                745		.byte	1
000002c8 b801              746		.byte	184,1
000002ca 535043355f534955  747		.strz	"SPC5_SIUL_EIRQ_1_HANDLER vector244"
000002d2 4c5f454952515f31
000002da 5f48414e444c4552
000002e2 20766563746f7232
000002ea 343400          
000002ed 01                748		.byte	1
000002ee b901              749		.byte	185,1
000002f0 535043355f534955  750		.strz	"SPC5_SIUL_EIRQ_2_HANDLER vector245"
000002f8 4c5f454952515f32
00000300 5f48414e444c4552
00000308 20766563746f7232
00000310 343500          
00000313 01                751		.byte	1
00000314 ba01              752		.byte	186,1
00000316 535043355f534955  753		.strz	"SPC5_SIUL_EIRQ_3_5_HANDLER vector246"
0000031e 4c5f454952515f33
00000326 5f355f48414e444c
0000032e 455220766563746f
00000336 7232343600      
0000033b 04                754		.byte	4
0000033c 03                755		.byte	3
0000033d 1d                756		.byte	29

                                   Fri Apr 24 16:53:02 2020           Page 15
                                   Fri Apr 24 16:53:02 2020    gh_00001c81.s
0000033e 10                757		.byte	16
0000033f 04                758		.byte	4
00000340 04                759		.byte	4
00000341 03                760		.byte	3
00000342 25                761		.byte	37
00000343 11                762		.byte	17
00000344 03                763		.byte	3
00000345 11                764		.byte	17
00000346 12                765		.byte	18
00000347 03                766		.byte	3
00000348 19                767		.byte	25
00000349 13                768		.byte	19
0000034a 03                769		.byte	3
0000034b 1a                770		.byte	26
0000034c 14                771		.byte	20
0000034d 03                772		.byte	3
0000034e 18                773		.byte	24
0000034f 15                774		.byte	21
00000350 01                775		.byte	1
00000351 22                776		.byte	34
00000352 564543544f52535f  777		.strz	"VECTORS_NUMBER 1024"
0000035a 4e554d4245522031
00000362 30323400        
00000366 04                778		.byte	4
00000367 03                779		.byte	3
00000368 19                780		.byte	25
00000369 16                781		.byte	22
0000036a 01                782		.byte	1
0000036b 21                783		.byte	33
0000036c 46414c5345203055  784		.strz	"FALSE 0U"
00000374 00              
00000375 01                785		.byte	1
00000376 25                786		.byte	37
00000377 5452554520315500  787		.strz	"TRUE 1U"
0000037f 04                788		.byte	4
00000380 01                789		.byte	1
00000381 36                790		.byte	54
00000382 4952515f48414e44  791		.strz	"IRQ_HANDLER(id) void id(void)"
0000038a 4c45522869642920
00000392 766f696420696428
0000039a 766f69642900    
000003a0 04                792		.byte	4
000003a1 03                793		.byte	3
000003a2 1b                794		.byte	27
000003a3 17                795		.byte	23
000003a4 01                796		.byte	1
000003a5 14                797		.byte	20
000003a6 535043355f584f53  798		.strz	"SPC5_XOSC_DISABLED FALSE"
000003ae 435f44495341424c
000003b6 45442046414c5345
000003be 00              
000003bf 01                799		.byte	1
000003c0 15                800		.byte	21
000003c1 535043355f584f53  801		.strz	"SPC5_XOSC_CLK 40000000U"
000003c9 435f434c4b203430
000003d1 3030303030305500
000003d9 01                802		.byte	1
000003da 17                803		.byte	23
000003db 535043355f4e4f5f  804		.strz	"SPC5_NO_INIT FALSE"
000003e3 494e49542046414c
000003eb 534500          
000003ee 01                805		.byte	1
000003ef 18                806		.byte	24
000003f0 535043355f414c4c  807		.strz	"SPC5_ALLOW_OVERCLOCK FALSE"
000003f8 4f575f4f56455243
00000400 4c4f434b2046414c
00000408 534500          
0000040b 01                808		.byte	1
0000040c 19                809		.byte	25
0000040d 535043355f454e41  810		.strz	"SPC5_ENABLE_CLOCKOUT FALSE"
00000415 424c455f434c4f43
0000041d 4b4f55542046414c
00000425 534500          
00000428 01                811		.byte	1
00000429 1a                812		.byte	26

                                   Fri Apr 24 16:53:02 2020           Page 16
                                   Fri Apr 24 16:53:02 2020    gh_00001c81.s
0000042a 535043355f444953  813		.strz	"SPC5_DISABLE_WATCHDOG TRUE"
00000432 41424c455f574154
0000043a 4348444f47205452
00000442 554500          
00000445 01                814		.byte	1
00000446 1c                815		.byte	28
00000447 535043355f434c4f  816		.strz	"SPC5_CLOCK_FAILURE_HOOK() irqSysHalt()"
0000044f 434b5f4641494c55
00000457 52455f484f4f4b28
0000045f 2920697271537973
00000467 48616c74282900  
0000046e 01                817		.byte	1
0000046f 1d                818		.byte	29
00000470 535043355f504c4c  819		.strz	"SPC5_PLL0_PREDIV_VALUE 2U"
00000478 305f505245444956
00000480 5f56414c55452032
00000488 5500            
0000048a 01                820		.byte	1
0000048b 1e                821		.byte	30
0000048c 535043355f504c4c  822		.strz	"SPC5_PLL0_MFD_VALUE 20U"
00000494 305f4d46445f5641
0000049c 4c55452032305500
000004a4 01                823		.byte	1
000004a5 1f                824		.byte	31
000004a6 535043355f504c4c  825		.strz	"SPC5_PLL0_RFDPHI_VALUE 5U"
000004ae 305f524644504849
000004b6 5f56414c55452035
000004be 5500            
000004c0 01                826		.byte	1
000004c1 20                827		.byte	32
000004c2 535043355f504c4c  828		.strz	"SPC5_PLL0_RFDPHI1_VALUE 15U"
000004ca 305f524644504849
000004d2 315f56414c554520
000004da 31355500        
000004de 01                829		.byte	1
000004df 21                830		.byte	33
000004e0 535043355f504c4c  831		.strz	"SPC5_PLL1_MFD_VALUE 20U"
000004e8 315f4d46445f5641
000004f0 4c55452032305500
000004f8 01                832		.byte	1
000004f9 22                833		.byte	34
000004fa 535043355f504c4c  834		.strz	"SPC5_PLL1_RFDPHI_VALUE 5U"
00000502 315f524644504849
0000050a 5f56414c55452035
00000512 5500            
00000514 01                835		.byte	1
00000515 23                836		.byte	35
00000516 535043355f43474d  837		.strz	"SPC5_CGM_SC_DC0_DIV_VALUE 1U"
0000051e 5f53435f4443305f
00000526 4449565f56414c55
0000052e 4520315500      
00000533 01                838		.byte	1
00000534 24                839		.byte	36
00000535 535043355f43474d  840		.strz	"SPC5_CGM_SC_DC1_DIV_VALUE 2U"
0000053d 5f53435f4443315f
00000545 4449565f56414c55
0000054d 4520325500      
00000552 01                841		.byte	1
00000553 25                842		.byte	37
00000554 535043355f43474d  843		.strz	"SPC5_CGM_SC_DC2_DIV_VALUE 4U"
0000055c 5f53435f4443325f
00000564 4449565f56414c55
0000056c 4520345500      
00000571 01                844		.byte	1
00000572 26                845		.byte	38
00000573 535043355f43474d  846		.strz	"SPC5_CGM_AC0_SC_BITS SPC5_CGM_SC_PLL0PHI"
0000057b 5f4143305f53435f
00000583 4249545320535043
0000058b 355f43474d5f5343
00000593 5f504c4c30504849
0000059b 00              
0000059c 01                847		.byte	1
0000059d 27                848		.byte	39
0000059e 535043355f43474d  849		.strz	"SPC5_CGM_AC0_DC0_DIV_VALUE 5U"
000005a6 5f4143305f444330
000005ae 5f4449565f56414c
000005b6 554520355500    
000005bc 01                850		.byte	1
000005bd 28                851		.byte	40
000005be 535043355f43474d  852		.strz	"SPC5_CGM_AC0_DC1_DIV_VALUE 8U"
000005c6 5f4143305f444331
000005ce 5f4449565f56414c
000005d6 554520385500    
000005dc 01                853		.byte	1
000005dd 29                854		.byte	41
000005de 535043355f43474d  855		.strz	"SPC5_CGM_AC0_DC2_DIV_VALUE 1U"
000005e6 5f4143305f444332
000005ee 5f4449565f56414c
000005f6 554520315500    
000005fc 01                856		.byte	1
000005fd 2a                857		.byte	42
000005fe 535043355f43474d  858		.strz	"SPC5_CGM_AC0_DC3_DIV_VALUE 4U"
00000606 5f4143305f444333
0000060e 5f4449565f56414c
00000616 554520345500    
0000061c 01                859		.byte	1
0000061d 2b                860		.byte	43
0000061e 535043355f43474d  861		.strz	"SPC5_CGM_AC0_DC4_DIV_VALUE 4U"
00000626 5f4143305f444334
0000062e 5f4449565f56414c
00000636 554520345500    
0000063c 01                862		.byte	1
0000063d 2c                863		.byte	44
0000063e 535043355f43474d  864		.strz	"SPC5_CGM_AC0_DC5_DIV_VALUE 1U"
00000646 5f4143305f444335
0000064e 5f4449565f56414c
00000656 554520315500    
0000065c 01                865		.byte	1
0000065d 2d                866		.byte	45
0000065e 535043355f43474d  867		.strz	"SPC5_CGM_AC1_SC_BITS SPC5_CGM_SC_XOSC"
00000666 5f4143315f53435f
0000066e 4249545320535043
00000676 355f43474d5f5343
0000067e 5f584f534300    
00000684 01                868		.byte	1

                                   Fri Apr 24 16:53:02 2020           Page 17
                                   Fri Apr 24 16:53:02 2020    gh_00001c81.s
00000685 2e                869		.byte	46
00000686 535043355f43474d  870		.strz	"SPC5_CGM_AC1_DC0_DIV_VALUE 2U"
0000068e 5f4143315f444330
00000696 5f4449565f56414c
0000069e 554520325500    
000006a4 01                871		.byte	1
000006a5 2f                872		.byte	47
000006a6 535043355f43474d  873		.strz	"SPC5_CGM_AC2_SC_BITS SPC5_CGM_SC_XOSC"
000006ae 5f4143325f53435f
000006b6 4249545320535043
000006be 355f43474d5f5343
000006c6 5f584f534300    
000006cc 01                874		.byte	1
000006cd 30                875		.byte	48
000006ce 535043355f43474d  876		.strz	"SPC5_CGM_AC3_SC_BITS SPC5_CGM_SC_XOSC"
000006d6 5f4143335f53435f
000006de 4249545320535043
000006e6 355f43474d5f5343
000006ee 5f584f534300    
000006f4 01                877		.byte	1
000006f5 31                878		.byte	49
000006f6 535043355f4d455f  879		.strz	"SPC5_ME_ME_BITS (0UL | SPC5_ME_ME_RESET | SPC5_ME_ME_SAFE | SPC5_ME_ME_DRUN | SPC5_ME_ME_RUN0 | SPC5_ME_ME_RUN1 | SPC5_ME_ME_RUN2 | SPC5_ME_ME_RUN3 | SPC5_ME_ME_HALT0 | SPC5_ME_ME_STOP0)"
000006fe 4d455f4249545320
00000706 2830554c207c2053
0000070e 5043355f4d455f4d
00000716 455f524553455420
0000071e 7c20535043355f4d
00000726 455f4d455f534146
0000072e 45207c2053504335
00000736 5f4d455f4d455f44
0000073e 52554e207c205350
00000746 43355f4d455f4d45
0000074e 5f52554e30207c20
00000756 535043355f4d455f
0000075e 4d455f52554e3120
00000766 7c20535043355f4d
0000076e 455f4d455f52554e
00000776 32207c2053504335
0000077e 5f4d455f4d455f52
00000786 554e33207c205350
0000078e 43355f4d455f4d45
00000796 5f48414c5430207c
0000079e 20535043355f4d45
000007a6 5f4d455f53544f50
000007ae 302900          
000007b1 01                880		.byte	1
000007b2 32                881		.byte	50
000007b3 535043355f4d455f  882		.strz	"SPC5_ME_SAFE_MC_BITS (0UL | SPC5_ME_MC_PWRLVL(0) | SPC5_ME_MC_PDO | SPC5_ME_MC_MVRON | SPC5_ME_MC_FLAON_NORMAL | SPC5_ME_MC_IRCON | SPC5_ME_MC_SYSCLK_IRC)"
000007bb 534146455f4d435f
000007c3 4249545320283055
000007cb 4c207c2053504335
000007d3 5f4d455f4d435f50
000007db 57524c564c283029
000007e3 207c20535043355f
000007eb 4d455f4d435f5044
000007f3 4f207c2053504335
000007fb 5f4d455f4d435f4d
00000803 56524f4e207c2053
0000080b 5043355f4d455f4d
00000813 435f464c414f4e5f
0000081b 4e4f524d414c207c
00000823 20535043355f4d45
0000082b 5f4d435f4952434f
00000833 4e207c2053504335
0000083b 5f4d455f4d435f53
00000843 5953434c4b5f4952
0000084b 432900          
0000084e 01                883		.byte	1
0000084f 33                884		.byte	51
00000850 535043355f4d455f  885		.strz	"SPC5_ME_DRUN_MC_BITS (0UL | SPC5_ME_MC_PWRLVL(0) | SPC5_ME_MC_MVRON | SPC5_ME_MC_FLAON_NORMAL | SPC5_ME_MC_PLL0ON | SPC5_ME_MC_XOSCON | SPC5_ME_MC_IRCON | SPC5_ME_MC_SYSCLK_PLL0PHI)"
00000858 4452554e5f4d435f
00000860 4249545320283055
00000868 4c207c2053504335
00000870 5f4d455f4d435f50
00000878 57524c564c283029
00000880 207c20535043355f
00000888 4d455f4d435f4d56
00000890 524f4e207c205350
00000898 43355f4d455f4d43
000008a0 5f464c414f4e5f4e
000008a8 4f524d414c207c20
000008b0 535043355f4d455f
000008b8 4d435f504c4c304f
000008c0 4e207c2053504335
000008c8 5f4d455f4d435f58
000008d0 4f53434f4e207c20
000008d8 535043355f4d455f
000008e0 4d435f4952434f4e
000008e8 207c20535043355f
000008f0 4d455f4d435f5359
000008f8 53434c4b5f504c4c
00000900 305048492900    
00000906 01                886		.byte	1
00000907 34                887		.byte	52
00000908 535043355f4d455f  888		.strz	"SPC5_ME_RUN0_MC_BITS (0UL | SPC5_ME_MC_PWRLVL(0) | SPC5_ME_MC_MVRON | SPC5_ME_MC_FLAON_NORMAL | SPC5_ME_MC_PLL1ON | SPC5_ME_MC_PLL0ON | SPC5_ME_MC_XOSCON | SPC5_ME_MC_IRCON | SPC5_ME_MC_SYSCLK_PLL1PHI)"
00000910 52554e305f4d435f
00000918 4249545320283055
00000920 4c207c2053504335
00000928 5f4d455f4d435f50
00000930 57524c564c283029
00000938 207c20535043355f
00000940 4d455f4d435f4d56
00000948 524f4e207c205350
00000950 43355f4d455f4d43
00000958 5f464c414f4e5f4e
00000960 4f524d414c207c20
00000968 535043355f4d455f
00000970 4d435f504c4c314f
00000978 4e207c2053504335
00000980 5f4d455f4d435f50
00000988 4c4c304f4e207c20
00000990 535043355f4d455f
00000998 4d435f584f53434f
000009a0 4e207c2053504335
000009a8 5f4d455f4d435f49
000009b0 52434f4e207c2053
000009b8 5043355f4d455f4d
000009c0 435f535953434c4b
000009c8 5f504c4c31504849
000009d0 2900            
000009d2 01                889		.byte	1
000009d3 35                890		.byte	53
000009d4 535043355f4d455f  891		.strz	"SPC5_ME_RUN1_MC_BITS (0UL | SPC5_ME_MC_PWRLVL(0) | SPC5_ME_MC_MVRON | SPC5_ME_MC_FLAON_NORMAL | SPC5_ME_MC_IRCON | SPC5_ME_MC_SYSCLK_IRC)"
000009dc 52554e315f4d435f
000009e4 4249545320283055
000009ec 4c207c2053504335
000009f4 5f4d455f4d435f50
000009fc 57524c564c283029
00000a04 207c20535043355f
00000a0c 4d455f4d435f4d56
00000a14 524f4e207c205350
00000a1c 43355f4d455f4d43
00000a24 5f464c414f4e5f4e
00000a2c 4f524d414c207c20
00000a34 535043355f4d455f
00000a3c 4d435f4952434f4e
00000a44 207c20535043355f
00000a4c 4d455f4d435f5359
00000a54 53434c4b5f495243
00000a5c 2900            
00000a5e 01                892		.byte	1
00000a5f 36                893		.byte	54
00000a60 535043355f4d455f  894		.strz	"SPC5_ME_RUN2_MC_BITS (0UL | SPC5_ME_MC_PWRLVL(0) | SPC5_ME_MC_MVRON | SPC5_ME_MC_FLAON_NORMAL | SPC5_ME_MC_IRCON | SPC5_ME_MC_SYSCLK_IRC)"
00000a68 52554e325f4d435f
00000a70 4249545320283055
00000a78 4c207c2053504335
00000a80 5f4d455f4d435f50
00000a88 57524c564c283029
00000a90 207c20535043355f
00000a98 4d455f4d435f4d56
00000aa0 524f4e207c205350
00000aa8 43355f4d455f4d43
00000ab0 5f464c414f4e5f4e
00000ab8 4f524d414c207c20
00000ac0 535043355f4d455f
00000ac8 4d435f4952434f4e
00000ad0 207c20535043355f
00000ad8 4d455f4d435f5359
00000ae0 53434c4b5f495243
00000ae8 2900            
00000aea 01                895		.byte	1
00000aeb 37                896		.byte	55
00000aec 535043355f4d455f  897		.strz	"SPC5_ME_RUN3_MC_BITS (0UL | SPC5_ME_MC_PWRLVL(0) | SPC5_ME_MC_MVRON | SPC5_ME_MC_FLAON_NORMAL | SPC5_ME_MC_IRCON | SPC5_ME_MC_SYSCLK_IRC)"
00000af4 52554e335f4d435f
00000afc 4249545320283055
00000b04 4c207c2053504335
00000b0c 5f4d455f4d435f50
00000b14 57524c564c283029
00000b1c 207c20535043355f
00000b24 4d455f4d435f4d56
00000b2c 524f4e207c205350
00000b34 43355f4d455f4d43
00000b3c 5f464c414f4e5f4e
00000b44 4f524d414c207c20
00000b4c 535043355f4d455f
00000b54 4d435f4952434f4e
00000b5c 207c20535043355f
00000b64 4d455f4d435f5359
00000b6c 53434c4b5f495243
00000b74 2900            
00000b76 01                898		.byte	1
00000b77 38                899		.byte	56
00000b78 535043355f4d455f  900		.strz	"SPC5_ME_HALT0_MC_BITS (0UL | SPC5_ME_MC_PWRLVL(0) | SPC5_ME_MC_MVRON | SPC5_ME_MC_FLAON_LP | SPC5_ME_MC_IRCON | SPC5_ME_MC_SYSCLK_IRC)"
00000b80 48414c54305f4d43
00000b88 5f42495453202830
00000b90 554c207c20535043
00000b98 355f4d455f4d435f
00000ba0 5057524c564c2830
00000ba8 29207c2053504335
00000bb0 5f4d455f4d435f4d
00000bb8 56524f4e207c2053
00000bc0 5043355f4d455f4d
00000bc8 435f464c414f4e5f
00000bd0 4c50207c20535043
00000bd8 355f4d455f4d435f
00000be0 4952434f4e207c20
00000be8 535043355f4d455f
00000bf0 4d435f535953434c
00000bf8 4b5f4952432900  
00000bff 01                901		.byte	1
00000c00 39                902		.byte	57
00000c01 535043355f4d455f  903		.strz	"SPC5_ME_STOP0_MC_BITS (0UL | SPC5_ME_MC_PWRLVL(0) | SPC5_ME_MC_MVRON | SPC5_ME_MC_FLAON_PD | SPC5_ME_MC_IRCON | SPC5_ME_MC_SYSCLK_IRC)"
00000c09 53544f50305f4d43
00000c11 5f42495453202830
00000c19 554c207c20535043
00000c21 355f4d455f4d435f
00000c29 5057524c564c2830
00000c31 29207c2053504335
00000c39 5f4d455f4d435f4d
00000c41 56524f4e207c2053
00000c49 5043355f4d455f4d
00000c51 435f464c414f4e5f
00000c59 5044207c20535043
00000c61 355f4d455f4d435f
00000c69 4952434f4e207c20
00000c71 535043355f4d455f
00000c79 4d435f535953434c
00000c81 4b5f4952432900  
00000c88 01                904		.byte	1
00000c89 3a                905		.byte	58
00000c8a 535043355f4d455f  906		.strz	"SPC5_ME_MC_IS_XOSCON TRUE"
00000c92 4d435f49535f584f
00000c9a 53434f4e20545255
00000ca2 4500            
00000ca4 01                907		.byte	1
00000ca5 3b                908		.byte	59
00000ca6 535043355f4d455f  909		.strz	"SPC5_ME_RUN_PC3_BITS (0UL)"
00000cae 52554e5f5043335f
00000cb6 4249545320283055
00000cbe 4c2900          
00000cc1 01                910		.byte	1
00000cc2 3c                911		.byte	60
00000cc3 535043355f4d455f  912		.strz	"SPC5_ME_RUN_PC4_BITS (0UL)"
00000ccb 52554e5f5043345f
00000cd3 4249545320283055
00000cdb 4c2900          
00000cde 01                913		.byte	1
00000cdf 3d                914		.byte	61
00000ce0 535043355f4d455f  915		.strz	"SPC5_ME_RUN_PC5_BITS (0UL)"
00000ce8 52554e5f5043355f
00000cf0 4249545320283055
00000cf8 4c2900          
00000cfb 01                916		.byte	1
00000cfc 3e                917		.byte	62
00000cfd 535043355f4d455f  918		.strz	"SPC5_ME_RUN_PC6_BITS (0UL)"
00000d05 52554e5f5043365f
00000d0d 4249545320283055
00000d15 4c2900          
00000d18 01                919		.byte	1
00000d19 3f                920		.byte	63
00000d1a 535043355f4d455f  921		.strz	"SPC5_ME_RUN_PC7_BITS (0UL)"
00000d22 52554e5f5043375f
00000d2a 4249545320283055
00000d32 4c2900          
00000d35 01                922		.byte	1
00000d36 40                923		.byte	64
00000d37 535043355f4d455f  924		.strz	"SPC5_ME_LP_PC4_BITS (0UL)"
00000d3f 4c505f5043345f42
00000d47 495453202830554c
00000d4f 2900            

                                   Fri Apr 24 16:53:02 2020           Page 18
                                   Fri Apr 24 16:53:02 2020    gh_00001c81.s
00000d51 01                925		.byte	1
00000d52 41                926		.byte	65
00000d53 535043355f4d455f  927		.strz	"SPC5_ME_LP_PC5_BITS (0UL)"
00000d5b 4c505f5043355f42
00000d63 495453202830554c
00000d6b 2900            
00000d6d 01                928		.byte	1
00000d6e 42                929		.byte	66
00000d6f 535043355f4d455f  930		.strz	"SPC5_ME_LP_PC6_BITS (0UL)"
00000d77 4c505f5043365f42
00000d7f 495453202830554c
00000d87 2900            
00000d89 01                931		.byte	1
00000d8a 43                932		.byte	67
00000d8b 535043355f4d455f  933		.strz	"SPC5_ME_LP_PC7_BITS (0UL)"
00000d93 4c505f5043375f42
00000d9b 495453202830554c
00000da3 2900            
00000da5 01                934		.byte	1
00000da6 44                935		.byte	68
00000da7 535043355f46494e  936		.strz	"SPC5_FINAL_RUNMODE SPC5_RUNMODE_RUN0"
00000daf 414c5f52554e4d4f
00000db7 444520535043355f
00000dbf 52554e4d4f44455f
00000dc7 52554e3000      
00000dcc 04                937		.byte	4
00000dcd 01                938		.byte	1
00000dce 38                939		.byte	56
00000dcf 535043355f584f53  940		.strz	"SPC5_XOSC_CLK_MIN 8000000U"
00000dd7 435f434c4b5f4d49
00000ddf 4e20383030303030
00000de7 305500          
00000dea 01                941		.byte	1
00000deb 3d                942		.byte	61
00000dec 535043355f584f53  943		.strz	"SPC5_XOSC_CLK_MAX 40000000U"
00000df4 435f434c4b5f4d41
00000dfc 5820343030303030
00000e04 30305500        
00000e08 01                944		.byte	1
00000e09 56                945		.byte	86
00000e0a 535043355f504c4c  946		.strz	"SPC5_PLL0VCO_MIN 600000000U"
00000e12 3056434f5f4d494e
00000e1a 2036303030303030
00000e22 30305500        
00000e26 01                947		.byte	1
00000e27 5b                948		.byte	91
00000e28 535043355f504c4c  949		.strz	"SPC5_PLL0VCO_MAX 1250000000U"
00000e30 3056434f5f4d4158
00000e38 2031323530303030
00000e40 3030305500      
00000e45 01                950		.byte	1
00000e46 60                951		.byte	96
00000e47 535043355f504c4c  952		.strz	"SPC5_PLL1VCO_MIN 600000000U"
00000e4f 3156434f5f4d494e
00000e57 2036303030303030
00000e5f 30305500        
00000e63 01                953		.byte	1
00000e64 65                954		.byte	101
00000e65 535043355f504c4c  955		.strz	"SPC5_PLL1VCO_MAX 1250000000U"
00000e6d 3156434f5f4d4158
00000e75 2031323530303030
00000e7d 3030305500      
00000e82 01                956		.byte	1
00000e83 6a                957		.byte	106
00000e84 535043355f504c4c  958		.strz	"SPC5_PLL0_CLK_MIN 4762000U"
00000e8c 305f434c4b5f4d49
00000e94 4e20343736323030
00000e9c 305500          
00000e9f 01                959		.byte	1
00000ea0 6f                960		.byte	111
00000ea1 535043355f504c4c  961		.strz	"SPC5_PLL0_CLK_MAX 625000000U"
00000ea9 305f434c4b5f4d41
00000eb1 5820363235303030
00000eb9 3030305500      
00000ebe 01                962		.byte	1
00000ebf 74                963		.byte	116
00000ec0 535043355f504c4c  964		.strz	"SPC5_PLL1_CLK_MIN 4762000U"
00000ec8 315f434c4b5f4d49
00000ed0 4e20343736323030
00000ed8 305500          
00000edb 01                965		.byte	1
00000edc 79                966		.byte	121
00000edd 535043355f504c4c  967		.strz	"SPC5_PLL1_CLK_MAX 625000000U"
00000ee5 315f434c4b5f4d41
00000eed 5820363235303030
00000ef5 3030305500      
00000efa 01                968		.byte	1
00000efb 7e                969		.byte	126
00000efc 535043355f504552  970		.strz	"SPC5_PER_CLK_MAX 80000000U"
00000f04 5f434c4b5f4d4158
00000f0c 2038303030303030
00000f14 305500          
00000f17 01                971		.byte	1
00000f18 8301              972		.byte	131,1
00000f1a 535043355f534152  973		.strz	"SPC5_SAR_CLK_MAX 12000000U"
00000f22 5f434c4b5f4d4158
00000f2a 2031323030303030
00000f32 305500          
00000f35 01                974		.byte	1
00000f36 8801              975		.byte	136,1
00000f38 535043355f435455  976		.strz	"SPC5_CTU_CLK_MAX 80000000U"
00000f40 5f434c4b5f4d4158
00000f48 2038303030303030
00000f50 305500          
00000f53 01                977		.byte	1
00000f54 8d01              978		.byte	141,1
00000f56 535043355f445350  979		.strz	"SPC5_DSPI_CLK_MAX 80000000U"
00000f5e 495f434c4b5f4d41
00000f66 5820383030303030
00000f6e 30305500        
00000f72 01                980		.byte	1

                                   Fri Apr 24 16:53:02 2020           Page 19
                                   Fri Apr 24 16:53:02 2020    gh_00001c81.s
00000f73 9201              981		.byte	146,1
00000f75 535043355f4c494e  982		.strz	"SPC5_LIN_CLK_MAX 80000000U"
00000f7d 5f434c4b5f4d4158
00000f85 2038303030303030
00000f8d 305500          
00000f90 01                983		.byte	1
00000f91 9701              984		.byte	151,1
00000f93 535043355f455449  985		.strz	"SPC5_ETIMER_CLK_MAX 80000000U"
00000f9b 4d45525f434c4b5f
00000fa3 4d41582038303030
00000fab 303030305500    
00000fb1 01                986		.byte	1
00000fb2 9c01              987		.byte	156,1
00000fb4 535043355f43414e  988		.strz	"SPC5_CAN_CLK_MAX 40000000U"
00000fbc 5f434c4b5f4d4158
00000fc4 2034303030303030
00000fcc 305500          
00000fcf 01                989		.byte	1
00000fd0 e201              990		.byte	226,1
00000fd2 535043355f43474d  991		.strz	"SPC5_CGM_SC_IRC (0UL << 24)"
00000fda 5f53435f49524320
00000fe2 2830554c203c3c20
00000fea 32342900        
00000fee 01                992		.byte	1
00000fef e301              993		.byte	227,1
00000ff1 535043355f43474d  994		.strz	"SPC5_CGM_SC_XOSC (1UL << 24)"
00000ff9 5f53435f584f5343
00001001 202831554c203c3c
00001009 2032342900      
0000100e 01                995		.byte	1
0000100f e401              996		.byte	228,1
00001011 535043355f43474d  997		.strz	"SPC5_CGM_SC_PLL0PHI (2UL << 24)"
00001019 5f53435f504c4c30
00001021 504849202832554c
00001029 203c3c2032342900
00001031 01                998		.byte	1
00001032 9a07              999		.byte	154,7
00001034 535043355f415558 1000		.strz	"SPC5_AUX0_CLK SPC5_PLL0_PHI_CLK"
0000103c 305f434c4b205350
00001044 43355f504c4c305f
0000104c 5048495f434c4b00
00001054 01               1001		.byte	1
00001055 a107             1002		.byte	161,7
00001057 535043355f415558 1003		.strz	"SPC5_AUX1_CLK SPC5_XOSC_CLK"
0000105f 315f434c4b205350
00001067 43355f584f53435f
0000106f 434c4b00        
00001073 01               1004		.byte	1
00001074 ac07             1005		.byte	172,7
00001076 535043355f504c4c 1006		.strz	"SPC5_PLL0_INPUT_CLK SPC5_XOSC_CLK"
0000107e 305f494e5055545f
00001086 434c4b2053504335
0000108e 5f584f53435f434c
00001096 4b00            
00001098 01               1007		.byte	1
00001099 b307             1008		.byte	179,7
0000109b 535043355f504c4c 1009		.strz	"SPC5_PLL1_INPUT_CLK SPC5_XOSC_CLK"
000010a3 315f494e5055545f
000010ab 434c4b2053504335
000010b3 5f584f53435f434c
000010bb 4b00            
000010bd 01               1010		.byte	1
000010be a508             1011		.byte	165,8
000010c0 535043355f504c4c 1012		.strz	"SPC5_PLL0_VCO_CLK ((SPC5_PLL0_INPUT_CLK / SPC5_PLL0_PREDIV_VALUE) * (2U * SPC5_PLL0_MFD_VALUE))"
000010c8 305f56434f5f434c
000010d0 4b20282853504335
000010d8 5f504c4c305f494e
000010e0 5055545f434c4b20
000010e8 2f20535043355f50
000010f0 4c4c305f50524544
000010f8 49565f56414c5545
00001100 29202a2028325520
00001108 2a20535043355f50
00001110 4c4c305f4d46445f
00001118 56414c5545292900
00001120 01               1013		.byte	1
00001121 b108             1014		.byte	177,8
00001123 535043355f504c4c 1015		.strz	"SPC5_PLL0_PHI_CLK ((SPC5_PLL0_VCO_CLK / SPC5_PLL0_RFDPHI_VALUE) / 2U)"
0000112b 305f5048495f434c
00001133 4b20282853504335
0000113b 5f504c4c305f5643
00001143 4f5f434c4b202f20
0000114b 535043355f504c4c
00001153 305f524644504849
0000115b 5f56414c55452920
00001163 2f2032552900    
00001169 01               1016		.byte	1
0000116a bd08             1017		.byte	189,8
0000116c 535043355f504c4c 1018		.strz	"SPC5_PLL0_PHI1_CLK ((SPC5_PLL0_VCO_CLK / SPC5_PLL0_RFDPHI1_VALUE) / 2U)"
00001174 305f504849315f43
0000117c 4c4b202828535043
00001184 355f504c4c305f56
0000118c 434f5f434c4b202f
00001194 20535043355f504c
0000119c 4c305f5246445048
000011a4 49315f56414c5545
000011ac 29202f2032552900
000011b4 01               1019		.byte	1
000011b5 c908             1020		.byte	201,8
000011b7 535043355f504c4c 1021		.strz	"SPC5_PLL1_VCO_CLK (SPC5_PLL1_INPUT_CLK * SPC5_PLL1_MFD_VALUE)"
000011bf 315f56434f5f434c
000011c7 4b2028535043355f
000011cf 504c4c315f494e50
000011d7 55545f434c4b202a
000011df 20535043355f504c
000011e7 4c315f4d46445f56
000011ef 414c55452900    
000011f5 01               1022		.byte	1
000011f6 d608             1023		.byte	214,8
000011f8 535043355f504c4c 1024		.strz	"SPC5_PLL1_PHI_CLK ((SPC5_PLL1_VCO_CLK / SPC5_PLL1_RFDPHI_VALUE) / 2U)"
00001200 315f5048495f434c
00001208 4b20282853504335
00001210 5f504c4c315f5643
00001218 4f5f434c4b202f20
00001220 535043355f504c4c
00001228 315f524644504849
00001230 5f56414c55452920
00001238 2f2032552900    
0000123e 01               1025		.byte	1
0000123f e508             1026		.byte	229,8
00001241 535043355f504552 1027		.strz	"SPC5_PER_CLK (SPC5_AUX0_CLK / SPC5_CGM_AC0_DC0_DIV_VALUE)"
00001249 5f434c4b20285350
00001251 43355f415558305f
00001259 434c4b202f205350
00001261 43355f43474d5f41
00001269 43305f4443305f44
00001271 49565f56414c5545
00001279 2900            
0000127b 01               1028		.byte	1
0000127c f308             1029		.byte	243,8
0000127e 535043355f534152 1030		.strz	"SPC5_SAR_CLK (SPC5_AUX0_CLK / SPC5_CGM_AC0_DC1_DIV_VALUE)"
00001286 5f434c4b20285350
0000128e 43355f415558305f
00001296 434c4b202f205350
0000129e 43355f43474d5f41
000012a6 43305f4443315f44
000012ae 49565f56414c5545
000012b6 2900            
000012b8 01               1031		.byte	1
000012b9 8109             1032		.byte	129,9
000012bb 535043355f435455 1033		.strz	"SPC5_CTU_CLK (SPC5_AUX0_CLK / SPC5_CGM_AC0_DC2_DIV_VALUE)"
000012c3 5f434c4b20285350
000012cb 43355f415558305f
000012d3 434c4b202f205350
000012db 43355f43474d5f41
000012e3 43305f4443325f44
000012eb 49565f56414c5545
000012f3 2900            
000012f5 01               1034		.byte	1
000012f6 8f09             1035		.byte	143,9
000012f8 535043355f445350 1036		.strz	"SPC5_DSPI_CLK (SPC5_AUX0_CLK / SPC5_CGM_AC0_DC3_DIV_VALUE)"
00001300 495f434c4b202853
00001308 5043355f41555830
00001310 5f434c4b202f2053
00001318 5043355f43474d5f
00001320 4143305f4443335f
00001328 4449565f56414c55
00001330 452900          

                                   Fri Apr 24 16:53:02 2020           Page 20
                                   Fri Apr 24 16:53:02 2020    gh_00001c81.s
00001333 01               1037		.byte	1
00001334 9d09             1038		.byte	157,9
00001336 535043355f4c494e 1039		.strz	"SPC5_LIN_CLK (SPC5_AUX0_CLK / SPC5_CGM_AC0_DC4_DIV_VALUE)"
0000133e 5f434c4b20285350
00001346 43355f415558305f
0000134e 434c4b202f205350
00001356 43355f43474d5f41
0000135e 43305f4443345f44
00001366 49565f56414c5545
0000136e 2900            
00001370 01               1040		.byte	1
00001371 ab09             1041		.byte	171,9
00001373 535043355f455449 1042		.strz	"SPC5_ETIMER_CLK (SPC5_AUX0_CLK / SPC5_CGM_AC0_DC5_DIV_VALUE)"
0000137b 4d45525f434c4b20
00001383 28535043355f4155
0000138b 58305f434c4b202f
00001393 20535043355f4347
0000139b 4d5f4143305f4443
000013a3 355f4449565f5641
000013ab 4c55452900      
000013b0 01               1043		.byte	1
000013b1 b909             1044		.byte	185,9
000013b3 535043355f43414e 1045		.strz	"SPC5_CAN_CLK (SPC5_AUX1_CLK / SPC5_CGM_AC1_DC0_DIV_VALUE)"
000013bb 5f434c4b20285350
000013c3 43355f415558315f
000013cb 434c4b202f205350
000013d3 43355f43474d5f41
000013db 43315f4443305f44
000013e3 49565f56414c5545
000013eb 2900            
000013ed 04               1046		.byte	4
000013ee 04               1047		.byte	4
000013ef 04               1048		.byte	4
000013f0 03               1049		.byte	3
000013f1 27               1050		.byte	39
000013f2 18               1051		.byte	24
000013f3 03               1052		.byte	3
000013f4 18               1053		.byte	24
000013f5 19               1054		.byte	25
000013f6 04               1055		.byte	4
000013f7 04               1056		.byte	4
000013f8 03               1057		.byte	3
000013f9 29               1058		.byte	41
000013fa 1a               1059		.byte	26
000013fb 03               1060		.byte	3
000013fc 19               1061		.byte	25
000013fd 1b               1062		.byte	27
000013fe 01               1063		.byte	1
000013ff 25               1064		.byte	37
00001400 4f53414c5f465245 1065		.strz	"OSAL_FREERTOS_ENABLE FALSE"
00001408 4552544f535f454e
00001410 41424c452046414c
00001418 534500          
0000141b 01               1066		.byte	1
0000141c 2f               1067		.byte	47
0000141d 4f53414c5f4f535f 1068		.strz	"OSAL_OS_ENABLE FALSE"
00001425 454e41424c452046
0000142d 414c534500      
00001432 01               1069		.byte	1
00001433 3f               1070		.byte	63
00001434 4f53414c5f535953 1071		.strz	"OSAL_SYSTIMER_ENABLE FALSE"
0000143c 54494d45525f454e
00001444 41424c452046414c
0000144c 534500          
0000144f 04               1072		.byte	4
00001450 03               1073		.byte	3
00001451 1a               1074		.byte	26
00001452 1c               1075		.byte	28
00001453 04               1076		.byte	4
00001454 04               1077		.byte	4
00001455 03               1078		.byte	3
00001456 2a               1079		.byte	42
00001457 1d               1080		.byte	29
00001458 03               1081		.byte	3
00001459 12               1082		.byte	18
0000145a 1e               1083		.byte	30
0000145b 04               1084		.byte	4
0000145c 03               1085		.byte	3
0000145d 13               1086		.byte	19
0000145e 1f               1087		.byte	31
0000145f 04               1088		.byte	4
00001460 03               1089		.byte	3
00001461 14               1090		.byte	20
00001462 20               1091		.byte	32
00001463 04               1092		.byte	4

                                   Fri Apr 24 16:53:02 2020           Page 21
                                   Fri Apr 24 16:53:02 2020    gh_00001c81.s
00001464 04               1093		.byte	4
00001465 04               1094		.byte	4
00001466 04               1095		.byte	4
00001467 00               1096		.byte	0
                          1097		.section	.debug_abbrev
0000006e 00               1098		.byte	0
                          1099		.section	.debug_info
                          1100	.Ldw_end:
