
                                   Fri Apr 24 16:52:04 2020           Page 1
                                   Tue Mar 03 12:02:12 2020           crt0.s
Command Line:   C:\ghs\comp_201754\asppc.exe -noundefined -elf -b1 -I.
                -I./components/spc570sxx_platform_component_rla/lib/include
                -I./components/flash_driver/lib/include
                -I./components/spc570sxx_board_initialization_component_rla/lib/include
                -I./components/spc570sxx_clock_component_rla/lib/include
                -I./components/spc570sxx_irq_component_rla/lib/include
                -I./components/spc570sxx_osal_component_rla/lib/include
                -I./components/spc570sxx_platform_component_rla/cfg
                -I./components/spc570sxx_board_initialization_component_rla/cfg
                -I./components/spc570sxx_clock_component_rla/cfg
                -I./components/spc570sxx_irq_component_rla/cfg
                -I./components/spc570sxx_osal_component_rla/cfg -I./source/
                -I./source/ASW/ -I./source/BSW/ -I./source/BSW/BSW_Geny/
                -I./source/BSW/BSW_Geny/Can/ -I./source/BSW/BSW_Geny/Common/
                -I./source/BSW/BSW_Geny/Il/
                -I./source/BSW/BSW_Geny/SipVersionCheck/
                -I./source/BSW/BSW_Geny/Tp/ -I./source/BSW/BSW_Geny/VStdLib/
                -I./source/BSW/CANbedded_Vector/ -I./source/FBL/ -I./source/Geny/
                -I./source/Geny/Cdd/ -I./source/Geny/Cfg/ -I./source/Geny/Db/
                -I./source/Geny/Prj/ -I./source/HAL/ -I./source/RTE/
                -I./source/UDS/ -I./components -IC:\ghs\comp_201754\/ansi
                -IC:\ghs\comp_201754\lib\ppc5514 -cpu=ppc5746mz0
                -dbo=D:\07_Working\E100\build\obj\crt0.dbo
                -source=./components/spc570sxx_platform_component_rla/lib/src/crt0.s
                --gh_oname=build/obj/crt0.o --gh_md_append=build/obj/crt0.dtmp
                -asm3g -asm3g_driver=C:/ghs/comp_201754/ccppc
                -asm3g_args=@@build/obj/crt0.a3g -accept_unsafe_op_names -o
                build\obj\gh_00008781.o -list=build/lst/crt0.lst
                build\obj\gh_00008781.si
Original File:  ./components/spc570sxx_platform_component_rla/lib/src/crt0.s
Source File:    build\obj\gh_00008781.si
Directory:      D:\07_Working\E100
Host OS:        Windows
AS: Copyright (C) 1983-2017 Green Hills Software.  All Rights Reserved.
Release: Compiler v2017.5.4
Build Directory: [Directory] COMP-VAL-WIN50:c:/autoval2/v2017.5-2017-10-03/win32-comp-ecom
Revision: [VCInfo] http://toolsvc/branches/release-branch-2017-5-comp/src@603870 (built by auto-compiler)
Revision Date: Wed Oct 04 11:30:08 2017

Release Date: Wed Oct 04 09:00:05 2017

                             0	#line 1 "./components/spc570sxx_platform_component_rla/lib/src/crt0.s"
                             1	
                             2	
                             3	
                             4	
                             5	
                             6	
                             7	
                             8	
                             9	
                            10	
                            11	
                            12	 
                            13	
                            14	
                            15	
                            16	
                            17	
                            18	
                            19	 
                            20	
                             0*	#line 1 "./components/spc570sxx_platform_component_rla/cfg/boot.h"
                             1*	

                                   Fri Apr 24 16:52:04 2020           Page 2
                                   Tue Mar 03 12:02:12 2020           crt0.s
                             2*	
                             3*	
                             4*	
                             5*	
                             6*	
                             7*	
                             8*	
                             9*	
                            10*	
                            11*	
                            12*	 
                            13*	
                            14*	
                            15*	
                            16*	
                            17*	
                            18*	 
                            19*	
                            20*	
                            21*	
                            22*	
                            23*	 
                            24*	 
                            25*	 
                            26*	
                            27*	
                            28*	
                            29*	
                            30*	 
                            31*	
                            32*	
                            33*	 
                            34*	
                            35*	
                            36*	
                            37*	
                            38*	 
                            39*	
                            40*	
                            41*	
                            42*	
                            43*	
                            44*	
                            45*	
                            46*	
                            47*	
                            48*	 
                            49*	
                            50*	 
                            51*	 
                            52*	 
                            53*	
                            54*	
                            55*	
                            56*	 
                            57*	

                                   Fri Apr 24 16:52:04 2020           Page 3
                                   Tue Mar 03 12:02:12 2020           crt0.s
                            58*	
                            59*	
                            60*	
                            61*	 
                            62*	
                            63*	
                            64*	
                            65*	
                            66*	 
                            67*	
                            68*	
                            69*	
                            70*	
                            71*	 
                            72*	
                            73*	
                            74*	
                            75*	
                            76*	 
                            77*	
                            78*	
                            79*	
                            80*	
                            81*	 
                            82*	 
                            83*	 
                            84*	
                            85*	 
                            86*	 
                            87*	 
                            88*	
                            89*	 
                            90*	 
                            91*	 
                            92*	
                            93*	 
                            94*	 
                            95*	 
                            96*	
                            97*	 
                            98*	 
                            99*	 
                           100*	
                           101*	
                           102*	
                           103*	 
                            21	#line 22 "./components/spc570sxx_platform_component_rla/lib/src/crt0.s"
                             0*	#line 1 "./components/spc570sxx_platform_component_rla/cfg/toolchain.h"
                             1*	
                             2*	
                             3*	
                             4*	
                             5*	
                             6*	
                             7*	
                             8*	

                                   Fri Apr 24 16:52:04 2020           Page 4
                                   Tue Mar 03 12:02:12 2020           crt0.s
                             9*	
                            10*	
                            11*	
                            12*	 
                            13*	
                            14*	
                            15*	
                            16*	
                            17*	 
                            18*	
                            19*	
                            20*	
                            21*	
                            22*	
                            23*	
                            24*	
                            25*	
                            26*	
                            22	#line 23 "./components/spc570sxx_platform_component_rla/lib/src/crt0.s"
                            23	
                            24	
                            25	
                            26	
                            27	 
                            28	
                            29	
                            30	
                            31	
                            32	
                            33	        .section    .crt0, "axv"
                            34	        .align		2
                            35	        .globl      _boot_address
                            36	        .type       _boot_address, @function
                            37	.vle
                            38	_boot_address:
                            39	        
                            40	
                            41	 
00000000 7020e000           42			e_lis       %r1, %hi(__process_stack_end__)
00000004 7020c000           43	        e_or2i      %r1, %lo(__process_stack_end__)
00000008 4800               44	        se_li       %r0, 0
0000000a 180106f8           45	        e_stwu      %r0, -8(%r1)
                            46	        
                            47	
                            48	 
0000000e 7040e000           49	        e_lis       %r2,  %hi(__sdata2_start__)
00000012 7040c000           50	        e_or2i      %r2,  %lo(__sdata2_start__)
00000016 71a0e000           51	        e_lis       %r13, %hi(__sdata_start__)
0000001a 71a0c000           52	        e_or2i      %r13, %lo(__sdata_start__)
                            53			
                            54	
                            55	 
0000001e 1800d000           56			e_ori 0, 0, 0
                            57	        
                            58	
                            59	 

                                   Fri Apr 24 16:52:04 2020           Page 5
                                   Tue Mar 03 12:02:12 2020           crt0.s
00000022 78000001           60	        e_bl        __early_init
                            61	        
                            62	
                            63	 
00000026 7080e000           64	        e_lis       %r4, %hi(__bss_start__)
0000002a 7080c000           65	        e_or2i      %r4, %lo(__bss_start__)
0000002e 70a0e000           66	        e_lis       %r5, %hi(__bss_end__)
00000032 70a0c000           67	        e_or2i      %r5, %lo(__bss_end__)
00000036 4807               68	        se_li       %r7, 0
                            69	.bssloop:
00000038 7c042840           70	        cmpl        cr0, %r4, %r5
0000003c e000               71	        se_bge      .bssend
0000003e d074               72	        se_stw      %r7, 0(%r4)
00000040 2034               73	        se_addi     %r4, 4
00000042 e800               74	        se_b        .bssloop
                            75	.bssend:
                            76	
                            77	
                            78	        
                            79	
                            80	 
00000044 7080e000           81	        e_lis       %r4, %hi(__romdata_start__)
00000048 7080c000           82	        e_or2i      %r4, %lo(__romdata_start__)
0000004c 70a0e000           83	        e_lis       %r5, %hi(__data_start__)
00000050 70a0c000           84	        e_or2i      %r5, %lo(__data_start__)
00000054 70c0e000           85	        e_lis       %r6, %hi(__data_end__)
00000058 70c0c000           86	        e_or2i      %r6, %lo(__data_end__)
                            87	.dataloop:
0000005c 7c053040           88	        cmpl        cr0, %r5, %r6
00000060 e000               89	        se_bge      .dataend
00000062 c074               90	        se_lwz      %r7, 0(%r4)
00000064 2034               91	        se_addi     %r4, 4
00000066 d075               92	        se_stw      %r7, 0(%r5)
00000068 2035               93	        se_addi     %r5, 4
0000006a e800               94	        se_b        .dataloop
                            95	.dataend:
                            96	
                            97	
                            98	        
                            99	
                           100	 
0000006c 78000001          101	        e_bl        __late_init
                           102	        
                           103	
                           104	 
00000070 78000001          105	        e_bl        main
00000074 78000000          106	        e_b         _main_exit_handler
                           107	
                           108	        
                           109	
                           110	 
                           111	        .weak       _main_exit_handler
                           112	        .globl      _main_exit_handler
                           113	        .type       _main_exit_handler, @function
                           114	_main_exit_handler:
00000078 78000000          115	        e_b         _main_exit_handler

                                   Fri Apr 24 16:52:04 2020           Page 6
                                   Tue Mar 03 12:02:12 2020           crt0.s
                           116	
                           117	        
                           118	
                           119	 
                           120	        .weak       __early_init
                           121	        .globl      __early_init
                           122	        .type       __early_init, @function
                           123	__early_init:
0000007c 0004              124	        se_blr
                           125	
                           126	        
                           127	
                           128	 
                           129	        .weak       __late_init
                           130	        .globl      __late_init
                           131	        .type       __late_init, @function
                           132	__late_init:
0000007e 0004              133	        se_blr
                           134	
                           135	        
                           136	
                           137	 
                           138	        .weak       __eabi
                           139	        .globl      __eabi
                           140	        .type       __eabi, @function
                           141	__eabi:
00000080 0004              142	        se_blr
                           143	
                           169	#line 170
                           170	
                           196	#line 197
                           197	
                           223	#line 224
                           224	
                           225	
                           226	
                           227	 
