
                                   Fri Apr 24 16:52:10 2020           Page 1
                                   Fri Apr 24 16:52:12 2020    gh_00009go1.s
Command Line:   C:\ghs\comp_201754\asppc.exe -w -noundefined -elf -b1 -I.
                -I./components/spc570sxx_platform_component_rla/lib/include
                -I./components/flash_driver/lib/include
                -I./components/spc570sxx_board_initialization_component_rla/lib/include
                -I./components/spc570sxx_clock_component_rla/lib/include
                -I./components/spc570sxx_irq_component_rla/lib/include
                -I./components/spc570sxx_osal_component_rla/lib/include
                -I./components/spc570sxx_platform_component_rla/cfg
                -I./components/spc570sxx_board_initialization_component_rla/cfg
                -I./components/spc570sxx_clock_component_rla/cfg
                -I./components/spc570sxx_irq_component_rla/cfg
                -I./components/spc570sxx_osal_component_rla/cfg -I./source/
                -I./source/ASW/ -I./source/BSW/ -I./source/BSW/BSW_Geny/
                -I./source/BSW/BSW_Geny/Can/ -I./source/BSW/BSW_Geny/Common/
                -I./source/BSW/BSW_Geny/Il/
                -I./source/BSW/BSW_Geny/SipVersionCheck/
                -I./source/BSW/BSW_Geny/Tp/ -I./source/BSW/BSW_Geny/VStdLib/
                -I./source/BSW/CANbedded_Vector/ -I./source/FBL/ -I./source/Geny/
                -I./source/Geny/Cdd/ -I./source/Geny/Cfg/ -I./source/Geny/Db/
                -I./source/Geny/Prj/ -I./source/HAL/ -I./source/RTE/
                -I./source/UDS/ -I./components -IC:\ghs\comp_201754\/ansi
                -IC:\ghs\comp_201754\lib\ppc5514 -cpu=ppc5746mz0
                -patch_dbo=D:\07_Working\E100\build\obj\irq.dbo -source=irq.c -o
                build\obj\gh_00009go1.o -list=build/lst/irq.lst
                build\obj\gh_00009go1.s
Source File:    build\obj\gh_00009go1.s
Directory:      D:\07_Working\E100
Host OS:        Windows
AS: Copyright (C) 1983-2017 Green Hills Software.  All Rights Reserved.
Release: Compiler v2017.5.4
Build Directory: [Directory] COMP-VAL-WIN50:c:/autoval2/v2017.5-2017-10-03/win32-comp-ecom
Revision: [VCInfo] http://toolsvc/branches/release-branch-2017-5-comp/src@603870 (built by auto-compiler)
Revision Date: Wed Oct 04 11:30:08 2017

Release Date: Wed Oct 04 09:00:05 2017

                             1	#Driver Command: ccppc -c -cpu=ppc5746mz0 -Ospeed -Onounroll --ee -ansi
                             2	#		--no_coverage_analysis -check=nomemory -inline_prologue -std=c99
                             3	#		-G -dual_debug --gnu_asm -gnu99 --no_commons -w --ghstd=last
                             4	#		-list -tmp=build/obj -list=build/lst/irq.lst -DPPC_USE_VLE -MD
                             5	#		-I. -I./components/spc570sxx_platform_component_rla/lib/include
                             6	#		-I./components/flash_driver/lib/include
                             7	#		-I./components/spc570sxx_board_initialization_component_rla/lib/include
                             8	#		-I./components/spc570sxx_clock_component_rla/lib/include
                             9	#		-I./components/spc570sxx_irq_component_rla/lib/include
                            10	#		-I./components/spc570sxx_osal_component_rla/lib/include
                            11	#		-I./components/spc570sxx_platform_component_rla/cfg
                            12	#		-I./components/spc570sxx_board_initialization_component_rla/cfg
                            13	#		-I./components/spc570sxx_clock_component_rla/cfg
                            14	#		-I./components/spc570sxx_irq_component_rla/cfg
                            15	#		-I./components/spc570sxx_osal_component_rla/cfg -I./source/
                            16	#		-I./source/ASW/ -I./source/BSW/ -I./source/BSW/BSW_Geny/
                            17	#		-I./source/BSW/BSW_Geny/Can/ -I./source/BSW/BSW_Geny/Common/
                            18	#		-I./source/BSW/BSW_Geny/Il/
                            19	#		-I./source/BSW/BSW_Geny/SipVersionCheck/
                            20	#		-I./source/BSW/BSW_Geny/Tp/ -I./source/BSW/BSW_Geny/VStdLib/
                            21	#		-I./source/BSW/CANbedded_Vector/ -I./source/FBL/ -I./source/Geny/
                            22	#		-I./source/Geny/Cdd/ -I./source/Geny/Cfg/ -I./source/Geny/Db/
                            23	#		-I./source/Geny/Prj/ -I./source/HAL/ -I./source/RTE/
                            24	#		-I./source/UDS/ -I./components -IC:\ghs\comp_201754\/ansi
                            25	#		./components/spc570sxx_irq_component_rla/lib/src/irq.c -o
                            26	#		build/obj/irq.o
                            27	#Source File:   ./components/spc570sxx_irq_component_rla/lib/src/irq.c
                            28	#Directory:     D:\07_Working\E100

                                   Fri Apr 24 16:52:10 2020           Page 2
                                   Fri Apr 24 16:52:12 2020    gh_00009go1.s
                            29	#Compile Date:  Fri Apr 24 16:52:10 2020
                            30	#Host OS:       Win32
                            31	#Version:       C-POWERPC 2017.5.4 RELEASE VERSION
                            32	#Release:       Compiler v2017.5.4
                            33	#Revision Date: Wed Oct 04 11:39:37 2017
                            34	#Release Date:  Wed Oct 04 09:00:05 2017
                            35	# ecom  -g -w -OLM
                            36		.weak	irqSysHalt
                            37		.section ".vletext", "vax"
                            38		.vle
                            39		.vle
                            40	..bof.D.3A.5C07_Working.5CE100.5Cbuild.5Cobj.5Cirq...44.3A.5C07_Working.5CE100..5EA29AAA..0::
                            41		.align	1
                            42	..gh.f.f.1.p.0.a.1.r.0.e.0:
                            43		.type	..gh.f.f.1.p.0.a.1.r.0.e.0,@object
                            44		.size	..gh.f.f.1.p.0.a.1.r.0.e.0,0
                            45		.global	irqInit
                            46	irqInit:
00000000 0080               47		se_mflr	r0
00000002 d101               48		se_stw	r0, 4(sp)
00000004 182106f8           49		e_stwu	sp, -8(sp)
                            50	#	    .bf
                            51	.LDW01:
00000008 78000001           52		e_bl	irq_cfg_init
0000000c 719fe404           53		e_lis	r12, -1020
00000010 4800               54		se_li	r0, 0
00000012 540c0000           55		e_stw	r0, 0(r12)
00000016 540c0010           56		e_stw	r0, 16(r12)
0000001a 7000e000           57		e_lis	r0, %hiadj(_vectors)
0000001e 1c000000           58		e_add16i	r0, r0, %lo(_vectors)
00000022 540c0020           59		e_stw	r0, 32(r12)
                            60	#	    .ef
                            61	.LDW11:
00000026 c301               62		se_lwz	r0, 12(sp)
00000028 2071               63		se_addi	sp, 8
0000002a 0090               64		se_mtlr	r0
0000002c 0004               65		se_blr
                            66		.global	__ghs_eofn_irqInit
                            67	__ghs_eofn_irqInit:
                            68		.type	irqInit,@function
                            69		.size	irqInit,$-irqInit
                            70		.align	1
                            71	
                            72	#function:			irqInit
                            73	#stack frame size:		8
                            74	#link area offset:		0
                            75	#local storage area offset:	8
                            76	#
                            77	
                            78		.data
                            79		.section ".vletext", "vax"
                            80		.vle
                            81		.vle
                            82		.align	1
                            83		.align	1
                            84	..gh.f.f.1.a.1.e.1:

                                   Fri Apr 24 16:52:10 2020           Page 3
                                   Fri Apr 24 16:52:12 2020    gh_00009go1.s
                            85		.type	..gh.f.f.1.a.1.e.1,@object
                            86		.size	..gh.f.f.1.a.1.e.1,0
                            87	irqSysHalt:
                            88	#	    .bf
                            89	.LDW21:
                            90	..gh.beginasm.2:
                            91		.type	..gh.beginasm.2,@object
                            92		.size	..gh.beginasm.2,0
0000002e 7c000146           93	wrteei  0
                            94	
                            95	..gh.endasm.3:
                            96		.type	..gh.endasm.3,@object
                            97		.size	..gh.endasm.3,0
                            98	.L79:
                            99	#line102
                           100	..lin.1b87b13d..1e28be79.0_1::
                           101	.LDWlin1:
00000032 e800              102		se_b	.L79
                           103	#	    .ef
                           104	.LDW31:
                           105	..lin.1b87b13d..1e28be79.0_2::
                           106	.LDWlin2:
                           107		.weak	__ghs_eofn_irqSysHalt
                           108	__ghs_eofn_irqSysHalt:
                           109		.type	irqSysHalt,@function
                           110		.size	irqSysHalt,$-irqSysHalt
                           111		.align	1
                           112	
                           113	#function:			irqSysHalt
                           114	#stack frame size:		0
                           115	#
                           116	
                           117		.data
                           118		.section ".vletext", "vax"
                           119		.vle
                           120		.vle
                           121		.align	1
                           122	#_vectors	_vectors	import
                           123	
                           124		.data
                           125		.note ".PPC.EMB.apuinfo",""
00000000 00000008          126		.long	0x00000008
00000004 00000004          127		.long	4
00000008 00000002          128		.long	0x00000002
                           129		# "APUinfo\000"
0000000c 41505569          130		.byte	65,80,85,105
00000010 6e666f00          131		.byte	110,102,111,0
00000014 01040001          132		.long	0x01040001
                           133		.ghsnote version,20
                           134		.ghsnote tools,8195
                           135		.ghsnote options,644
                           136		.section ".vletext", "vax"
                           137		.vle
                           138		.vle
                           139		.align	1
                           140	..eof.D.3A.5C07_Working.5CE100.5Cbuild.5Cobj.5Cirq...44.3A.5C07_Working.5CE100..5EA29AAA..0::

                                   Fri Apr 24 16:52:10 2020           Page 4
                                   Fri Apr 24 16:52:12 2020    gh_00009go1.s
                           141		.section	.debug_info
                           142	.Ldw_begin:
00000000 00000168          143		.long	.Ldw_end-.Ldw_begin-4
00000004 0002              144		.byte	0,2
00000006 00000000          145		.long	.Ldw_abbr_begin
0000000a 04                146		.byte	4
                           147		.section	.debug_abbrev
                           148	.Ldw_abbr_begin:
                           149		.section	.debug_info
0000000b 01                150		.byte	1
0000000c 00000000          151		.long	..bof.D.3A.5C07_Working.5CE100.5Cbuild.5Cobj.5Cirq...44.3A.5C07_Working.5CE100..5EA29AAA..0
00000010 00000000          152		.long	..eof.D.3A.5C07_Working.5CE100.5Cbuild.5Cobj.5Cirq...44.3A.5C07_Working.5CE100..5EA29AAA..0
00000014 2e2f636f6d706f6e  153		.strz	"./components/spc570sxx_irq_component_rla/lib/src/irq.c"
0000001c 656e74732f737063
00000024 3537307378785f69
0000002c 72715f636f6d706f
00000034 6e656e745f726c61
0000003c 2f6c69622f737263
00000044 2f6972712e6300  
0000004b 443a5c30375f576f  154		.strz	"D:\\07_Working\\E100"
00000053 726b696e675c4531
0000005b 303000          
0000005e 4748532043203230  155		.strz	"GHS C 2017.5.4 [dual]"
00000066 31372e352e34205b
0000006e 6475616c5d00    
00000074 0001              156		.byte	0,1
00000076 00000000          157		.long	.Ldw_line_begin
0000007a 00000000          158		.long	.Ldw_macinfo_begin
0000007e 00                159		.byte	0
                           160	
                           161		.section	.debug_abbrev
00000000 01                162		.byte	1
00000001 11                163		.byte	17
00000002 01                164		.byte	1
00000003 1101              165		.byte	17,1
00000005 1201              166		.byte	18,1
00000007 0308              167		.byte	3,8
00000009 1b08              168		.byte	27,8
0000000b 2508              169		.byte	37,8
0000000d 1305              170		.byte	19,5
0000000f 1006              171		.byte	16,6
00000011 4306              172		.byte	67,6
00000013 420b              173		.byte	66,11
00000015 0000              174		.byte	0,0
                           175	
                           176		.section	.debug_line
                           177	.Ldw_line_begin:
00000000 00000460          178		.long	.Ldw_line_end-.Ldw_line_begin-4
00000004 0002              179		.byte	0,2
00000006 0000041a          180		.long	.Ldw_lpro_end-.Ldw_lpro_begin
                           181	.Ldw_lpro_begin:
0000000a 01                182		.byte	1
0000000b 00                183		.byte	0
0000000c 00                184		.byte	0
0000000d 04                185		.byte	4
0000000e 0a                186		.byte	10
0000000f 000101            187		.byte	0,1,1
00000012 010100            188		.byte	1,1,0
00000015 000001            189		.byte	0,0,1
00000018 00                190		.byte	0
00000019 2e2f636f6d706f6e  191		.strz	"./components/spc570sxx_irq_component_rla/lib/src/irq.c"
00000021 656e74732f737063
00000029 3537307378785f69
00000031 72715f636f6d706f
00000039 6e656e745f726c61
00000041 2f6c69622f737263
00000049 2f6972712e6300  
00000050 000000            192		.byte	0,0,0
00000053 2e2f636f6d706f6e  193		.strz	"./components/spc570sxx_irq_component_rla/lib/include/irq.h"
0000005b 656e74732f737063
00000063 3537307378785f69
0000006b 72715f636f6d706f
00000073 6e656e745f726c61
0000007b 2f6c69622f696e63
00000083 6c7564652f697271
0000008b 2e6800          
0000008e 000000            194		.byte	0,0,0
00000091 2e2f636f6d706f6e  195		.strz	"./components/spc570sxx_irq_component_rla/lib/include/vectors.h"
00000099 656e74732f737063
000000a1 3537307378785f69
000000a9 72715f636f6d706f
000000b1 6e656e745f726c61
000000b9 2f6c69622f696e63
000000c1 6c7564652f766563
000000c9 746f72732e6800  
000000d0 000000            196		.byte	0,0,0

                                   Fri Apr 24 16:52:10 2020           Page 5
                                   Fri Apr 24 16:52:12 2020    gh_00009go1.s
000000d3 2e2f636f6d706f6e  197		.strz	"./components/spc570sxx_platform_component_rla/lib/include/platform.h"
000000db 656e74732f737063
000000e3 3537307378785f70
000000eb 6c6174666f726d5f
000000f3 636f6d706f6e656e
000000fb 745f726c612f6c69
00000103 622f696e636c7564
0000010b 652f706c6174666f
00000113 726d2e6800      
00000118 000000            198		.byte	0,0,0
0000011b 2e2f636f6d706f6e  199		.strz	"./components/spc570sxx_platform_component_rla/cfg/core.h"
00000123 656e74732f737063
0000012b 3537307378785f70
00000133 6c6174666f726d5f
0000013b 636f6d706f6e656e
00000143 745f726c612f6366
0000014b 672f636f72652e68
00000153 00              
00000154 000000            200		.byte	0,0,0
00000157 2e2f636f6d706f6e  201		.strz	"./components/spc570sxx_platform_component_rla/cfg/toolchain.h"
0000015f 656e74732f737063
00000167 3537307378785f70
0000016f 6c6174666f726d5f
00000177 636f6d706f6e656e
0000017f 745f726c612f6366
00000187 672f746f6f6c6368
0000018f 61696e2e6800    
00000195 000000            202		.byte	0,0,0
00000198 2e2f636f6d706f6e  203		.strz	"./components/spc570sxx_platform_component_rla/lib/include/intc.h"
000001a0 656e74732f737063
000001a8 3537307378785f70
000001b0 6c6174666f726d5f
000001b8 636f6d706f6e656e
000001c0 745f726c612f6c69
000001c8 622f696e636c7564
000001d0 652f696e74632e68
000001d8 00              
000001d9 000000            204		.byte	0,0,0
000001dc 2e2f636f6d706f6e  205		.strz	"./components/spc570sxx_platform_component_rla/lib/include/typedefs.h"
000001e4 656e74732f737063
000001ec 3537307378785f70
000001f4 6c6174666f726d5f
000001fc 636f6d706f6e656e
00000204 745f726c612f6c69
0000020c 622f696e636c7564
00000214 652f747970656465
0000021c 66732e6800      
00000221 000000            206		.byte	0,0,0
00000224 433a5c6768735c63  207		.strz	"C:\\ghs\\comp_201754\\/ansi/stdint.h"
0000022c 6f6d705f32303137
00000234 35345c2f616e7369
0000023c 2f737464696e742e
00000244 6800            
00000246 000000            208		.byte	0,0,0
00000249 433a5c6768735c63  209		.strz	"C:\\ghs\\comp_201754\\/ansi/stddef.h"
00000251 6f6d705f32303137
00000259 35345c2f616e7369
00000261 2f7374646465662e
00000269 6800            
0000026b 000000            210		.byte	0,0,0
0000026e 433a5c6768735c63  211		.strz	"C:\\ghs\\comp_201754\\/ansi/ghs_null.h"
00000276 6f6d705f32303137
0000027e 35345c2f616e7369
00000286 2f6768735f6e756c
0000028e 6c2e6800        
00000292 000000            212		.byte	0,0,0
00000295 433a5c6768735c63  213		.strz	"C:\\ghs\\comp_201754\\/ansi/ghs_wchar.h"
0000029d 6f6d705f32303137
000002a5 35345c2f616e7369
000002ad 2f6768735f776368
000002b5 61722e6800      
000002ba 000000            214		.byte	0,0,0
000002bd 433a5c6768735c63  215		.strz	"C:\\ghs\\comp_201754\\/ansi/stdbool.h"
000002c5 6f6d705f32303137
000002cd 35345c2f616e7369
000002d5 2f737464626f6f6c
000002dd 2e6800          
000002e0 000000            216		.byte	0,0,0
000002e3 2e2f636f6d706f6e  217		.strz	"./components/spc570sxx_platform_component_rla/lib/include/spr.h"
000002eb 656e74732f737063
000002f3 3537307378785f70
000002fb 6c6174666f726d5f
00000303 636f6d706f6e656e
0000030b 745f726c612f6c69
00000313 622f696e636c7564
0000031b 652f7370722e6800
00000323 000000            218		.byte	0,0,0
00000326 433a5c6768735c63  219		.strz	"C:\\ghs\\comp_201754\\include\\ppc\\ppc_ghs.h"
0000032e 6f6d705f32303137
00000336 35345c696e636c75
0000033e 64655c7070635c70
00000346 70635f6768732e68
0000034e 00              
0000034f 000000            220		.byte	0,0,0
00000352 2e2f636f6d706f6e  221		.strz	"./components/spc570sxx_platform_component_rla/lib/include/spc570s_registry.h"
0000035a 656e74732f737063
00000362 3537307378785f70
0000036a 6c6174666f726d5f
00000372 636f6d706f6e656e
0000037a 745f726c612f6c69
00000382 622f696e636c7564
0000038a 652f737063353730
00000392 735f726567697374
0000039a 72792e6800      
0000039f 000000            222		.byte	0,0,0
000003a2 2e2f636f6d706f6e  223		.strz	"./components/spc570sxx_platform_component_rla/lib/include/xpc570s.h"
000003aa 656e74732f737063
000003b2 3537307378785f70
000003ba 6c6174666f726d5f
000003c2 636f6d706f6e656e
000003ca 745f726c612f6c69
000003d2 622f696e636c7564
000003da 652f787063353730
000003e2 732e6800        
000003e6 000000            224		.byte	0,0,0
000003e9 2e2f636f6d706f6e  225		.strz	"./components/spc570sxx_irq_component_rla/cfg/irq_cfg.h"
000003f1 656e74732f737063
000003f9 3537307378785f69
00000401 72715f636f6d706f
00000409 6e656e745f726c61
00000411 2f6366672f697271
00000419 5f6366672e6800  
00000420 000000            226		.byte	0,0,0
00000423 00                227		.byte	0
                           228	.Ldw_lpro_end:
                           229		.section	.debug_macinfo
                           230	.Ldw_macinfo_begin:
                           231		.section	.debug_frame
                           232	.LDW_63dca90:
00000000 0000008c          233		.long	.LDW_unq_2-.LDW_unq_1
                           234	.LDW_unq_1:
00000004 ffffffff          235		.byte	255,255,255,255
00000008 01                236		.byte	1
00000009 00                237		.byte	0
0000000a 01                238		.byte	1
0000000b 01                239		.byte	1
0000000c 6c                240		.byte	108
0000000d 0c                241		.byte	12
0000000e 01                242		.byte	1
0000000f 00                243		.byte	0
00000010 07                244		.byte	7
00000011 00                245		.byte	0
00000012 07                246		.byte	7
00000013 01                247		.byte	1
00000014 07                248		.byte	7
00000015 02                249		.byte	2
00000016 07                250		.byte	7
00000017 03                251		.byte	3
00000018 07                252		.byte	7

                                   Fri Apr 24 16:52:10 2020           Page 6
                                   Fri Apr 24 16:52:12 2020    gh_00009go1.s
00000019 04                253		.byte	4
0000001a 07                254		.byte	7
0000001b 05                255		.byte	5
0000001c 07                256		.byte	7
0000001d 06                257		.byte	6
0000001e 07                258		.byte	7
0000001f 07                259		.byte	7
00000020 07                260		.byte	7
00000021 08                261		.byte	8
00000022 07                262		.byte	7
00000023 09                263		.byte	9
00000024 07                264		.byte	7
00000025 0a                265		.byte	10
00000026 07                266		.byte	7
00000027 0b                267		.byte	11
00000028 07                268		.byte	7
00000029 0c                269		.byte	12
0000002a 07                270		.byte	7
0000002b 0d                271		.byte	13
0000002c 07                272		.byte	7
0000002d 0e                273		.byte	14
0000002e 07                274		.byte	7
0000002f 0f                275		.byte	15
00000030 07                276		.byte	7
00000031 10                277		.byte	16
00000032 07                278		.byte	7
00000033 11                279		.byte	17
00000034 07                280		.byte	7
00000035 12                281		.byte	18
00000036 07                282		.byte	7
00000037 13                283		.byte	19
00000038 07                284		.byte	7
00000039 14                285		.byte	20
0000003a 07                286		.byte	7
0000003b 15                287		.byte	21
0000003c 07                288		.byte	7
0000003d 16                289		.byte	22
0000003e 07                290		.byte	7
0000003f 17                291		.byte	23
00000040 07                292		.byte	7
00000041 18                293		.byte	24
00000042 07                294		.byte	7
00000043 19                295		.byte	25
00000044 07                296		.byte	7
00000045 1a                297		.byte	26
00000046 07                298		.byte	7
00000047 1b                299		.byte	27
00000048 07                300		.byte	7
00000049 1c                301		.byte	28
0000004a 07                302		.byte	7
0000004b 1d                303		.byte	29
0000004c 07                304		.byte	7
0000004d 1e                305		.byte	30
0000004e 07                306		.byte	7
0000004f 1f                307		.byte	31
00000050 07                308		.byte	7

                                   Fri Apr 24 16:52:10 2020           Page 7
                                   Fri Apr 24 16:52:12 2020    gh_00009go1.s
00000051 20                309		.byte	32
00000052 07                310		.byte	7
00000053 21                311		.byte	33
00000054 07                312		.byte	7
00000055 22                313		.byte	34
00000056 07                314		.byte	7
00000057 23                315		.byte	35
00000058 07                316		.byte	7
00000059 24                317		.byte	36
0000005a 07                318		.byte	7
0000005b 25                319		.byte	37
0000005c 07                320		.byte	7
0000005d 26                321		.byte	38
0000005e 07                322		.byte	7
0000005f 27                323		.byte	39
00000060 07                324		.byte	7
00000061 28                325		.byte	40
00000062 07                326		.byte	7
00000063 29                327		.byte	41
00000064 07                328		.byte	7
00000065 2a                329		.byte	42
00000066 07                330		.byte	7
00000067 2b                331		.byte	43
00000068 07                332		.byte	7
00000069 2c                333		.byte	44
0000006a 07                334		.byte	7
0000006b 2d                335		.byte	45
0000006c 07                336		.byte	7
0000006d 2e                337		.byte	46
0000006e 07                338		.byte	7
0000006f 2f                339		.byte	47
00000070 07                340		.byte	7
00000071 30                341		.byte	48
00000072 07                342		.byte	7
00000073 31                343		.byte	49
00000074 07                344		.byte	7
00000075 32                345		.byte	50
00000076 07                346		.byte	7
00000077 33                347		.byte	51
00000078 07                348		.byte	7
00000079 34                349		.byte	52
0000007a 07                350		.byte	7
0000007b 35                351		.byte	53
0000007c 07                352		.byte	7
0000007d 36                353		.byte	54
0000007e 07                354		.byte	7
0000007f 37                355		.byte	55
00000080 07                356		.byte	7
00000081 38                357		.byte	56
00000082 07                358		.byte	7
00000083 39                359		.byte	57
00000084 07                360		.byte	7
00000085 3a                361		.byte	58
00000086 07                362		.byte	7
00000087 3b                363		.byte	59
00000088 07                364		.byte	7

                                   Fri Apr 24 16:52:10 2020           Page 8
                                   Fri Apr 24 16:52:12 2020    gh_00009go1.s
00000089 3c                365		.byte	60
0000008a 07                366		.byte	7
0000008b 3d                367		.byte	61
0000008c 07                368		.byte	7
0000008d 3e                369		.byte	62
0000008e 07                370		.byte	7
0000008f 3f                371		.byte	63
                           372	.LDW_unq_2:
                           373		.section	.debug_info
                           374	.LDW_49acc08:
0000007f 47                375		.byte	71
00000080 01                376		.byte	1
                           377	
                           378		.section	.debug_abbrev
00000017 47                379		.byte	71
00000018 15                380		.byte	21
00000019 01                381		.byte	1
0000001a 270c              382		.byte	39,12
0000001c 0000              383		.byte	0,0
                           384	
                           385		.section	.debug_info
00000081 00                386		.byte	0
                           387	
                           388	.LDW_49ad068:
00000082 27                389		.byte	39
00000083 756e7369676e6564  390		.strz	"unsigned int"
0000008b 20696e7400      
00000090 07                391		.byte	7
00000091 04                392		.byte	4
                           393	
                           394		.section	.debug_abbrev
0000001e 27                395		.byte	39
0000001f 24                396		.byte	36
00000020 00                397		.byte	0
00000021 0308              398		.byte	3,8
00000023 3e0b              399		.byte	62,11
00000025 0b0b              400		.byte	11,11
00000027 0000              401		.byte	0,0
                           402	
                           403		.section	.debug_info
                           404	.LDW_49acdc8:
00000092 47                405		.byte	71
00000093 01                406		.byte	1
                           407	
00000094 00                408		.byte	0
                           409	
                           410	.LDW_49acc40:
00000095 47                411		.byte	71
00000096 01                412		.byte	1
                           413	
00000097 00                414		.byte	0
                           415	
                           416	.LDW_49ad030:
00000098 27                417		.byte	39
00000099 696e7400          418		.strz	"int"
0000009d 05                419		.byte	5
0000009e 04                420		.byte	4

                                   Fri Apr 24 16:52:10 2020           Page 9
                                   Fri Apr 24 16:52:12 2020    gh_00009go1.s
                           421	
                           422	.LDW_49e84a0:
0000009f 2d                423		.byte	45
000000a0 00000000          424		.long	.LDW_49ecd98
                           425	
                           426		.section	.debug_abbrev
00000029 2d                427		.byte	45
0000002a 35                428		.byte	53
0000002b 00                429		.byte	0
0000002c 4910              430		.byte	73,16
0000002e 0000              431		.byte	0,0
                           432	
                           433		.section	.debug_info
                           434	.LDW_643cbb0:
000000a4 3c                435		.byte	60
000000a5 00                436		.byte	0
000000a6 8020              437		.byte	128,32
000000a8 00000000          438		.long	.LDW_49ecd98
                           439	
                           440		.section	.debug_abbrev
00000030 3c                441		.byte	60
00000031 01                442		.byte	1
00000032 01                443		.byte	1
00000033 090b              444		.byte	9,11
00000035 0b0f              445		.byte	11,15
00000037 4910              446		.byte	73,16
00000039 0000              447		.byte	0,0
                           448	
                           449		.section	.debug_info
000000ac 34                450		.byte	52
000000ad 00000000          451		.long	.LDW_49ad030
000000b1 04                452		.byte	4
000000b2 00                453		.byte	0
000000b3 ff07              454		.byte	255,7
                           455	
                           456		.section	.debug_abbrev
0000003b 34                457		.byte	52
0000003c 21                458		.byte	33
0000003d 00                459		.byte	0
0000003e 4910              460		.byte	73,16
00000040 0b0f              461		.byte	11,15
00000042 220d              462		.byte	34,13
00000044 2f0d              463		.byte	47,13
00000046 0000              464		.byte	0,0
                           465	
                           466		.section	.debug_info
000000b5 00                467		.byte	0
                           468	
                           469	.LDW_64539f8:
000000b6 47                470		.byte	71
000000b7 01                471		.byte	1
                           472	
000000b8 00                473		.byte	0
                           474	
                           475	.LDW_49ecd98:
000000b9 2a                476		.byte	42

                                   Fri Apr 24 16:52:10 2020           Page 10
                                   Fri Apr 24 16:52:12 2020    gh_00009go1.s
000000ba 75696e7433325f74  477		.strz	"uint32_t"
000000c2 00              
000000c3 28                478		.byte	40
000000c4 18                479		.byte	24
000000c5 09                480		.byte	9
000000c6 00000000          481		.long	.LDW_49ad068
                           482	
                           483		.section	.debug_abbrev
00000048 2a                484		.byte	42
00000049 16                485		.byte	22
0000004a 00                486		.byte	0
0000004b 0308              487		.byte	3,8
0000004d 3b0f              488		.byte	59,15
0000004f 390f              489		.byte	57,15
00000051 3a0f              490		.byte	58,15
00000053 4910              491		.byte	73,16
00000055 0000              492		.byte	0,0
                           493	
                           494		.section	.debug_info
                           495	.LDW_6441280:
000000ca 07                496		.byte	7
000000cb 5f766563746f7273  497		.strz	"_vectors"
000000d3 00              
000000d4 3b                498		.byte	59
000000d5 11                499		.byte	17
000000d6 03                500		.byte	3
000000d7 00000000          501		.long	.LDW_643cbb0
000000db 01                502		.byte	1
000000dc 01                503		.byte	1
                           504	
                           505		.section	.debug_abbrev
00000057 07                506		.byte	7
00000058 34                507		.byte	52
00000059 00                508		.byte	0
0000005a 0308              509		.byte	3,8
0000005c 3b0f              510		.byte	59,15
0000005e 390f              511		.byte	57,15
00000060 3a0f              512		.byte	58,15
00000062 4910              513		.byte	73,16
00000064 3f0c              514		.byte	63,12
00000066 3c0c              515		.byte	60,12
00000068 0000              516		.byte	0,0
                           517	
                           518		.section	.debug_info
                           519	.LDW_6455430:
000000dd 17                520		.byte	23
000000de 6972715f6366675f  521		.strz	"irq_cfg_init"
000000e6 696e697400      
000000eb 4c                522		.byte	76
000000ec 08                523		.byte	8
000000ed 12                524		.byte	18
000000ee 01                525		.byte	1
000000ef 00                526		.byte	0
000000f0 01                527		.byte	1
000000f1 01                528		.byte	1
000000f2 00                529		.byte	0
000000f3 01                530		.byte	1
                           531	
                           532		.section	.debug_abbrev

                                   Fri Apr 24 16:52:10 2020           Page 11
                                   Fri Apr 24 16:52:12 2020    gh_00009go1.s
0000006a 17                533		.byte	23
0000006b 2e                534		.byte	46
0000006c 01                535		.byte	1
0000006d 0308              536		.byte	3,8
0000006f 3b0f              537		.byte	59,15
00000071 390f              538		.byte	57,15
00000073 3a0f              539		.byte	58,15
00000075 3c0c              540		.byte	60,12
00000077 200b              541		.byte	32,11
00000079 3f0c              542		.byte	63,12
0000007b 320b              543		.byte	50,11
0000007d 4c0b              544		.byte	76,11
0000007f 270c              545		.byte	39,12
00000081 0000              546		.byte	0,0
                           547	
                           548		.section	.debug_info
000000f4 00                549		.byte	0
                           550	
                           551	.LDW_49ecd00:
000000f5 17                552		.byte	23
000000f6 6972714973724469  553		.strz	"irqIsrDisable"
000000fe 7361626c6500    
00000104 4d                554		.byte	77
00000105 06                555		.byte	6
00000106 02                556		.byte	2
00000107 00                557		.byte	0
00000108 03                558		.byte	3
00000109 00                559		.byte	0
0000010a 01                560		.byte	1
0000010b 00                561		.byte	0
0000010c 01                562		.byte	1
                           563	
                           564	.LDW_49a8118:
0000010d 22                565		.byte	34
                           566	
                           567		.section	.debug_abbrev
00000083 22                568		.byte	34
00000084 0b                569		.byte	11
00000085 01                570		.byte	1
00000086 0000              571		.byte	0,0
                           572	
                           573		.section	.debug_info
0000010e 00                574		.byte	0
                           575	
0000010f 00                576		.byte	0
                           577	
                           578	.LDW_49edb20:
00000110 15                579		.byte	21
00000111 697271496e697400  580		.strz	"irqInit"
00000119 34                581		.byte	52
0000011a 06                582		.byte	6
0000011b 01                583		.byte	1
0000011c 00000000          584		.long	irqInit
00000120 00000000          585		.long	__ghs_eofn_irqInit
00000124 0151              586		.byte	1,81
00000126 00                587		.byte	0
00000127 08                588		.byte	8

                                   Fri Apr 24 16:52:10 2020           Page 12
                                   Fri Apr 24 16:52:12 2020    gh_00009go1.s
00000128 00                589		.byte	0
00000129 08                590		.byte	8
0000012a 00                591		.byte	0
0000012b 00                592		.byte	0
0000012c 00                593		.byte	0
0000012d 01                594		.byte	1
0000012e 01                595		.byte	1
0000012f 00                596		.byte	0
00000130 01                597		.byte	1
                           598	
                           599		.section	.debug_abbrev
00000088 15                600		.byte	21
00000089 2e                601		.byte	46
0000008a 01                602		.byte	1
0000008b 0308              603		.byte	3,8
0000008d 3b0f              604		.byte	59,15
0000008f 390f              605		.byte	57,15
00000091 3a0f              606		.byte	58,15
00000093 1101              607		.byte	17,1
00000095 1201              608		.byte	18,1
00000097 400a              609		.byte	64,10
00000099 8341              610		.byte	131,65
0000009b 0f                611		.byte	15
0000009c 8741              612		.byte	135,65
0000009e 0d                613		.byte	13
0000009f 8541              614		.byte	133,65
000000a1 0f                615		.byte	15
000000a2 8641              616		.byte	134,65
000000a4 0d                617		.byte	13
000000a5 9241              618		.byte	146,65
000000a7 0f                619		.byte	15
000000a8 3c0c              620		.byte	60,12
000000aa 200b              621		.byte	32,11
000000ac 3f0c              622		.byte	63,12
000000ae 320b              623		.byte	50,11
000000b0 4c0b              624		.byte	76,11
000000b2 270c              625		.byte	39,12
000000b4 0000              626		.byte	0,0
                           627	
                           628		.section	.debug_frame
                           629	.LDW_49ebfe0:
00000090 00000014          630		.long	.LDW_unq_4-.LDW_unq_3
                           631	.LDW_unq_3:
00000094 00000000          632		.long	.LDW_63dca90
00000098 00000000          633		.long	irqInit
0000009c 0000002e          634		.long	__ghs_eofn_irqInit-irqInit
000000a0 01                635		.byte	1
000000a1 00000000          636		.long	.LDW11
000000a5 00                637		.byte	0
000000a6 00                638		.byte	0
000000a7 00                639		.byte	0
                           640	.LDW_unq_4:
                           641		.section	.debug_line
00000424 000502            642		.byte	0,5,2
00000427 00000000          643		.long	irqInit
0000042b 06                644		.byte	6

                                   Fri Apr 24 16:52:10 2020           Page 13
                                   Fri Apr 24 16:52:12 2020    gh_00009go1.s
0000042c 03                645		.byte	3
0000042d 33                646		.byte	51
0000042e 02                647		.byte	2
0000042f 00                648		.byte	0
00000430 01                649		.byte	1
00000431 2c                650		.byte	44
00000432 03                651		.byte	3
00000433 09                652		.byte	9
00000434 02                653		.byte	2
00000435 04                654		.byte	4
00000436 01                655		.byte	1
00000437 35                656		.byte	53
00000438 1b                657		.byte	27
00000439 03                658		.byte	3
0000043a 15                659		.byte	21
0000043b 02                660		.byte	2
0000043c 0c                661		.byte	12
0000043d 01                662		.byte	1
0000043e 02                663		.byte	2
0000043f 08                664		.byte	8
00000440 000101            665		.byte	0,1,1
                           666		.section	.debug_info
                           667	.LDW_49a80b8:
00000131 1f                668		.byte	31
00000132 00000000          669		.long	.LDW01
00000136 00000000          670		.long	.LDW11
                           671	
                           672		.section	.debug_abbrev
000000b6 1f                673		.byte	31
000000b7 0b                674		.byte	11
000000b8 01                675		.byte	1
000000b9 1101              676		.byte	17,1
000000bb 1201              677		.byte	18,1
000000bd 0000              678		.byte	0,0
                           679	
                           680		.section	.debug_info
0000013a 00                681		.byte	0
                           682	
0000013b 00                683		.byte	0
                           684	
                           685	.LDW_49edbb8:
0000013c 15                686		.byte	21
0000013d 6972715379734861  687		.strz	"irqSysHalt"
00000145 6c7400          
00000148 63                688		.byte	99
00000149 06                689		.byte	6
0000014a 01                690		.byte	1
0000014b 00000000          691		.long	irqSysHalt
0000014f 00000000          692		.long	__ghs_eofn_irqSysHalt
00000153 0151              693		.byte	1,81
00000155 03                694		.byte	3
00000156 00                695		.byte	0
00000157 00                696		.byte	0
00000158 00                697		.byte	0
00000159 00                698		.byte	0
0000015a 00                699		.byte	0
0000015b 00                700		.byte	0

                                   Fri Apr 24 16:52:10 2020           Page 14
                                   Fri Apr 24 16:52:12 2020    gh_00009go1.s
0000015c 01                701		.byte	1
0000015d 01                702		.byte	1
0000015e 00                703		.byte	0
0000015f 01                704		.byte	1
                           705	
                           706		.section	.debug_frame
                           707	.LDW_49e8df0:
000000a8 00000014          708		.long	.LDW_unq_6-.LDW_unq_5
                           709	.LDW_unq_5:
000000ac 00000000          710		.long	.LDW_63dca90
000000b0 00000000          711		.long	irqSysHalt
000000b4 00000006          712		.long	__ghs_eofn_irqSysHalt-irqSysHalt
000000b8 01                713		.byte	1
000000b9 00000000          714		.long	.LDW31
000000bd 00                715		.byte	0
000000be 00                716		.byte	0
000000bf 00                717		.byte	0
                           718	.LDW_unq_6:
                           719		.section	.debug_line
00000443 000502            720		.byte	0,5,2
00000446 00000000          721		.long	irqSysHalt
0000044a 06                722		.byte	6
0000044b 03                723		.byte	3
0000044c e400              724		.byte	228,0
0000044e 02                725		.byte	2
0000044f 00                726		.byte	0
00000450 01                727		.byte	1
00000451 000502            728		.byte	0,5,2
00000454 00000000          729		.long	.LDWlin1
00000458 0b                730		.byte	11
00000459 000502            731		.byte	0,5,2
0000045c 00000000          732		.long	__ghs_eofn_irqSysHalt
00000460 0b                733		.byte	11
00000461 000101            734		.byte	0,1,1
                           735		.section	.debug_info
                           736	.LDW_49a7fc8:
00000160 1f                737		.byte	31
00000161 00000000          738		.long	.LDW21
00000165 00000000          739		.long	.LDW31
                           740	
00000169 00                741		.byte	0
                           742	
0000016a 00                743		.byte	0
                           744	
0000016b 00                745		.byte	0
                           746	
                           747		.section	.debug_line
                           748	.Ldw_line_end:
                           749		.section	.debug_macinfo
00000000 01                750		.byte	1
00000001 00                751		.byte	0
00000002 5f5f6768735f5f20  752		.strz	"__ghs__ 1"
0000000a 3100            
0000000c 01                753		.byte	1
0000000d 00                754		.byte	0
0000000e 5f5f535444435f5f  755		.strz	"__STDC__ 1"
00000016 203100          
00000019 01                756		.byte	1

                                   Fri Apr 24 16:52:10 2020           Page 15
                                   Fri Apr 24 16:52:12 2020    gh_00009go1.s
0000001a 00                757		.byte	0
0000001b 5f5f415454524942  758		.strz	"__ATTRIBUTES 1"
00000023 55544553203100  
0000002a 01                759		.byte	1
0000002b 00                760		.byte	0
0000002c 5f5f4544475f5f20  761		.strz	"__EDG__ 1"
00000034 3100            
00000036 01                762		.byte	1
00000037 00                763		.byte	0
00000038 5f5f536f66747761  764		.strz	"__SoftwareDouble__ 1"
00000040 7265446f75626c65
00000048 5f5f203100      
0000004d 01                765		.byte	1
0000004e 00                766		.byte	0
0000004f 5f5f707063203100  767		.strz	"__ppc 1"
00000057 01                768		.byte	1
00000058 00                769		.byte	0
00000059 5f5f6768735f6d61  770		.strz	"__ghs_max_pack_value 16"
00000061 785f7061636b5f76
00000069 616c756520313600
00000071 01                771		.byte	1
00000072 00                772		.byte	0
00000073 5f5f57434841525f  773		.strz	"__WCHAR_TYPE__ long"
0000007b 545950455f5f206c
00000083 6f6e6700        
00000087 01                774		.byte	1
00000088 00                775		.byte	0
00000089 5f5f434841525f42  776		.strz	"__CHAR_BIT 8"
00000091 4954203800      
00000096 01                777		.byte	1
00000097 00                778		.byte	0
00000098 5f5f534852545f42  779		.strz	"__SHRT_BIT 16"
000000a0 495420313600    
000000a6 01                780		.byte	1
000000a7 00                781		.byte	0
000000a8 5f5f494e545f4249  782		.strz	"__INT_BIT 32"
000000b0 5420333200      
000000b5 01                783		.byte	1
000000b6 00                784		.byte	0
000000b7 5f5f4c4f4e475f42  785		.strz	"__LONG_BIT 32"
000000bf 495420333200    
000000c5 01                786		.byte	1
000000c6 00                787		.byte	0
000000c7 5f5f57434841525f  788		.strz	"__WCHAR_BIT 32"
000000cf 42495420333200  
000000d6 01                789		.byte	1
000000d7 00                790		.byte	0
000000d8 5f5f5054525f4249  791		.strz	"__PTR_BIT 32"
000000e0 5420333200      
000000e5 01                792		.byte	1
000000e6 00                793		.byte	0
000000e7 5f5f4c4c4f4e475f  794		.strz	"__LLONG_BIT 64"
000000ef 42495420363400  
000000f6 01                795		.byte	1
000000f7 00                796		.byte	0
000000f8 5f5f5245475f4249  797		.strz	"__REG_BIT 32"
00000100 5420333200      
00000105 03                798		.byte	3
00000106 00                799		.byte	0
00000107 01                800		.byte	1
00000108 03                801		.byte	3
00000109 15                802		.byte	21
0000010a 02                803		.byte	2
0000010b 03                804		.byte	3
0000010c 18                805		.byte	24
0000010d 03                806		.byte	3
0000010e 03                807		.byte	3
0000010f 19                808		.byte	25
00000110 04                809		.byte	4
00000111 03                810		.byte	3
00000112 16                811		.byte	22
00000113 05                812		.byte	5

                                   Fri Apr 24 16:52:10 2020           Page 16
                                   Fri Apr 24 16:52:12 2020    gh_00009go1.s
00000114 01                813		.byte	1
00000115 29                814		.byte	41
00000116 4d41494e5f434f52  815		.strz	"MAIN_CORE 0"
0000011e 45203000        
00000122 04                816		.byte	4
00000123 03                817		.byte	3
00000124 17                818		.byte	23
00000125 06                819		.byte	6
00000126 04                820		.byte	4
00000127 03                821		.byte	3
00000128 18                822		.byte	24
00000129 07                823		.byte	7
0000012a 01                824		.byte	1
0000012b 20                825		.byte	32
0000012c 494e54435f424153  826		.strz	"INTC_BASE 0xFC040000U"
00000134 4520307846433034
0000013c 303030305500    
00000142 01                827		.byte	1
00000143 53                828		.byte	83
00000144 494e54435f424352  829		.strz	"INTC_BCR (*((volatile uint32_t *)(INTC_BASE + 0U)))"
0000014c 20282a2828766f6c
00000154 6174696c65207569
0000015c 6e7433325f74202a
00000164 2928494e54435f42
0000016c 415345202b203055
00000174 29292900        
00000178 01                830		.byte	1
00000179 54                831		.byte	84
0000017a 494e54435f435052  832		.strz	"INTC_CPR(n) (*((volatile uint32_t *)(INTC_BASE + 0x10U + ((uint8_t)(n) * sizeof (uint32_t)))))"
00000182 286e2920282a2828
0000018a 766f6c6174696c65
00000192 2075696e7433325f
0000019a 74202a2928494e54
000001a2 435f42415345202b
000001aa 203078313055202b
000001b2 20282875696e7438
000001ba 5f7429286e29202a
000001c2 2073697a656f6620
000001ca 2875696e7433325f
000001d2 74292929292900  
000001d9 01                833		.byte	1
000001da 55                834		.byte	85
000001db 494e54435f494143  835		.strz	"INTC_IACKR(n) (*((volatile uint32_t *)(INTC_BASE + 0x20U + ((uint8_t)(n) * sizeof (uint32_t)))))"
000001e3 4b52286e2920282a
000001eb 2828766f6c617469
000001f3 6c652075696e7433
000001fb 325f74202a292849
00000203 4e54435f42415345
0000020b 202b203078323055
00000213 202b20282875696e
0000021b 74385f7429286e29
00000223 202a2073697a656f
0000022b 66202875696e7433
00000233 325f742929292929
0000023b 00              
0000023c 04                836		.byte	4
0000023d 03                837		.byte	3
0000023e 1a                838		.byte	26
0000023f 08                839		.byte	8
00000240 03                840		.byte	3
00000241 15                841		.byte	21
00000242 09                842		.byte	9
00000243 01                843		.byte	1
00000244 9901              844		.byte	153,1
00000246 5f5f5f4641535433  845		.strz	"___FAST32 int"
0000024e 3220696e7400    
00000254 01                846		.byte	1
00000255 9a01              847		.byte	154,1
00000257 5f5f5f4641535433  848		.strz	"___FAST32_BIT __REG_BIT"
0000025f 325f424954205f5f
00000267 5245475f42495400
0000026f 01                849		.byte	1
00000270 8502              850		.byte	133,2
00000272 5f5f5f494c343842  851		.strz	"___IL48BIT __LLONG_BIT"
0000027a 4954205f5f4c4c4f
00000282 4e475f42495400  
00000289 01                852		.byte	1
0000028a a502              853		.byte	165,2
0000028c 5f5f5f494c363442  854		.strz	"___IL64BIT __LLONG_BIT"
00000294 4954205f5f4c4c4f
0000029c 4e475f42495400  
000002a3 01                855		.byte	1
000002a4 9003              856		.byte	144,3
000002a6 5f5f5f494d424954  857		.strz	"___IMBIT __LLONG_BIT"
000002ae 205f5f4c4c4f4e47
000002b6 5f42495400      
000002bb 04                858		.byte	4
000002bc 03                859		.byte	3
000002bd 16                860		.byte	22
000002be 0a                861		.byte	10
000002bf 01                862		.byte	1
000002c0 11                863		.byte	17
000002c1 5f5354444445465f  864		.strz	"_STDDEF_H "
000002c9 482000          
000002cc 03                865		.byte	3
000002cd 13                866		.byte	19
000002ce 0b                867		.byte	11
000002cf 04                868		.byte	4

                                   Fri Apr 24 16:52:10 2020           Page 17
                                   Fri Apr 24 16:52:12 2020    gh_00009go1.s
000002d0 03                869		.byte	3
000002d1 14                870		.byte	20
000002d2 0c                871		.byte	12
000002d3 04                872		.byte	4
000002d4 04                873		.byte	4
000002d5 03                874		.byte	3
000002d6 17                875		.byte	23
000002d7 0d                876		.byte	13
000002d8 04                877		.byte	4
000002d9 04                878		.byte	4
000002da 03                879		.byte	3
000002db 1b                880		.byte	27
000002dc 0e                881		.byte	14
000002dd 03                882		.byte	3
000002de 16                883		.byte	22
000002df 0f                884		.byte	15
000002e0 01                885		.byte	1
000002e1 11                886		.byte	17
000002e2 5f5f52454756414c  887		.strz	"__REGVAL unsigned int"
000002ea 20756e7369676e65
000002f2 6420696e7400    
000002f8 01                888		.byte	1
000002f9 15                889		.byte	21
000002fa 5f5f415454524942  890		.strz	"__ATTRIBUTE(x) __attribute__(x)"
00000302 555445287829205f
0000030a 5f61747472696275
00000312 74655f5f28782900
0000031a 04                891		.byte	4
0000031b 04                892		.byte	4
0000031c 03                893		.byte	3
0000031d 1c                894		.byte	28
0000031e 10                895		.byte	16
0000031f 04                896		.byte	4
00000320 03                897		.byte	3
00000321 1d                898		.byte	29
00000322 11                899		.byte	17
00000323 04                900		.byte	4
00000324 04                901		.byte	4
00000325 01                902		.byte	1
00000326 22                903		.byte	34
00000327 564543544f52535f  904		.strz	"VECTORS_NUMBER 1024"
0000032f 4e554d4245522031
00000337 30323400        
0000033b 04                905		.byte	4
0000033c 03                906		.byte	3
0000033d 19                907		.byte	25
0000033e 12                908		.byte	18
0000033f 04                909		.byte	4
00000340 04                910		.byte	4
00000341 04                911		.byte	4
00000342 00                912		.byte	0
                           913		.section	.debug_abbrev
000000bf 00                914		.byte	0
                           915		.section	.debug_info
                           916	.Ldw_end:
