
                                   Fri Apr 24 16:52:16 2020           Page 1
                                   Fri Apr 24 16:52:18 2020    gh_00007441.s
Command Line:   C:\ghs\comp_201754\asppc.exe -w -noundefined -elf -b1 -I.
                -I./components/spc570sxx_platform_component_rla/lib/include
                -I./components/flash_driver/lib/include
                -I./components/spc570sxx_board_initialization_component_rla/lib/include
                -I./components/spc570sxx_clock_component_rla/lib/include
                -I./components/spc570sxx_irq_component_rla/lib/include
                -I./components/spc570sxx_osal_component_rla/lib/include
                -I./components/spc570sxx_platform_component_rla/cfg
                -I./components/spc570sxx_board_initialization_component_rla/cfg
                -I./components/spc570sxx_clock_component_rla/cfg
                -I./components/spc570sxx_irq_component_rla/cfg
                -I./components/spc570sxx_osal_component_rla/cfg -I./source/
                -I./source/ASW/ -I./source/BSW/ -I./source/BSW/BSW_Geny/
                -I./source/BSW/BSW_Geny/Can/ -I./source/BSW/BSW_Geny/Common/
                -I./source/BSW/BSW_Geny/Il/
                -I./source/BSW/BSW_Geny/SipVersionCheck/
                -I./source/BSW/BSW_Geny/Tp/ -I./source/BSW/BSW_Geny/VStdLib/
                -I./source/BSW/CANbedded_Vector/ -I./source/FBL/ -I./source/Geny/
                -I./source/Geny/Cdd/ -I./source/Geny/Cfg/ -I./source/Geny/Db/
                -I./source/Geny/Prj/ -I./source/HAL/ -I./source/RTE/
                -I./source/UDS/ -I./components -IC:\ghs\comp_201754\/ansi
                -IC:\ghs\comp_201754\lib\ppc5514 -cpu=ppc5746mz0
                -patch_dbo=D:\07_Working\E100\build\obj\irq_cfg.dbo
                -source=irq_cfg.c -o build\obj\gh_00007441.o
                -list=build/lst/irq_cfg.lst build\obj\gh_00007441.s
Source File:    build\obj\gh_00007441.s
Directory:      D:\07_Working\E100
Host OS:        Windows
AS: Copyright (C) 1983-2017 Green Hills Software.  All Rights Reserved.
Release: Compiler v2017.5.4
Build Directory: [Directory] COMP-VAL-WIN50:c:/autoval2/v2017.5-2017-10-03/win32-comp-ecom
Revision: [VCInfo] http://toolsvc/branches/release-branch-2017-5-comp/src@603870 (built by auto-compiler)
Revision Date: Wed Oct 04 11:30:08 2017

Release Date: Wed Oct 04 09:00:05 2017

                             1	#Driver Command: ccppc -c -cpu=ppc5746mz0 -Ospeed -Onounroll --ee -ansi
                             2	#		--no_coverage_analysis -check=nomemory -inline_prologue -std=c99
                             3	#		-G -dual_debug --gnu_asm -gnu99 --no_commons -w --ghstd=last
                             4	#		-list -tmp=build/obj -list=build/lst/irq_cfg.lst -DPPC_USE_VLE
                             5	#		-MD -I.
                             6	#		-I./components/spc570sxx_platform_component_rla/lib/include
                             7	#		-I./components/flash_driver/lib/include
                             8	#		-I./components/spc570sxx_board_initialization_component_rla/lib/include
                             9	#		-I./components/spc570sxx_clock_component_rla/lib/include
                            10	#		-I./components/spc570sxx_irq_component_rla/lib/include
                            11	#		-I./components/spc570sxx_osal_component_rla/lib/include
                            12	#		-I./components/spc570sxx_platform_component_rla/cfg
                            13	#		-I./components/spc570sxx_board_initialization_component_rla/cfg
                            14	#		-I./components/spc570sxx_clock_component_rla/cfg
                            15	#		-I./components/spc570sxx_irq_component_rla/cfg
                            16	#		-I./components/spc570sxx_osal_component_rla/cfg -I./source/
                            17	#		-I./source/ASW/ -I./source/BSW/ -I./source/BSW/BSW_Geny/
                            18	#		-I./source/BSW/BSW_Geny/Can/ -I./source/BSW/BSW_Geny/Common/
                            19	#		-I./source/BSW/BSW_Geny/Il/
                            20	#		-I./source/BSW/BSW_Geny/SipVersionCheck/
                            21	#		-I./source/BSW/BSW_Geny/Tp/ -I./source/BSW/BSW_Geny/VStdLib/
                            22	#		-I./source/BSW/CANbedded_Vector/ -I./source/FBL/ -I./source/Geny/
                            23	#		-I./source/Geny/Cdd/ -I./source/Geny/Cfg/ -I./source/Geny/Db/
                            24	#		-I./source/Geny/Prj/ -I./source/HAL/ -I./source/RTE/
                            25	#		-I./source/UDS/ -I./components -IC:\ghs\comp_201754\/ansi
                            26	#		./components/spc570sxx_irq_component_rla/cfg/irq_cfg.c -o
                            27	#		build/obj/irq_cfg.o
                            28	#Source File:   ./components/spc570sxx_irq_component_rla/cfg/irq_cfg.c

                                   Fri Apr 24 16:52:16 2020           Page 2
                                   Fri Apr 24 16:52:18 2020    gh_00007441.s
                            29	#Directory:     D:\07_Working\E100
                            30	#Compile Date:  Fri Apr 24 16:52:16 2020
                            31	#Host OS:       Win32
                            32	#Version:       C-POWERPC 2017.5.4 RELEASE VERSION
                            33	#Release:       Compiler v2017.5.4
                            34	#Revision Date: Wed Oct 04 11:39:37 2017
                            35	#Release Date:  Wed Oct 04 09:00:05 2017
                            36	# ecom  -g -w -OLM
                            37		.section ".vletext", "vax"
                            38		.vle
                            39		.vle
                            40	..bof.D.3A.5C07_Working.5CE100.5Cbuild.5Cobj.5Cirq_cfg...44.3A.5C07_Working.5CE100..5EA29AB0..0::
                            41		.align	1
                            42	..gh.f.f.1.p.0.a.1.r.0.e.0:
                            43		.type	..gh.f.f.1.p.0.a.1.r.0.e.0,@object
                            44		.size	..gh.f.f.1.p.0.a.1.r.0.e.0,0
                            45		.global	irq_cfg_init
                            46	irq_cfg_init:
                            47	#	    .bf
                            48	.LDW01:
                            49	#	    .ef
                            50	.LDW11:
00000000 0004               51		se_blr
                            52		.global	__ghs_eofn_irq_cfg_init
                            53	__ghs_eofn_irq_cfg_init:
                            54		.type	irq_cfg_init,@function
                            55		.size	irq_cfg_init,$-irq_cfg_init
                            56		.align	1
                            57	
                            58	#function:			irq_cfg_init
                            59	#stack frame size:		0
                            60	#
                            61	
                            62		.data
                            63		.section ".vletext", "vax"
                            64		.vle
                            65		.vle
                            66		.align	1
                            67	
                            68		.data
                            69		.note ".PPC.EMB.apuinfo",""
00000000 00000008           70		.long	0x00000008
00000004 00000004           71		.long	4
00000008 00000002           72		.long	0x00000002
                            73		# "APUinfo\000"
0000000c 41505569           74		.byte	65,80,85,105
00000010 6e666f00           75		.byte	110,102,111,0
00000014 01040001           76		.long	0x01040001
                            77		.ghsnote version,20
                            78		.ghsnote tools,3
                            79		.ghsnote options,644
                            80		.section ".vletext", "vax"
                            81		.vle
                            82		.vle
                            83		.align	1
                            84	..eof.D.3A.5C07_Working.5CE100.5Cbuild.5Cobj.5Cirq_cfg...44.3A.5C07_Working.5CE100..5EA29AB0..0::

                                   Fri Apr 24 16:52:16 2020           Page 3
                                   Fri Apr 24 16:52:18 2020    gh_00007441.s
                            85		.section	.debug_info
                            86	.Ldw_begin:
00000000 000000b0           87		.long	.Ldw_end-.Ldw_begin-4
00000004 0002               88		.byte	0,2
00000006 00000000           89		.long	.Ldw_abbr_begin
0000000a 04                 90		.byte	4
                            91		.section	.debug_abbrev
                            92	.Ldw_abbr_begin:
                            93		.section	.debug_info
0000000b 01                 94		.byte	1
0000000c 00000000           95		.long	..bof.D.3A.5C07_Working.5CE100.5Cbuild.5Cobj.5Cirq_cfg...44.3A.5C07_Working.5CE100..5EA29AB0..0
00000010 00000000           96		.long	..eof.D.3A.5C07_Working.5CE100.5Cbuild.5Cobj.5Cirq_cfg...44.3A.5C07_Working.5CE100..5EA29AB0..0
00000014 2e2f636f6d706f6e   97		.strz	"./components/spc570sxx_irq_component_rla/cfg/irq_cfg.c"
0000001c 656e74732f737063
00000024 3537307378785f69
0000002c 72715f636f6d706f
00000034 6e656e745f726c61
0000003c 2f6366672f697271
00000044 5f6366672e6300  
0000004b 443a5c30375f576f   98		.strz	"D:\\07_Working\\E100"
00000053 726b696e675c4531
0000005b 303000          
0000005e 4748532043203230   99		.strz	"GHS C 2017.5.4 [dual]"
00000066 31372e352e34205b
0000006e 6475616c5d00    
00000074 0001              100		.byte	0,1
00000076 00000000          101		.long	.Ldw_line_begin
0000007a 00000000          102		.long	.Ldw_macinfo_begin
0000007e 00                103		.byte	0
                           104	
                           105		.section	.debug_abbrev
00000000 01                106		.byte	1
00000001 11                107		.byte	17
00000002 01                108		.byte	1
00000003 1101              109		.byte	17,1
00000005 1201              110		.byte	18,1
00000007 0308              111		.byte	3,8
00000009 1b08              112		.byte	27,8
0000000b 2508              113		.byte	37,8
0000000d 1305              114		.byte	19,5
0000000f 1006              115		.byte	16,6
00000011 4306              116		.byte	67,6
00000013 420b              117		.byte	66,11
00000015 0000              118		.byte	0,0
                           119	
                           120		.section	.debug_line
                           121	.Ldw_line_begin:
00000000 00000432          122		.long	.Ldw_line_end-.Ldw_line_begin-4
00000004 0002              123		.byte	0,2
00000006 0000041a          124		.long	.Ldw_lpro_end-.Ldw_lpro_begin
                           125	.Ldw_lpro_begin:
0000000a 01                126		.byte	1
0000000b 00                127		.byte	0
0000000c 00                128		.byte	0
0000000d 04                129		.byte	4
0000000e 0a                130		.byte	10
0000000f 000101            131		.byte	0,1,1
00000012 010100            132		.byte	1,1,0
00000015 000001            133		.byte	0,0,1
00000018 00                134		.byte	0
00000019 2e2f636f6d706f6e  135		.strz	"./components/spc570sxx_irq_component_rla/cfg/irq_cfg.c"
00000021 656e74732f737063
00000029 3537307378785f69
00000031 72715f636f6d706f
00000039 6e656e745f726c61
00000041 2f6366672f697271
00000049 5f6366672e6300  
00000050 000000            136		.byte	0,0,0
00000053 2e2f636f6d706f6e  137		.strz	"./components/spc570sxx_irq_component_rla/lib/include/irq.h"
0000005b 656e74732f737063
00000063 3537307378785f69
0000006b 72715f636f6d706f
00000073 6e656e745f726c61
0000007b 2f6c69622f696e63
00000083 6c7564652f697271
0000008b 2e6800          
0000008e 000000            138		.byte	0,0,0
00000091 2e2f636f6d706f6e  139		.strz	"./components/spc570sxx_irq_component_rla/lib/include/vectors.h"
00000099 656e74732f737063
000000a1 3537307378785f69
000000a9 72715f636f6d706f
000000b1 6e656e745f726c61
000000b9 2f6c69622f696e63
000000c1 6c7564652f766563
000000c9 746f72732e6800  
000000d0 000000            140		.byte	0,0,0

                                   Fri Apr 24 16:52:16 2020           Page 4
                                   Fri Apr 24 16:52:18 2020    gh_00007441.s
000000d3 2e2f636f6d706f6e  141		.strz	"./components/spc570sxx_platform_component_rla/lib/include/platform.h"
000000db 656e74732f737063
000000e3 3537307378785f70
000000eb 6c6174666f726d5f
000000f3 636f6d706f6e656e
000000fb 745f726c612f6c69
00000103 622f696e636c7564
0000010b 652f706c6174666f
00000113 726d2e6800      
00000118 000000            142		.byte	0,0,0
0000011b 2e2f636f6d706f6e  143		.strz	"./components/spc570sxx_platform_component_rla/cfg/core.h"
00000123 656e74732f737063
0000012b 3537307378785f70
00000133 6c6174666f726d5f
0000013b 636f6d706f6e656e
00000143 745f726c612f6366
0000014b 672f636f72652e68
00000153 00              
00000154 000000            144		.byte	0,0,0
00000157 2e2f636f6d706f6e  145		.strz	"./components/spc570sxx_platform_component_rla/cfg/toolchain.h"
0000015f 656e74732f737063
00000167 3537307378785f70
0000016f 6c6174666f726d5f
00000177 636f6d706f6e656e
0000017f 745f726c612f6366
00000187 672f746f6f6c6368
0000018f 61696e2e6800    
00000195 000000            146		.byte	0,0,0
00000198 2e2f636f6d706f6e  147		.strz	"./components/spc570sxx_platform_component_rla/lib/include/intc.h"
000001a0 656e74732f737063
000001a8 3537307378785f70
000001b0 6c6174666f726d5f
000001b8 636f6d706f6e656e
000001c0 745f726c612f6c69
000001c8 622f696e636c7564
000001d0 652f696e74632e68
000001d8 00              
000001d9 000000            148		.byte	0,0,0
000001dc 2e2f636f6d706f6e  149		.strz	"./components/spc570sxx_platform_component_rla/lib/include/typedefs.h"
000001e4 656e74732f737063
000001ec 3537307378785f70
000001f4 6c6174666f726d5f
000001fc 636f6d706f6e656e
00000204 745f726c612f6c69
0000020c 622f696e636c7564
00000214 652f747970656465
0000021c 66732e6800      
00000221 000000            150		.byte	0,0,0
00000224 433a5c6768735c63  151		.strz	"C:\\ghs\\comp_201754\\/ansi/stdint.h"
0000022c 6f6d705f32303137
00000234 35345c2f616e7369
0000023c 2f737464696e742e
00000244 6800            
00000246 000000            152		.byte	0,0,0
00000249 433a5c6768735c63  153		.strz	"C:\\ghs\\comp_201754\\/ansi/stddef.h"
00000251 6f6d705f32303137
00000259 35345c2f616e7369
00000261 2f7374646465662e
00000269 6800            
0000026b 000000            154		.byte	0,0,0
0000026e 433a5c6768735c63  155		.strz	"C:\\ghs\\comp_201754\\/ansi/ghs_null.h"
00000276 6f6d705f32303137
0000027e 35345c2f616e7369
00000286 2f6768735f6e756c
0000028e 6c2e6800        
00000292 000000            156		.byte	0,0,0
00000295 433a5c6768735c63  157		.strz	"C:\\ghs\\comp_201754\\/ansi/ghs_wchar.h"
0000029d 6f6d705f32303137
000002a5 35345c2f616e7369
000002ad 2f6768735f776368
000002b5 61722e6800      
000002ba 000000            158		.byte	0,0,0
000002bd 433a5c6768735c63  159		.strz	"C:\\ghs\\comp_201754\\/ansi/stdbool.h"
000002c5 6f6d705f32303137
000002cd 35345c2f616e7369
000002d5 2f737464626f6f6c
000002dd 2e6800          
000002e0 000000            160		.byte	0,0,0
000002e3 2e2f636f6d706f6e  161		.strz	"./components/spc570sxx_platform_component_rla/lib/include/spr.h"
000002eb 656e74732f737063
000002f3 3537307378785f70
000002fb 6c6174666f726d5f
00000303 636f6d706f6e656e
0000030b 745f726c612f6c69
00000313 622f696e636c7564
0000031b 652f7370722e6800
00000323 000000            162		.byte	0,0,0
00000326 433a5c6768735c63  163		.strz	"C:\\ghs\\comp_201754\\include\\ppc\\ppc_ghs.h"
0000032e 6f6d705f32303137
00000336 35345c696e636c75
0000033e 64655c7070635c70
00000346 70635f6768732e68
0000034e 00              
0000034f 000000            164		.byte	0,0,0
00000352 2e2f636f6d706f6e  165		.strz	"./components/spc570sxx_platform_component_rla/lib/include/spc570s_registry.h"
0000035a 656e74732f737063
00000362 3537307378785f70
0000036a 6c6174666f726d5f
00000372 636f6d706f6e656e
0000037a 745f726c612f6c69
00000382 622f696e636c7564
0000038a 652f737063353730
00000392 735f726567697374
0000039a 72792e6800      
0000039f 000000            166		.byte	0,0,0
000003a2 2e2f636f6d706f6e  167		.strz	"./components/spc570sxx_platform_component_rla/lib/include/xpc570s.h"
000003aa 656e74732f737063
000003b2 3537307378785f70
000003ba 6c6174666f726d5f
000003c2 636f6d706f6e656e
000003ca 745f726c612f6c69
000003d2 622f696e636c7564
000003da 652f787063353730
000003e2 732e6800        
000003e6 000000            168		.byte	0,0,0
000003e9 2e2f636f6d706f6e  169		.strz	"./components/spc570sxx_irq_component_rla/cfg/irq_cfg.h"
000003f1 656e74732f737063
000003f9 3537307378785f69
00000401 72715f636f6d706f
00000409 6e656e745f726c61
00000411 2f6366672f697271
00000419 5f6366672e6800  
00000420 000000            170		.byte	0,0,0
00000423 00                171		.byte	0
                           172	.Ldw_lpro_end:
                           173		.section	.debug_macinfo
                           174	.Ldw_macinfo_begin:
                           175		.section	.debug_frame
                           176	.LDW_63614b0:
00000000 0000008c          177		.long	.LDW_unq_2-.LDW_unq_1
                           178	.LDW_unq_1:
00000004 ffffffff          179		.byte	255,255,255,255
00000008 01                180		.byte	1
00000009 00                181		.byte	0
0000000a 01                182		.byte	1
0000000b 01                183		.byte	1
0000000c 6c                184		.byte	108
0000000d 0c                185		.byte	12
0000000e 01                186		.byte	1
0000000f 00                187		.byte	0
00000010 07                188		.byte	7
00000011 00                189		.byte	0
00000012 07                190		.byte	7
00000013 01                191		.byte	1
00000014 07                192		.byte	7
00000015 02                193		.byte	2
00000016 07                194		.byte	7
00000017 03                195		.byte	3
00000018 07                196		.byte	7

                                   Fri Apr 24 16:52:16 2020           Page 5
                                   Fri Apr 24 16:52:18 2020    gh_00007441.s
00000019 04                197		.byte	4
0000001a 07                198		.byte	7
0000001b 05                199		.byte	5
0000001c 07                200		.byte	7
0000001d 06                201		.byte	6
0000001e 07                202		.byte	7
0000001f 07                203		.byte	7
00000020 07                204		.byte	7
00000021 08                205		.byte	8
00000022 07                206		.byte	7
00000023 09                207		.byte	9
00000024 07                208		.byte	7
00000025 0a                209		.byte	10
00000026 07                210		.byte	7
00000027 0b                211		.byte	11
00000028 07                212		.byte	7
00000029 0c                213		.byte	12
0000002a 07                214		.byte	7
0000002b 0d                215		.byte	13
0000002c 07                216		.byte	7
0000002d 0e                217		.byte	14
0000002e 07                218		.byte	7
0000002f 0f                219		.byte	15
00000030 07                220		.byte	7
00000031 10                221		.byte	16
00000032 07                222		.byte	7
00000033 11                223		.byte	17
00000034 07                224		.byte	7
00000035 12                225		.byte	18
00000036 07                226		.byte	7
00000037 13                227		.byte	19
00000038 07                228		.byte	7
00000039 14                229		.byte	20
0000003a 07                230		.byte	7
0000003b 15                231		.byte	21
0000003c 07                232		.byte	7
0000003d 16                233		.byte	22
0000003e 07                234		.byte	7
0000003f 17                235		.byte	23
00000040 07                236		.byte	7
00000041 18                237		.byte	24
00000042 07                238		.byte	7
00000043 19                239		.byte	25
00000044 07                240		.byte	7
00000045 1a                241		.byte	26
00000046 07                242		.byte	7
00000047 1b                243		.byte	27
00000048 07                244		.byte	7
00000049 1c                245		.byte	28
0000004a 07                246		.byte	7
0000004b 1d                247		.byte	29
0000004c 07                248		.byte	7
0000004d 1e                249		.byte	30
0000004e 07                250		.byte	7
0000004f 1f                251		.byte	31
00000050 07                252		.byte	7

                                   Fri Apr 24 16:52:16 2020           Page 6
                                   Fri Apr 24 16:52:18 2020    gh_00007441.s
00000051 20                253		.byte	32
00000052 07                254		.byte	7
00000053 21                255		.byte	33
00000054 07                256		.byte	7
00000055 22                257		.byte	34
00000056 07                258		.byte	7
00000057 23                259		.byte	35
00000058 07                260		.byte	7
00000059 24                261		.byte	36
0000005a 07                262		.byte	7
0000005b 25                263		.byte	37
0000005c 07                264		.byte	7
0000005d 26                265		.byte	38
0000005e 07                266		.byte	7
0000005f 27                267		.byte	39
00000060 07                268		.byte	7
00000061 28                269		.byte	40
00000062 07                270		.byte	7
00000063 29                271		.byte	41
00000064 07                272		.byte	7
00000065 2a                273		.byte	42
00000066 07                274		.byte	7
00000067 2b                275		.byte	43
00000068 07                276		.byte	7
00000069 2c                277		.byte	44
0000006a 07                278		.byte	7
0000006b 2d                279		.byte	45
0000006c 07                280		.byte	7
0000006d 2e                281		.byte	46
0000006e 07                282		.byte	7
0000006f 2f                283		.byte	47
00000070 07                284		.byte	7
00000071 30                285		.byte	48
00000072 07                286		.byte	7
00000073 31                287		.byte	49
00000074 07                288		.byte	7
00000075 32                289		.byte	50
00000076 07                290		.byte	7
00000077 33                291		.byte	51
00000078 07                292		.byte	7
00000079 34                293		.byte	52
0000007a 07                294		.byte	7
0000007b 35                295		.byte	53
0000007c 07                296		.byte	7
0000007d 36                297		.byte	54
0000007e 07                298		.byte	7
0000007f 37                299		.byte	55
00000080 07                300		.byte	7
00000081 38                301		.byte	56
00000082 07                302		.byte	7
00000083 39                303		.byte	57
00000084 07                304		.byte	7
00000085 3a                305		.byte	58
00000086 07                306		.byte	7
00000087 3b                307		.byte	59
00000088 07                308		.byte	7

                                   Fri Apr 24 16:52:16 2020           Page 7
                                   Fri Apr 24 16:52:18 2020    gh_00007441.s
00000089 3c                309		.byte	60
0000008a 07                310		.byte	7
0000008b 3d                311		.byte	61
0000008c 07                312		.byte	7
0000008d 3e                313		.byte	62
0000008e 07                314		.byte	7
0000008f 3f                315		.byte	63
                           316	.LDW_unq_2:
                           317		.section	.debug_info
                           318	.LDW_4a3cc38:
0000007f 47                319		.byte	71
00000080 01                320		.byte	1
                           321	
                           322		.section	.debug_abbrev
00000017 47                323		.byte	71
00000018 15                324		.byte	21
00000019 01                325		.byte	1
0000001a 270c              326		.byte	39,12
0000001c 0000              327		.byte	0,0
                           328	
                           329		.section	.debug_info
00000081 00                330		.byte	0
                           331	
                           332	.LDW_4a7c338:
00000082 15                333		.byte	21
00000083 6972715f6366675f  334		.strz	"irq_cfg_init"
0000008b 696e697400      
00000090 39                335		.byte	57
00000091 06                336		.byte	6
00000092 01                337		.byte	1
00000093 00000000          338		.long	irq_cfg_init
00000097 00000000          339		.long	__ghs_eofn_irq_cfg_init
0000009b 0151              340		.byte	1,81
0000009d 03                341		.byte	3
0000009e 00                342		.byte	0
0000009f 00                343		.byte	0
000000a0 00                344		.byte	0
000000a1 00                345		.byte	0
000000a2 00                346		.byte	0
000000a3 00                347		.byte	0
000000a4 01                348		.byte	1
000000a5 01                349		.byte	1
000000a6 00                350		.byte	0
000000a7 01                351		.byte	1
                           352	
                           353		.section	.debug_abbrev
0000001e 15                354		.byte	21
0000001f 2e                355		.byte	46
00000020 01                356		.byte	1
00000021 0308              357		.byte	3,8
00000023 3b0f              358		.byte	59,15
00000025 390f              359		.byte	57,15
00000027 3a0f              360		.byte	58,15
00000029 1101              361		.byte	17,1
0000002b 1201              362		.byte	18,1
0000002d 400a              363		.byte	64,10
0000002f 8341              364		.byte	131,65

                                   Fri Apr 24 16:52:16 2020           Page 8
                                   Fri Apr 24 16:52:18 2020    gh_00007441.s
00000031 0f                365		.byte	15
00000032 8741              366		.byte	135,65
00000034 0d                367		.byte	13
00000035 8541              368		.byte	133,65
00000037 0f                369		.byte	15
00000038 8641              370		.byte	134,65
0000003a 0d                371		.byte	13
0000003b 9241              372		.byte	146,65
0000003d 0f                373		.byte	15
0000003e 3c0c              374		.byte	60,12
00000040 200b              375		.byte	32,11
00000042 3f0c              376		.byte	63,12
00000044 320b              377		.byte	50,11
00000046 4c0b              378		.byte	76,11
00000048 270c              379		.byte	39,12
0000004a 0000              380		.byte	0,0
                           381	
                           382		.section	.debug_frame
                           383	.LDW_4a7c028:
00000090 00000014          384		.long	.LDW_unq_4-.LDW_unq_3
                           385	.LDW_unq_3:
00000094 00000000          386		.long	.LDW_63614b0
00000098 00000000          387		.long	irq_cfg_init
0000009c 00000002          388		.long	__ghs_eofn_irq_cfg_init-irq_cfg_init
000000a0 01                389		.byte	1
000000a1 00000000          390		.long	.LDW11
000000a5 00                391		.byte	0
000000a6 00                392		.byte	0
000000a7 00                393		.byte	0
                           394	.LDW_unq_4:
                           395		.section	.debug_line
00000424 000502            396		.byte	0,5,2
00000427 00000000          397		.long	irq_cfg_init
0000042b 06                398		.byte	6
0000042c 03                399		.byte	3
0000042d 3a                400		.byte	58
0000042e 02                401		.byte	2
0000042f 00                402		.byte	0
00000430 01                403		.byte	1
00000431 02                404		.byte	2
00000432 02                405		.byte	2
00000433 000101            406		.byte	0,1,1
                           407		.section	.debug_info
                           408	.LDW_4a380b8:
000000a8 1f                409		.byte	31
000000a9 00000000          410		.long	.LDW01
000000ad 00000000          411		.long	.LDW11
                           412	
                           413		.section	.debug_abbrev
0000004c 1f                414		.byte	31
0000004d 0b                415		.byte	11
0000004e 01                416		.byte	1
0000004f 1101              417		.byte	17,1
00000051 1201              418		.byte	18,1
00000053 0000              419		.byte	0,0
                           420	

                                   Fri Apr 24 16:52:16 2020           Page 9
                                   Fri Apr 24 16:52:18 2020    gh_00007441.s
                           421		.section	.debug_info
000000b1 00                422		.byte	0
                           423	
000000b2 00                424		.byte	0
                           425	
000000b3 00                426		.byte	0
                           427	
                           428		.section	.debug_line
                           429	.Ldw_line_end:
                           430		.section	.debug_macinfo
00000000 01                431		.byte	1
00000001 00                432		.byte	0
00000002 5f5f6768735f5f20  433		.strz	"__ghs__ 1"
0000000a 3100            
0000000c 01                434		.byte	1
0000000d 00                435		.byte	0
0000000e 5f5f535444435f5f  436		.strz	"__STDC__ 1"
00000016 203100          
00000019 01                437		.byte	1
0000001a 00                438		.byte	0
0000001b 5f5f415454524942  439		.strz	"__ATTRIBUTES 1"
00000023 55544553203100  
0000002a 01                440		.byte	1
0000002b 00                441		.byte	0
0000002c 5f5f4544475f5f20  442		.strz	"__EDG__ 1"
00000034 3100            
00000036 01                443		.byte	1
00000037 00                444		.byte	0
00000038 5f5f536f66747761  445		.strz	"__SoftwareDouble__ 1"
00000040 7265446f75626c65
00000048 5f5f203100      
0000004d 01                446		.byte	1
0000004e 00                447		.byte	0
0000004f 5f5f707063203100  448		.strz	"__ppc 1"
00000057 01                449		.byte	1
00000058 00                450		.byte	0
00000059 5f5f6768735f6d61  451		.strz	"__ghs_max_pack_value 16"
00000061 785f7061636b5f76
00000069 616c756520313600
00000071 01                452		.byte	1
00000072 00                453		.byte	0
00000073 5f5f57434841525f  454		.strz	"__WCHAR_TYPE__ long"
0000007b 545950455f5f206c
00000083 6f6e6700        
00000087 01                455		.byte	1
00000088 00                456		.byte	0
00000089 5f5f434841525f42  457		.strz	"__CHAR_BIT 8"
00000091 4954203800      
00000096 01                458		.byte	1
00000097 00                459		.byte	0
00000098 5f5f534852545f42  460		.strz	"__SHRT_BIT 16"
000000a0 495420313600    
000000a6 01                461		.byte	1
000000a7 00                462		.byte	0
000000a8 5f5f494e545f4249  463		.strz	"__INT_BIT 32"
000000b0 5420333200      
000000b5 01                464		.byte	1
000000b6 00                465		.byte	0
000000b7 5f5f4c4f4e475f42  466		.strz	"__LONG_BIT 32"
000000bf 495420333200    
000000c5 01                467		.byte	1
000000c6 00                468		.byte	0
000000c7 5f5f57434841525f  469		.strz	"__WCHAR_BIT 32"
000000cf 42495420333200  
000000d6 01                470		.byte	1
000000d7 00                471		.byte	0
000000d8 5f5f5054525f4249  472		.strz	"__PTR_BIT 32"
000000e0 5420333200      
000000e5 01                473		.byte	1
000000e6 00                474		.byte	0
000000e7 5f5f4c4c4f4e475f  475		.strz	"__LLONG_BIT 64"
000000ef 42495420363400  
000000f6 01                476		.byte	1

                                   Fri Apr 24 16:52:16 2020           Page 10
                                   Fri Apr 24 16:52:18 2020    gh_00007441.s
000000f7 00                477		.byte	0
000000f8 5f5f5245475f4249  478		.strz	"__REG_BIT 32"
00000100 5420333200      
00000105 03                479		.byte	3
00000106 00                480		.byte	0
00000107 01                481		.byte	1
00000108 03                482		.byte	3
00000109 15                483		.byte	21
0000010a 02                484		.byte	2
0000010b 03                485		.byte	3
0000010c 18                486		.byte	24
0000010d 03                487		.byte	3
0000010e 03                488		.byte	3
0000010f 19                489		.byte	25
00000110 04                490		.byte	4
00000111 03                491		.byte	3
00000112 16                492		.byte	22
00000113 05                493		.byte	5
00000114 04                494		.byte	4
00000115 03                495		.byte	3
00000116 17                496		.byte	23
00000117 06                497		.byte	6
00000118 04                498		.byte	4
00000119 03                499		.byte	3
0000011a 18                500		.byte	24
0000011b 07                501		.byte	7
0000011c 04                502		.byte	4
0000011d 03                503		.byte	3
0000011e 1a                504		.byte	26
0000011f 08                505		.byte	8
00000120 03                506		.byte	3
00000121 15                507		.byte	21
00000122 09                508		.byte	9
00000123 01                509		.byte	1
00000124 9901              510		.byte	153,1
00000126 5f5f5f4641535433  511		.strz	"___FAST32 int"
0000012e 3220696e7400    
00000134 01                512		.byte	1
00000135 9a01              513		.byte	154,1
00000137 5f5f5f4641535433  514		.strz	"___FAST32_BIT __REG_BIT"
0000013f 325f424954205f5f
00000147 5245475f42495400
0000014f 01                515		.byte	1
00000150 8502              516		.byte	133,2
00000152 5f5f5f494c343842  517		.strz	"___IL48BIT __LLONG_BIT"
0000015a 4954205f5f4c4c4f
00000162 4e475f42495400  
00000169 01                518		.byte	1
0000016a a502              519		.byte	165,2
0000016c 5f5f5f494c363442  520		.strz	"___IL64BIT __LLONG_BIT"
00000174 4954205f5f4c4c4f
0000017c 4e475f42495400  
00000183 01                521		.byte	1
00000184 9003              522		.byte	144,3
00000186 5f5f5f494d424954  523		.strz	"___IMBIT __LLONG_BIT"
0000018e 205f5f4c4c4f4e47
00000196 5f42495400      
0000019b 04                524		.byte	4
0000019c 03                525		.byte	3
0000019d 16                526		.byte	22
0000019e 0a                527		.byte	10
0000019f 01                528		.byte	1
000001a0 11                529		.byte	17
000001a1 5f5354444445465f  530		.strz	"_STDDEF_H "
000001a9 482000          
000001ac 03                531		.byte	3
000001ad 13                532		.byte	19

                                   Fri Apr 24 16:52:16 2020           Page 11
                                   Fri Apr 24 16:52:18 2020    gh_00007441.s
000001ae 0b                533		.byte	11
000001af 04                534		.byte	4
000001b0 03                535		.byte	3
000001b1 14                536		.byte	20
000001b2 0c                537		.byte	12
000001b3 04                538		.byte	4
000001b4 04                539		.byte	4
000001b5 03                540		.byte	3
000001b6 17                541		.byte	23
000001b7 0d                542		.byte	13
000001b8 04                543		.byte	4
000001b9 04                544		.byte	4
000001ba 03                545		.byte	3
000001bb 1b                546		.byte	27
000001bc 0e                547		.byte	14
000001bd 03                548		.byte	3
000001be 16                549		.byte	22
000001bf 0f                550		.byte	15
000001c0 01                551		.byte	1
000001c1 11                552		.byte	17
000001c2 5f5f52454756414c  553		.strz	"__REGVAL unsigned int"
000001ca 20756e7369676e65
000001d2 6420696e7400    
000001d8 01                554		.byte	1
000001d9 15                555		.byte	21
000001da 5f5f415454524942  556		.strz	"__ATTRIBUTE(x) __attribute__(x)"
000001e2 555445287829205f
000001ea 5f61747472696275
000001f2 74655f5f28782900
000001fa 04                557		.byte	4
000001fb 04                558		.byte	4
000001fc 03                559		.byte	3
000001fd 1c                560		.byte	28
000001fe 10                561		.byte	16
000001ff 04                562		.byte	4
00000200 03                563		.byte	3
00000201 1d                564		.byte	29
00000202 11                565		.byte	17
00000203 04                566		.byte	4
00000204 04                567		.byte	4
00000205 01                568		.byte	1
00000206 22                569		.byte	34
00000207 564543544f52535f  570		.strz	"VECTORS_NUMBER 1024"
0000020f 4e554d4245522031
00000217 30323400        
0000021b 04                571		.byte	4
0000021c 03                572		.byte	3
0000021d 19                573		.byte	25
0000021e 12                574		.byte	18
0000021f 04                575		.byte	4
00000220 04                576		.byte	4
00000221 04                577		.byte	4
00000222 00                578		.byte	0
                           579		.section	.debug_abbrev
00000055 00                580		.byte	0
                           581		.section	.debug_info
                           582	.Ldw_end:
