
                                   Fri Apr 24 16:52:42 2020           Page 1
                                   Fri Apr 24 16:52:42 2020    gh_00006ek1.s
Command Line:   C:\ghs\comp_201754\asppc.exe -w -noundefined -elf -b1 -I.
                -I./components/spc570sxx_platform_component_rla/lib/include
                -I./components/flash_driver/lib/include
                -I./components/spc570sxx_board_initialization_component_rla/lib/include
                -I./components/spc570sxx_clock_component_rla/lib/include
                -I./components/spc570sxx_irq_component_rla/lib/include
                -I./components/spc570sxx_osal_component_rla/lib/include
                -I./components/spc570sxx_platform_component_rla/cfg
                -I./components/spc570sxx_board_initialization_component_rla/cfg
                -I./components/spc570sxx_clock_component_rla/cfg
                -I./components/spc570sxx_irq_component_rla/cfg
                -I./components/spc570sxx_osal_component_rla/cfg -I./source/
                -I./source/ASW/ -I./source/BSW/ -I./source/BSW/BSW_Geny/
                -I./source/BSW/BSW_Geny/Can/ -I./source/BSW/BSW_Geny/Common/
                -I./source/BSW/BSW_Geny/Il/
                -I./source/BSW/BSW_Geny/SipVersionCheck/
                -I./source/BSW/BSW_Geny/Tp/ -I./source/BSW/BSW_Geny/VStdLib/
                -I./source/BSW/CANbedded_Vector/ -I./source/FBL/ -I./source/Geny/
                -I./source/Geny/Cdd/ -I./source/Geny/Cfg/ -I./source/Geny/Db/
                -I./source/Geny/Prj/ -I./source/HAL/ -I./source/RTE/
                -I./source/UDS/ -I./components -IC:\ghs\comp_201754\/ansi
                -IC:\ghs\comp_201754\lib\ppc5514 -cpu=ppc5746mz0
                -patch_dbo=D:\07_Working\E100\build\obj\sip_vers.dbo
                -source=sip_vers.c -o build\obj\gh_00006ek1.o
                -list=build/lst/sip_vers.lst build\obj\gh_00006ek1.s
Source File:    build\obj\gh_00006ek1.s
Directory:      D:\07_Working\E100
Host OS:        Windows
AS: Copyright (C) 1983-2017 Green Hills Software.  All Rights Reserved.
Release: Compiler v2017.5.4
Build Directory: [Directory] COMP-VAL-WIN50:c:/autoval2/v2017.5-2017-10-03/win32-comp-ecom
Revision: [VCInfo] http://toolsvc/branches/release-branch-2017-5-comp/src@603870 (built by auto-compiler)
Revision Date: Wed Oct 04 11:30:08 2017

Release Date: Wed Oct 04 09:00:05 2017

                             1	#Driver Command: ccppc -c -cpu=ppc5746mz0 -Ospeed -Onounroll --ee -ansi
                             2	#		--no_coverage_analysis -check=nomemory -inline_prologue -std=c99
                             3	#		-G -dual_debug --gnu_asm -gnu99 --no_commons -w --ghstd=last
                             4	#		-list -tmp=build/obj -list=build/lst/sip_vers.lst -DPPC_USE_VLE
                             5	#		-MD -I.
                             6	#		-I./components/spc570sxx_platform_component_rla/lib/include
                             7	#		-I./components/flash_driver/lib/include
                             8	#		-I./components/spc570sxx_board_initialization_component_rla/lib/include
                             9	#		-I./components/spc570sxx_clock_component_rla/lib/include
                            10	#		-I./components/spc570sxx_irq_component_rla/lib/include
                            11	#		-I./components/spc570sxx_osal_component_rla/lib/include
                            12	#		-I./components/spc570sxx_platform_component_rla/cfg
                            13	#		-I./components/spc570sxx_board_initialization_component_rla/cfg
                            14	#		-I./components/spc570sxx_clock_component_rla/cfg
                            15	#		-I./components/spc570sxx_irq_component_rla/cfg
                            16	#		-I./components/spc570sxx_osal_component_rla/cfg -I./source/
                            17	#		-I./source/ASW/ -I./source/BSW/ -I./source/BSW/BSW_Geny/
                            18	#		-I./source/BSW/BSW_Geny/Can/ -I./source/BSW/BSW_Geny/Common/
                            19	#		-I./source/BSW/BSW_Geny/Il/
                            20	#		-I./source/BSW/BSW_Geny/SipVersionCheck/
                            21	#		-I./source/BSW/BSW_Geny/Tp/ -I./source/BSW/BSW_Geny/VStdLib/
                            22	#		-I./source/BSW/CANbedded_Vector/ -I./source/FBL/ -I./source/Geny/
                            23	#		-I./source/Geny/Cdd/ -I./source/Geny/Cfg/ -I./source/Geny/Db/
                            24	#		-I./source/Geny/Prj/ -I./source/HAL/ -I./source/RTE/
                            25	#		-I./source/UDS/ -I./components -IC:\ghs\comp_201754\/ansi
                            26	#		./source/BSW/BSW_Geny/SipVersionCheck/sip_vers.c -o
                            27	#		build/obj/sip_vers.o
                            28	#Source File:   ./source/BSW/BSW_Geny/SipVersionCheck/sip_vers.c

                                   Fri Apr 24 16:52:42 2020           Page 2
                                   Fri Apr 24 16:52:42 2020    gh_00006ek1.s
                            29	#Directory:     D:\07_Working\E100
                            30	#Compile Date:  Fri Apr 24 16:52:41 2020
                            31	#Host OS:       Win32
                            32	#Version:       C-POWERPC 2017.5.4 RELEASE VERSION
                            33	#Release:       Compiler v2017.5.4
                            34	#Revision Date: Wed Oct 04 11:39:37 2017
                            35	#Release Date:  Wed Oct 04 09:00:05 2017
                            36	# ecom  -g -w -OLM
                            37	
                            38		.section ".rodata","a"
                            39		.global	kSipMainVersion
00000000 01                 40	kSipMainVersion:	.byte	1
                            41		.type	kSipMainVersion,@object
                            42		.size	kSipMainVersion,1
                            43		.global	kSipSubVersion
00000001 02                 44	kSipSubVersion:	.byte	2
                            45		.type	kSipSubVersion,@object
                            46		.size	kSipSubVersion,1
                            47		.global	kSipBugFixVersion
00000002 12                 48	kSipBugFixVersion:	.byte	18
                            49		.type	kSipBugFixVersion,@object
                            50		.size	kSipBugFixVersion,1
                            51		.data
                            52		.note ".PPC.EMB.apuinfo",""
00000000 00000008           53		.long	0x00000008
00000004 00000004           54		.long	4
00000008 00000002           55		.long	0x00000002
                            56		# "APUinfo\000"
0000000c 41505569           57		.byte	65,80,85,105
00000010 6e666f00           58		.byte	110,102,111,0
00000014 01040001           59		.long	0x01040001
                            60		.ghsnote version,20
                            61		.ghsnote tools,3
                            62		.ghsnote options,644
                            63		.section ".vletext", "vax"
                            64		.vle
                            65		.vle
                            66	..bof.D.3A.5C07_Working.5CE100.5Cbuild.5Cobj.5Csip_vers...44.3A.5C07_Working.5CE100..5EA29AC9..0::
                            67	..eof.D.3A.5C07_Working.5CE100.5Cbuild.5Cobj.5Csip_vers...44.3A.5C07_Working.5CE100..5EA29AC9..0::
                            68		.section	.debug_info
                            69	.Ldw_begin:
00000000 00000100           70		.long	.Ldw_end-.Ldw_begin-4
00000004 0002               71		.byte	0,2
00000006 00000000           72		.long	.Ldw_abbr_begin
0000000a 04                 73		.byte	4
                            74		.section	.debug_abbrev
                            75	.Ldw_abbr_begin:
                            76		.section	.debug_info
0000000b 01                 77		.byte	1
0000000c 00000000           78		.long	..bof.D.3A.5C07_Working.5CE100.5Cbuild.5Cobj.5Csip_vers...44.3A.5C07_Working.5CE100..5EA29AC9..0
00000010 00000000           79		.long	..eof.D.3A.5C07_Working.5CE100.5Cbuild.5Cobj.5Csip_vers...44.3A.5C07_Working.5CE100..5EA29AC9..0
00000014 2e2f736f75726365   80		.strz	"./source/BSW/BSW_Geny/SipVersionCheck/sip_vers.c"
0000001c 2f4253572f425357
00000024 5f47656e792f5369
0000002c 7056657273696f6e
00000034 436865636b2f7369
0000003c 705f766572732e63
00000044 00              
00000045 443a5c30375f576f   81		.strz	"D:\\07_Working\\E100"
0000004d 726b696e675c4531
00000055 303000          
00000058 4748532043203230   82		.strz	"GHS C 2017.5.4 [dual]"
00000060 31372e352e34205b
00000068 6475616c5d00    
0000006e 0001               83		.byte	0,1
00000070 00000000           84		.long	.Ldw_line_begin

                                   Fri Apr 24 16:52:42 2020           Page 3
                                   Fri Apr 24 16:52:42 2020    gh_00006ek1.s
00000074 00000000           85		.long	.Ldw_macinfo_begin
00000078 00                 86		.byte	0
                            87	
                            88		.section	.debug_abbrev
00000000 01                 89		.byte	1
00000001 11                 90		.byte	17
00000002 01                 91		.byte	1
00000003 1101               92		.byte	17,1
00000005 1201               93		.byte	18,1
00000007 0308               94		.byte	3,8
00000009 1b08               95		.byte	27,8
0000000b 2508               96		.byte	37,8
0000000d 1305               97		.byte	19,5
0000000f 1006               98		.byte	16,6
00000011 4306               99		.byte	67,6
00000013 420b              100		.byte	66,11
00000015 0000              101		.byte	0,0
                           102	
                           103		.section	.debug_line
                           104	.Ldw_line_begin:
00000000 000002d2          105		.long	.Ldw_line_end-.Ldw_line_begin-4
00000004 0002              106		.byte	0,2
00000006 000002cc          107		.long	.Ldw_lpro_end-.Ldw_lpro_begin
                           108	.Ldw_lpro_begin:
0000000a 01                109		.byte	1
0000000b 00                110		.byte	0
0000000c 00                111		.byte	0
0000000d 04                112		.byte	4
0000000e 0a                113		.byte	10
0000000f 000101            114		.byte	0,1,1
00000012 010100            115		.byte	1,1,0
00000015 000001            116		.byte	0,0,1
00000018 00                117		.byte	0
00000019 2e2f736f75726365  118		.strz	"./source/BSW/BSW_Geny/SipVersionCheck/sip_vers.c"
00000021 2f4253572f425357
00000029 5f47656e792f5369
00000031 7056657273696f6e
00000039 436865636b2f7369
00000041 705f766572732e63
00000049 00              
0000004a 000000            119		.byte	0,0,0
0000004d 2e2f736f75726365  120		.strz	"./source/BSW/CANbedded_Vector/v_inc.h"
00000055 2f4253572f43414e
0000005d 6265646465645f56
00000065 6563746f722f765f
0000006d 696e632e6800    
00000073 000000            121		.byte	0,0,0
00000076 2e2f736f75726365  122		.strz	"./source/BSW/BSW_Geny/Can/can_inc.h"
0000007e 2f4253572f425357
00000086 5f47656e792f4361
0000008e 6e2f63616e5f696e
00000096 632e6800        
0000009a 000000            123		.byte	0,0,0
0000009d 2e2f736f75726365  124		.strz	"./source/BSW/CANbedded_Vector/can_cfg.h"
000000a5 2f4253572f43414e
000000ad 6265646465645f56
000000b5 6563746f722f6361
000000bd 6e5f6366672e6800
000000c5 000000            125		.byte	0,0,0
000000c8 2e2f736f75726365  126		.strz	"./source/BSW/CANbedded_Vector/v_cfg.h"
000000d0 2f4253572f43414e
000000d8 6265646465645f56
000000e0 6563746f722f765f
000000e8 6366672e6800    
000000ee 000000            127		.byte	0,0,0
000000f1 2e2f736f75726365  128		.strz	"./source/BSW/CANbedded_Vector/v_par.h"
000000f9 2f4253572f43414e
00000101 6265646465645f56
00000109 6563746f722f765f
00000111 7061722e6800    
00000117 000000            129		.byte	0,0,0
0000011a 2e2f736f75726365  130		.strz	"./source/BSW/BSW_Geny/Common/v_def.h"
00000122 2f4253572f425357
0000012a 5f47656e792f436f
00000132 6d6d6f6e2f765f64
0000013a 65662e6800      
0000013f 000000            131		.byte	0,0,0
00000142 2e2f736f75726365  132		.strz	"./source/BSW/BSW_Geny/VStdLib/vstdlib.h"
0000014a 2f4253572f425357
00000152 5f47656e792f5653
0000015a 74644c69622f7673
00000162 74646c69622e6800
0000016a 000000            133		.byte	0,0,0
0000016d 2e2f736f75726365  134		.strz	"./source/BSW/BSW_Geny/Can/can_def.h"
00000175 2f4253572f425357
0000017d 5f47656e792f4361
00000185 6e2f63616e5f6465
0000018d 662e6800        
00000191 000000            135		.byte	0,0,0
00000194 2e2f736f75726365  136		.strz	"./source/BSW/CANbedded_Vector/drv_par.h"
0000019c 2f4253572f43414e
000001a4 6265646465645f56
000001ac 6563746f722f6472
000001b4 765f7061722e6800
000001bc 000000            137		.byte	0,0,0
000001bf 2e2f736f75726365  138		.strz	"./source/BSW/BSW_Geny/Tp/tpmc.h"
000001c7 2f4253572f425357
000001cf 5f47656e792f5470
000001d7 2f74706d632e6800
000001df 000000            139		.byte	0,0,0
000001e2 2e2f736f75726365  140		.strz	"./source/BSW/CANbedded_Vector/tp_cfg.h"
000001ea 2f4253572f43414e
000001f2 6265646465645f56
000001fa 6563746f722f7470
00000202 5f6366672e6800  

                                   Fri Apr 24 16:52:42 2020           Page 4
                                   Fri Apr 24 16:52:42 2020    gh_00006ek1.s
00000209 000000            141		.byte	0,0,0
0000020c 2e2f736f75726365  142		.strz	"./source/BSW/CANbedded_Vector/can_par.h"
00000214 2f4253572f43414e
0000021c 6265646465645f56
00000224 6563746f722f6361
0000022c 6e5f7061722e6800
00000234 000000            143		.byte	0,0,0
00000237 2e2f736f75726365  144		.strz	"./source/BSW/BSW_Geny/Il/il_inc.h"
0000023f 2f4253572f425357
00000247 5f47656e792f496c
0000024f 2f696c5f696e632e
00000257 6800            
00000259 000000            145		.byte	0,0,0
0000025c 2e2f736f75726365  146		.strz	"./source/BSW/CANbedded_Vector/il_cfg.h"
00000264 2f4253572f43414e
0000026c 6265646465645f56
00000274 6563746f722f696c
0000027c 5f6366672e6800  
00000283 000000            147		.byte	0,0,0
00000286 2e2f736f75726365  148		.strz	"./source/BSW/CANbedded_Vector/il_par.h"
0000028e 2f4253572f43414e
00000296 6265646465645f56
0000029e 6563746f722f696c
000002a6 5f7061722e6800  
000002ad 000000            149		.byte	0,0,0
000002b0 2e2f736f75726365  150		.strz	"./source/BSW/BSW_Geny/Il/il_def.h"
000002b8 2f4253572f425357
000002c0 5f47656e792f496c
000002c8 2f696c5f6465662e
000002d0 6800            
000002d2 000000            151		.byte	0,0,0
000002d5 00                152		.byte	0
                           153	.Ldw_lpro_end:
                           154		.section	.debug_macinfo
                           155	.Ldw_macinfo_begin:
                           156		.section	.debug_info
                           157	.LDW_49bd108:
00000079 27                158		.byte	39
0000007a 756e7369676e6564  159		.strz	"unsigned char"
00000082 206368617200    
00000088 08                160		.byte	8
00000089 01                161		.byte	1
                           162	
                           163		.section	.debug_abbrev
00000017 27                164		.byte	39
00000018 24                165		.byte	36
00000019 00                166		.byte	0
0000001a 0308              167		.byte	3,8
0000001c 3e0b              168		.byte	62,11
0000001e 0b0b              169		.byte	11,11
00000020 0000              170		.byte	0,0
                           171	
                           172		.section	.debug_info
                           173	.LDW_5cb8fb0:
0000008a 2b                174		.byte	43
0000008b 00000000          175		.long	.LDW_5b77828
                           176	
                           177		.section	.debug_abbrev
00000022 2b                178		.byte	43
00000023 26                179		.byte	38
00000024 00                180		.byte	0
00000025 4910              181		.byte	73,16
00000027 0000              182		.byte	0,0
                           183	
                           184		.section	.debug_info
                           185	.LDW_5b77828:
0000008f 2a                186		.byte	42
00000090 7675696e743800    187		.strz	"vuint8"
00000097 9c04              188		.byte	156,4
00000099 18                189		.byte	24
0000009a 07                190		.byte	7
0000009b 00000000          191		.long	.LDW_49bd108
                           192	
                           193		.section	.debug_abbrev
00000029 2a                194		.byte	42
0000002a 16                195		.byte	22
0000002b 00                196		.byte	0

                                   Fri Apr 24 16:52:42 2020           Page 5
                                   Fri Apr 24 16:52:42 2020    gh_00006ek1.s
0000002c 0308              197		.byte	3,8
0000002e 3b0f              198		.byte	59,15
00000030 390f              199		.byte	57,15
00000032 3a0f              200		.byte	58,15
00000034 4910              201		.byte	73,16
00000036 0000              202		.byte	0,0
                           203	
                           204		.section	.debug_info
                           205	.LDW_5cbc4e8:
0000009f 06                206		.byte	6
000000a0 6b5369704d61696e  207		.strz	"kSipMainVersion"
000000a8 56657273696f6e00
000000b0 9e01              208		.byte	158,1
000000b2 26                209		.byte	38
000000b3 01                210		.byte	1
000000b4 00000000          211		.long	.LDW_5cb8fb0
000000b8 01                212		.byte	1
000000b9 00                213		.byte	0
000000ba 0503              214		.byte	5,3
000000bc 00000000          215		.long	kSipMainVersion
                           216	
                           217		.section	.debug_abbrev
00000038 06                218		.byte	6
00000039 34                219		.byte	52
0000003a 00                220		.byte	0
0000003b 0308              221		.byte	3,8
0000003d 3b0f              222		.byte	59,15
0000003f 390f              223		.byte	57,15
00000041 3a0f              224		.byte	58,15
00000043 4910              225		.byte	73,16
00000045 3f0c              226		.byte	63,12
00000047 3c0c              227		.byte	60,12
00000049 020a              228		.byte	2,10
0000004b 0000              229		.byte	0,0
                           230	
                           231		.section	.debug_info
                           232	.LDW_5cbcb70:
000000c0 06                233		.byte	6
000000c1 6b53697053756256  234		.strz	"kSipSubVersion"
000000c9 657273696f6e00  
000000d0 9f01              235		.byte	159,1
000000d2 26                236		.byte	38
000000d3 01                237		.byte	1
000000d4 00000000          238		.long	.LDW_5cb8fb0
000000d8 01                239		.byte	1
000000d9 00                240		.byte	0
000000da 0503              241		.byte	5,3
000000dc 00000000          242		.long	kSipSubVersion
                           243	
                           244	.LDW_5cbc908:
000000e0 06                245		.byte	6
000000e1 6b53697042756746  246		.strz	"kSipBugFixVersion"
000000e9 697856657273696f
000000f1 6e00            
000000f3 a001              247		.byte	160,1
000000f5 26                248		.byte	38
000000f6 01                249		.byte	1
000000f7 00000000          250		.long	.LDW_5cb8fb0
000000fb 01                251		.byte	1
000000fc 00                252		.byte	0

                                   Fri Apr 24 16:52:42 2020           Page 6
                                   Fri Apr 24 16:52:42 2020    gh_00006ek1.s
000000fd 0503              253		.byte	5,3
000000ff 00000000          254		.long	kSipBugFixVersion
                           255	
00000103 00                256		.byte	0
                           257	
                           258		.section	.debug_line
                           259	.Ldw_line_end:
                           260		.section	.debug_macinfo
00000000 03                261		.byte	3
00000001 00                262		.byte	0
00000002 01                263		.byte	1
00000003 03                264		.byte	3
00000004 30                265		.byte	48
00000005 02                266		.byte	2
00000006 01                267		.byte	1
00000007 2d                268		.byte	45
00000008 5f5f565f494e435f  269		.strz	"__V_INC_H__ "
00000010 485f5f2000      
00000015 03                270		.byte	3
00000016 2f                271		.byte	47
00000017 03                272		.byte	3
00000018 03                273		.byte	3
00000019 2a                274		.byte	42
0000001a 04                275		.byte	4
0000001b 03                276		.byte	3
0000001c 2f                277		.byte	47
0000001d 05                278		.byte	5
0000001e 01                279		.byte	1
0000001f 30                280		.byte	48
00000020 5647454e5f47454e  281		.strz	"VGEN_GENY "
00000028 592000          
0000002b 01                282		.byte	1
0000002c 54                283		.byte	84
0000002d 435f435055545950  284		.strz	"C_CPUTYPE_32BIT "
00000035 455f333242495420
0000003d 00              
0000003e 01                285		.byte	1
0000003f 59                286		.byte	89
00000040 565f435055545950  287		.strz	"V_CPUTYPE_BITARRAY_32BIT "
00000048 455f424954415252
00000050 41595f3332424954
00000058 2000            
0000005a 01                288		.byte	1
0000005b 5e                289		.byte	94
0000005c 435f435055545950  290		.strz	"C_CPUTYPE_BIGENDIAN "
00000064 455f424947454e44
0000006c 49414e2000      
00000071 01                291		.byte	1
00000072 63                292		.byte	99
00000073 435f435055545950  293		.strz	"C_CPUTYPE_BITORDER_MSB2LSB "
0000007b 455f4249544f5244
00000083 45525f4d5342324c
0000008b 53422000        
0000008f 01                294		.byte	1
00000090 72                295		.byte	114
00000091 435f434f4d505f47  296		.strz	"C_COMP_GHS_MPC55XX_FLEXCAN2 "
00000099 48535f4d50433535
000000a1 58585f464c455843
000000a9 414e322000      
000000ae 01                297		.byte	1
000000af 9301              298		.byte	147,1
000000b1 5647454e5f454e41  299		.strz	"VGEN_ENABLE_VSTDLIB "
000000b9 424c455f56535444
000000c1 4c49422000      
000000c6 01                300		.byte	1
000000c7 9701              301		.byte	151,1
000000c9 565354445f454e41  302		.strz	"VSTD_ENABLE_APPL_INTCTRL "
000000d1 424c455f4150504c
000000d9 5f494e544354524c
000000e1 2000            
000000e3 01                303		.byte	1
000000e4 a901              304		.byte	169,1
000000e6 565354445f454e41  305		.strz	"VSTD_ENABLE_LIBRARY_FUNCTIONS "
000000ee 424c455f4c494252
000000f6 4152595f46554e43
000000fe 54494f4e532000  
00000105 01                306		.byte	1
00000106 af01              307		.byte	175,1
00000108 5647454e5f454e41  308		.strz	"VGEN_ENABLE_CAN_DRV "
00000110 424c455f43414e5f
00000118 4452562000      

                                   Fri Apr 24 16:52:42 2020           Page 7
                                   Fri Apr 24 16:52:42 2020    gh_00006ek1.s
0000011d 01                309		.byte	1
0000011e b201              310		.byte	178,1
00000120 5647454e5f454e41  311		.strz	"VGEN_ENABLE_IL_VECTOR "
00000128 424c455f494c5f56
00000130 4543544f522000  
00000137 01                312		.byte	1
00000138 b301              313		.byte	179,1
0000013a 5647454e5f454e41  314		.strz	"VGEN_ENABLE_TP_ISO_MC "
00000142 424c455f54505f49
0000014a 534f5f4d432000  
00000151 01                315		.byte	1
00000152 d401              316		.byte	212,1
00000154 54505f4150495f43  317		.strz	"TP_API_CALL_TYPE "
0000015c 414c4c5f54595045
00000164 2000            
00000166 01                318		.byte	1
00000167 d501              319		.byte	213,1
00000169 54505f4150495f43  320		.strz	"TP_API_CALLBACK_TYPE "
00000171 414c4c4241434b5f
00000179 545950452000    
0000017f 01                321		.byte	1
00000180 d601              322		.byte	214,1
00000182 54505f494e544552  323		.strz	"TP_INTERNAL_CALL_TYPE "
0000018a 4e414c5f43414c4c
00000192 5f545950452000  
00000199 01                324		.byte	1
0000019a 9202              325		.byte	146,2
0000019c 435f56455253494f  326		.strz	"C_VERSION_REF_IMPLEMENTATION 0x150u"
000001a4 4e5f5245465f494d
000001ac 504c454d454e5441
000001b4 54494f4e20307831
000001bc 35307500        
000001c0 01                327		.byte	1
000001c1 ad02              328		.byte	173,2
000001c3 4d414749435f4e55  329		.strz	"MAGIC_NUMBER 345877849"
000001cb 4d42455220333435
000001d3 38373738343900  
000001da 04                330		.byte	4
000001db 01                331		.byte	1
000001dc 4c                332		.byte	76
000001dd 6b43616e4e756d62  333		.strz	"kCanNumberOfChannels 1"
000001e5 65724f664368616e
000001ed 6e656c73203100  
000001f4 01                334		.byte	1
000001f5 4d                335		.byte	77
000001f6 6b43616e4e756d62  336		.strz	"kCanNumberOfHwChannels 1"
000001fe 65724f6648774368
00000206 616e6e656c732031
0000020e 00              
0000020f 01                337		.byte	1
00000210 58                338		.byte	88
00000211 435f454e41424c45  339		.strz	"C_ENABLE_RECEIVE_FCT "
00000219 5f52454345495645
00000221 5f4643542000    
00000227 01                340		.byte	1
00000228 59                341		.byte	89
00000229 4150504c5f43414e  342		.strz	"APPL_CAN_MSGRECEIVED ApplCanMsgReceived"
00000231 5f4d534752454345
00000239 4956454420417070
00000241 6c43616e4d736752
00000249 6563656976656400
00000251 01                343		.byte	1
00000252 5c                344		.byte	92
00000253 435f454e41424c45  345		.strz	"C_ENABLE_TRANSMIT_QUEUE "
0000025b 5f5452414e534d49
00000263 545f515545554520
0000026b 00              
0000026c 01                346		.byte	1
0000026d 60                347		.byte	96
0000026e 435f454e41424c45  348		.strz	"C_ENABLE_USER_CHECK "
00000276 5f555345525f4348
0000027e 45434b2000      
00000283 01                349		.byte	1
00000284 61                350		.byte	97
00000285 435f454e41424c45  351		.strz	"C_ENABLE_HARDWARE_CHECK "
0000028d 5f48415244574152
00000295 455f434845434b20
0000029d 00              
0000029e 01                352		.byte	1
0000029f 62                353		.byte	98
000002a0 435f454e41424c45  354		.strz	"C_ENABLE_GEN_CHECK "
000002a8 5f47454e5f434845
000002b0 434b2000        
000002b4 01                355		.byte	1
000002b5 63                356		.byte	99
000002b6 435f454e41424c45  357		.strz	"C_ENABLE_INTERNAL_CHECK "
000002be 5f494e5445524e41
000002c6 4c5f434845434b20
000002ce 00              
000002cf 01                358		.byte	1
000002d0 6f                359		.byte	111
000002d1 435f534543555249  360		.strz	"C_SECURITY_LEVEL 30"
000002d9 54595f4c4556454c
000002e1 20333000        
000002e5 01                361		.byte	1
000002e6 72                362		.byte	114
000002e7 435f454e41424c45  363		.strz	"C_ENABLE_PART_OFFLINE "
000002ef 5f504152545f4f46
000002f7 464c494e452000  
000002fe 01                364		.byte	1

                                   Fri Apr 24 16:52:42 2020           Page 8
                                   Fri Apr 24 16:52:42 2020    gh_00006ek1.s
000002ff 77                365		.byte	119
00000300 6b43616e4e756d62  366		.strz	"kCanNumberOfTxObjects 4"
00000308 65724f6654784f62
00000310 6a65637473203400
00000318 01                367		.byte	1
00000319 7a                368		.byte	122
0000031a 6b43616e4e756d62  369		.strz	"kCanNumberOfRxObjects 5"
00000322 65724f6652784f62
0000032a 6a65637473203500
00000332 01                370		.byte	1
00000333 8101              371		.byte	129,1
00000335 6b43616e4e756d62  372		.strz	"kCanNumberOfConfFlags 3"
0000033d 65724f66436f6e66
00000345 466c616773203300
0000034d 01                373		.byte	1
0000034e 8501              374		.byte	133,1
00000350 6b43616e4e756d62  375		.strz	"kCanNumberOfInitObjects 1"
00000358 65724f66496e6974
00000360 4f626a6563747320
00000368 3100            
0000036a 01                376		.byte	1
0000036b 8c01              377		.byte	140,1
0000036d 435f454e41424c45  378		.strz	"C_ENABLE_CONFIRMATION_FLAG "
00000375 5f434f4e4649524d
0000037d 4154494f4e5f464c
00000385 41472000        
00000389 01                379		.byte	1
0000038a 8f01              380		.byte	143,1
0000038c 435f454e41424c45  381		.strz	"C_ENABLE_CONFIRMATION_FCT "
00000394 5f434f4e4649524d
0000039c 4154494f4e5f4643
000003a4 542000          
000003a7 01                382		.byte	1
000003a8 9001              383		.byte	144,1
000003aa 435f454e41424c45  384		.strz	"C_ENABLE_INDICATION_FCT "
000003b2 5f494e4449434154
000003ba 494f4e5f46435420
000003c2 00              
000003c3 01                385		.byte	1
000003c4 9101              386		.byte	145,1
000003c6 435f454e41424c45  387		.strz	"C_ENABLE_PRECOPY_FCT "
000003ce 5f505245434f5059
000003d6 5f4643542000    
000003dc 01                388		.byte	1
000003dd 9701              389		.byte	151,1
000003df 435f454e41424c45  390		.strz	"C_ENABLE_GENERIC_PRECOPY "
000003e7 5f47454e45524943
000003ef 5f505245434f5059
000003f7 2000            
000003f9 01                391		.byte	1
000003fa 9801              392		.byte	152,1
000003fc 4150504c5f43414e  393		.strz	"APPL_CAN_GENERIC_PRECOPY IlCanGenericPrecopy"
00000404 5f47454e45524943
0000040c 5f505245434f5059
00000414 20496c43616e4765
0000041c 6e65726963507265
00000424 636f707900      
00000429 01                394		.byte	1
0000042a a401              395		.byte	164,1
0000042c 435f454e41424c45  396		.strz	"C_ENABLE_CAN_CANCEL_NOTIFICATION "
00000434 5f43414e5f43414e
0000043c 43454c5f4e4f5449
00000444 4649434154494f4e
0000044c 2000            
0000044e 01                397		.byte	1
0000044f a501              398		.byte	165,1
00000451 4150504c5f43414e  399		.strz	"APPL_CAN_CANCELNOTIFICATION IlCanCancelNotification"
00000459 5f43414e43454c4e
00000461 4f54494649434154
00000469 494f4e20496c4361
00000471 6e43616e63656c4e
00000479 6f74696669636174
00000481 696f6e00        
00000485 01                400		.byte	1
00000486 a701              401		.byte	167,1
00000488 6b43616e50687973  402		.strz	"kCanPhysToLogChannelIndex_0 "
00000490 546f4c6f67436861
00000498 6e6e656c496e6465
000004a0 785f302000      
000004a5 01                403		.byte	1
000004a6 a801              404		.byte	168,1
000004a8 435f454e41424c45  405		.strz	"C_ENABLE_RX_FULLCAN_OBJECTS "
000004b0 5f52585f46554c4c
000004b8 43414e5f4f424a45
000004c0 4354532000      
000004c5 01                406		.byte	1
000004c6 a901              407		.byte	169,1
000004c8 435f454e41424c45  408		.strz	"C_ENABLE_RX_BASICCAN_OBJECTS "
000004d0 5f52585f42415349
000004d8 4343414e5f4f424a
000004e0 454354532000    
000004e6 01                409		.byte	1
000004e7 b201              410		.byte	178,1
000004e9 435f454e41424c45  411		.strz	"C_ENABLE_CAN_CAN_INTERRUPT_CONTROL "
000004f1 5f43414e5f43414e
000004f9 5f494e5445525255
00000501 50545f434f4e5452
00000509 4f4c2000        
0000050d 01                412		.byte	1
0000050e b601              413		.byte	182,1
00000510 435f454e41424c45  414		.strz	"C_ENABLE_TX_POLLING "
00000518 5f54585f504f4c4c
00000520 494e472000      
00000525 01                415		.byte	1
00000526 b701              416		.byte	183,1
00000528 435f454e41424c45  417		.strz	"C_ENABLE_RX_BASICCAN_POLLING "
00000530 5f52585f42415349
00000538 4343414e5f504f4c
00000540 4c494e472000    
00000546 01                418		.byte	1
00000547 b801              419		.byte	184,1
00000549 435f454e41424c45  420		.strz	"C_ENABLE_RX_FULLCAN_POLLING "
00000551 5f52585f46554c4c
00000559 43414e5f504f4c4c
00000561 494e472000      

                                   Fri Apr 24 16:52:42 2020           Page 9
                                   Fri Apr 24 16:52:42 2020    gh_00006ek1.s
00000566 01                421		.byte	1
00000567 b901              422		.byte	185,1
00000569 435f454e41424c45  423		.strz	"C_ENABLE_ERROR_POLLING "
00000571 5f4552524f525f50
00000579 4f4c4c494e472000
00000581 01                424		.byte	1
00000582 ba01              425		.byte	186,1
00000584 435f454e41424c45  426		.strz	"C_ENABLE_WAKEUP_POLLING "
0000058c 5f57414b4555505f
00000594 504f4c4c494e4720
0000059c 00              
0000059d 01                427		.byte	1
0000059e c201              428		.byte	194,1
000005a0 435f44495341424c  429		.strz	"C_DISABLE_SLEEP_WAKEUP "
000005a8 455f534c4545505f
000005b0 57414b4555502000
000005b8 01                430		.byte	1
000005b9 ce01              431		.byte	206,1
000005bb 6b43616e4e756d62  432		.strz	"kCanNumberOfUsedCanRxIdTables 1"
000005c3 65724f6655736564
000005cb 43616e5278496454
000005d3 61626c6573203100
000005db 01                433		.byte	1
000005dc d301              434		.byte	211,1
000005de 6b43616e4e756d62  435		.strz	"kCanNumberOfUsedTxCANObjects 1"
000005e6 65724f6655736564
000005ee 547843414e4f626a
000005f6 65637473203100  
000005fd 01                436		.byte	1
000005fe ec01              437		.byte	236,1
00000600 435f44495341424c  438		.strz	"C_DISABLE_SINGLE_ISR_API "
00000608 455f53494e474c45
00000610 5f4953525f415049
00000618 2000            
0000061a 01                439		.byte	1
0000061b ed01              440		.byte	237,1
0000061d 435f454e41424c45  441		.strz	"C_ENABLE_FLEXCAN_INDIV_RXMASK "
00000625 5f464c455843414e
0000062d 5f494e4449565f52
00000635 584d41534b2000  
0000063c 01                442		.byte	1
0000063d ef01              443		.byte	239,1
0000063f 435f43414e5f4d41  444		.strz	"C_CAN_MAX_BUFFER_32 "
00000647 585f425546464552
0000064f 5f33322000      
00000654 01                445		.byte	1
00000655 f001              446		.byte	240,1
00000657 435f454e41424c45  447		.strz	"C_ENABLE_MIXED_RX_FULLCAN_MESSAGES "
0000065f 5f4d495845445f52
00000667 585f46554c4c4341
0000066f 4e5f4d4553534147
00000677 45532000        
0000067b 04                448		.byte	4
0000067c 03                449		.byte	3
0000067d 43                450		.byte	67
0000067e 06                451		.byte	6
0000067f 03                452		.byte	3
00000680 34                453		.byte	52
00000681 07                454		.byte	7
00000682 01                455		.byte	1
00000683 f503              456		.byte	245,3
00000685 565f4445465f4820  457		.strz	"V_DEF_H "
0000068d 00              
0000068e 01                458		.byte	1
0000068f fc03              459		.byte	252,3
00000691 434f4d4d4f4e5f56  460		.strz	"COMMON_VDEF_VERSION 0x0372"
00000699 4445465f56455253
000006a1 494f4e2030783033
000006a9 373200          
000006ac 01                461		.byte	1
000006ad fd03              462		.byte	253,3
000006af 434f4d4d4f4e5f56  463		.strz	"COMMON_VDEF_RELEASE_VERSION 0x01"
000006b7 4445465f52454c45
000006bf 4153455f56455253
000006c7 494f4e2030783031
000006cf 00              
000006d0 01                464		.byte	1
000006d1 8804              465		.byte	136,4
000006d3 565f4445465f5355  466		.strz	"V_DEF_SUPPORTED_PLATFORM "
000006db 50504f525445445f
000006e3 504c4154464f524d
000006eb 2000            
000006ed 01                467		.byte	1
000006ee 9e04              468		.byte	158,4
000006f0 63616e75696e7438  469		.strz	"canuint8 vuint8"
000006f8 207675696e743800
00000700 01                470		.byte	1
00000701 a904              471		.byte	169,4
00000703 63616e75696e7431  472		.strz	"canuint16 vuint16"
0000070b 36207675696e7431
00000713 3600            
00000715 01                473		.byte	1
00000716 e204              474		.byte	226,4
00000718 7675696e74782076  475		.strz	"vuintx vuint32"
00000720 75696e74333200  
00000727 01                476		.byte	1

                                   Fri Apr 24 16:52:42 2020           Page 10
                                   Fri Apr 24 16:52:42 2020    gh_00006ek1.s
00000728 e504              477		.byte	229,4
0000072a 7673696e74782076  478		.strz	"vsintx vsint32"
00000732 73696e74333200  
00000739 01                479		.byte	1
0000073a fd04              480		.byte	253,4
0000073c 63616e6269747479  481		.strz	"canbittype vbittype"
00000744 7065207662697474
0000074c 79706500        
00000750 01                482		.byte	1
00000751 dd06              483		.byte	221,6
00000753 4c4f43414c5f494e  484		.strz	"LOCAL_INLINE static inline"
0000075b 4c494e4520737461
00000763 74696320696e6c69
0000076b 6e6500          
0000076e 01                485		.byte	1
0000076f e706              486		.byte	231,6
00000771 565f4d454d524f4d  487		.strz	"V_MEMROM0 "
00000779 302000          
0000077c 01                488		.byte	1
0000077d ef06              489		.byte	239,6
0000077f 565f4d454d524f4d  490		.strz	"V_MEMROM1 "
00000787 312000          
0000078a 01                491		.byte	1
0000078b 8307              492		.byte	131,7
0000078d 565f4d454d524f4d  493		.strz	"V_MEMROM2 const"
00000795 3220636f6e737400
0000079d 01                494		.byte	1
0000079e 9607              495		.byte	150,7
000007a0 565f4d454d524f4d  496		.strz	"V_MEMROM3 "
000007a8 332000          
000007ab 01                497		.byte	1
000007ac 9c07              498		.byte	156,7
000007ae 565f4d454d52414d  499		.strz	"V_MEMRAM0 "
000007b6 302000          
000007b9 01                500		.byte	1
000007ba a007              501		.byte	160,7
000007bc 565f4d454d52414d  502		.strz	"V_MEMRAM1_NEAR "
000007c4 315f4e4541522000
000007cc 01                503		.byte	1
000007cd a407              504		.byte	164,7
000007cf 565f4d454d52414d  505		.strz	"V_MEMRAM1 "
000007d7 312000          
000007da 01                506		.byte	1
000007db ae07              507		.byte	174,7
000007dd 565f4d454d52414d  508		.strz	"V_MEMRAM2_NEAR "
000007e5 325f4e4541522000
000007ed 01                509		.byte	1
000007ee b107              510		.byte	177,7
000007f0 4d454d4f52595f4e  511		.strz	"MEMORY_NEAR V_MEMRAM2_NEAR"
000007f8 45415220565f4d45
00000800 4d52414d325f4e45
00000808 415200          
0000080b 01                512		.byte	1
0000080c b807              513		.byte	184,7
0000080e 565f4d454d52414d  514		.strz	"V_MEMRAM2 "
00000816 322000          
00000819 03                515		.byte	3
0000081a f207              516		.byte	242,7
0000081c 08                517		.byte	8
0000081d 03                518		.byte	3
0000081e d501              519		.byte	213,1
00000820 07                520		.byte	7
00000821 04                521		.byte	4
00000822 01                522		.byte	1
00000823 df01              523		.byte	223,1
00000825 565354444c49425f  524		.strz	"VSTDLIB_MPC_VERSION 0x0121u"
0000082d 4d50435f56455253
00000835 494f4e2030783031
0000083d 32317500        
00000841 01                525		.byte	1
00000842 e001              526		.byte	224,1
00000844 565354444c49425f  527		.strz	"VSTDLIB_MPC_RELEASE_VERSION 0x00u"
0000084c 4d50435f52454c45
00000854 4153455f56455253
0000085c 494f4e2030783030
00000864 7500            
00000866 01                528		.byte	1
00000867 e301              529		.byte	227,1
00000869 565354444c49425f  530		.strz	"VSTDLIB__COREHLL_VERSION 0x0308u"
00000871 5f434f5245484c4c
00000879 5f56455253494f4e
00000881 2030783033303875
00000889 00              
0000088a 01                531		.byte	1
0000088b e401              532		.byte	228,1

                                   Fri Apr 24 16:52:42 2020           Page 11
                                   Fri Apr 24 16:52:42 2020    gh_00006ek1.s
0000088d 565354444c49425f  533		.strz	"VSTDLIB__COREHLL_RELEASE_VERSION 0x00u"
00000895 5f434f5245484c4c
0000089d 5f52454c45415345
000008a5 5f56455253494f4e
000008ad 20307830307500  
000008b4 01                534		.byte	1
000008b5 ed01              535		.byte	237,1
000008b7 565354445f415049  536		.strz	"VSTD_API_0 "
000008bf 5f302000        
000008c3 01                537		.byte	1
000008c4 f101              538		.byte	241,1
000008c6 565354445f415049  539		.strz	"VSTD_API_1 "
000008ce 5f312000        
000008d2 01                540		.byte	1
000008d3 f501              541		.byte	245,1
000008d5 565354445f415049  542		.strz	"VSTD_API_2 "
000008dd 5f322000        
000008e1 01                543		.byte	1
000008e2 8102              544		.byte	129,2
000008e4 565354445f4e4f4e  545		.strz	"VSTD_NONE "
000008ec 452000          
000008ef 01                546		.byte	1
000008f0 b502              547		.byte	181,2
000008f2 565354445f444546  548		.strz	"VSTD_DEF_CONST(storage,vartype,memclass) V_MEMROM0 storage V_MEMROM1 vartype V_MEMROM2"
000008fa 5f434f4e53542873
00000902 746f726167652c76
0000090a 6172747970652c6d
00000912 656d636c61737329
0000091a 20565f4d454d524f
00000922 4d302073746f7261
0000092a 676520565f4d454d
00000932 524f4d3120766172
0000093a 7479706520565f4d
00000942 454d524f4d3200  
00000949 01                549		.byte	1
0000094a bc02              550		.byte	188,2
0000094c 565354445f444546  551		.strz	"VSTD_DEF_FUNC_API(storage,rettype,memclass) VSTD_API_0 storage VSTD_API_1 rettype"
00000954 5f46554e435f4150
0000095c 492873746f726167
00000964 652c726574747970
0000096c 652c6d656d636c61
00000974 7373292056535444
0000097c 5f4150495f302073
00000984 746f726167652056
0000098c 5354445f4150495f
00000994 3120726574747970
0000099c 6500            
0000099e 01                552		.byte	1
0000099f dd02              553		.byte	221,2
000009a1 565354445f454e41  554		.strz	"VSTD_ENABLE_INTCTRL_HANDLING "
000009a9 424c455f494e5443
000009b1 54524c5f48414e44
000009b9 4c494e472000    
000009bf 01                555		.byte	1
000009c0 fd02              556		.byte	253,2
000009c2 565354445f484c5f  557		.strz	"VSTD_HL_USE_VSTD_MEMCLR "
000009ca 5553455f56535444
000009d2 5f4d454d434c5220
000009da 00              
000009db 01                558		.byte	1
000009dc fe02              559		.byte	254,2
000009de 565354445f484c5f  560		.strz	"VSTD_HL_USE_VSTD_MEMSET "
000009e6 5553455f56535444
000009ee 5f4d454d53455420
000009f6 00              
000009f7 01                561		.byte	1
000009f8 ff02              562		.byte	255,2
000009fa 565354445f484c5f  563		.strz	"VSTD_HL_USE_VSTD_RAMMEMCPY "
00000a02 5553455f56535444
00000a0a 5f52414d4d454d43
00000a12 50592000        
00000a16 01                564		.byte	1
00000a17 8003              565		.byte	128,3
00000a19 565354445f484c5f  566		.strz	"VSTD_HL_USE_VSTD_ROMMEMCPY "
00000a21 5553455f56535444
00000a29 5f524f4d4d454d43
00000a31 50592000        
00000a35 01                567		.byte	1
00000a36 8103              568		.byte	129,3
00000a38 565354445f484c5f  569		.strz	"VSTD_HL_USE_VSTD_WORD_MEMCPY "
00000a40 5553455f56535444
00000a48 5f574f52445f4d45
00000a50 4d4350592000    
00000a56 01                570		.byte	1
00000a57 8203              571		.byte	130,3
00000a59 565354445f484c5f  572		.strz	"VSTD_HL_USE_VSTD_DWORD_MEMCPY "
00000a61 5553455f56535444
00000a69 5f44574f52445f4d
00000a71 454d4350592000  
00000a78 01                573		.byte	1
00000a79 9305              574		.byte	147,5
00000a7b 565354445f4e4f49  575		.strz	"VSTD_NOINLINE_PRE "
00000a83 4e4c494e455f5052
00000a8b 452000          
00000a8e 01                576		.byte	1
00000a8f 9605              577		.byte	150,5
00000a91 565354445f4e4f49  578		.strz	"VSTD_NOINLINE_POST "
00000a99 4e4c494e455f504f
00000aa1 53542000        
00000aa5 04                579		.byte	4
00000aa6 01                580		.byte	1
00000aa7 9308              581		.byte	147,8
00000aa9 565f4e4f4e452000  582		.strz	"V_NONE "
00000ab1 01                583		.byte	1
00000ab2 9708              584		.byte	151,8
00000ab4 435f43414c4c4241  585		.strz	"C_CALLBACK_1 "
00000abc 434b5f312000    
00000ac2 01                586		.byte	1
00000ac3 9a08              587		.byte	154,8
00000ac5 435f43414c4c4241  588		.strz	"C_CALLBACK_2 "
00000acd 434b5f322000    

                                   Fri Apr 24 16:52:42 2020           Page 12
                                   Fri Apr 24 16:52:42 2020    gh_00006ek1.s
00000ad3 01                589		.byte	1
00000ad4 9d08              590		.byte	157,8
00000ad6 435f4150495f3120  591		.strz	"C_API_1 "
00000ade 00              
00000adf 01                592		.byte	1
00000ae0 a008              593		.byte	160,8
00000ae2 435f4150495f3220  594		.strz	"C_API_2 "
00000aea 00              
00000aeb 01                595		.byte	1
00000aec a308              596		.byte	163,8
00000aee 435f4150495f3320  597		.strz	"C_API_3 "
00000af6 00              
00000af7 01                598		.byte	1
00000af8 a808              599		.byte	168,8
00000afa 565f4445465f5641  600		.strz	"V_DEF_VAR_TYPE(storage,vartype) typedef storage V_MEMRAM1 vartype V_MEMRAM2"
00000b02 525f545950452873
00000b0a 746f726167652c76
00000b12 6172747970652920
00000b1a 7479706564656620
00000b22 73746f7261676520
00000b2a 565f4d454d52414d
00000b32 3120766172747970
00000b3a 6520565f4d454d52
00000b42 414d3200        
00000b46 01                601		.byte	1
00000b47 ab08              602		.byte	171,8
00000b49 565f4445465f5032  603		.strz	"V_DEF_P2VAR_TYPE(storage,ptrtype,ptrclass) typedef storage V_MEMRAM1 ptrtype V_MEMRAM2 *"
00000b51 5641525f54595045
00000b59 2873746f72616765
00000b61 2c70747274797065
00000b69 2c707472636c6173
00000b71 7329207479706564
00000b79 65662073746f7261
00000b81 676520565f4d454d
00000b89 52414d3120707472
00000b91 7479706520565f4d
00000b99 454d52414d32202a
00000ba1 00              
00000ba2 01                604		.byte	1
00000ba3 ae08              605		.byte	174,8
00000ba5 565f4445465f5032  606		.strz	"V_DEF_P2SFR_CAN_TYPE(storage,ptrtype) typedef storage V_MEMRAM1 ptrtype MEMORY_CAN *"
00000bad 5346525f43414e5f
00000bb5 545950452873746f
00000bbd 726167652c707472
00000bc5 7479706529207479
00000bcd 7065646566207374
00000bd5 6f7261676520565f
00000bdd 4d454d52414d3120
00000be5 7074727479706520
00000bed 4d454d4f52595f43
00000bf5 414e202a00      
00000bfa 01                607		.byte	1
00000bfb b108              608		.byte	177,8
00000bfd 565f4445465f434f  609		.strz	"V_DEF_CONST(storage,type,memclass) V_MEMROM0 storage V_MEMROM1 type V_MEMROM2"
00000c05 4e53542873746f72
00000c0d 6167652c74797065
00000c15 2c6d656d636c6173
00000c1d 732920565f4d454d
00000c25 524f4d302073746f
00000c2d 7261676520565f4d
00000c35 454d524f4d312074
00000c3d 79706520565f4d45
00000c45 4d524f4d3200    
00000c4b 01                610		.byte	1
00000c4c b708              611		.byte	183,8
00000c4e 565f4445465f5032  612		.strz	"V_DEF_P2CONST_TYPE(storage,ptrtype,ptrclass) typedef storage V_MEMROM1 ptrtype V_MEMROM2 V_MEMROM3 *"
00000c56 434f4e53545f5459
00000c5e 50452873746f7261
00000c66 67652c7074727479
00000c6e 70652c707472636c
00000c76 6173732920747970
00000c7e 656465662073746f
00000c86 7261676520565f4d
00000c8e 454d524f4d312070
00000c96 7472747970652056
00000c9e 5f4d454d524f4d32
00000ca6 20565f4d454d524f
00000cae 4d33202a00      
00000cb3 04                613		.byte	4
00000cb4 01                614		.byte	1
00000cb5 3b                615		.byte	59
00000cb6 5647454e5f44454c  616		.strz	"VGEN_DELIVERY_VERSION_BYTE_0 0x01"
00000cbe 49564552595f5645
00000cc6 5253494f4e5f4259
00000cce 54455f3020307830
00000cd6 3100            
00000cd8 01                617		.byte	1
00000cd9 3c                618		.byte	60
00000cda 5647454e5f44454c  619		.strz	"VGEN_DELIVERY_VERSION_BYTE_1 0x02"
00000ce2 49564552595f5645
00000cea 5253494f4e5f4259
00000cf2 54455f3120307830
00000cfa 3200            
00000cfc 01                620		.byte	1
00000cfd 3d                621		.byte	61
00000cfe 5647454e5f44454c  622		.strz	"VGEN_DELIVERY_VERSION_BYTE_2 0x12"
00000d06 49564552595f5645
00000d0e 5253494f4e5f4259
00000d16 54455f3220307831
00000d1e 3200            
00000d20 01                623		.byte	1
00000d21 45                624		.byte	69
00000d22 6b47454e79566572  625		.strz	"kGENyVersionNumberOfBytes 10"
00000d2a 73696f6e4e756d62
00000d32 65724f6642797465
00000d3a 7320313000      
00000d3f 04                626		.byte	4
00000d40 03                627		.byte	3
00000d41 46                628		.byte	70
00000d42 09                629		.byte	9
00000d43 01                630		.byte	1
00000d44 d903              631		.byte	217,3
00000d46 44525643414e5f4d  632		.strz	"DRVCAN_MAC7100FLEXCANHLL_VERSION 0x0303u"
00000d4e 414337313030464c
00000d56 455843414e484c4c
00000d5e 5f56455253494f4e
00000d66 2030783033303375
00000d6e 00              
00000d6f 01                633		.byte	1
00000d70 da03              634		.byte	218,3
00000d72 44525643414e5f4d  635		.strz	"DRVCAN_MAC7100FLEXCANHLL_RELEASE_VERSION 0x11u"
00000d7a 414337313030464c
00000d82 455843414e484c4c
00000d8a 5f52454c45415345
00000d92 5f56455253494f4e
00000d9a 20307831317500  
00000da1 01                636		.byte	1
00000da2 f603              637		.byte	246,3
00000da4 435f53494e474c45  638		.strz	"C_SINGLE_RECEIVE_CHANNEL "
00000dac 5f52454345495645
00000db4 5f4348414e4e454c
00000dbc 2000            
00000dbe 01                639		.byte	1
00000dbf fb03              640		.byte	251,3
00000dc1 435f454e41424c45  641		.strz	"C_ENABLE_CAN_TRANSMIT "
00000dc9 5f43414e5f545241
00000dd1 4e534d49542000  
00000dd8 01                642		.byte	1
00000dd9 8004              643		.byte	128,4
00000ddb 435f454e41424c45  644		.strz	"C_ENABLE_OFFLINE "
00000de3 5f4f46464c494e45
00000deb 2000            

                                   Fri Apr 24 16:52:42 2020           Page 13
                                   Fri Apr 24 16:52:42 2020    gh_00006ek1.s
00000ded 01                645		.byte	1
00000dee 8404              646		.byte	132,4
00000df0 435f454e41424c45  647		.strz	"C_ENABLE_STOP "
00000df8 5f53544f502000  
00000dff 01                648		.byte	1
00000e00 a004              649		.byte	160,4
00000e02 435f454e41424c45  650		.strz	"C_ENABLE_INDIVIDUAL_BUFFER_MASKING "
00000e0a 5f494e4449564944
00000e12 55414c5f42554646
00000e1a 45525f4d41534b49
00000e22 4e472000        
00000e26 01                651		.byte	1
00000e27 db04              652		.byte	219,4
00000e29 6b43616e4e756d62  653		.strz	"kCanNumberOfRxBasicMasks 1"
00000e31 65724f6652784261
00000e39 7369634d61736b73
00000e41 203100          
00000e44 01                654		.byte	1
00000e45 f004              655		.byte	240,4
00000e47 435f44495341424c  656		.strz	"C_DISABLE_CAN_ISR_LOCK "
00000e4f 455f43414e5f4953
00000e57 525f4c4f434b2000
00000e5f 01                657		.byte	1
00000e60 f905              658		.byte	249,5
00000e62 6b43616e54784861  659		.strz	"kCanTxHandleNotUsed ((CanTransmitHandle) 0xFFFFFFFFU)"
00000e6a 6e646c654e6f7455
00000e72 7365642028284361
00000e7a 6e5472616e736d69
00000e82 7448616e646c6529
00000e8a 2030784646464646
00000e92 464646552900    
00000e98 01                660		.byte	1
00000e99 a506              661		.byte	165,6
00000e9b 43414e5f4348414e  662		.strz	"CAN_CHANNEL_CANTYPE_ONLY void"
00000ea3 4e454c5f43414e54
00000eab 5950455f4f4e4c59
00000eb3 20766f696400    
00000eb9 01                663		.byte	1
00000eba a606              664		.byte	166,6
00000ebc 43414e5f4348414e  665		.strz	"CAN_CHANNEL_CANTYPE_FIRST "
00000ec4 4e454c5f43414e54
00000ecc 5950455f46495253
00000ed4 542000          
00000ed7 01                666		.byte	1
00000ed8 ea06              667		.byte	234,6
00000eda 6b43616e4e756d62  668		.strz	"kCanNumberOfConfBytes ((kCanNumberOfConfFlags + 7)/8)"
00000ee2 65724f66436f6e66
00000eea 4279746573202828
00000ef2 6b43616e4e756d62
00000efa 65724f66436f6e66
00000f02 466c616773202b20
00000f0a 37292f382900    
00000f10 01                669		.byte	1
00000f11 a407              670		.byte	164,7
00000f13 43616e4765745478  671		.strz	"CanGetTxDlc(i) (CanTxDLC[i])"
00000f1b 446c632869292028
00000f23 43616e5478444c43
00000f2b 5b695d2900      
00000f30 01                672		.byte	1
00000f31 a507              673		.byte	165,7
00000f33 43616e4765745478  674		.strz	"CanGetTxDataPtr(i) (CanTxDataPtr[i])"
00000f3b 4461746150747228
00000f43 6929202843616e54
00000f4b 7844617461507472
00000f53 5b695d2900      
00000f58 01                675		.byte	1
00000f59 a607              676		.byte	166,7
00000f5b 43616e476574436f  677		.strz	"CanGetConfirmationOffset(i) (CanConfirmationOffset[i])"
00000f63 6e6669726d617469
00000f6b 6f6e4f6666736574
00000f73 286929202843616e
00000f7b 436f6e6669726d61
00000f83 74696f6e4f666673
00000f8b 65745b695d2900  
00000f92 01                678		.byte	1
00000f93 a707              679		.byte	167,7
00000f95 43616e476574436f  680		.strz	"CanGetConfirmationMask(i) (CanConfirmationMask[i])"
00000f9d 6e6669726d617469
00000fa5 6f6e4d61736b2869
00000fad 29202843616e436f
00000fb5 6e6669726d617469
00000fbd 6f6e4d61736b5b69
00000fc5 5d2900          
00000fc8 01                681		.byte	1
00000fc9 bf07              682		.byte	191,7
00000fcb 43616e4765745278  683		.strz	"CanGetRxDataLen(i) (CanRxDataLen[i])"
00000fd3 446174614c656e28
00000fdb 6929202843616e52
00000fe3 78446174614c656e
00000feb 5b695d2900      
00000ff0 01                684		.byte	1
00000ff1 c107              685		.byte	193,7
00000ff3 43616e4765745278  686		.strz	"CanGetRxDataPtr(i) (CanRxDataPtr[i])"
00000ffb 4461746150747228
00001003 6929202843616e52
0000100b 7844617461507472
00001013 5b695d2900      
00001018 01                687		.byte	1
00001019 c207              688		.byte	194,7
0000101b 43616e476574496e  689		.strz	"CanGetIndicationOffset(i) (CanIndicationOffset[i])"
00001023 6469636174696f6e
0000102b 4f66667365742869
00001033 29202843616e496e
0000103b 6469636174696f6e
00001043 4f66667365745b69
0000104b 5d2900          
0000104e 01                690		.byte	1
0000104f c307              691		.byte	195,7
00001051 43616e476574496e  692		.strz	"CanGetIndicationMask(i) (CanIndicationMask[i])"
00001059 6469636174696f6e
00001061 4d61736b28692920
00001069 2843616e496e6469
00001071 636174696f6e4d61
00001079 736b5b695d2900  
00001080 01                693		.byte	1
00001081 bb08              694		.byte	187,8
00001083 58545f54585f444c  695		.strz	"XT_TX_DLC(dlc) ((vuint8)((vuint8)(dlc) & (vuint8)0x0F))"
0000108b 4328646c63292028
00001093 287675696e743829
0000109b 28287675696e7438
000010a3 2928646c63292026
000010ab 20287675696e7438
000010b3 2930783046292900
000010bb 01                696		.byte	1
000010bc dd0a              697		.byte	221,10
000010be 4d454d4f52595f43  698		.strz	"MEMORY_CAN "
000010c6 414e2000        
000010ca 01                699		.byte	1
000010cb f70a              700		.byte	247,10

                                   Fri Apr 24 16:52:42 2020           Page 14
                                   Fri Apr 24 16:52:42 2020    gh_00006ek1.s
000010cd 435f464c45584341  701		.strz	"C_FLEXCAN_ISR_GROUP_B "
000010d5 4e5f4953525f4752
000010dd 4f55505f422000  
000010e4 01                702		.byte	1
000010e5 ac0b              703		.byte	172,11
000010e7 6b43616e4d61784d  704		.strz	"kCanMaxMB ((vuint16)32)"
000010ef 422028287675696e
000010f7 7431362933322900
000010ff 01                705		.byte	1
00001100 e917              706		.byte	233,23
00001102 435f454e41424c45  707		.strz	"C_ENABLE_ISR_PROTOTYPE "
0000110a 5f4953525f50524f
00001112 544f545950452000
0000111a 04                708		.byte	4
0000111b 04                709		.byte	4
0000111c 03                710		.byte	3
0000111d 32                711		.byte	50
0000111e 0a                712		.byte	10
0000111f 04                713		.byte	4
00001120 03                714		.byte	3
00001121 34                715		.byte	52
00001122 0b                716		.byte	11
00001123 01                717		.byte	1
00001124 d303              718		.byte	211,3
00001126 54505f49534f3135  719		.strz	"TP_ISO15765_VERSION 0x0401"
0000112e 3736355f56455253
00001136 494f4e2030783034
0000113e 303100          
00001141 01                720		.byte	1
00001142 d403              721		.byte	212,3
00001144 54505f49534f3135  722		.strz	"TP_ISO15765_RELEASE_VERSION 0x00"
0000114c 3736355f52454c45
00001154 4153455f56455253
0000115c 494f4e2030783030
00001164 00              
00001165 03                723		.byte	3
00001166 dd03              724		.byte	221,3
00001168 0c                725		.byte	12
00001169 03                726		.byte	3
0000116a 2f                727		.byte	47
0000116b 0d                728		.byte	13
0000116c 03                729		.byte	3
0000116d 30                730		.byte	48
0000116e 02                731		.byte	2
0000116f 04                732		.byte	4
00001170 04                733		.byte	4
00001171 01                734		.byte	1
00001172 30                735		.byte	48
00001173 54505f4d454d4f52  736		.strz	"TP_MEMORY_MODEL_DATA "
0000117b 595f4d4f44454c5f
00001183 444154412000    
00001189 01                737		.byte	1
0000118a 32                738		.byte	50
0000118b 54505f454e41424c  739		.strz	"TP_ENABLE_SINGLE_MSG_OBJ "
00001193 455f53494e474c45
0000119b 5f4d53475f4f424a
000011a3 2000            
000011a5 01                740		.byte	1
000011a6 36                741		.byte	54
000011a7 6b54704e756d6265  742		.strz	"kTpNumberOfCanChannels 1"
000011af 724f6643616e4368
000011b7 616e6e656c732031
000011bf 00              
000011c0 01                743		.byte	1
000011c1 38                744		.byte	56
000011c2 6b54704f6e203100  745		.strz	"kTpOn 1"
000011ca 01                746		.byte	1
000011cb 3c                747		.byte	60
000011cc 6b54704f66662030  748		.strz	"kTpOff 0"
000011d4 00              
000011d5 01                749		.byte	1
000011d6 4a                750		.byte	74
000011d7 54505f5553455f49  751		.strz	"TP_USE_ISO_COMPLIANCE kTpOn"
000011df 534f5f434f4d504c
000011e7 49414e4345206b54
000011ef 704f6e00        
000011f3 01                752		.byte	1
000011f4 4b                753		.byte	75
000011f5 54505f5553455f46  754		.strz	"TP_USE_FAST_PRECOPY kTpOff"
000011fd 4153545f50524543
00001205 4f5059206b54704f
0000120d 666600          
00001210 01                755		.byte	1
00001211 4c                756		.byte	76

                                   Fri Apr 24 16:52:42 2020           Page 15
                                   Fri Apr 24 16:52:42 2020    gh_00006ek1.s
00001212 54505f5553455f44  757		.strz	"TP_USE_DIAGPRECOPY kTpOff"
0000121a 494147505245434f
00001222 5059206b54704f66
0000122a 6600            
0000122c 01                758		.byte	1
0000122d 4e                759		.byte	78
0000122e 54505f454e41424c  760		.strz	"TP_ENABLE_ISO_15765_2_2 "
00001236 455f49534f5f3135
0000123e 3736355f325f3220
00001246 00              
00001247 01                761		.byte	1
00001248 50                762		.byte	80
00001249 54505f4449534142  763		.strz	"TP_DISABLE_OBD_PRECOPY "
00001251 4c455f4f42445f50
00001259 5245434f50592000
00001261 01                764		.byte	1
00001262 56                765		.byte	86
00001263 54505f5553455f45  766		.strz	"TP_USE_EXTENDED_API_BS kTpOff"
0000126b 5854454e4445445f
00001273 4150495f4253206b
0000127b 54704f666600    
00001281 01                767		.byte	1
00001282 57                768		.byte	87
00001283 54505f5553455f45  769		.strz	"TP_USE_EXTENDED_API_STMIN kTpOff"
0000128b 5854454e4445445f
00001293 4150495f53544d49
0000129b 4e206b54704f6666
000012a3 00              
000012a4 01                770		.byte	1
000012a5 58                771		.byte	88
000012a6 54505f5553455f54  772		.strz	"TP_USE_TX_OF_FC_IN_ISR kTpOn"
000012ae 585f4f465f46435f
000012b6 494e5f495352206b
000012be 54704f6e00      
000012c3 01                773		.byte	1
000012c4 59                774		.byte	89
000012c5 54505f5553455f4f  775		.strz	"TP_USE_OVERRUN_INDICATION kTpOff"
000012cd 56455252554e5f49
000012d5 4e4449434154494f
000012dd 4e206b54704f6666
000012e5 00              
000012e6 01                776		.byte	1
000012e7 5a                777		.byte	90
000012e8 54505f5553455f4f  778		.strz	"TP_USE_ONLY_FIRST_FC kTpOn"
000012f0 4e4c595f46495253
000012f8 545f4643206b5470
00001300 4f6e00          
00001303 01                779		.byte	1
00001304 5b                780		.byte	91
00001305 54505f5553455f46  781		.strz	"TP_USE_FAST_TX_TRANSMISSION kTpOff"
0000130d 4153545f54585f54
00001315 52414e534d495353
0000131d 494f4e206b54704f
00001325 666600          
00001328 01                782		.byte	1
00001329 5c                783		.byte	92
0000132a 54505f5553455f51  784		.strz	"TP_USE_QUEUE_IN_ISR kTpOn"
00001332 554555455f494e5f
0000133a 495352206b54704f
00001342 6e00            
00001344 01                785		.byte	1
00001345 5d                786		.byte	93
00001346 54505f5553455f4e  787		.strz	"TP_USE_NO_STMIN_AFTER_FC kTpOff"
0000134e 4f5f53544d494e5f
00001356 41465445525f4643
0000135e 206b54704f666600
00001366 01                788		.byte	1
00001367 5e                789		.byte	94
00001368 4d454d4f52595f4e  790		.strz	"MEMORY_NEAR_TP_SAVE MEMORY_NEAR"
00001370 4541525f54505f53
00001378 415645204d454d4f
00001380 52595f4e45415200
00001388 01                791		.byte	1
00001389 5f                792		.byte	95
0000138a 54505f5553455f54  793		.strz	"TP_USE_TX_HANDLE_CHANGEABLE kTpOff"
00001392 585f48414e444c45
0000139a 5f4348414e474541
000013a2 424c45206b54704f
000013aa 666600          
000013ad 01                794		.byte	1
000013ae 60                795		.byte	96
000013af 54505f5553455f47  796		.strz	"TP_USE_GATEWAY_API kTpOff"
000013b7 4154455741595f41
000013bf 5049206b54704f66
000013c7 6600            
000013c9 01                797		.byte	1
000013ca 61                798		.byte	97
000013cb 54505f5553455f52  799		.strz	"TP_USE_RX_CHANNEL_WITHOUT_FC kTpOff"
000013d3 585f4348414e4e45
000013db 4c5f574954484f55
000013e3 545f4643206b5470
000013eb 4f666600        
000013ef 01                800		.byte	1
000013f0 62                801		.byte	98
000013f1 54505f5553455f54  802		.strz	"TP_USE_TX_CHANNEL_WITHOUT_FC kTpOff"
000013f9 585f4348414e4e45
00001401 4c5f574954484f55
00001409 545f4643206b5470
00001411 4f666600        
00001415 01                803		.byte	1
00001416 63                804		.byte	99
00001417 54505f5553455f4f  805		.strz	"TP_USE_OLD_STMIN_CALCULATION kTpOff"
0000141f 4c445f53544d494e
00001427 5f43414c43554c41
0000142f 54494f4e206b5470
00001437 4f666600        
0000143b 01                806		.byte	1
0000143c 66                807		.byte	102
0000143d 54505f5553455f50  808		.strz	"TP_USE_PADDING kTpOn"
00001445 414444494e47206b
0000144d 54704f6e00      
00001452 01                809		.byte	1
00001453 67                810		.byte	103
00001454 54505f5041444449  811		.strz	"TP_PADDING_PATTERN 0x00"
0000145c 4e475f5041545445
00001464 524e203078303000
0000146c 01                812		.byte	1

                                   Fri Apr 24 16:52:42 2020           Page 16
                                   Fri Apr 24 16:52:42 2020    gh_00006ek1.s
0000146d 68                813		.byte	104
0000146e 54505f5553455f56  814		.strz	"TP_USE_VARIABLE_DLC kTpOff"
00001476 41524941424c455f
0000147e 444c43206b54704f
00001486 666600          
00001489 01                815		.byte	1
0000148a 69                816		.byte	105
0000148b 54505f4449534142  817		.strz	"TP_DISABLE_IGNORE_FC_RES_STMIN "
00001493 4c455f49474e4f52
0000149b 455f46435f524553
000014a3 5f53544d494e2000
000014ab 01                818		.byte	1
000014ac 6a                819		.byte	106
000014ad 54505f4449534142  820		.strz	"TP_DISABLE_CANCEL_FC_RES_STMIN "
000014b5 4c455f43414e4345
000014bd 4c5f46435f524553
000014c5 5f53544d494e2000
000014cd 01                821		.byte	1
000014ce 6b                822		.byte	107
000014cf 54505f4449534142  823		.strz	"TP_DISABLE_IGNORE_FC_OVFL "
000014d7 4c455f49474e4f52
000014df 455f46435f4f5646
000014e7 4c2000          
000014ea 01                824		.byte	1
000014eb 6c                825		.byte	108
000014ec 54505f4449534142  826		.strz	"TP_DISABLE_WAIT_FOR_CORRECT_SN "
000014f4 4c455f574149545f
000014fc 464f525f434f5252
00001504 4543545f534e2000
0000150c 01                827		.byte	1
0000150d 6d                828		.byte	109
0000150e 54505f4449534142  829		.strz	"TP_DISABLE_SINGLE_CHAN_MULTICONN "
00001516 4c455f53494e474c
0000151e 455f4348414e5f4d
00001526 554c5449434f4e4e
0000152e 2000            
00001530 01                830		.byte	1
00001531 6e                831		.byte	110
00001532 54505f4449534142  832		.strz	"TP_DISABLE_FC_WAIT "
0000153a 4c455f46435f5741
00001542 49542000        
00001546 01                833		.byte	1
00001547 6f                834		.byte	111
00001548 54505f5553455f55  835		.strz	"TP_USE_UNEXPECTED_FC_CANCELATION kTpOff"
00001550 4e45585045435445
00001558 445f46435f43414e
00001560 43454c4154494f4e
00001568 206b54704f666600
00001570 01                836		.byte	1
00001571 70                837		.byte	112
00001572 54505f4449534142  838		.strz	"TP_DISABLE_EXT_COPYFROMCAN_API "
0000157a 4c455f4558545f43
00001582 4f505946524f4d43
0000158a 414e5f4150492000
00001592 01                839		.byte	1
00001593 77                840		.byte	119
00001594 54505f5553455f4e  841		.strz	"TP_USE_NORMAL_ADDRESSING kTpOn"
0000159c 4f524d414c5f4144
000015a4 4452455353494e47
000015ac 206b54704f6e00  
000015b3 01                842		.byte	1
000015b4 78                843		.byte	120
000015b5 54505f5553455f4e  844		.strz	"TP_USE_NORMAL_FIXED_ADDRESSING kTpOff"
000015bd 4f524d414c5f4649
000015c5 5845445f41444452
000015cd 455353494e47206b
000015d5 54704f666600    
000015db 01                845		.byte	1
000015dc 79                846		.byte	121
000015dd 54505f5553455f45  847		.strz	"TP_USE_EXTENDED_ADDRESSING kTpOff"
000015e5 5854454e4445445f
000015ed 4144445245535349
000015f5 4e47206b54704f66
000015fd 6600            
000015ff 01                848		.byte	1
00001600 7a                849		.byte	122
00001601 54505f5553455f4d  850		.strz	"TP_USE_MIXED_11_ADDRESSING kTpOff"
00001609 495845445f31315f
00001611 4144445245535349
00001619 4e47206b54704f66
00001621 6600            
00001623 01                851		.byte	1
00001624 7b                852		.byte	123
00001625 54505f5553455f4d  853		.strz	"TP_USE_MIXED_29_ADDRESSING kTpOff"
0000162d 495845445f32395f
00001635 4144445245535349
0000163d 4e47206b54704f66
00001645 6600            
00001647 01                854		.byte	1
00001648 7c                855		.byte	124
00001649 54505f454e41424c  856		.strz	"TP_ENABLE_SINGLE_CHANNEL_TP "
00001651 455f53494e474c45
00001659 5f4348414e4e454c
00001661 5f54502000      
00001666 01                857		.byte	1
00001667 7d                858		.byte	125
00001668 54505f4449534142  859		.strz	"TP_DISABLE_MULTIPLE_ADDRESSING "
00001670 4c455f4d554c5449
00001678 504c455f41444452
00001680 455353494e472000
00001688 01                860		.byte	1
00001689 8b01              861		.byte	139,1
0000168b 54505f5553455f50  862		.strz	"TP_USE_PRE_COPY_CHECK kTpOff"
00001693 52455f434f50595f
0000169b 434845434b206b54
000016a3 704f666600      
000016a8 01                863		.byte	1
000016a9 8c01              864		.byte	140,1
000016ab 54505f5553455f41  865		.strz	"TP_USE_APPL_PRECOPY kTpOff"
000016b3 50504c5f50524543
000016bb 4f5059206b54704f
000016c3 666600          
000016c6 01                866		.byte	1
000016c7 8e01              867		.byte	142,1
000016c9 54505f5553455f43  868		.strz	"TP_USE_CUSTOM_RX_MEMCPY kTpOff"
000016d1 5553544f4d5f5258
000016d9 5f4d454d43505920
000016e1 6b54704f666600  

                                   Fri Apr 24 16:52:42 2020           Page 17
                                   Fri Apr 24 16:52:42 2020    gh_00006ek1.s
000016e8 01                869		.byte	1
000016e9 9601              870		.byte	150,1
000016eb 54505f5553455f53  871		.strz	"TP_USE_STMIN_OF_FC kTpOn"
000016f3 544d494e5f4f465f
000016fb 4643206b54704f6e
00001703 00              
00001704 01                872		.byte	1
00001705 9801              873		.byte	152,1
00001707 54505f5553455f44  874		.strz	"TP_USE_DYN_ID kTpOff"
0000170f 594e5f4944206b54
00001717 704f666600      
0000171c 01                875		.byte	1
0000171d 9901              876		.byte	153,1
0000171f 54505f5553455f43  877		.strz	"TP_USE_CUSTOM_TX_MEMCPY kTpOn"
00001727 5553544f4d5f5458
0000172f 5f4d454d43505920
00001737 6b54704f6e00    
0000173d 01                878		.byte	1
0000173e a001              879		.byte	160,1
00001740 54505f5553455f57  880		.strz	"TP_USE_WAIT_FRAMES kTpOff"
00001748 4149545f4652414d
00001750 4553206b54704f66
00001758 6600            
0000175a 01                881		.byte	1
0000175b a101              882		.byte	161,1
0000175d 54505f5553455f4d  883		.strz	"TP_USE_MULTIPLE_BASEADDRESS kTpOff"
00001765 554c5449504c455f
0000176d 4241534541444452
00001775 455353206b54704f
0000177d 666600          
00001780 01                884		.byte	1
00001781 a201              885		.byte	162,1
00001783 54505f5553455f50  886		.strz	"TP_USE_PRE_DISPATCHED_MODE kTpOff"
0000178b 52455f4449535041
00001793 54434845445f4d4f
0000179b 4445206b54704f66
000017a3 6600            
000017a5 01                887		.byte	1
000017a6 a901              888		.byte	169,1
000017a8 54505f5553455f45  889		.strz	"TP_USE_EXT_IDS_FOR_NORMAL kTpOff"
000017b0 58545f4944535f46
000017b8 4f525f4e4f524d41
000017c0 4c206b54704f6666
000017c8 00              
000017c9 01                890		.byte	1
000017ca aa01              891		.byte	170,1
000017cc 54505f5553455f4d  892		.strz	"TP_USE_MIXED_IDS_FOR_NORMAL kTpOff"
000017d4 495845445f494453
000017dc 5f464f525f4e4f52
000017e4 4d414c206b54704f
000017ec 666600          
000017ef 01                893		.byte	1
000017f0 b101              894		.byte	177,1
000017f2 54505f4449534142  895		.strz	"TP_DISABLE_MIN_TIMER "
000017fa 4c455f4d494e5f54
00001802 494d45522000    
00001808 01                896		.byte	1
00001809 b201              897		.byte	178,1
0000180b 6b54705478436861  898		.strz	"kTpTxChannelCount 1"
00001813 6e6e656c436f756e
0000181b 74203100        
0000181f 01                899		.byte	1
00001820 b301              900		.byte	179,1
00001822 6b54705278436861  901		.strz	"kTpRxChannelCount 1"
0000182a 6e6e656c436f756e
00001832 74203100        
00001836 01                902		.byte	1
00001837 c201              903		.byte	194,1
00001839 54505f4449534142  904		.strz	"TP_DISABLE_CHECKTA_COMPATIBILITY "
00001841 4c455f434845434b
00001849 54415f434f4d5041
00001851 544942494c495459
00001859 2000            
0000185b 01                905		.byte	1
0000185c c901              906		.byte	201,1
0000185e 54505f46554e435f  907		.strz	"TP_FUNC_ENABLE_RECEPTION "
00001866 454e41424c455f52
0000186e 4543455054494f4e
00001876 2000            
00001878 01                908		.byte	1
00001879 d601              909		.byte	214,1
0000187b 54505f5553455f54  910		.strz	"TP_USE_TP_INDICATION kTpOn"
00001883 505f494e44494341
0000188b 54494f4e206b5470
00001893 4f6e00          
00001896 01                911		.byte	1
00001897 d801              912		.byte	216,1
00001899 54505f5553455f54  913		.strz	"TP_USE_TP_CONFIRMATION kTpOn"
000018a1 505f434f4e464952
000018a9 4d4154494f4e206b
000018b1 54704f6e00      
000018b6 01                914		.byte	1
000018b7 d901              915		.byte	217,1
000018b9 54505f5553455f54  916		.strz	"TP_USE_TP_RX_SF kTpOff"
000018c1 505f52585f534620
000018c9 6b54704f666600  
000018d0 01                917		.byte	1
000018d1 da01              918		.byte	218,1
000018d3 54505f5553455f54  919		.strz	"TP_USE_TP_RX_FF kTpOff"
000018db 505f52585f464620
000018e3 6b54704f666600  
000018ea 01                920		.byte	1
000018eb db01              921		.byte	219,1
000018ed 54505f5553455f54  922		.strz	"TP_USE_TP_RX_CF kTpOff"
000018f5 505f52585f434620
000018fd 6b54704f666600  
00001904 01                923		.byte	1
00001905 dc01              924		.byte	220,1

                                   Fri Apr 24 16:52:42 2020           Page 18
                                   Fri Apr 24 16:52:42 2020    gh_00006ek1.s
00001907 54505f5553455f54  925		.strz	"TP_USE_TP_NOTIFY_TX kTpOff"
0000190f 505f4e4f54494659
00001917 5f5458206b54704f
0000191f 666600          
00001922 01                926		.byte	1
00001923 dd01              927		.byte	221,1
00001925 54505f5553455f54  928		.strz	"TP_USE_TP_CAN_MESSAGE_TRANSMITTED kTpOff"
0000192d 505f43414e5f4d45
00001935 53534147455f5452
0000193d 414e534d49545445
00001945 44206b54704f6666
0000194d 00              
0000194e 01                929		.byte	1
0000194f de01              930		.byte	222,1
00001951 54505f5553455f54  931		.strz	"TP_USE_TP_TX_FC kTpOff"
00001959 505f54585f464320
00001961 6b54704f666600  
00001968 01                932		.byte	1
00001969 df01              933		.byte	223,1
0000196b 54505f5553455f54  934		.strz	"TP_USE_TP_RX_GET_BUFFER kTpOn"
00001973 505f52585f474554
0000197b 5f42554646455220
00001983 6b54704f6e00    
00001989 01                935		.byte	1
0000198a e001              936		.byte	224,1
0000198c 54505f5553455f54  937		.strz	"TP_USE_TX_ERROR_INDICATION kTpOn"
00001994 585f4552524f525f
0000199c 494e444943415449
000019a4 4f4e206b54704f6e
000019ac 00              
000019ad 01                938		.byte	1
000019ae 8002              939		.byte	128,2
000019b0 5f5f4170706c5470  940		.strz	"__ApplTpRxCanMessageTransmitted(tpChannel) "
000019b8 527843616e4d6573
000019c0 736167655472616e
000019c8 736d697474656428
000019d0 74704368616e6e65
000019d8 6c292000        
000019dc 01                941		.byte	1
000019dd 8102              942		.byte	129,2
000019df 5f5f4170706c5470  943		.strz	"__ApplTpTxDelayFinished(tpChannel,state) "
000019e7 547844656c617946
000019ef 696e697368656428
000019f7 74704368616e6e65
000019ff 6c2c737461746529
00001a07 2000            
00001a09 01                944		.byte	1
00001a0a 8602              945		.byte	134,2
00001a0c 54505f5041444449  946		.strz	"TP_PADDING_PATTERN 0xAA"
00001a14 4e475f5041545445
00001a1c 524e203078414100
00001a24 04                947		.byte	4
00001a25 01                948		.byte	1
00001a26 f003              949		.byte	240,3
00001a28 54505f454e41424c  950		.strz	"TP_ENABLE_NORMAL_ADDRESSING "
00001a30 455f4e4f524d414c
00001a38 5f41444452455353
00001a40 494e472000      
00001a45 01                951		.byte	1
00001a46 b504              952		.byte	181,4
00001a48 54505f4449534142  953		.strz	"TP_DISABLE_DYNAMIC_CHANNELS "
00001a50 4c455f44594e414d
00001a58 49435f4348414e4e
00001a60 454c532000      
00001a65 01                954		.byte	1
00001a66 c504              955		.byte	197,4
00001a68 54505f4449534142  956		.strz	"TP_DISABLE_VARIABLE_DLC "
00001a70 4c455f5641524941
00001a78 424c455f444c4320
00001a80 00              
00001a81 01                957		.byte	1
00001a82 a305              958		.byte	163,5
00001a84 54505f454e41424c  959		.strz	"TP_ENABLE_MF_RECEPTION "
00001a8c 455f4d465f524543
00001a94 455054494f4e2000
00001a9c 01                960		.byte	1
00001a9d b505              961		.byte	181,5
00001a9f 54505f5553455f4d  962		.strz	"TP_USE_MULTIPLE_ECU_NR kTpOff"
00001aa7 554c5449504c455f
00001aaf 4543555f4e52206b
00001ab7 54704f666600    
00001abd 01                963		.byte	1
00001abe e206              964		.byte	226,6
00001ac0 54505f454e41424c  965		.strz	"TP_ENABLE_FC_SUPPRESS "
00001ac8 455f46435f535550
00001ad0 50524553532000  
00001ad7 01                966		.byte	1
00001ad8 8207              967		.byte	130,7
00001ada 54505f454e41424c  968		.strz	"TP_ENABLE_FC_OVERFLOW "
00001ae2 455f46435f4f5645
00001aea 52464c4f572000  
00001af1 01                969		.byte	1
00001af2 9a08              970		.byte	154,8
00001af4 6b54704d61784361  971		.strz	"kTpMaxCanChannels 15"
00001afc 6e4368616e6e656c
00001b04 7320313500      
00001b09 04                972		.byte	4
00001b0a 04                973		.byte	4
00001b0b 03                974		.byte	3
00001b0c 33                975		.byte	51
00001b0d 0e                976		.byte	14
00001b0e 03                977		.byte	3
00001b0f 7c                978		.byte	124
00001b10 0f                979		.byte	15
00001b11 01                980		.byte	1

                                   Fri Apr 24 16:52:42 2020           Page 19
                                   Fri Apr 24 16:52:42 2020    gh_00006ek1.s
00001b12 33                981		.byte	51
00001b13 494c5f564543544f  982		.strz	"IL_VECTORDLL_VERSION 0x0120u"
00001b1b 52444c4c5f564552
00001b23 53494f4e20307830
00001b2b 3132307500      
00001b30 01                983		.byte	1
00001b31 34                984		.byte	52
00001b32 494c5f564543544f  985		.strz	"IL_VECTORDLL_RELEASE_VERSION 0x01u"
00001b3a 52444c4c5f52454c
00001b42 454153455f564552
00001b4a 53494f4e20307830
00001b52 317500          
00001b55 01                986		.byte	1
00001b56 35                987		.byte	53
00001b57 494c5f494d504c45  988		.strz	"IL_IMPLEMENTATION_VERSION 0x0202"
00001b5f 4d454e544154494f
00001b67 4e5f56455253494f
00001b6f 4e20307830323032
00001b77 00              
00001b78 01                989		.byte	1
00001b79 3c                990		.byte	60
00001b7a 494c5f4449534142  991		.strz	"IL_DISABLE_SYS_INIT_FCT "
00001b82 4c455f5359535f49
00001b8a 4e49545f46435420
00001b92 00              
00001b93 01                992		.byte	1
00001b94 3d                993		.byte	61
00001b95 494c5f454e41424c  994		.strz	"IL_ENABLE_TX "
00001b9d 455f54582000    
00001ba3 01                995		.byte	1
00001ba4 3e                996		.byte	62
00001ba5 494c5f4449534142  997		.strz	"IL_DISABLE_SYS_SIGNAL_INIT_FCT "
00001bad 4c455f5359535f53
00001bb5 49474e414c5f494e
00001bbd 49545f4643542000
00001bc5 01                998		.byte	1
00001bc6 40                999		.byte	64
00001bc7 494c5f4449534142 1000		.strz	"IL_DISABLE_TX_SIGNAL_START_FCT "
00001bcf 4c455f54585f5349
00001bd7 474e414c5f535441
00001bdf 52545f4643542000
00001be7 01               1001		.byte	1
00001be8 41               1002		.byte	65
00001be9 494c5f4449534142 1003		.strz	"IL_DISABLE_TX_SIGNAL_STOP_FCT "
00001bf1 4c455f54585f5349
00001bf9 474e414c5f53544f
00001c01 505f4643542000  
00001c08 01               1004		.byte	1
00001c09 42               1005		.byte	66
00001c0a 494c5f4449534142 1006		.strz	"IL_DISABLE_TX_CONFIRMATION_FLAG "
00001c12 4c455f54585f434f
00001c1a 4e4649524d415449
00001c22 4f4e5f464c414720
00001c2a 00              
00001c2b 01               1007		.byte	1
00001c2c 43               1008		.byte	67
00001c2d 494c5f4449534142 1009		.strz	"IL_DISABLE_TX_TIMEOUT_FLAG "
00001c35 4c455f54585f5449
00001c3d 4d454f55545f464c
00001c45 41472000        
00001c49 01               1010		.byte	1
00001c4a 44               1011		.byte	68
00001c4b 494c5f454e41424c 1012		.strz	"IL_ENABLE_TX_DEFAULTVALUE "
00001c53 455f54585f444546
00001c5b 41554c5456414c55
00001c63 452000          
00001c66 01               1013		.byte	1
00001c67 47               1014		.byte	71
00001c68 494c5f4449534142 1015		.strz	"IL_DISABLE_TX_START_DEFAULTVALUE "
00001c70 4c455f54585f5354
00001c78 4152545f44454641
00001c80 554c5456414c5545
00001c88 2000            
00001c8a 01               1016		.byte	1
00001c8b 48               1017		.byte	72
00001c8c 494c5f4449534142 1018		.strz	"IL_DISABLE_TX_STOP_DEFAULTVALUE "
00001c94 4c455f54585f5354
00001c9c 4f505f4445464155
00001ca4 4c5456414c554520
00001cac 00              
00001cad 01               1019		.byte	1
00001cae 4b               1020		.byte	75
00001caf 494c5f4449534142 1021		.strz	"IL_DISABLE_TX_TIMEOUT "
00001cb7 4c455f54585f5449
00001cbf 4d454f55542000  
00001cc6 01               1022		.byte	1
00001cc7 4c               1023		.byte	76
00001cc8 494c5f4449534142 1024		.strz	"IL_DISABLE_TX_SEND_ON_INIT "
00001cd0 4c455f54585f5345
00001cd8 4e445f4f4e5f494e
00001ce0 49542000        
00001ce4 01               1025		.byte	1
00001ce5 4d               1026		.byte	77
00001ce6 494c5f4449534142 1027		.strz	"IL_DISABLE_TX_FAST_ON_START "
00001cee 4c455f54585f4641
00001cf6 53545f4f4e5f5354
00001cfe 4152542000      
00001d03 01               1028		.byte	1
00001d04 4e               1029		.byte	78
00001d05 494c5f4449534142 1030		.strz	"IL_DISABLE_TX_SECURE_EVENT "
00001d0d 4c455f54585f5345
00001d15 435552455f455645
00001d1d 4e542000        
00001d21 01               1031		.byte	1
00001d22 4f               1032		.byte	79
00001d23 494c5f4449534142 1033		.strz	"IL_DISABLE_TX_CYCLIC_EVENT "
00001d2b 4c455f54585f4359
00001d33 434c49435f455645
00001d3b 4e542000        
00001d3f 01               1034		.byte	1
00001d40 50               1035		.byte	80
00001d41 494c5f454e41424c 1036		.strz	"IL_ENABLE_TX_POLLING "
00001d49 455f54585f504f4c
00001d51 4c494e472000    

                                   Fri Apr 24 16:52:42 2020           Page 20
                                   Fri Apr 24 16:52:42 2020    gh_00006ek1.s
00001d57 01               1037		.byte	1
00001d58 51               1038		.byte	81
00001d59 494c5f4449534142 1039		.strz	"IL_DISABLE_TX_INTERRUPT "
00001d61 4c455f54585f494e
00001d69 5445525255505420
00001d71 00              
00001d72 01               1040		.byte	1
00001d73 52               1041		.byte	82
00001d74 494c5f4449534142 1042		.strz	"IL_DISABLE_TX_VARYING_TIMEOUT "
00001d7c 4c455f54585f5641
00001d84 5259494e475f5449
00001d8c 4d454f55542000  
00001d93 01               1043		.byte	1
00001d94 53               1044		.byte	83
00001d95 494c5f4449534142 1045		.strz	"IL_DISABLE_TX_MODE_SIGNALS "
00001d9d 4c455f54585f4d4f
00001da5 44455f5349474e41
00001dad 4c532000        
00001db1 01               1046		.byte	1
00001db2 56               1047		.byte	86
00001db3 494c5f4449534142 1048		.strz	"IL_DISABLE_TX_STARTSTOP_CYCLIC "
00001dbb 4c455f54585f5354
00001dc3 41525453544f505f
00001dcb 4359434c49432000
00001dd3 01               1049		.byte	1
00001dd4 57               1050		.byte	87
00001dd5 494c5f4449534142 1051		.strz	"IL_DISABLE_SYS_ARGCHECK "
00001ddd 4c455f5359535f41
00001de5 5247434845434b20
00001ded 00              
00001dee 01               1052		.byte	1
00001def 58               1053		.byte	88
00001df0 494c5f454e41424c 1054		.strz	"IL_ENABLE_SYS_TESTDEBUG "
00001df8 455f5359535f5445
00001e00 5354444542554720
00001e08 00              
00001e09 01               1055		.byte	1
00001e0a 59               1056		.byte	89
00001e0b 494c5f454e41424c 1057		.strz	"IL_ENABLE_RX "
00001e13 455f52582000    
00001e19 01               1058		.byte	1
00001e1a 5a               1059		.byte	90
00001e1b 494c5f4449534142 1060		.strz	"IL_DISABLE_SYS_TX_START_FCT "
00001e23 4c455f5359535f54
00001e2b 585f53544152545f
00001e33 4643542000      
00001e38 01               1061		.byte	1
00001e39 5b               1062		.byte	91
00001e3a 494c5f4449534142 1063		.strz	"IL_DISABLE_SYS_TX_STOP_FCT "
00001e42 4c455f5359535f54
00001e4a 585f53544f505f46
00001e52 43542000        
00001e56 01               1064		.byte	1
00001e57 61               1065		.byte	97
00001e58 494c5f4449534142 1066		.strz	"IL_DISABLE_RX_SIGNAL_START_FCT "
00001e60 4c455f52585f5349
00001e68 474e414c5f535441
00001e70 52545f4643542000
00001e78 01               1067		.byte	1
00001e79 62               1068		.byte	98
00001e7a 494c5f4449534142 1069		.strz	"IL_DISABLE_RX_SIGNAL_STOP_FCT "
00001e82 4c455f52585f5349
00001e8a 474e414c5f53544f
00001e92 505f4643542000  
00001e99 01               1070		.byte	1
00001e9a 63               1071		.byte	99
00001e9b 494c5f4449534142 1072		.strz	"IL_DISABLE_RX_INDICATION_FLAG "
00001ea3 4c455f52585f494e
00001eab 4449434154494f4e
00001eb3 5f464c41472000  
00001eba 01               1073		.byte	1
00001ebb 64               1074		.byte	100
00001ebc 494c5f454e41424c 1075		.strz	"IL_ENABLE_RX_TIMEOUT_FLAG "
00001ec4 455f52585f54494d
00001ecc 454f55545f464c41
00001ed4 472000          
00001ed7 01               1076		.byte	1
00001ed8 65               1077		.byte	101
00001ed9 494c5f4449534142 1078		.strz	"IL_DISABLE_RX_FIRSTVALUE_FLAG "
00001ee1 4c455f52585f4649
00001ee9 52535456414c5545
00001ef1 5f464c41472000  
00001ef8 01               1079		.byte	1
00001ef9 66               1080		.byte	102
00001efa 494c5f4449534142 1081		.strz	"IL_DISABLE_RX_DATACHANGED_FLAG "
00001f02 4c455f52585f4441
00001f0a 54414348414e4745
00001f12 445f464c41472000
00001f1a 01               1082		.byte	1
00001f1b 67               1083		.byte	103
00001f1c 494c5f4449534142 1084		.strz	"IL_DISABLE_RX_DEFAULTVALUE "
00001f24 4c455f52585f4445
00001f2c 4641554c5456414c
00001f34 55452000        
00001f38 01               1085		.byte	1
00001f39 6d               1086		.byte	109
00001f3a 494c5f454e41424c 1087		.strz	"IL_ENABLE_RX_TIMEOUT "
00001f42 455f52585f54494d
00001f4a 454f55542000    
00001f50 01               1088		.byte	1
00001f51 6e               1089		.byte	110
00001f52 494c5f4449534142 1090		.strz	"IL_DISABLE_RX_POLLING "
00001f5a 4c455f52585f504f
00001f62 4c4c494e472000  
00001f69 01               1091		.byte	1
00001f6a 6f               1092		.byte	111

                                   Fri Apr 24 16:52:42 2020           Page 21
                                   Fri Apr 24 16:52:42 2020    gh_00006ek1.s
00001f6b 494c5f454e41424c 1093		.strz	"IL_ENABLE_RX_INTERRUPT "
00001f73 455f52585f494e54
00001f7b 4552525550542000
00001f83 01               1094		.byte	1
00001f84 70               1095		.byte	112
00001f85 494c5f4449534142 1096		.strz	"IL_DISABLE_RX_TIMEOUT_DELAY "
00001f8d 4c455f52585f5449
00001f95 4d454f55545f4445
00001f9d 4c41592000      
00001fa2 01               1097		.byte	1
00001fa3 71               1098		.byte	113
00001fa4 494c5f4449534142 1099		.strz	"IL_DISABLE_RX_MODE_SIGNALS "
00001fac 4c455f52585f4d4f
00001fb4 44455f5349474e41
00001fbc 4c532000        
00001fc0 01               1100		.byte	1
00001fc1 74               1101		.byte	116
00001fc2 494c5f4449534142 1102		.strz	"IL_DISABLE_SYS_RX_START_FCT "
00001fca 4c455f5359535f52
00001fd2 585f53544152545f
00001fda 4643542000      
00001fdf 01               1103		.byte	1
00001fe0 75               1104		.byte	117
00001fe1 494c5f4449534142 1105		.strz	"IL_DISABLE_SYS_RX_STOP_FCT "
00001fe9 4c455f5359535f52
00001ff1 585f53544f505f46
00001ff9 43542000        
00001ffd 01               1106		.byte	1
00001ffe 76               1107		.byte	118
00001fff 494c5f4449534142 1108		.strz	"IL_DISABLE_TX_DYNAMIC_CYCLETIME "
00002007 4c455f54585f4459
0000200f 4e414d49435f4359
00002017 434c4554494d4520
0000201f 00              
00002020 01               1109		.byte	1
00002021 79               1110		.byte	121
00002022 494c5f4449534142 1111		.strz	"IL_DISABLE_SYS_MULTI_ECU_PHYS "
0000202a 4c455f5359535f4d
00002032 554c54495f454355
0000203a 5f504859532000  
00002041 01               1112		.byte	1
00002042 7b               1113		.byte	123
00002043 494c5f4449534142 1114		.strz	"IL_DISABLE_TX_VARYING_REPETITION "
0000204b 4c455f54585f5641
00002053 5259494e475f5245
0000205b 5045544954494f4e
00002063 2000            
00002065 01               1115		.byte	1
00002066 7f               1116		.byte	127
00002067 494c5f4449534142 1117		.strz	"IL_DISABLE_RX_DYNAMIC_TIMEOUT "
0000206f 4c455f52585f4459
00002077 4e414d49435f5449
0000207f 4d454f55542000  
00002086 01               1118		.byte	1
00002087 8f01             1119		.byte	143,1
00002089 6b496c4e756d6265 1120		.strz	"kIlNumberOfChannels 1"
00002091 724f664368616e6e
00002099 656c73203100    
0000209f 01               1121		.byte	1
000020a0 9001             1122		.byte	144,1
000020a2 6b496c4e756d6265 1123		.strz	"kIlNumberOfTxObjects 3"
000020aa 724f6654784f626a
000020b2 65637473203300  
000020b9 01               1124		.byte	1
000020ba 9601             1125		.byte	150,1
000020bc 6b496c4e756d6265 1126		.strz	"kIlNumberOfRxTimeoutCounters 2"
000020c4 724f66527854696d
000020cc 656f7574436f756e
000020d4 74657273203200  
000020db 01               1127		.byte	1
000020dc a601             1128		.byte	166,1
000020de 6b496c4e756d6265 1129		.strz	"kIlNumberOfTimerFlagBytes 1"
000020e6 724f6654696d6572
000020ee 466c616742797465
000020f6 73203100        
000020fa 01               1130		.byte	1
000020fb b201             1131		.byte	178,1
000020fd 6b496c4e756d6265 1132		.strz	"kIlNumberOfRxObjects 3"
00002105 724f6652784f626a
0000210d 65637473203300  
00002114 01               1133		.byte	1
00002115 b801             1134		.byte	184,1
00002117 6b496c4e756d6265 1135		.strz	"kIlNumberOfRxTimeoutFlags 1"
0000211f 724f66527854696d
00002127 656f7574466c6167
0000212f 73203100        
00002133 01               1136		.byte	1
00002134 c801             1137		.byte	200,1
00002136 6b496c43616e4e75 1138		.strz	"kIlCanNumberOfRxObjects 3"
0000213e 6d6265724f665278
00002146 4f626a6563747320
0000214e 3300            
00002150 01               1139		.byte	1
00002151 c901             1140		.byte	201,1
00002153 6b496c43616e4e75 1141		.strz	"kIlCanNumberOfTxObjects 4"
0000215b 6d6265724f665478
00002163 4f626a6563747320
0000216b 3400            
0000216d 01               1142		.byte	1
0000216e ca01             1143		.byte	202,1
00002170 6b496c4e756d6265 1144		.strz	"kIlNumberOfIdentities 1"
00002178 724f664964656e74
00002180 6974696573203100
00002188 04               1145		.byte	4
00002189 03               1146		.byte	3
0000218a 8701             1147		.byte	135,1
0000218c 10               1148		.byte	16

                                   Fri Apr 24 16:52:42 2020           Page 22
                                   Fri Apr 24 16:52:42 2020    gh_00006ek1.s
0000218d 04               1149		.byte	4
0000218e 03               1150		.byte	3
0000218f 8c01             1151		.byte	140,1
00002191 11               1152		.byte	17
00002192 01               1153		.byte	1
00002193 a702             1154		.byte	167,2
00002195 494c5f564543544f 1155		.strz	"IL_VECTOR_VERSION 0x0511"
0000219d 525f56455253494f
000021a5 4e20307830353131
000021ad 00              
000021ae 01               1156		.byte	1
000021af a902             1157		.byte	169,2
000021b1 494c5f564543544f 1158		.strz	"IL_VECTOR_RELEASE_VERSION 0x03"
000021b9 525f52454c454153
000021c1 455f56455253494f
000021c9 4e203078303300  
000021d0 01               1159		.byte	1
000021d1 c103             1160		.byte	193,3
000021d3 494c5f4348414e4e 1161		.strz	"IL_CHANNEL_ILTYPE_ONLY void"
000021db 454c5f494c545950
000021e3 455f4f4e4c592076
000021eb 6f696400        
000021ef 01               1162		.byte	1
000021f0 fc03             1163		.byte	252,3
000021f2 494c5f4d454d524f 1164		.strz	"IL_MEMROM1 V_MEMROM1"
000021fa 4d3120565f4d454d
00002202 524f4d3100      
00002207 01               1165		.byte	1
00002208 fd03             1166		.byte	253,3
0000220a 494c5f4d454d524f 1167		.strz	"IL_MEMROM2 V_MEMROM2"
00002212 4d3220565f4d454d
0000221a 524f4d3200      
0000221f 01               1168		.byte	1
00002220 fe03             1169		.byte	254,3
00002222 494c5f4d454d524f 1170		.strz	"IL_MEMROM3 V_MEMROM3"
0000222a 4d3320565f4d454d
00002232 524f4d3300      
00002237 04               1171		.byte	4
00002238 04               1172		.byte	4
00002239 04               1173		.byte	4
0000223a 00               1174		.byte	0
                          1175		.section	.debug_abbrev
0000004d 00               1176		.byte	0
                          1177		.section	.debug_info
                          1178	.Ldw_end:
