
                                   Fri Apr 24 16:52:29 2020           Page 1
                                   Fri Apr 24 16:52:30 2020    gh_00007801.s
Command Line:   C:\ghs\comp_201754\asppc.exe -w -noundefined -elf -b1 -I.
                -I./components/spc570sxx_platform_component_rla/lib/include
                -I./components/flash_driver/lib/include
                -I./components/spc570sxx_board_initialization_component_rla/lib/include
                -I./components/spc570sxx_clock_component_rla/lib/include
                -I./components/spc570sxx_irq_component_rla/lib/include
                -I./components/spc570sxx_osal_component_rla/lib/include
                -I./components/spc570sxx_platform_component_rla/cfg
                -I./components/spc570sxx_board_initialization_component_rla/cfg
                -I./components/spc570sxx_clock_component_rla/cfg
                -I./components/spc570sxx_irq_component_rla/cfg
                -I./components/spc570sxx_osal_component_rla/cfg -I./source/
                -I./source/ASW/ -I./source/BSW/ -I./source/BSW/BSW_Geny/
                -I./source/BSW/BSW_Geny/Can/ -I./source/BSW/BSW_Geny/Common/
                -I./source/BSW/BSW_Geny/Il/
                -I./source/BSW/BSW_Geny/SipVersionCheck/
                -I./source/BSW/BSW_Geny/Tp/ -I./source/BSW/BSW_Geny/VStdLib/
                -I./source/BSW/CANbedded_Vector/ -I./source/FBL/ -I./source/Geny/
                -I./source/Geny/Cdd/ -I./source/Geny/Cfg/ -I./source/Geny/Db/
                -I./source/Geny/Prj/ -I./source/HAL/ -I./source/RTE/
                -I./source/UDS/ -I./components -IC:\ghs\comp_201754\/ansi
                -IC:\ghs\comp_201754\lib\ppc5514 -cpu=ppc5746mz0
                -patch_dbo=D:\07_Working\E100\build\obj\tp_par.dbo
                -source=tp_par.c -o build\obj\gh_00007801.o
                -list=build/lst/tp_par.lst build\obj\gh_00007801.s
Source File:    build\obj\gh_00007801.s
Directory:      D:\07_Working\E100
Host OS:        Windows
AS: Copyright (C) 1983-2017 Green Hills Software.  All Rights Reserved.
Release: Compiler v2017.5.4
Build Directory: [Directory] COMP-VAL-WIN50:c:/autoval2/v2017.5-2017-10-03/win32-comp-ecom
Revision: [VCInfo] http://toolsvc/branches/release-branch-2017-5-comp/src@603870 (built by auto-compiler)
Revision Date: Wed Oct 04 11:30:08 2017

Release Date: Wed Oct 04 09:00:05 2017

                             1	#Driver Command: ccppc -c -cpu=ppc5746mz0 -Ospeed -Onounroll --ee -ansi
                             2	#		--no_coverage_analysis -check=nomemory -inline_prologue -std=c99
                             3	#		-G -dual_debug --gnu_asm -gnu99 --no_commons -w --ghstd=last
                             4	#		-list -tmp=build/obj -list=build/lst/tp_par.lst -DPPC_USE_VLE -MD
                             5	#		-I. -I./components/spc570sxx_platform_component_rla/lib/include
                             6	#		-I./components/flash_driver/lib/include
                             7	#		-I./components/spc570sxx_board_initialization_component_rla/lib/include
                             8	#		-I./components/spc570sxx_clock_component_rla/lib/include
                             9	#		-I./components/spc570sxx_irq_component_rla/lib/include
                            10	#		-I./components/spc570sxx_osal_component_rla/lib/include
                            11	#		-I./components/spc570sxx_platform_component_rla/cfg
                            12	#		-I./components/spc570sxx_board_initialization_component_rla/cfg
                            13	#		-I./components/spc570sxx_clock_component_rla/cfg
                            14	#		-I./components/spc570sxx_irq_component_rla/cfg
                            15	#		-I./components/spc570sxx_osal_component_rla/cfg -I./source/
                            16	#		-I./source/ASW/ -I./source/BSW/ -I./source/BSW/BSW_Geny/
                            17	#		-I./source/BSW/BSW_Geny/Can/ -I./source/BSW/BSW_Geny/Common/
                            18	#		-I./source/BSW/BSW_Geny/Il/
                            19	#		-I./source/BSW/BSW_Geny/SipVersionCheck/
                            20	#		-I./source/BSW/BSW_Geny/Tp/ -I./source/BSW/BSW_Geny/VStdLib/
                            21	#		-I./source/BSW/CANbedded_Vector/ -I./source/FBL/ -I./source/Geny/
                            22	#		-I./source/Geny/Cdd/ -I./source/Geny/Cfg/ -I./source/Geny/Db/
                            23	#		-I./source/Geny/Prj/ -I./source/HAL/ -I./source/RTE/
                            24	#		-I./source/UDS/ -I./components -IC:\ghs\comp_201754\/ansi
                            25	#		./source/BSW/CANbedded_Vector/tp_par.c -o build/obj/tp_par.o
                            26	#Source File:   ./source/BSW/CANbedded_Vector/tp_par.c
                            27	#Directory:     D:\07_Working\E100
                            28	#Compile Date:  Fri Apr 24 16:52:29 2020

                                   Fri Apr 24 16:52:29 2020           Page 2
                                   Fri Apr 24 16:52:30 2020    gh_00007801.s
                            29	#Host OS:       Win32
                            30	#Version:       C-POWERPC 2017.5.4 RELEASE VERSION
                            31	#Release:       Compiler v2017.5.4
                            32	#Revision Date: Wed Oct 04 11:39:37 2017
                            33	#Release Date:  Wed Oct 04 09:00:05 2017
                            34	# ecom  -g -w -OLM
                            35	
                            36		.data
                            37		.note ".PPC.EMB.apuinfo",""
00000000 00000008           38		.long	0x00000008
00000004 00000004           39		.long	4
00000008 00000002           40		.long	0x00000002
                            41		# "APUinfo\000"
0000000c 41505569           42		.byte	65,80,85,105
00000010 6e666f00           43		.byte	110,102,111,0
00000014 01040001           44		.long	0x01040001
                            45		.ghsnote version,20
                            46		.ghsnote tools,3
                            47		.ghsnote options,644
                            48		.section ".vletext", "vax"
                            49		.vle
                            50		.vle
                            51	..bof.D.3A.5C07_Working.5CE100.5Cbuild.5Cobj.5Ctp_par...44.3A.5C07_Working.5CE100..5EA29ABD..0::
                            52	..eof.D.3A.5C07_Working.5CE100.5Cbuild.5Cobj.5Ctp_par...44.3A.5C07_Working.5CE100..5EA29ABD..0::
                            53		.section	.debug_info
                            54	.Ldw_begin:
00000000 0000006c           55		.long	.Ldw_end-.Ldw_begin-4
00000004 0002               56		.byte	0,2
00000006 00000000           57		.long	.Ldw_abbr_begin
0000000a 04                 58		.byte	4
                            59		.section	.debug_abbrev
                            60	.Ldw_abbr_begin:
                            61		.section	.debug_info
0000000b 01                 62		.byte	1
0000000c 00000000           63		.long	..bof.D.3A.5C07_Working.5CE100.5Cbuild.5Cobj.5Ctp_par...44.3A.5C07_Working.5CE100..5EA29ABD..0
00000010 00000000           64		.long	..eof.D.3A.5C07_Working.5CE100.5Cbuild.5Cobj.5Ctp_par...44.3A.5C07_Working.5CE100..5EA29ABD..0
00000014 2e2f736f75726365   65		.strz	"./source/BSW/CANbedded_Vector/tp_par.c"
0000001c 2f4253572f43414e
00000024 6265646465645f56
0000002c 6563746f722f7470
00000034 5f7061722e6300  
0000003b 443a5c30375f576f   66		.strz	"D:\\07_Working\\E100"
00000043 726b696e675c4531
0000004b 303000          
0000004e 4748532043203230   67		.strz	"GHS C 2017.5.4 [dual]"
00000056 31372e352e34205b
0000005e 6475616c5d00    
00000064 0001               68		.byte	0,1
00000066 00000000           69		.long	.Ldw_line_begin
0000006a 00000000           70		.long	.Ldw_macinfo_begin
0000006e 00                 71		.byte	0
                            72	
                            73		.section	.debug_abbrev
00000000 01                 74		.byte	1
00000001 11                 75		.byte	17
00000002 01                 76		.byte	1
00000003 1101               77		.byte	17,1
00000005 1201               78		.byte	18,1
00000007 0308               79		.byte	3,8
00000009 1b08               80		.byte	27,8
0000000b 2508               81		.byte	37,8
0000000d 1305               82		.byte	19,5
0000000f 1006               83		.byte	16,6
00000011 4306               84		.byte	67,6

                                   Fri Apr 24 16:52:29 2020           Page 3
                                   Fri Apr 24 16:52:30 2020    gh_00007801.s
00000013 420b               85		.byte	66,11
00000015 0000               86		.byte	0,0
                            87	
                            88		.section	.debug_line
                            89	.Ldw_line_begin:
00000000 0000022a           90		.long	.Ldw_line_end-.Ldw_line_begin-4
00000004 0002               91		.byte	0,2
00000006 00000224           92		.long	.Ldw_lpro_end-.Ldw_lpro_begin
                            93	.Ldw_lpro_begin:
0000000a 01                 94		.byte	1
0000000b 00                 95		.byte	0
0000000c 00                 96		.byte	0
0000000d 04                 97		.byte	4
0000000e 0a                 98		.byte	10
0000000f 000101             99		.byte	0,1,1
00000012 010100            100		.byte	1,1,0
00000015 000001            101		.byte	0,0,1
00000018 00                102		.byte	0
00000019 2e2f736f75726365  103		.strz	"./source/BSW/CANbedded_Vector/tp_par.c"
00000021 2f4253572f43414e
00000029 6265646465645f56
00000031 6563746f722f7470
00000039 5f7061722e6300  
00000040 000000            104		.byte	0,0,0
00000043 2e2f736f75726365  105		.strz	"./source/BSW/BSW_Geny/Can/can_inc.h"
0000004b 2f4253572f425357
00000053 5f47656e792f4361
0000005b 6e2f63616e5f696e
00000063 632e6800        
00000067 000000            106		.byte	0,0,0
0000006a 2e2f736f75726365  107		.strz	"./source/BSW/CANbedded_Vector/can_cfg.h"
00000072 2f4253572f43414e
0000007a 6265646465645f56
00000082 6563746f722f6361
0000008a 6e5f6366672e6800
00000092 000000            108		.byte	0,0,0
00000095 2e2f736f75726365  109		.strz	"./source/BSW/CANbedded_Vector/v_cfg.h"
0000009d 2f4253572f43414e
000000a5 6265646465645f56
000000ad 6563746f722f765f
000000b5 6366672e6800    
000000bb 000000            110		.byte	0,0,0
000000be 2e2f736f75726365  111		.strz	"./source/BSW/CANbedded_Vector/v_par.h"
000000c6 2f4253572f43414e
000000ce 6265646465645f56
000000d6 6563746f722f765f
000000de 7061722e6800    
000000e4 000000            112		.byte	0,0,0
000000e7 2e2f736f75726365  113		.strz	"./source/BSW/BSW_Geny/Common/v_def.h"
000000ef 2f4253572f425357
000000f7 5f47656e792f436f
000000ff 6d6d6f6e2f765f64
00000107 65662e6800      
0000010c 000000            114		.byte	0,0,0
0000010f 2e2f736f75726365  115		.strz	"./source/BSW/BSW_Geny/VStdLib/vstdlib.h"
00000117 2f4253572f425357
0000011f 5f47656e792f5653
00000127 74644c69622f7673
0000012f 74646c69622e6800
00000137 000000            116		.byte	0,0,0
0000013a 2e2f736f75726365  117		.strz	"./source/BSW/BSW_Geny/Can/can_def.h"
00000142 2f4253572f425357
0000014a 5f47656e792f4361
00000152 6e2f63616e5f6465
0000015a 662e6800        
0000015e 000000            118		.byte	0,0,0
00000161 2e2f736f75726365  119		.strz	"./source/BSW/BSW_Geny/Tp/tpmc.h"
00000169 2f4253572f425357
00000171 5f47656e792f5470
00000179 2f74706d632e6800
00000181 000000            120		.byte	0,0,0
00000184 2e2f736f75726365  121		.strz	"./source/BSW/CANbedded_Vector/tp_cfg.h"
0000018c 2f4253572f43414e
00000194 6265646465645f56
0000019c 6563746f722f7470
000001a4 5f6366672e6800  
000001ab 000000            122		.byte	0,0,0
000001ae 2e2f736f75726365  123		.strz	"./source/BSW/CANbedded_Vector/can_par.h"
000001b6 2f4253572f43414e
000001be 6265646465645f56
000001c6 6563746f722f6361
000001ce 6e5f7061722e6800
000001d6 000000            124		.byte	0,0,0
000001d9 2e2f736f75726365  125		.strz	"./source/BSW/CANbedded_Vector/v_inc.h"
000001e1 2f4253572f43414e
000001e9 6265646465645f56
000001f1 6563746f722f765f
000001f9 696e632e6800    
000001ff 000000            126		.byte	0,0,0
00000202 2e2f736f75726365  127		.strz	"./source/BSW/CANbedded_Vector/drv_par.h"
0000020a 2f4253572f43414e
00000212 6265646465645f56
0000021a 6563746f722f6472
00000222 765f7061722e6800
0000022a 000000            128		.byte	0,0,0
0000022d 00                129		.byte	0
                           130	.Ldw_lpro_end:
                           131		.section	.debug_macinfo
                           132	.Ldw_macinfo_begin:
                           133		.section	.debug_info
0000006f 00                134		.byte	0
                           135	
                           136		.section	.debug_line
                           137	.Ldw_line_end:
                           138		.section	.debug_macinfo
00000000 03                139		.byte	3
00000001 00                140		.byte	0

                                   Fri Apr 24 16:52:29 2020           Page 4
                                   Fri Apr 24 16:52:30 2020    gh_00007801.s
00000002 01                141		.byte	1
00000003 03                142		.byte	3
00000004 2c                143		.byte	44
00000005 02                144		.byte	2
00000006 03                145		.byte	3
00000007 2a                146		.byte	42
00000008 03                147		.byte	3
00000009 03                148		.byte	3
0000000a 2f                149		.byte	47
0000000b 04                150		.byte	4
0000000c 01                151		.byte	1
0000000d 30                152		.byte	48
0000000e 5647454e5f47454e  153		.strz	"VGEN_GENY "
00000016 592000          
00000019 01                154		.byte	1
0000001a 54                155		.byte	84
0000001b 435f435055545950  156		.strz	"C_CPUTYPE_32BIT "
00000023 455f333242495420
0000002b 00              
0000002c 01                157		.byte	1
0000002d 59                158		.byte	89
0000002e 565f435055545950  159		.strz	"V_CPUTYPE_BITARRAY_32BIT "
00000036 455f424954415252
0000003e 41595f3332424954
00000046 2000            
00000048 01                160		.byte	1
00000049 5e                161		.byte	94
0000004a 435f435055545950  162		.strz	"C_CPUTYPE_BIGENDIAN "
00000052 455f424947454e44
0000005a 49414e2000      
0000005f 01                163		.byte	1
00000060 63                164		.byte	99
00000061 435f435055545950  165		.strz	"C_CPUTYPE_BITORDER_MSB2LSB "
00000069 455f4249544f5244
00000071 45525f4d5342324c
00000079 53422000        
0000007d 01                166		.byte	1
0000007e 72                167		.byte	114
0000007f 435f434f4d505f47  168		.strz	"C_COMP_GHS_MPC55XX_FLEXCAN2 "
00000087 48535f4d50433535
0000008f 58585f464c455843
00000097 414e322000      
0000009c 01                169		.byte	1
0000009d 9301              170		.byte	147,1
0000009f 5647454e5f454e41  171		.strz	"VGEN_ENABLE_VSTDLIB "
000000a7 424c455f56535444
000000af 4c49422000      
000000b4 01                172		.byte	1
000000b5 9701              173		.byte	151,1
000000b7 565354445f454e41  174		.strz	"VSTD_ENABLE_APPL_INTCTRL "
000000bf 424c455f4150504c
000000c7 5f494e544354524c
000000cf 2000            
000000d1 01                175		.byte	1
000000d2 a901              176		.byte	169,1
000000d4 565354445f454e41  177		.strz	"VSTD_ENABLE_LIBRARY_FUNCTIONS "
000000dc 424c455f4c494252
000000e4 4152595f46554e43
000000ec 54494f4e532000  
000000f3 01                178		.byte	1
000000f4 d401              179		.byte	212,1
000000f6 54505f4150495f43  180		.strz	"TP_API_CALL_TYPE "
000000fe 414c4c5f54595045
00000106 2000            
00000108 01                181		.byte	1
00000109 d501              182		.byte	213,1
0000010b 54505f4150495f43  183		.strz	"TP_API_CALLBACK_TYPE "
00000113 414c4c4241434b5f
0000011b 545950452000    
00000121 01                184		.byte	1
00000122 d601              185		.byte	214,1
00000124 54505f494e544552  186		.strz	"TP_INTERNAL_CALL_TYPE "
0000012c 4e414c5f43414c4c
00000134 5f545950452000  
0000013b 01                187		.byte	1
0000013c ad02              188		.byte	173,2
0000013e 4d414749435f4e55  189		.strz	"MAGIC_NUMBER 345877849"
00000146 4d42455220333435
0000014e 38373738343900  
00000155 04                190		.byte	4
00000156 01                191		.byte	1
00000157 4c                192		.byte	76
00000158 6b43616e4e756d62  193		.strz	"kCanNumberOfChannels 1"
00000160 65724f664368616e
00000168 6e656c73203100  
0000016f 01                194		.byte	1
00000170 4d                195		.byte	77
00000171 6b43616e4e756d62  196		.strz	"kCanNumberOfHwChannels 1"
00000179 65724f6648774368
00000181 616e6e656c732031
00000189 00              

                                   Fri Apr 24 16:52:29 2020           Page 5
                                   Fri Apr 24 16:52:30 2020    gh_00007801.s
0000018a 01                197		.byte	1
0000018b 58                198		.byte	88
0000018c 435f454e41424c45  199		.strz	"C_ENABLE_RECEIVE_FCT "
00000194 5f52454345495645
0000019c 5f4643542000    
000001a2 01                200		.byte	1
000001a3 59                201		.byte	89
000001a4 4150504c5f43414e  202		.strz	"APPL_CAN_MSGRECEIVED ApplCanMsgReceived"
000001ac 5f4d534752454345
000001b4 4956454420417070
000001bc 6c43616e4d736752
000001c4 6563656976656400
000001cc 01                203		.byte	1
000001cd 5c                204		.byte	92
000001ce 435f454e41424c45  205		.strz	"C_ENABLE_TRANSMIT_QUEUE "
000001d6 5f5452414e534d49
000001de 545f515545554520
000001e6 00              
000001e7 01                206		.byte	1
000001e8 60                207		.byte	96
000001e9 435f454e41424c45  208		.strz	"C_ENABLE_USER_CHECK "
000001f1 5f555345525f4348
000001f9 45434b2000      
000001fe 01                209		.byte	1
000001ff 61                210		.byte	97
00000200 435f454e41424c45  211		.strz	"C_ENABLE_HARDWARE_CHECK "
00000208 5f48415244574152
00000210 455f434845434b20
00000218 00              
00000219 01                212		.byte	1
0000021a 62                213		.byte	98
0000021b 435f454e41424c45  214		.strz	"C_ENABLE_GEN_CHECK "
00000223 5f47454e5f434845
0000022b 434b2000        
0000022f 01                215		.byte	1
00000230 63                216		.byte	99
00000231 435f454e41424c45  217		.strz	"C_ENABLE_INTERNAL_CHECK "
00000239 5f494e5445524e41
00000241 4c5f434845434b20
00000249 00              
0000024a 01                218		.byte	1
0000024b 6f                219		.byte	111
0000024c 435f534543555249  220		.strz	"C_SECURITY_LEVEL 30"
00000254 54595f4c4556454c
0000025c 20333000        
00000260 01                221		.byte	1
00000261 72                222		.byte	114
00000262 435f454e41424c45  223		.strz	"C_ENABLE_PART_OFFLINE "
0000026a 5f504152545f4f46
00000272 464c494e452000  
00000279 01                224		.byte	1
0000027a 77                225		.byte	119
0000027b 6b43616e4e756d62  226		.strz	"kCanNumberOfTxObjects 4"
00000283 65724f6654784f62
0000028b 6a65637473203400
00000293 01                227		.byte	1
00000294 7a                228		.byte	122
00000295 6b43616e4e756d62  229		.strz	"kCanNumberOfRxObjects 5"
0000029d 65724f6652784f62
000002a5 6a65637473203500
000002ad 01                230		.byte	1
000002ae 8101              231		.byte	129,1
000002b0 6b43616e4e756d62  232		.strz	"kCanNumberOfConfFlags 3"
000002b8 65724f66436f6e66
000002c0 466c616773203300
000002c8 01                233		.byte	1
000002c9 8501              234		.byte	133,1
000002cb 6b43616e4e756d62  235		.strz	"kCanNumberOfInitObjects 1"
000002d3 65724f66496e6974
000002db 4f626a6563747320
000002e3 3100            
000002e5 01                236		.byte	1
000002e6 8c01              237		.byte	140,1
000002e8 435f454e41424c45  238		.strz	"C_ENABLE_CONFIRMATION_FLAG "
000002f0 5f434f4e4649524d
000002f8 4154494f4e5f464c
00000300 41472000        
00000304 01                239		.byte	1
00000305 8f01              240		.byte	143,1
00000307 435f454e41424c45  241		.strz	"C_ENABLE_CONFIRMATION_FCT "
0000030f 5f434f4e4649524d
00000317 4154494f4e5f4643
0000031f 542000          
00000322 01                242		.byte	1
00000323 9001              243		.byte	144,1
00000325 435f454e41424c45  244		.strz	"C_ENABLE_INDICATION_FCT "
0000032d 5f494e4449434154
00000335 494f4e5f46435420
0000033d 00              
0000033e 01                245		.byte	1
0000033f 9101              246		.byte	145,1
00000341 435f454e41424c45  247		.strz	"C_ENABLE_PRECOPY_FCT "
00000349 5f505245434f5059
00000351 5f4643542000    
00000357 01                248		.byte	1
00000358 9701              249		.byte	151,1
0000035a 435f454e41424c45  250		.strz	"C_ENABLE_GENERIC_PRECOPY "
00000362 5f47454e45524943
0000036a 5f505245434f5059
00000372 2000            
00000374 01                251		.byte	1
00000375 9801              252		.byte	152,1

                                   Fri Apr 24 16:52:29 2020           Page 6
                                   Fri Apr 24 16:52:30 2020    gh_00007801.s
00000377 4150504c5f43414e  253		.strz	"APPL_CAN_GENERIC_PRECOPY IlCanGenericPrecopy"
0000037f 5f47454e45524943
00000387 5f505245434f5059
0000038f 20496c43616e4765
00000397 6e65726963507265
0000039f 636f707900      
000003a4 01                254		.byte	1
000003a5 a401              255		.byte	164,1
000003a7 435f454e41424c45  256		.strz	"C_ENABLE_CAN_CANCEL_NOTIFICATION "
000003af 5f43414e5f43414e
000003b7 43454c5f4e4f5449
000003bf 4649434154494f4e
000003c7 2000            
000003c9 01                257		.byte	1
000003ca a501              258		.byte	165,1
000003cc 4150504c5f43414e  259		.strz	"APPL_CAN_CANCELNOTIFICATION IlCanCancelNotification"
000003d4 5f43414e43454c4e
000003dc 4f54494649434154
000003e4 494f4e20496c4361
000003ec 6e43616e63656c4e
000003f4 6f74696669636174
000003fc 696f6e00        
00000400 01                260		.byte	1
00000401 a701              261		.byte	167,1
00000403 6b43616e50687973  262		.strz	"kCanPhysToLogChannelIndex_0 "
0000040b 546f4c6f67436861
00000413 6e6e656c496e6465
0000041b 785f302000      
00000420 01                263		.byte	1
00000421 a801              264		.byte	168,1
00000423 435f454e41424c45  265		.strz	"C_ENABLE_RX_FULLCAN_OBJECTS "
0000042b 5f52585f46554c4c
00000433 43414e5f4f424a45
0000043b 4354532000      
00000440 01                266		.byte	1
00000441 a901              267		.byte	169,1
00000443 435f454e41424c45  268		.strz	"C_ENABLE_RX_BASICCAN_OBJECTS "
0000044b 5f52585f42415349
00000453 4343414e5f4f424a
0000045b 454354532000    
00000461 01                269		.byte	1
00000462 b201              270		.byte	178,1
00000464 435f454e41424c45  271		.strz	"C_ENABLE_CAN_CAN_INTERRUPT_CONTROL "
0000046c 5f43414e5f43414e
00000474 5f494e5445525255
0000047c 50545f434f4e5452
00000484 4f4c2000        
00000488 01                272		.byte	1
00000489 b601              273		.byte	182,1
0000048b 435f454e41424c45  274		.strz	"C_ENABLE_TX_POLLING "
00000493 5f54585f504f4c4c
0000049b 494e472000      
000004a0 01                275		.byte	1
000004a1 b701              276		.byte	183,1
000004a3 435f454e41424c45  277		.strz	"C_ENABLE_RX_BASICCAN_POLLING "
000004ab 5f52585f42415349
000004b3 4343414e5f504f4c
000004bb 4c494e472000    
000004c1 01                278		.byte	1
000004c2 b801              279		.byte	184,1
000004c4 435f454e41424c45  280		.strz	"C_ENABLE_RX_FULLCAN_POLLING "
000004cc 5f52585f46554c4c
000004d4 43414e5f504f4c4c
000004dc 494e472000      
000004e1 01                281		.byte	1
000004e2 b901              282		.byte	185,1
000004e4 435f454e41424c45  283		.strz	"C_ENABLE_ERROR_POLLING "
000004ec 5f4552524f525f50
000004f4 4f4c4c494e472000
000004fc 01                284		.byte	1
000004fd ba01              285		.byte	186,1
000004ff 435f454e41424c45  286		.strz	"C_ENABLE_WAKEUP_POLLING "
00000507 5f57414b4555505f
0000050f 504f4c4c494e4720
00000517 00              
00000518 01                287		.byte	1
00000519 c201              288		.byte	194,1
0000051b 435f44495341424c  289		.strz	"C_DISABLE_SLEEP_WAKEUP "
00000523 455f534c4545505f
0000052b 57414b4555502000
00000533 01                290		.byte	1
00000534 ce01              291		.byte	206,1
00000536 6b43616e4e756d62  292		.strz	"kCanNumberOfUsedCanRxIdTables 1"
0000053e 65724f6655736564
00000546 43616e5278496454
0000054e 61626c6573203100
00000556 01                293		.byte	1
00000557 d301              294		.byte	211,1
00000559 6b43616e4e756d62  295		.strz	"kCanNumberOfUsedTxCANObjects 1"
00000561 65724f6655736564
00000569 547843414e4f626a
00000571 65637473203100  
00000578 01                296		.byte	1
00000579 ec01              297		.byte	236,1
0000057b 435f44495341424c  298		.strz	"C_DISABLE_SINGLE_ISR_API "
00000583 455f53494e474c45
0000058b 5f4953525f415049
00000593 2000            
00000595 01                299		.byte	1
00000596 ed01              300		.byte	237,1
00000598 435f454e41424c45  301		.strz	"C_ENABLE_FLEXCAN_INDIV_RXMASK "
000005a0 5f464c455843414e
000005a8 5f494e4449565f52
000005b0 584d41534b2000  
000005b7 01                302		.byte	1
000005b8 ef01              303		.byte	239,1
000005ba 435f43414e5f4d41  304		.strz	"C_CAN_MAX_BUFFER_32 "
000005c2 585f425546464552
000005ca 5f33322000      
000005cf 01                305		.byte	1
000005d0 f001              306		.byte	240,1
000005d2 435f454e41424c45  307		.strz	"C_ENABLE_MIXED_RX_FULLCAN_MESSAGES "
000005da 5f4d495845445f52
000005e2 585f46554c4c4341
000005ea 4e5f4d4553534147
000005f2 45532000        
000005f6 04                308		.byte	4

                                   Fri Apr 24 16:52:29 2020           Page 7
                                   Fri Apr 24 16:52:30 2020    gh_00007801.s
000005f7 03                309		.byte	3
000005f8 43                310		.byte	67
000005f9 05                311		.byte	5
000005fa 03                312		.byte	3
000005fb 34                313		.byte	52
000005fc 06                314		.byte	6
000005fd 01                315		.byte	1
000005fe f503              316		.byte	245,3
00000600 565f4445465f4820  317		.strz	"V_DEF_H "
00000608 00              
00000609 01                318		.byte	1
0000060a 8804              319		.byte	136,4
0000060c 565f4445465f5355  320		.strz	"V_DEF_SUPPORTED_PLATFORM "
00000614 50504f525445445f
0000061c 504c4154464f524d
00000624 2000            
00000626 01                321		.byte	1
00000627 9e04              322		.byte	158,4
00000629 63616e75696e7438  323		.strz	"canuint8 vuint8"
00000631 207675696e743800
00000639 01                324		.byte	1
0000063a a904              325		.byte	169,4
0000063c 63616e75696e7431  326		.strz	"canuint16 vuint16"
00000644 36207675696e7431
0000064c 3600            
0000064e 01                327		.byte	1
0000064f e204              328		.byte	226,4
00000651 7675696e74782076  329		.strz	"vuintx vuint32"
00000659 75696e74333200  
00000660 01                330		.byte	1
00000661 e504              331		.byte	229,4
00000663 7673696e74782076  332		.strz	"vsintx vsint32"
0000066b 73696e74333200  
00000672 01                333		.byte	1
00000673 fd04              334		.byte	253,4
00000675 63616e6269747479  335		.strz	"canbittype vbittype"
0000067d 7065207662697474
00000685 79706500        
00000689 01                336		.byte	1
0000068a dd06              337		.byte	221,6
0000068c 4c4f43414c5f494e  338		.strz	"LOCAL_INLINE static inline"
00000694 4c494e4520737461
0000069c 74696320696e6c69
000006a4 6e6500          
000006a7 01                339		.byte	1
000006a8 e706              340		.byte	231,6
000006aa 565f4d454d524f4d  341		.strz	"V_MEMROM0 "
000006b2 302000          
000006b5 01                342		.byte	1
000006b6 ef06              343		.byte	239,6
000006b8 565f4d454d524f4d  344		.strz	"V_MEMROM1 "
000006c0 312000          
000006c3 01                345		.byte	1
000006c4 8307              346		.byte	131,7
000006c6 565f4d454d524f4d  347		.strz	"V_MEMROM2 const"
000006ce 3220636f6e737400
000006d6 01                348		.byte	1
000006d7 9607              349		.byte	150,7
000006d9 565f4d454d524f4d  350		.strz	"V_MEMROM3 "
000006e1 332000          
000006e4 01                351		.byte	1
000006e5 9c07              352		.byte	156,7
000006e7 565f4d454d52414d  353		.strz	"V_MEMRAM0 "
000006ef 302000          
000006f2 01                354		.byte	1
000006f3 a007              355		.byte	160,7
000006f5 565f4d454d52414d  356		.strz	"V_MEMRAM1_NEAR "
000006fd 315f4e4541522000
00000705 01                357		.byte	1
00000706 a407              358		.byte	164,7
00000708 565f4d454d52414d  359		.strz	"V_MEMRAM1 "
00000710 312000          
00000713 01                360		.byte	1
00000714 ae07              361		.byte	174,7
00000716 565f4d454d52414d  362		.strz	"V_MEMRAM2_NEAR "
0000071e 325f4e4541522000
00000726 01                363		.byte	1
00000727 b107              364		.byte	177,7

                                   Fri Apr 24 16:52:29 2020           Page 8
                                   Fri Apr 24 16:52:30 2020    gh_00007801.s
00000729 4d454d4f52595f4e  365		.strz	"MEMORY_NEAR V_MEMRAM2_NEAR"
00000731 45415220565f4d45
00000739 4d52414d325f4e45
00000741 415200          
00000744 01                366		.byte	1
00000745 b807              367		.byte	184,7
00000747 565f4d454d52414d  368		.strz	"V_MEMRAM2 "
0000074f 322000          
00000752 03                369		.byte	3
00000753 f207              370		.byte	242,7
00000755 07                371		.byte	7
00000756 03                372		.byte	3
00000757 d501              373		.byte	213,1
00000759 06                374		.byte	6
0000075a 04                375		.byte	4
0000075b 01                376		.byte	1
0000075c e301              377		.byte	227,1
0000075e 565354444c49425f  378		.strz	"VSTDLIB__COREHLL_VERSION 0x0308u"
00000766 5f434f5245484c4c
0000076e 5f56455253494f4e
00000776 2030783033303875
0000077e 00              
0000077f 01                379		.byte	1
00000780 ed01              380		.byte	237,1
00000782 565354445f415049  381		.strz	"VSTD_API_0 "
0000078a 5f302000        
0000078e 01                382		.byte	1
0000078f f101              383		.byte	241,1
00000791 565354445f415049  384		.strz	"VSTD_API_1 "
00000799 5f312000        
0000079d 01                385		.byte	1
0000079e f501              386		.byte	245,1
000007a0 565354445f415049  387		.strz	"VSTD_API_2 "
000007a8 5f322000        
000007ac 01                388		.byte	1
000007ad 8102              389		.byte	129,2
000007af 565354445f4e4f4e  390		.strz	"VSTD_NONE "
000007b7 452000          
000007ba 01                391		.byte	1
000007bb b502              392		.byte	181,2
000007bd 565354445f444546  393		.strz	"VSTD_DEF_CONST(storage,vartype,memclass) V_MEMROM0 storage V_MEMROM1 vartype V_MEMROM2"
000007c5 5f434f4e53542873
000007cd 746f726167652c76
000007d5 6172747970652c6d
000007dd 656d636c61737329
000007e5 20565f4d454d524f
000007ed 4d302073746f7261
000007f5 676520565f4d454d
000007fd 524f4d3120766172
00000805 7479706520565f4d
0000080d 454d524f4d3200  
00000814 01                394		.byte	1
00000815 bc02              395		.byte	188,2
00000817 565354445f444546  396		.strz	"VSTD_DEF_FUNC_API(storage,rettype,memclass) VSTD_API_0 storage VSTD_API_1 rettype"
0000081f 5f46554e435f4150
00000827 492873746f726167
0000082f 652c726574747970
00000837 652c6d656d636c61
0000083f 7373292056535444
00000847 5f4150495f302073
0000084f 746f726167652056
00000857 5354445f4150495f
0000085f 3120726574747970
00000867 6500            
00000869 01                397		.byte	1
0000086a dd02              398		.byte	221,2
0000086c 565354445f454e41  399		.strz	"VSTD_ENABLE_INTCTRL_HANDLING "
00000874 424c455f494e5443
0000087c 54524c5f48414e44
00000884 4c494e472000    
0000088a 01                400		.byte	1
0000088b fd02              401		.byte	253,2
0000088d 565354445f484c5f  402		.strz	"VSTD_HL_USE_VSTD_MEMCLR "
00000895 5553455f56535444
0000089d 5f4d454d434c5220
000008a5 00              
000008a6 01                403		.byte	1
000008a7 fe02              404		.byte	254,2
000008a9 565354445f484c5f  405		.strz	"VSTD_HL_USE_VSTD_MEMSET "
000008b1 5553455f56535444
000008b9 5f4d454d53455420
000008c1 00              
000008c2 01                406		.byte	1
000008c3 ff02              407		.byte	255,2
000008c5 565354445f484c5f  408		.strz	"VSTD_HL_USE_VSTD_RAMMEMCPY "
000008cd 5553455f56535444
000008d5 5f52414d4d454d43
000008dd 50592000        
000008e1 01                409		.byte	1
000008e2 8003              410		.byte	128,3
000008e4 565354445f484c5f  411		.strz	"VSTD_HL_USE_VSTD_ROMMEMCPY "
000008ec 5553455f56535444
000008f4 5f524f4d4d454d43
000008fc 50592000        
00000900 01                412		.byte	1
00000901 8103              413		.byte	129,3
00000903 565354445f484c5f  414		.strz	"VSTD_HL_USE_VSTD_WORD_MEMCPY "
0000090b 5553455f56535444
00000913 5f574f52445f4d45
0000091b 4d4350592000    
00000921 01                415		.byte	1
00000922 8203              416		.byte	130,3
00000924 565354445f484c5f  417		.strz	"VSTD_HL_USE_VSTD_DWORD_MEMCPY "
0000092c 5553455f56535444
00000934 5f44574f52445f4d
0000093c 454d4350592000  
00000943 01                418		.byte	1
00000944 9305              419		.byte	147,5
00000946 565354445f4e4f49  420		.strz	"VSTD_NOINLINE_PRE "
0000094e 4e4c494e455f5052
00000956 452000          

                                   Fri Apr 24 16:52:29 2020           Page 9
                                   Fri Apr 24 16:52:30 2020    gh_00007801.s
00000959 01                421		.byte	1
0000095a 9605              422		.byte	150,5
0000095c 565354445f4e4f49  423		.strz	"VSTD_NOINLINE_POST "
00000964 4e4c494e455f504f
0000096c 53542000        
00000970 04                424		.byte	4
00000971 01                425		.byte	1
00000972 9308              426		.byte	147,8
00000974 565f4e4f4e452000  427		.strz	"V_NONE "
0000097c 01                428		.byte	1
0000097d 9708              429		.byte	151,8
0000097f 435f43414c4c4241  430		.strz	"C_CALLBACK_1 "
00000987 434b5f312000    
0000098d 01                431		.byte	1
0000098e 9a08              432		.byte	154,8
00000990 435f43414c4c4241  433		.strz	"C_CALLBACK_2 "
00000998 434b5f322000    
0000099e 01                434		.byte	1
0000099f 9d08              435		.byte	157,8
000009a1 435f4150495f3120  436		.strz	"C_API_1 "
000009a9 00              
000009aa 01                437		.byte	1
000009ab a008              438		.byte	160,8
000009ad 435f4150495f3220  439		.strz	"C_API_2 "
000009b5 00              
000009b6 01                440		.byte	1
000009b7 a308              441		.byte	163,8
000009b9 435f4150495f3320  442		.strz	"C_API_3 "
000009c1 00              
000009c2 01                443		.byte	1
000009c3 a808              444		.byte	168,8
000009c5 565f4445465f5641  445		.strz	"V_DEF_VAR_TYPE(storage,vartype) typedef storage V_MEMRAM1 vartype V_MEMRAM2"
000009cd 525f545950452873
000009d5 746f726167652c76
000009dd 6172747970652920
000009e5 7479706564656620
000009ed 73746f7261676520
000009f5 565f4d454d52414d
000009fd 3120766172747970
00000a05 6520565f4d454d52
00000a0d 414d3200        
00000a11 01                446		.byte	1
00000a12 ab08              447		.byte	171,8
00000a14 565f4445465f5032  448		.strz	"V_DEF_P2VAR_TYPE(storage,ptrtype,ptrclass) typedef storage V_MEMRAM1 ptrtype V_MEMRAM2 *"
00000a1c 5641525f54595045
00000a24 2873746f72616765
00000a2c 2c70747274797065
00000a34 2c707472636c6173
00000a3c 7329207479706564
00000a44 65662073746f7261
00000a4c 676520565f4d454d
00000a54 52414d3120707472
00000a5c 7479706520565f4d
00000a64 454d52414d32202a
00000a6c 00              
00000a6d 01                449		.byte	1
00000a6e ae08              450		.byte	174,8
00000a70 565f4445465f5032  451		.strz	"V_DEF_P2SFR_CAN_TYPE(storage,ptrtype) typedef storage V_MEMRAM1 ptrtype MEMORY_CAN *"
00000a78 5346525f43414e5f
00000a80 545950452873746f
00000a88 726167652c707472
00000a90 7479706529207479
00000a98 7065646566207374
00000aa0 6f7261676520565f
00000aa8 4d454d52414d3120
00000ab0 7074727479706520
00000ab8 4d454d4f52595f43
00000ac0 414e202a00      
00000ac5 01                452		.byte	1
00000ac6 b108              453		.byte	177,8
00000ac8 565f4445465f434f  454		.strz	"V_DEF_CONST(storage,type,memclass) V_MEMROM0 storage V_MEMROM1 type V_MEMROM2"
00000ad0 4e53542873746f72
00000ad8 6167652c74797065
00000ae0 2c6d656d636c6173
00000ae8 732920565f4d454d
00000af0 524f4d302073746f
00000af8 7261676520565f4d
00000b00 454d524f4d312074
00000b08 79706520565f4d45
00000b10 4d524f4d3200    
00000b16 01                455		.byte	1
00000b17 b708              456		.byte	183,8
00000b19 565f4445465f5032  457		.strz	"V_DEF_P2CONST_TYPE(storage,ptrtype,ptrclass) typedef storage V_MEMROM1 ptrtype V_MEMROM2 V_MEMROM3 *"
00000b21 434f4e53545f5459
00000b29 50452873746f7261
00000b31 67652c7074727479
00000b39 70652c707472636c
00000b41 6173732920747970
00000b49 656465662073746f
00000b51 7261676520565f4d
00000b59 454d524f4d312070
00000b61 7472747970652056
00000b69 5f4d454d524f4d32
00000b71 20565f4d454d524f
00000b79 4d33202a00      
00000b7e 04                458		.byte	4
00000b7f 01                459		.byte	1
00000b80 45                460		.byte	69
00000b81 6b47454e79566572  461		.strz	"kGENyVersionNumberOfBytes 10"
00000b89 73696f6e4e756d62
00000b91 65724f6642797465
00000b99 7320313000      
00000b9e 04                462		.byte	4
00000b9f 03                463		.byte	3
00000ba0 46                464		.byte	70
00000ba1 08                465		.byte	8
00000ba2 01                466		.byte	1
00000ba3 f603              467		.byte	246,3
00000ba5 435f53494e474c45  468		.strz	"C_SINGLE_RECEIVE_CHANNEL "
00000bad 5f52454345495645
00000bb5 5f4348414e4e454c
00000bbd 2000            
00000bbf 01                469		.byte	1
00000bc0 fb03              470		.byte	251,3
00000bc2 435f454e41424c45  471		.strz	"C_ENABLE_CAN_TRANSMIT "
00000bca 5f43414e5f545241
00000bd2 4e534d49542000  
00000bd9 01                472		.byte	1
00000bda 8004              473		.byte	128,4
00000bdc 435f454e41424c45  474		.strz	"C_ENABLE_OFFLINE "
00000be4 5f4f46464c494e45
00000bec 2000            
00000bee 01                475		.byte	1
00000bef 8404              476		.byte	132,4

                                   Fri Apr 24 16:52:29 2020           Page 10
                                   Fri Apr 24 16:52:30 2020    gh_00007801.s
00000bf1 435f454e41424c45  477		.strz	"C_ENABLE_STOP "
00000bf9 5f53544f502000  
00000c00 01                478		.byte	1
00000c01 a004              479		.byte	160,4
00000c03 435f454e41424c45  480		.strz	"C_ENABLE_INDIVIDUAL_BUFFER_MASKING "
00000c0b 5f494e4449564944
00000c13 55414c5f42554646
00000c1b 45525f4d41534b49
00000c23 4e472000        
00000c27 01                481		.byte	1
00000c28 db04              482		.byte	219,4
00000c2a 6b43616e4e756d62  483		.strz	"kCanNumberOfRxBasicMasks 1"
00000c32 65724f6652784261
00000c3a 7369634d61736b73
00000c42 203100          
00000c45 01                484		.byte	1
00000c46 f004              485		.byte	240,4
00000c48 435f44495341424c  486		.strz	"C_DISABLE_CAN_ISR_LOCK "
00000c50 455f43414e5f4953
00000c58 525f4c4f434b2000
00000c60 01                487		.byte	1
00000c61 a506              488		.byte	165,6
00000c63 43414e5f4348414e  489		.strz	"CAN_CHANNEL_CANTYPE_ONLY void"
00000c6b 4e454c5f43414e54
00000c73 5950455f4f4e4c59
00000c7b 20766f696400    
00000c81 01                490		.byte	1
00000c82 a606              491		.byte	166,6
00000c84 43414e5f4348414e  492		.strz	"CAN_CHANNEL_CANTYPE_FIRST "
00000c8c 4e454c5f43414e54
00000c94 5950455f46495253
00000c9c 542000          
00000c9f 01                493		.byte	1
00000ca0 ea06              494		.byte	234,6
00000ca2 6b43616e4e756d62  495		.strz	"kCanNumberOfConfBytes ((kCanNumberOfConfFlags + 7)/8)"
00000caa 65724f66436f6e66
00000cb2 4279746573202828
00000cba 6b43616e4e756d62
00000cc2 65724f66436f6e66
00000cca 466c616773202b20
00000cd2 37292f382900    
00000cd8 01                496		.byte	1
00000cd9 dd0a              497		.byte	221,10
00000cdb 4d454d4f52595f43  498		.strz	"MEMORY_CAN "
00000ce3 414e2000        
00000ce7 01                499		.byte	1
00000ce8 f70a              500		.byte	247,10
00000cea 435f464c45584341  501		.strz	"C_FLEXCAN_ISR_GROUP_B "
00000cf2 4e5f4953525f4752
00000cfa 4f55505f422000  
00000d01 01                502		.byte	1
00000d02 ac0b              503		.byte	172,11
00000d04 6b43616e4d61784d  504		.strz	"kCanMaxMB ((vuint16)32)"
00000d0c 422028287675696e
00000d14 7431362933322900
00000d1c 01                505		.byte	1
00000d1d e917              506		.byte	233,23
00000d1f 435f454e41424c45  507		.strz	"C_ENABLE_ISR_PROTOTYPE "
00000d27 5f4953525f50524f
00000d2f 544f545950452000
00000d37 04                508		.byte	4
00000d38 04                509		.byte	4
00000d39 03                510		.byte	3
00000d3a 2d                511		.byte	45
00000d3b 09                512		.byte	9
00000d3c 01                513		.byte	1
00000d3d cd03              514		.byte	205,3
00000d3f 4f53454b54504d43  515		.strz	"OSEKTPMC_H "
00000d47 5f482000        
00000d4b 03                516		.byte	3
00000d4c dd03              517		.byte	221,3
00000d4e 0a                518		.byte	10
00000d4f 03                519		.byte	3
00000d50 2f                520		.byte	47
00000d51 0b                521		.byte	11
00000d52 01                522		.byte	1
00000d53 2d                523		.byte	45
00000d54 5f5f43414e5f5041  524		.strz	"__CAN_PAR_H__ "
00000d5c 525f485f5f2000  
00000d63 03                525		.byte	3
00000d64 30                526		.byte	48
00000d65 0c                527		.byte	12
00000d66 03                528		.byte	3
00000d67 32                529		.byte	50
00000d68 0d                530		.byte	13
00000d69 04                531		.byte	4
00000d6a 03                532		.byte	3

                                   Fri Apr 24 16:52:29 2020           Page 11
                                   Fri Apr 24 16:52:30 2020    gh_00007801.s
00000d6b 34                533		.byte	52
00000d6c 09                534		.byte	9
00000d6d 04                535		.byte	4
00000d6e 03                536		.byte	3
00000d6f 37                537		.byte	55
00000d70 0b                538		.byte	11
00000d71 04                539		.byte	4
00000d72 04                540		.byte	4
00000d73 04                541		.byte	4
00000d74 01                542		.byte	1
00000d75 30                543		.byte	48
00000d76 54505f4d454d4f52  544		.strz	"TP_MEMORY_MODEL_DATA "
00000d7e 595f4d4f44454c5f
00000d86 444154412000    
00000d8c 01                545		.byte	1
00000d8d 32                546		.byte	50
00000d8e 54505f454e41424c  547		.strz	"TP_ENABLE_SINGLE_MSG_OBJ "
00000d96 455f53494e474c45
00000d9e 5f4d53475f4f424a
00000da6 2000            
00000da8 01                548		.byte	1
00000da9 36                549		.byte	54
00000daa 6b54704e756d6265  550		.strz	"kTpNumberOfCanChannels 1"
00000db2 724f6643616e4368
00000dba 616e6e656c732031
00000dc2 00              
00000dc3 01                551		.byte	1
00000dc4 38                552		.byte	56
00000dc5 6b54704f6e203100  553		.strz	"kTpOn 1"
00000dcd 01                554		.byte	1
00000dce 3c                555		.byte	60
00000dcf 6b54704f66662030  556		.strz	"kTpOff 0"
00000dd7 00              
00000dd8 01                557		.byte	1
00000dd9 4a                558		.byte	74
00000dda 54505f5553455f49  559		.strz	"TP_USE_ISO_COMPLIANCE kTpOn"
00000de2 534f5f434f4d504c
00000dea 49414e4345206b54
00000df2 704f6e00        
00000df6 01                560		.byte	1
00000df7 4b                561		.byte	75
00000df8 54505f5553455f46  562		.strz	"TP_USE_FAST_PRECOPY kTpOff"
00000e00 4153545f50524543
00000e08 4f5059206b54704f
00000e10 666600          
00000e13 01                563		.byte	1
00000e14 4c                564		.byte	76
00000e15 54505f5553455f44  565		.strz	"TP_USE_DIAGPRECOPY kTpOff"
00000e1d 494147505245434f
00000e25 5059206b54704f66
00000e2d 6600            
00000e2f 01                566		.byte	1
00000e30 4e                567		.byte	78
00000e31 54505f454e41424c  568		.strz	"TP_ENABLE_ISO_15765_2_2 "
00000e39 455f49534f5f3135
00000e41 3736355f325f3220
00000e49 00              
00000e4a 01                569		.byte	1
00000e4b 50                570		.byte	80
00000e4c 54505f4449534142  571		.strz	"TP_DISABLE_OBD_PRECOPY "
00000e54 4c455f4f42445f50
00000e5c 5245434f50592000
00000e64 01                572		.byte	1
00000e65 56                573		.byte	86
00000e66 54505f5553455f45  574		.strz	"TP_USE_EXTENDED_API_BS kTpOff"
00000e6e 5854454e4445445f
00000e76 4150495f4253206b
00000e7e 54704f666600    
00000e84 01                575		.byte	1
00000e85 57                576		.byte	87
00000e86 54505f5553455f45  577		.strz	"TP_USE_EXTENDED_API_STMIN kTpOff"
00000e8e 5854454e4445445f
00000e96 4150495f53544d49
00000e9e 4e206b54704f6666
00000ea6 00              
00000ea7 01                578		.byte	1
00000ea8 58                579		.byte	88
00000ea9 54505f5553455f54  580		.strz	"TP_USE_TX_OF_FC_IN_ISR kTpOn"
00000eb1 585f4f465f46435f
00000eb9 494e5f495352206b
00000ec1 54704f6e00      
00000ec6 01                581		.byte	1
00000ec7 59                582		.byte	89
00000ec8 54505f5553455f4f  583		.strz	"TP_USE_OVERRUN_INDICATION kTpOff"
00000ed0 56455252554e5f49
00000ed8 4e4449434154494f
00000ee0 4e206b54704f6666
00000ee8 00              
00000ee9 01                584		.byte	1
00000eea 5a                585		.byte	90
00000eeb 54505f5553455f4f  586		.strz	"TP_USE_ONLY_FIRST_FC kTpOn"
00000ef3 4e4c595f46495253
00000efb 545f4643206b5470
00000f03 4f6e00          
00000f06 01                587		.byte	1
00000f07 5b                588		.byte	91

                                   Fri Apr 24 16:52:29 2020           Page 12
                                   Fri Apr 24 16:52:30 2020    gh_00007801.s
00000f08 54505f5553455f46  589		.strz	"TP_USE_FAST_TX_TRANSMISSION kTpOff"
00000f10 4153545f54585f54
00000f18 52414e534d495353
00000f20 494f4e206b54704f
00000f28 666600          
00000f2b 01                590		.byte	1
00000f2c 5c                591		.byte	92
00000f2d 54505f5553455f51  592		.strz	"TP_USE_QUEUE_IN_ISR kTpOn"
00000f35 554555455f494e5f
00000f3d 495352206b54704f
00000f45 6e00            
00000f47 01                593		.byte	1
00000f48 5d                594		.byte	93
00000f49 54505f5553455f4e  595		.strz	"TP_USE_NO_STMIN_AFTER_FC kTpOff"
00000f51 4f5f53544d494e5f
00000f59 41465445525f4643
00000f61 206b54704f666600
00000f69 01                596		.byte	1
00000f6a 5e                597		.byte	94
00000f6b 4d454d4f52595f4e  598		.strz	"MEMORY_NEAR_TP_SAVE MEMORY_NEAR"
00000f73 4541525f54505f53
00000f7b 415645204d454d4f
00000f83 52595f4e45415200
00000f8b 01                599		.byte	1
00000f8c 5f                600		.byte	95
00000f8d 54505f5553455f54  601		.strz	"TP_USE_TX_HANDLE_CHANGEABLE kTpOff"
00000f95 585f48414e444c45
00000f9d 5f4348414e474541
00000fa5 424c45206b54704f
00000fad 666600          
00000fb0 01                602		.byte	1
00000fb1 60                603		.byte	96
00000fb2 54505f5553455f47  604		.strz	"TP_USE_GATEWAY_API kTpOff"
00000fba 4154455741595f41
00000fc2 5049206b54704f66
00000fca 6600            
00000fcc 01                605		.byte	1
00000fcd 61                606		.byte	97
00000fce 54505f5553455f52  607		.strz	"TP_USE_RX_CHANNEL_WITHOUT_FC kTpOff"
00000fd6 585f4348414e4e45
00000fde 4c5f574954484f55
00000fe6 545f4643206b5470
00000fee 4f666600        
00000ff2 01                608		.byte	1
00000ff3 62                609		.byte	98
00000ff4 54505f5553455f54  610		.strz	"TP_USE_TX_CHANNEL_WITHOUT_FC kTpOff"
00000ffc 585f4348414e4e45
00001004 4c5f574954484f55
0000100c 545f4643206b5470
00001014 4f666600        
00001018 01                611		.byte	1
00001019 63                612		.byte	99
0000101a 54505f5553455f4f  613		.strz	"TP_USE_OLD_STMIN_CALCULATION kTpOff"
00001022 4c445f53544d494e
0000102a 5f43414c43554c41
00001032 54494f4e206b5470
0000103a 4f666600        
0000103e 01                614		.byte	1
0000103f 66                615		.byte	102
00001040 54505f5553455f50  616		.strz	"TP_USE_PADDING kTpOn"
00001048 414444494e47206b
00001050 54704f6e00      
00001055 01                617		.byte	1
00001056 67                618		.byte	103
00001057 54505f5041444449  619		.strz	"TP_PADDING_PATTERN 0x00"
0000105f 4e475f5041545445
00001067 524e203078303000
0000106f 01                620		.byte	1
00001070 68                621		.byte	104
00001071 54505f5553455f56  622		.strz	"TP_USE_VARIABLE_DLC kTpOff"
00001079 41524941424c455f
00001081 444c43206b54704f
00001089 666600          
0000108c 01                623		.byte	1
0000108d 69                624		.byte	105
0000108e 54505f4449534142  625		.strz	"TP_DISABLE_IGNORE_FC_RES_STMIN "
00001096 4c455f49474e4f52
0000109e 455f46435f524553
000010a6 5f53544d494e2000
000010ae 01                626		.byte	1
000010af 6a                627		.byte	106
000010b0 54505f4449534142  628		.strz	"TP_DISABLE_CANCEL_FC_RES_STMIN "
000010b8 4c455f43414e4345
000010c0 4c5f46435f524553
000010c8 5f53544d494e2000
000010d0 01                629		.byte	1
000010d1 6b                630		.byte	107
000010d2 54505f4449534142  631		.strz	"TP_DISABLE_IGNORE_FC_OVFL "
000010da 4c455f49474e4f52
000010e2 455f46435f4f5646
000010ea 4c2000          
000010ed 01                632		.byte	1
000010ee 6c                633		.byte	108
000010ef 54505f4449534142  634		.strz	"TP_DISABLE_WAIT_FOR_CORRECT_SN "
000010f7 4c455f574149545f
000010ff 464f525f434f5252
00001107 4543545f534e2000
0000110f 01                635		.byte	1
00001110 6d                636		.byte	109
00001111 54505f4449534142  637		.strz	"TP_DISABLE_SINGLE_CHAN_MULTICONN "
00001119 4c455f53494e474c
00001121 455f4348414e5f4d
00001129 554c5449434f4e4e
00001131 2000            
00001133 01                638		.byte	1
00001134 6e                639		.byte	110
00001135 54505f4449534142  640		.strz	"TP_DISABLE_FC_WAIT "
0000113d 4c455f46435f5741
00001145 49542000        
00001149 01                641		.byte	1
0000114a 6f                642		.byte	111
0000114b 54505f5553455f55  643		.strz	"TP_USE_UNEXPECTED_FC_CANCELATION kTpOff"
00001153 4e45585045435445
0000115b 445f46435f43414e
00001163 43454c4154494f4e
0000116b 206b54704f666600
00001173 01                644		.byte	1

                                   Fri Apr 24 16:52:29 2020           Page 13
                                   Fri Apr 24 16:52:30 2020    gh_00007801.s
00001174 70                645		.byte	112
00001175 54505f4449534142  646		.strz	"TP_DISABLE_EXT_COPYFROMCAN_API "
0000117d 4c455f4558545f43
00001185 4f505946524f4d43
0000118d 414e5f4150492000
00001195 01                647		.byte	1
00001196 77                648		.byte	119
00001197 54505f5553455f4e  649		.strz	"TP_USE_NORMAL_ADDRESSING kTpOn"
0000119f 4f524d414c5f4144
000011a7 4452455353494e47
000011af 206b54704f6e00  
000011b6 01                650		.byte	1
000011b7 78                651		.byte	120
000011b8 54505f5553455f4e  652		.strz	"TP_USE_NORMAL_FIXED_ADDRESSING kTpOff"
000011c0 4f524d414c5f4649
000011c8 5845445f41444452
000011d0 455353494e47206b
000011d8 54704f666600    
000011de 01                653		.byte	1
000011df 79                654		.byte	121
000011e0 54505f5553455f45  655		.strz	"TP_USE_EXTENDED_ADDRESSING kTpOff"
000011e8 5854454e4445445f
000011f0 4144445245535349
000011f8 4e47206b54704f66
00001200 6600            
00001202 01                656		.byte	1
00001203 7a                657		.byte	122
00001204 54505f5553455f4d  658		.strz	"TP_USE_MIXED_11_ADDRESSING kTpOff"
0000120c 495845445f31315f
00001214 4144445245535349
0000121c 4e47206b54704f66
00001224 6600            
00001226 01                659		.byte	1
00001227 7b                660		.byte	123
00001228 54505f5553455f4d  661		.strz	"TP_USE_MIXED_29_ADDRESSING kTpOff"
00001230 495845445f32395f
00001238 4144445245535349
00001240 4e47206b54704f66
00001248 6600            
0000124a 01                662		.byte	1
0000124b 7c                663		.byte	124
0000124c 54505f454e41424c  664		.strz	"TP_ENABLE_SINGLE_CHANNEL_TP "
00001254 455f53494e474c45
0000125c 5f4348414e4e454c
00001264 5f54502000      
00001269 01                665		.byte	1
0000126a 7d                666		.byte	125
0000126b 54505f4449534142  667		.strz	"TP_DISABLE_MULTIPLE_ADDRESSING "
00001273 4c455f4d554c5449
0000127b 504c455f41444452
00001283 455353494e472000
0000128b 01                668		.byte	1
0000128c 8b01              669		.byte	139,1
0000128e 54505f5553455f50  670		.strz	"TP_USE_PRE_COPY_CHECK kTpOff"
00001296 52455f434f50595f
0000129e 434845434b206b54
000012a6 704f666600      
000012ab 01                671		.byte	1
000012ac 8c01              672		.byte	140,1
000012ae 54505f5553455f41  673		.strz	"TP_USE_APPL_PRECOPY kTpOff"
000012b6 50504c5f50524543
000012be 4f5059206b54704f
000012c6 666600          
000012c9 01                674		.byte	1
000012ca 8e01              675		.byte	142,1
000012cc 54505f5553455f43  676		.strz	"TP_USE_CUSTOM_RX_MEMCPY kTpOff"
000012d4 5553544f4d5f5258
000012dc 5f4d454d43505920
000012e4 6b54704f666600  
000012eb 01                677		.byte	1
000012ec 9601              678		.byte	150,1
000012ee 54505f5553455f53  679		.strz	"TP_USE_STMIN_OF_FC kTpOn"
000012f6 544d494e5f4f465f
000012fe 4643206b54704f6e
00001306 00              
00001307 01                680		.byte	1
00001308 9801              681		.byte	152,1
0000130a 54505f5553455f44  682		.strz	"TP_USE_DYN_ID kTpOff"
00001312 594e5f4944206b54
0000131a 704f666600      
0000131f 01                683		.byte	1
00001320 9901              684		.byte	153,1
00001322 54505f5553455f43  685		.strz	"TP_USE_CUSTOM_TX_MEMCPY kTpOn"
0000132a 5553544f4d5f5458
00001332 5f4d454d43505920
0000133a 6b54704f6e00    
00001340 01                686		.byte	1
00001341 a001              687		.byte	160,1
00001343 54505f5553455f57  688		.strz	"TP_USE_WAIT_FRAMES kTpOff"
0000134b 4149545f4652414d
00001353 4553206b54704f66
0000135b 6600            
0000135d 01                689		.byte	1
0000135e a101              690		.byte	161,1
00001360 54505f5553455f4d  691		.strz	"TP_USE_MULTIPLE_BASEADDRESS kTpOff"
00001368 554c5449504c455f
00001370 4241534541444452
00001378 455353206b54704f
00001380 666600          
00001383 01                692		.byte	1
00001384 a201              693		.byte	162,1
00001386 54505f5553455f50  694		.strz	"TP_USE_PRE_DISPATCHED_MODE kTpOff"
0000138e 52455f4449535041
00001396 54434845445f4d4f
0000139e 4445206b54704f66
000013a6 6600            
000013a8 01                695		.byte	1
000013a9 a901              696		.byte	169,1
000013ab 54505f5553455f45  697		.strz	"TP_USE_EXT_IDS_FOR_NORMAL kTpOff"
000013b3 58545f4944535f46
000013bb 4f525f4e4f524d41
000013c3 4c206b54704f6666
000013cb 00              
000013cc 01                698		.byte	1
000013cd aa01              699		.byte	170,1
000013cf 54505f5553455f4d  700		.strz	"TP_USE_MIXED_IDS_FOR_NORMAL kTpOff"
000013d7 495845445f494453
000013df 5f464f525f4e4f52
000013e7 4d414c206b54704f
000013ef 666600          

                                   Fri Apr 24 16:52:29 2020           Page 14
                                   Fri Apr 24 16:52:30 2020    gh_00007801.s
000013f2 01                701		.byte	1
000013f3 b101              702		.byte	177,1
000013f5 54505f4449534142  703		.strz	"TP_DISABLE_MIN_TIMER "
000013fd 4c455f4d494e5f54
00001405 494d45522000    
0000140b 01                704		.byte	1
0000140c b201              705		.byte	178,1
0000140e 6b54705478436861  706		.strz	"kTpTxChannelCount 1"
00001416 6e6e656c436f756e
0000141e 74203100        
00001422 01                707		.byte	1
00001423 b301              708		.byte	179,1
00001425 6b54705278436861  709		.strz	"kTpRxChannelCount 1"
0000142d 6e6e656c436f756e
00001435 74203100        
00001439 01                710		.byte	1
0000143a c201              711		.byte	194,1
0000143c 54505f4449534142  712		.strz	"TP_DISABLE_CHECKTA_COMPATIBILITY "
00001444 4c455f434845434b
0000144c 54415f434f4d5041
00001454 544942494c495459
0000145c 2000            
0000145e 01                713		.byte	1
0000145f c901              714		.byte	201,1
00001461 54505f46554e435f  715		.strz	"TP_FUNC_ENABLE_RECEPTION "
00001469 454e41424c455f52
00001471 4543455054494f4e
00001479 2000            
0000147b 01                716		.byte	1
0000147c d601              717		.byte	214,1
0000147e 54505f5553455f54  718		.strz	"TP_USE_TP_INDICATION kTpOn"
00001486 505f494e44494341
0000148e 54494f4e206b5470
00001496 4f6e00          
00001499 01                719		.byte	1
0000149a d801              720		.byte	216,1
0000149c 54505f5553455f54  721		.strz	"TP_USE_TP_CONFIRMATION kTpOn"
000014a4 505f434f4e464952
000014ac 4d4154494f4e206b
000014b4 54704f6e00      
000014b9 01                722		.byte	1
000014ba d901              723		.byte	217,1
000014bc 54505f5553455f54  724		.strz	"TP_USE_TP_RX_SF kTpOff"
000014c4 505f52585f534620
000014cc 6b54704f666600  
000014d3 01                725		.byte	1
000014d4 da01              726		.byte	218,1
000014d6 54505f5553455f54  727		.strz	"TP_USE_TP_RX_FF kTpOff"
000014de 505f52585f464620
000014e6 6b54704f666600  
000014ed 01                728		.byte	1
000014ee db01              729		.byte	219,1
000014f0 54505f5553455f54  730		.strz	"TP_USE_TP_RX_CF kTpOff"
000014f8 505f52585f434620
00001500 6b54704f666600  
00001507 01                731		.byte	1
00001508 dc01              732		.byte	220,1
0000150a 54505f5553455f54  733		.strz	"TP_USE_TP_NOTIFY_TX kTpOff"
00001512 505f4e4f54494659
0000151a 5f5458206b54704f
00001522 666600          
00001525 01                734		.byte	1
00001526 dd01              735		.byte	221,1
00001528 54505f5553455f54  736		.strz	"TP_USE_TP_CAN_MESSAGE_TRANSMITTED kTpOff"
00001530 505f43414e5f4d45
00001538 53534147455f5452
00001540 414e534d49545445
00001548 44206b54704f6666
00001550 00              
00001551 01                737		.byte	1
00001552 de01              738		.byte	222,1
00001554 54505f5553455f54  739		.strz	"TP_USE_TP_TX_FC kTpOff"
0000155c 505f54585f464320
00001564 6b54704f666600  
0000156b 01                740		.byte	1
0000156c df01              741		.byte	223,1
0000156e 54505f5553455f54  742		.strz	"TP_USE_TP_RX_GET_BUFFER kTpOn"
00001576 505f52585f474554
0000157e 5f42554646455220
00001586 6b54704f6e00    
0000158c 01                743		.byte	1
0000158d e001              744		.byte	224,1
0000158f 54505f5553455f54  745		.strz	"TP_USE_TX_ERROR_INDICATION kTpOn"
00001597 585f4552524f525f
0000159f 494e444943415449
000015a7 4f4e206b54704f6e
000015af 00              
000015b0 01                746		.byte	1
000015b1 8002              747		.byte	128,2
000015b3 5f5f4170706c5470  748		.strz	"__ApplTpRxCanMessageTransmitted(tpChannel) "
000015bb 527843616e4d6573
000015c3 736167655472616e
000015cb 736d697474656428
000015d3 74704368616e6e65
000015db 6c292000        
000015df 01                749		.byte	1
000015e0 8102              750		.byte	129,2
000015e2 5f5f4170706c5470  751		.strz	"__ApplTpTxDelayFinished(tpChannel,state) "
000015ea 547844656c617946
000015f2 696e697368656428
000015fa 74704368616e6e65
00001602 6c2c737461746529
0000160a 2000            
0000160c 01                752		.byte	1
0000160d 8602              753		.byte	134,2
0000160f 54505f5041444449  754		.strz	"TP_PADDING_PATTERN 0xAA"
00001617 4e475f5041545445
0000161f 524e203078414100
00001627 04                755		.byte	4
00001628 01                756		.byte	1

                                   Fri Apr 24 16:52:29 2020           Page 15
                                   Fri Apr 24 16:52:30 2020    gh_00007801.s
00001629 f003              757		.byte	240,3
0000162b 54505f454e41424c  758		.strz	"TP_ENABLE_NORMAL_ADDRESSING "
00001633 455f4e4f524d414c
0000163b 5f41444452455353
00001643 494e472000      
00001648 01                759		.byte	1
00001649 b504              760		.byte	181,4
0000164b 54505f4449534142  761		.strz	"TP_DISABLE_DYNAMIC_CHANNELS "
00001653 4c455f44594e414d
0000165b 49435f4348414e4e
00001663 454c532000      
00001668 01                762		.byte	1
00001669 c504              763		.byte	197,4
0000166b 54505f4449534142  764		.strz	"TP_DISABLE_VARIABLE_DLC "
00001673 4c455f5641524941
0000167b 424c455f444c4320
00001683 00              
00001684 01                765		.byte	1
00001685 a305              766		.byte	163,5
00001687 54505f454e41424c  767		.strz	"TP_ENABLE_MF_RECEPTION "
0000168f 455f4d465f524543
00001697 455054494f4e2000
0000169f 01                768		.byte	1
000016a0 b505              769		.byte	181,5
000016a2 54505f5553455f4d  770		.strz	"TP_USE_MULTIPLE_ECU_NR kTpOff"
000016aa 554c5449504c455f
000016b2 4543555f4e52206b
000016ba 54704f666600    
000016c0 01                771		.byte	1
000016c1 e206              772		.byte	226,6
000016c3 54505f454e41424c  773		.strz	"TP_ENABLE_FC_SUPPRESS "
000016cb 455f46435f535550
000016d3 50524553532000  
000016da 01                774		.byte	1
000016db 8207              775		.byte	130,7
000016dd 54505f454e41424c  776		.strz	"TP_ENABLE_FC_OVERFLOW "
000016e5 455f46435f4f5645
000016ed 52464c4f572000  
000016f4 01                777		.byte	1
000016f5 9a08              778		.byte	154,8
000016f7 6b54704d61784361  779		.strz	"kTpMaxCanChannels 15"
000016ff 6e4368616e6e656c
00001707 7320313500      
0000170c 04                780		.byte	4
0000170d 04                781		.byte	4
0000170e 00                782		.byte	0
                           783		.section	.debug_abbrev
00000017 00                784		.byte	0
                           785		.section	.debug_info
                           786	.Ldw_end:
