
                                   Fri Apr 24 16:52:34 2020           Page 1
                                   Fri Apr 24 16:52:36 2020    gh_0000bv81.s
Command Line:   C:\ghs\comp_201754\asppc.exe -w -noundefined -elf -b1 -I.
                -I./components/spc570sxx_platform_component_rla/lib/include
                -I./components/flash_driver/lib/include
                -I./components/spc570sxx_board_initialization_component_rla/lib/include
                -I./components/spc570sxx_clock_component_rla/lib/include
                -I./components/spc570sxx_irq_component_rla/lib/include
                -I./components/spc570sxx_osal_component_rla/lib/include
                -I./components/spc570sxx_platform_component_rla/cfg
                -I./components/spc570sxx_board_initialization_component_rla/cfg
                -I./components/spc570sxx_clock_component_rla/cfg
                -I./components/spc570sxx_irq_component_rla/cfg
                -I./components/spc570sxx_osal_component_rla/cfg -I./source/
                -I./source/ASW/ -I./source/BSW/ -I./source/BSW/BSW_Geny/
                -I./source/BSW/BSW_Geny/Can/ -I./source/BSW/BSW_Geny/Common/
                -I./source/BSW/BSW_Geny/Il/
                -I./source/BSW/BSW_Geny/SipVersionCheck/
                -I./source/BSW/BSW_Geny/Tp/ -I./source/BSW/BSW_Geny/VStdLib/
                -I./source/BSW/CANbedded_Vector/ -I./source/FBL/ -I./source/Geny/
                -I./source/Geny/Cdd/ -I./source/Geny/Cfg/ -I./source/Geny/Db/
                -I./source/Geny/Prj/ -I./source/HAL/ -I./source/RTE/
                -I./source/UDS/ -I./components -IC:\ghs\comp_201754\/ansi
                -IC:\ghs\comp_201754\lib\ppc5514 -cpu=ppc5746mz0
                -patch_dbo=D:\07_Working\E100\build\obj\v_par.dbo -source=v_par.c
                -o build\obj\gh_0000bv81.o -list=build/lst/v_par.lst
                build\obj\gh_0000bv81.s
Source File:    build\obj\gh_0000bv81.s
Directory:      D:\07_Working\E100
Host OS:        Windows
AS: Copyright (C) 1983-2017 Green Hills Software.  All Rights Reserved.
Release: Compiler v2017.5.4
Build Directory: [Directory] COMP-VAL-WIN50:c:/autoval2/v2017.5-2017-10-03/win32-comp-ecom
Revision: [VCInfo] http://toolsvc/branches/release-branch-2017-5-comp/src@603870 (built by auto-compiler)
Revision Date: Wed Oct 04 11:30:08 2017

Release Date: Wed Oct 04 09:00:05 2017

                             1	#Driver Command: ccppc -c -cpu=ppc5746mz0 -Ospeed -Onounroll --ee -ansi
                             2	#		--no_coverage_analysis -check=nomemory -inline_prologue -std=c99
                             3	#		-G -dual_debug --gnu_asm -gnu99 --no_commons -w --ghstd=last
                             4	#		-list -tmp=build/obj -list=build/lst/v_par.lst -DPPC_USE_VLE -MD
                             5	#		-I. -I./components/spc570sxx_platform_component_rla/lib/include
                             6	#		-I./components/flash_driver/lib/include
                             7	#		-I./components/spc570sxx_board_initialization_component_rla/lib/include
                             8	#		-I./components/spc570sxx_clock_component_rla/lib/include
                             9	#		-I./components/spc570sxx_irq_component_rla/lib/include
                            10	#		-I./components/spc570sxx_osal_component_rla/lib/include
                            11	#		-I./components/spc570sxx_platform_component_rla/cfg
                            12	#		-I./components/spc570sxx_board_initialization_component_rla/cfg
                            13	#		-I./components/spc570sxx_clock_component_rla/cfg
                            14	#		-I./components/spc570sxx_irq_component_rla/cfg
                            15	#		-I./components/spc570sxx_osal_component_rla/cfg -I./source/
                            16	#		-I./source/ASW/ -I./source/BSW/ -I./source/BSW/BSW_Geny/
                            17	#		-I./source/BSW/BSW_Geny/Can/ -I./source/BSW/BSW_Geny/Common/
                            18	#		-I./source/BSW/BSW_Geny/Il/
                            19	#		-I./source/BSW/BSW_Geny/SipVersionCheck/
                            20	#		-I./source/BSW/BSW_Geny/Tp/ -I./source/BSW/BSW_Geny/VStdLib/
                            21	#		-I./source/BSW/CANbedded_Vector/ -I./source/FBL/ -I./source/Geny/
                            22	#		-I./source/Geny/Cdd/ -I./source/Geny/Cfg/ -I./source/Geny/Db/
                            23	#		-I./source/Geny/Prj/ -I./source/HAL/ -I./source/RTE/
                            24	#		-I./source/UDS/ -I./components -IC:\ghs\comp_201754\/ansi
                            25	#		./source/BSW/CANbedded_Vector/v_par.c -o build/obj/v_par.o
                            26	#Source File:   ./source/BSW/CANbedded_Vector/v_par.c
                            27	#Directory:     D:\07_Working\E100
                            28	#Compile Date:  Fri Apr 24 16:52:34 2020

                                   Fri Apr 24 16:52:34 2020           Page 2
                                   Fri Apr 24 16:52:36 2020    gh_0000bv81.s
                            29	#Host OS:       Win32
                            30	#Version:       C-POWERPC 2017.5.4 RELEASE VERSION
                            31	#Release:       Compiler v2017.5.4
                            32	#Revision Date: Wed Oct 04 11:39:37 2017
                            33	#Release Date:  Wed Oct 04 09:00:05 2017
                            34	# ecom  -g -w -OLM
                            35	
                            36		.section ".rodata","a"
                            37		.align	2
                            38		.global	kDBCVersion
00000000 19051910           39	kDBCVersion:	.byte	25,5,25,16
00000004 00000110           40		.byte	0,0,1,16
                            41		.type	kDBCVersion,@object
                            42		.size	kDBCVersion,8
                            43		.global	kGENyVersion
00000008 01021201           44	kGENyVersion:	.byte	1,2,18,1
0000000c 8007               45		.byte	128,7
0000000e 77                 46		.byte	119
0000000f 00                 47		.space	1
00000010 00                 48		.space	1
00000011 00                 49		.space	1
00000012 0000               50		.space	2
                            51		.type	kGENyVersion,@object
                            52		.size	kGENyVersion,12
                            53		.data
                            54		.note ".PPC.EMB.apuinfo",""
00000000 00000008           55		.long	0x00000008
00000004 00000004           56		.long	4
00000008 00000002           57		.long	0x00000002
                            58		# "APUinfo\000"
0000000c 41505569           59		.byte	65,80,85,105
00000010 6e666f00           60		.byte	110,102,111,0
00000014 01040001           61		.long	0x01040001
                            62		.ghsnote version,20
                            63		.ghsnote tools,3
                            64		.ghsnote options,644
                            65		.section ".vletext", "vax"
                            66		.vle
                            67		.vle
                            68	..bof.D.3A.5C07_Working.5CE100.5Cbuild.5Cobj.5Cv_par...44.3A.5C07_Working.5CE100..5EA29AC2..0::
                            69	..eof.D.3A.5C07_Working.5CE100.5Cbuild.5Cobj.5Cv_par...44.3A.5C07_Working.5CE100..5EA29AC2..0::
                            70		.section	.debug_info
                            71	.Ldw_begin:
00000000 0000019e           72		.long	.Ldw_end-.Ldw_begin-4
00000004 0002               73		.byte	0,2
00000006 00000000           74		.long	.Ldw_abbr_begin
0000000a 04                 75		.byte	4
                            76		.section	.debug_abbrev
                            77	.Ldw_abbr_begin:
                            78		.section	.debug_info
0000000b 01                 79		.byte	1
0000000c 00000000           80		.long	..bof.D.3A.5C07_Working.5CE100.5Cbuild.5Cobj.5Cv_par...44.3A.5C07_Working.5CE100..5EA29AC2..0
00000010 00000000           81		.long	..eof.D.3A.5C07_Working.5CE100.5Cbuild.5Cobj.5Cv_par...44.3A.5C07_Working.5CE100..5EA29AC2..0
00000014 2e2f736f75726365   82		.strz	"./source/BSW/CANbedded_Vector/v_par.c"
0000001c 2f4253572f43414e
00000024 6265646465645f56
0000002c 6563746f722f765f
00000034 7061722e6300    
0000003a 443a5c30375f576f   83		.strz	"D:\\07_Working\\E100"
00000042 726b696e675c4531
0000004a 303000          
0000004d 4748532043203230   84		.strz	"GHS C 2017.5.4 [dual]"
00000055 31372e352e34205b
0000005d 6475616c5d00    

                                   Fri Apr 24 16:52:34 2020           Page 3
                                   Fri Apr 24 16:52:36 2020    gh_0000bv81.s
00000063 0001               85		.byte	0,1
00000065 00000000           86		.long	.Ldw_line_begin
00000069 00000000           87		.long	.Ldw_macinfo_begin
0000006d 00                 88		.byte	0
                            89	
                            90		.section	.debug_abbrev
00000000 01                 91		.byte	1
00000001 11                 92		.byte	17
00000002 01                 93		.byte	1
00000003 1101               94		.byte	17,1
00000005 1201               95		.byte	18,1
00000007 0308               96		.byte	3,8
00000009 1b08               97		.byte	27,8
0000000b 2508               98		.byte	37,8
0000000d 1305               99		.byte	19,5
0000000f 1006              100		.byte	16,6
00000011 4306              101		.byte	67,6
00000013 420b              102		.byte	66,11
00000015 0000              103		.byte	0,0
                           104	
                           105		.section	.debug_line
                           106	.Ldw_line_begin:
00000000 00000229          107		.long	.Ldw_line_end-.Ldw_line_begin-4
00000004 0002              108		.byte	0,2
00000006 00000223          109		.long	.Ldw_lpro_end-.Ldw_lpro_begin
                           110	.Ldw_lpro_begin:
0000000a 01                111		.byte	1
0000000b 00                112		.byte	0
0000000c 00                113		.byte	0
0000000d 04                114		.byte	4
0000000e 0a                115		.byte	10
0000000f 000101            116		.byte	0,1,1
00000012 010100            117		.byte	1,1,0
00000015 000001            118		.byte	0,0,1
00000018 00                119		.byte	0
00000019 2e2f736f75726365  120		.strz	"./source/BSW/CANbedded_Vector/v_par.c"
00000021 2f4253572f43414e
00000029 6265646465645f56
00000031 6563746f722f765f
00000039 7061722e6300    
0000003f 000000            121		.byte	0,0,0
00000042 2e2f736f75726365  122		.strz	"./source/BSW/CANbedded_Vector/v_inc.h"
0000004a 2f4253572f43414e
00000052 6265646465645f56
0000005a 6563746f722f765f
00000062 696e632e6800    
00000068 000000            123		.byte	0,0,0
0000006b 2e2f736f75726365  124		.strz	"./source/BSW/BSW_Geny/Can/can_inc.h"
00000073 2f4253572f425357
0000007b 5f47656e792f4361
00000083 6e2f63616e5f696e
0000008b 632e6800        
0000008f 000000            125		.byte	0,0,0
00000092 2e2f736f75726365  126		.strz	"./source/BSW/CANbedded_Vector/can_cfg.h"
0000009a 2f4253572f43414e
000000a2 6265646465645f56
000000aa 6563746f722f6361
000000b2 6e5f6366672e6800
000000ba 000000            127		.byte	0,0,0
000000bd 2e2f736f75726365  128		.strz	"./source/BSW/CANbedded_Vector/v_cfg.h"
000000c5 2f4253572f43414e
000000cd 6265646465645f56
000000d5 6563746f722f765f
000000dd 6366672e6800    
000000e3 000000            129		.byte	0,0,0
000000e6 2e2f736f75726365  130		.strz	"./source/BSW/CANbedded_Vector/v_par.h"
000000ee 2f4253572f43414e
000000f6 6265646465645f56
000000fe 6563746f722f765f
00000106 7061722e6800    
0000010c 000000            131		.byte	0,0,0
0000010f 2e2f736f75726365  132		.strz	"./source/BSW/BSW_Geny/Common/v_def.h"
00000117 2f4253572f425357
0000011f 5f47656e792f436f
00000127 6d6d6f6e2f765f64
0000012f 65662e6800      
00000134 000000            133		.byte	0,0,0
00000137 2e2f736f75726365  134		.strz	"./source/BSW/BSW_Geny/VStdLib/vstdlib.h"
0000013f 2f4253572f425357
00000147 5f47656e792f5653
0000014f 74644c69622f7673
00000157 74646c69622e6800
0000015f 000000            135		.byte	0,0,0
00000162 2e2f736f75726365  136		.strz	"./source/BSW/BSW_Geny/Can/can_def.h"
0000016a 2f4253572f425357
00000172 5f47656e792f4361
0000017a 6e2f63616e5f6465
00000182 662e6800        
00000186 000000            137		.byte	0,0,0
00000189 2e2f736f75726365  138		.strz	"./source/BSW/CANbedded_Vector/drv_par.h"
00000191 2f4253572f43414e
00000199 6265646465645f56
000001a1 6563746f722f6472
000001a9 765f7061722e6800
000001b1 000000            139		.byte	0,0,0
000001b4 2e2f736f75726365  140		.strz	"./source/BSW/BSW_Geny/Tp/tpmc.h"
000001bc 2f4253572f425357
000001c4 5f47656e792f5470
000001cc 2f74706d632e6800

                                   Fri Apr 24 16:52:34 2020           Page 4
                                   Fri Apr 24 16:52:36 2020    gh_0000bv81.s
000001d4 000000            141		.byte	0,0,0
000001d7 2e2f736f75726365  142		.strz	"./source/BSW/CANbedded_Vector/tp_cfg.h"
000001df 2f4253572f43414e
000001e7 6265646465645f56
000001ef 6563746f722f7470
000001f7 5f6366672e6800  
000001fe 000000            143		.byte	0,0,0
00000201 2e2f736f75726365  144		.strz	"./source/BSW/CANbedded_Vector/can_par.h"
00000209 2f4253572f43414e
00000211 6265646465645f56
00000219 6563746f722f6361
00000221 6e5f7061722e6800
00000229 000000            145		.byte	0,0,0
0000022c 00                146		.byte	0
                           147	.Ldw_lpro_end:
                           148		.section	.debug_macinfo
                           149	.Ldw_macinfo_begin:
                           150		.section	.debug_info
                           151	.LDW_4a6cc90:
0000006e 27                152		.byte	39
0000006f 756e7369676e6564  153		.strz	"unsigned char"
00000077 206368617200    
0000007d 08                154		.byte	8
0000007e 01                155		.byte	1
                           156	
                           157		.section	.debug_abbrev
00000017 27                158		.byte	39
00000018 24                159		.byte	36
00000019 00                160		.byte	0
0000001a 0308              161		.byte	3,8
0000001c 3e0b              162		.byte	62,11
0000001e 0b0b              163		.byte	11,11
00000020 0000              164		.byte	0,0
                           165	
                           166		.section	.debug_info
                           167	.LDW_4a6cd70:
0000007f 27                168		.byte	39
00000080 756e7369676e6564  169		.strz	"unsigned long"
00000088 206c6f6e6700    
0000008e 07                170		.byte	7
0000008f 04                171		.byte	4
                           172	
                           173	.LDW_4a6cfa0:
00000090 27                174		.byte	39
00000091 696e7400          175		.strz	"int"
00000095 05                176		.byte	5
00000096 04                177		.byte	4
                           178	
                           179	.LDW_5cf52d8:
00000097 2b                180		.byte	43
00000098 00000000          181		.long	.LDW_5bf73f8
                           182	
                           183		.section	.debug_abbrev
00000022 2b                184		.byte	43
00000023 26                185		.byte	38
00000024 00                186		.byte	0
00000025 4910              187		.byte	73,16
00000027 0000              188		.byte	0,0
                           189	
                           190		.section	.debug_info
                           191	.LDW_5cf9060:
0000009c 3c                192		.byte	60
0000009d 00                193		.byte	0
0000009e 0a                194		.byte	10
0000009f 00000000          195		.long	.LDW_5cf52d8
                           196	

                                   Fri Apr 24 16:52:34 2020           Page 5
                                   Fri Apr 24 16:52:36 2020    gh_0000bv81.s
                           197		.section	.debug_abbrev
00000029 3c                198		.byte	60
0000002a 01                199		.byte	1
0000002b 01                200		.byte	1
0000002c 090b              201		.byte	9,11
0000002e 0b0f              202		.byte	11,15
00000030 4910              203		.byte	73,16
00000032 0000              204		.byte	0,0
                           205	
                           206		.section	.debug_info
000000a3 34                207		.byte	52
000000a4 00000000          208		.long	.LDW_4a6cfa0
000000a8 04                209		.byte	4
000000a9 00                210		.byte	0
000000aa 09                211		.byte	9
                           212	
                           213		.section	.debug_abbrev
00000034 34                214		.byte	52
00000035 21                215		.byte	33
00000036 00                216		.byte	0
00000037 4910              217		.byte	73,16
00000039 0b0f              218		.byte	11,15
0000003b 220d              219		.byte	34,13
0000003d 2f0d              220		.byte	47,13
0000003f 0000              221		.byte	0,0
                           222	
                           223		.section	.debug_info
000000ab 00                224		.byte	0
                           225	
                           226	.LDW_5cf73f0:
000000ac 2b                227		.byte	43
000000ad 00000000          228		.long	.LDW_5bf1cf0
                           229	
                           230	.LDW_5cf8d30:
000000b1 3c                231		.byte	60
000000b2 00                232		.byte	0
000000b3 08                233		.byte	8
000000b4 00000000          234		.long	.LDW_5cf73f0
                           235	
000000b8 34                236		.byte	52
000000b9 00000000          237		.long	.LDW_4a6cfa0
000000bd 04                238		.byte	4
000000be 00                239		.byte	0
000000bf 00                240		.byte	0
                           241	
000000c0 00                242		.byte	0
                           243	
                           244	.LDW_5bf73f8:
000000c1 2a                245		.byte	42
000000c2 7675696e743800    246		.strz	"vuint8"
000000c9 9c04              247		.byte	156,4
000000cb 18                248		.byte	24
000000cc 07                249		.byte	7
000000cd 00000000          250		.long	.LDW_4a6cc90
                           251	
                           252		.section	.debug_abbrev

                                   Fri Apr 24 16:52:34 2020           Page 6
                                   Fri Apr 24 16:52:36 2020    gh_0000bv81.s
00000041 2a                253		.byte	42
00000042 16                254		.byte	22
00000043 00                255		.byte	0
00000044 0308              256		.byte	3,8
00000046 3b0f              257		.byte	59,15
00000048 390f              258		.byte	57,15
0000004a 3a0f              259		.byte	58,15
0000004c 4910              260		.byte	73,16
0000004e 0000              261		.byte	0,0
                           262	
                           263		.section	.debug_info
                           264	.LDW_5bf7558:
000000d1 2a                265		.byte	42
000000d2 7675696e74333200  266		.strz	"vuint32"
000000da b304              267		.byte	179,4
000000dc 18                268		.byte	24
000000dd 07                269		.byte	7
000000de 00000000          270		.long	.LDW_4a6cd70
                           271	
                           272	.LDW_5bf1c98:
000000e2 42                273		.byte	66
000000e3 7444424356657273  274		.strz	"tDBCVersionTag"
000000eb 696f6e54616700  
000000f2 4c                275		.byte	76
000000f3 10                276		.byte	16
000000f4 06                277		.byte	6
000000f5 08                278		.byte	8
000000f6 01                279		.byte	1
                           280	
                           281		.section	.debug_abbrev
00000050 42                282		.byte	66
00000051 13                283		.byte	19
00000052 01                284		.byte	1
00000053 0308              285		.byte	3,8
00000055 3b0f              286		.byte	59,15
00000057 390f              287		.byte	57,15
00000059 3a0f              288		.byte	58,15
0000005b 0b0f              289		.byte	11,15
0000005d 320b              290		.byte	50,11
0000005f 0000              291		.byte	0,0
                           292	
                           293		.section	.debug_info
                           294	.LDW_4aa8708:
000000f7 25                295		.byte	37
000000f8 6b5965617200      296		.strz	"kYear"
000000fe 4e                297		.byte	78
000000ff 0a                298		.byte	10
00000100 06                299		.byte	6
00000101 00000000          300		.long	.LDW_5bf73f8
00000105 0223              301		.byte	2,35
00000107 00                302		.byte	0
00000108 01                303		.byte	1
                           304	
                           305		.section	.debug_abbrev
00000061 25                306		.byte	37
00000062 0d                307		.byte	13
00000063 00                308		.byte	0

                                   Fri Apr 24 16:52:34 2020           Page 7
                                   Fri Apr 24 16:52:36 2020    gh_0000bv81.s
00000064 0308              309		.byte	3,8
00000066 3b0f              310		.byte	59,15
00000068 390f              311		.byte	57,15
0000006a 3a0f              312		.byte	58,15
0000006c 4910              313		.byte	73,16
0000006e 380a              314		.byte	56,10
00000070 320b              315		.byte	50,11
00000072 0000              316		.byte	0,0
                           317	
                           318		.section	.debug_info
                           319	.LDW_4aa8d38:
00000109 25                320		.byte	37
0000010a 6b4d6f6e746800    321		.strz	"kMonth"
00000111 4f                322		.byte	79
00000112 0a                323		.byte	10
00000113 06                324		.byte	6
00000114 00000000          325		.long	.LDW_5bf73f8
00000118 0223              326		.byte	2,35
0000011a 01                327		.byte	1
0000011b 01                328		.byte	1
                           329	
                           330	.LDW_4aa8b40:
0000011c 25                331		.byte	37
0000011d 6b5765656b00      332		.strz	"kWeek"
00000123 50                333		.byte	80
00000124 0a                334		.byte	10
00000125 06                335		.byte	6
00000126 00000000          336		.long	.LDW_5bf73f8
0000012a 0223              337		.byte	2,35
0000012c 02                338		.byte	2
0000012d 01                339		.byte	1
                           340	
                           341	.LDW_4aa8750:
0000012e 25                342		.byte	37
0000012f 6b44617900        343		.strz	"kDay"
00000134 51                344		.byte	81
00000135 0a                345		.byte	10
00000136 06                346		.byte	6
00000137 00000000          347		.long	.LDW_5bf73f8
0000013b 0223              348		.byte	2,35
0000013d 03                349		.byte	3
0000013e 01                350		.byte	1
                           351	
                           352	.LDW_4aa8bd0:
0000013f 25                353		.byte	37
00000140 6b4e756d62657200  354		.strz	"kNumber"
00000148 52                355		.byte	82
00000149 0b                356		.byte	11
0000014a 06                357		.byte	6
0000014b 00000000          358		.long	.LDW_5bf7558
0000014f 0223              359		.byte	2,35
00000151 04                360		.byte	4
00000152 01                361		.byte	1
                           362	
00000153 00                363		.byte	0
                           364	

                                   Fri Apr 24 16:52:34 2020           Page 8
                                   Fri Apr 24 16:52:36 2020    gh_0000bv81.s
                           365	.LDW_5bf1cf0:
00000154 2a                366		.byte	42
00000155 7444424356657273  367		.strz	"tDBCVersion"
0000015d 696f6e00        
00000161 53                368		.byte	83
00000162 03                369		.byte	3
00000163 06                370		.byte	6
00000164 00000000          371		.long	.LDW_5bf1c98
                           372	
                           373	.LDW_5cf74f8:
00000168 06                374		.byte	6
00000169 6b47454e79566572  375		.strz	"kGENyVersion"
00000171 73696f6e00      
00000176 3a                376		.byte	58
00000177 26                377		.byte	38
00000178 01                378		.byte	1
00000179 00000000          379		.long	.LDW_5cf9060
0000017d 01                380		.byte	1
0000017e 00                381		.byte	0
0000017f 0503              382		.byte	5,3
00000181 00000000          383		.long	kGENyVersion
                           384	
                           385		.section	.debug_abbrev
00000074 06                386		.byte	6
00000075 34                387		.byte	52
00000076 00                388		.byte	0
00000077 0308              389		.byte	3,8
00000079 3b0f              390		.byte	59,15
0000007b 390f              391		.byte	57,15
0000007d 3a0f              392		.byte	58,15
0000007f 4910              393		.byte	73,16
00000081 3f0c              394		.byte	63,12
00000083 3c0c              395		.byte	60,12
00000085 020a              396		.byte	2,10
00000087 0000              397		.byte	0,0
                           398	
                           399		.section	.debug_info
                           400	.LDW_5cf7550:
00000185 06                401		.byte	6
00000186 6b44424356657273  402		.strz	"kDBCVersion"
0000018e 696f6e00        
00000192 4c                403		.byte	76
00000193 2b                404		.byte	43
00000194 01                405		.byte	1
00000195 00000000          406		.long	.LDW_5cf8d30
00000199 01                407		.byte	1
0000019a 00                408		.byte	0
0000019b 0503              409		.byte	5,3
0000019d 00000000          410		.long	kDBCVersion
                           411	
000001a1 00                412		.byte	0
                           413	
                           414		.section	.debug_line
                           415	.Ldw_line_end:
                           416		.section	.debug_macinfo
00000000 03                417		.byte	3
00000001 00                418		.byte	0
00000002 01                419		.byte	1
00000003 03                420		.byte	3

                                   Fri Apr 24 16:52:34 2020           Page 9
                                   Fri Apr 24 16:52:36 2020    gh_0000bv81.s
00000004 30                421		.byte	48
00000005 02                422		.byte	2
00000006 01                423		.byte	1
00000007 2d                424		.byte	45
00000008 5f5f565f494e435f  425		.strz	"__V_INC_H__ "
00000010 485f5f2000      
00000015 03                426		.byte	3
00000016 2f                427		.byte	47
00000017 03                428		.byte	3
00000018 03                429		.byte	3
00000019 2a                430		.byte	42
0000001a 04                431		.byte	4
0000001b 03                432		.byte	3
0000001c 2f                433		.byte	47
0000001d 05                434		.byte	5
0000001e 01                435		.byte	1
0000001f 30                436		.byte	48
00000020 5647454e5f47454e  437		.strz	"VGEN_GENY "
00000028 592000          
0000002b 01                438		.byte	1
0000002c 54                439		.byte	84
0000002d 435f435055545950  440		.strz	"C_CPUTYPE_32BIT "
00000035 455f333242495420
0000003d 00              
0000003e 01                441		.byte	1
0000003f 59                442		.byte	89
00000040 565f435055545950  443		.strz	"V_CPUTYPE_BITARRAY_32BIT "
00000048 455f424954415252
00000050 41595f3332424954
00000058 2000            
0000005a 01                444		.byte	1
0000005b 5e                445		.byte	94
0000005c 435f435055545950  446		.strz	"C_CPUTYPE_BIGENDIAN "
00000064 455f424947454e44
0000006c 49414e2000      
00000071 01                447		.byte	1
00000072 63                448		.byte	99
00000073 435f435055545950  449		.strz	"C_CPUTYPE_BITORDER_MSB2LSB "
0000007b 455f4249544f5244
00000083 45525f4d5342324c
0000008b 53422000        
0000008f 01                450		.byte	1
00000090 72                451		.byte	114
00000091 435f434f4d505f47  452		.strz	"C_COMP_GHS_MPC55XX_FLEXCAN2 "
00000099 48535f4d50433535
000000a1 58585f464c455843
000000a9 414e322000      
000000ae 01                453		.byte	1
000000af 9301              454		.byte	147,1
000000b1 5647454e5f454e41  455		.strz	"VGEN_ENABLE_VSTDLIB "
000000b9 424c455f56535444
000000c1 4c49422000      
000000c6 01                456		.byte	1
000000c7 9701              457		.byte	151,1
000000c9 565354445f454e41  458		.strz	"VSTD_ENABLE_APPL_INTCTRL "
000000d1 424c455f4150504c
000000d9 5f494e544354524c
000000e1 2000            
000000e3 01                459		.byte	1
000000e4 a901              460		.byte	169,1
000000e6 565354445f454e41  461		.strz	"VSTD_ENABLE_LIBRARY_FUNCTIONS "
000000ee 424c455f4c494252
000000f6 4152595f46554e43
000000fe 54494f4e532000  
00000105 01                462		.byte	1
00000106 d401              463		.byte	212,1
00000108 54505f4150495f43  464		.strz	"TP_API_CALL_TYPE "
00000110 414c4c5f54595045
00000118 2000            
0000011a 01                465		.byte	1
0000011b d501              466		.byte	213,1
0000011d 54505f4150495f43  467		.strz	"TP_API_CALLBACK_TYPE "
00000125 414c4c4241434b5f
0000012d 545950452000    
00000133 01                468		.byte	1
00000134 d601              469		.byte	214,1
00000136 54505f494e544552  470		.strz	"TP_INTERNAL_CALL_TYPE "
0000013e 4e414c5f43414c4c
00000146 5f545950452000  
0000014d 01                471		.byte	1
0000014e ad02              472		.byte	173,2
00000150 4d414749435f4e55  473		.strz	"MAGIC_NUMBER 345877849"
00000158 4d42455220333435
00000160 38373738343900  
00000167 04                474		.byte	4
00000168 01                475		.byte	1
00000169 4c                476		.byte	76

                                   Fri Apr 24 16:52:34 2020           Page 10
                                   Fri Apr 24 16:52:36 2020    gh_0000bv81.s
0000016a 6b43616e4e756d62  477		.strz	"kCanNumberOfChannels 1"
00000172 65724f664368616e
0000017a 6e656c73203100  
00000181 01                478		.byte	1
00000182 4d                479		.byte	77
00000183 6b43616e4e756d62  480		.strz	"kCanNumberOfHwChannels 1"
0000018b 65724f6648774368
00000193 616e6e656c732031
0000019b 00              
0000019c 01                481		.byte	1
0000019d 58                482		.byte	88
0000019e 435f454e41424c45  483		.strz	"C_ENABLE_RECEIVE_FCT "
000001a6 5f52454345495645
000001ae 5f4643542000    
000001b4 01                484		.byte	1
000001b5 59                485		.byte	89
000001b6 4150504c5f43414e  486		.strz	"APPL_CAN_MSGRECEIVED ApplCanMsgReceived"
000001be 5f4d534752454345
000001c6 4956454420417070
000001ce 6c43616e4d736752
000001d6 6563656976656400
000001de 01                487		.byte	1
000001df 5c                488		.byte	92
000001e0 435f454e41424c45  489		.strz	"C_ENABLE_TRANSMIT_QUEUE "
000001e8 5f5452414e534d49
000001f0 545f515545554520
000001f8 00              
000001f9 01                490		.byte	1
000001fa 60                491		.byte	96
000001fb 435f454e41424c45  492		.strz	"C_ENABLE_USER_CHECK "
00000203 5f555345525f4348
0000020b 45434b2000      
00000210 01                493		.byte	1
00000211 61                494		.byte	97
00000212 435f454e41424c45  495		.strz	"C_ENABLE_HARDWARE_CHECK "
0000021a 5f48415244574152
00000222 455f434845434b20
0000022a 00              
0000022b 01                496		.byte	1
0000022c 62                497		.byte	98
0000022d 435f454e41424c45  498		.strz	"C_ENABLE_GEN_CHECK "
00000235 5f47454e5f434845
0000023d 434b2000        
00000241 01                499		.byte	1
00000242 63                500		.byte	99
00000243 435f454e41424c45  501		.strz	"C_ENABLE_INTERNAL_CHECK "
0000024b 5f494e5445524e41
00000253 4c5f434845434b20
0000025b 00              
0000025c 01                502		.byte	1
0000025d 6f                503		.byte	111
0000025e 435f534543555249  504		.strz	"C_SECURITY_LEVEL 30"
00000266 54595f4c4556454c
0000026e 20333000        
00000272 01                505		.byte	1
00000273 72                506		.byte	114
00000274 435f454e41424c45  507		.strz	"C_ENABLE_PART_OFFLINE "
0000027c 5f504152545f4f46
00000284 464c494e452000  
0000028b 01                508		.byte	1
0000028c 77                509		.byte	119
0000028d 6b43616e4e756d62  510		.strz	"kCanNumberOfTxObjects 4"
00000295 65724f6654784f62
0000029d 6a65637473203400
000002a5 01                511		.byte	1
000002a6 7a                512		.byte	122
000002a7 6b43616e4e756d62  513		.strz	"kCanNumberOfRxObjects 5"
000002af 65724f6652784f62
000002b7 6a65637473203500
000002bf 01                514		.byte	1
000002c0 8101              515		.byte	129,1
000002c2 6b43616e4e756d62  516		.strz	"kCanNumberOfConfFlags 3"
000002ca 65724f66436f6e66
000002d2 466c616773203300
000002da 01                517		.byte	1
000002db 8501              518		.byte	133,1
000002dd 6b43616e4e756d62  519		.strz	"kCanNumberOfInitObjects 1"
000002e5 65724f66496e6974
000002ed 4f626a6563747320
000002f5 3100            
000002f7 01                520		.byte	1
000002f8 8c01              521		.byte	140,1
000002fa 435f454e41424c45  522		.strz	"C_ENABLE_CONFIRMATION_FLAG "
00000302 5f434f4e4649524d
0000030a 4154494f4e5f464c
00000312 41472000        
00000316 01                523		.byte	1
00000317 8f01              524		.byte	143,1
00000319 435f454e41424c45  525		.strz	"C_ENABLE_CONFIRMATION_FCT "
00000321 5f434f4e4649524d
00000329 4154494f4e5f4643
00000331 542000          
00000334 01                526		.byte	1
00000335 9001              527		.byte	144,1
00000337 435f454e41424c45  528		.strz	"C_ENABLE_INDICATION_FCT "
0000033f 5f494e4449434154
00000347 494f4e5f46435420
0000034f 00              
00000350 01                529		.byte	1
00000351 9101              530		.byte	145,1
00000353 435f454e41424c45  531		.strz	"C_ENABLE_PRECOPY_FCT "
0000035b 5f505245434f5059
00000363 5f4643542000    
00000369 01                532		.byte	1

                                   Fri Apr 24 16:52:34 2020           Page 11
                                   Fri Apr 24 16:52:36 2020    gh_0000bv81.s
0000036a 9701              533		.byte	151,1
0000036c 435f454e41424c45  534		.strz	"C_ENABLE_GENERIC_PRECOPY "
00000374 5f47454e45524943
0000037c 5f505245434f5059
00000384 2000            
00000386 01                535		.byte	1
00000387 9801              536		.byte	152,1
00000389 4150504c5f43414e  537		.strz	"APPL_CAN_GENERIC_PRECOPY IlCanGenericPrecopy"
00000391 5f47454e45524943
00000399 5f505245434f5059
000003a1 20496c43616e4765
000003a9 6e65726963507265
000003b1 636f707900      
000003b6 01                538		.byte	1
000003b7 a401              539		.byte	164,1
000003b9 435f454e41424c45  540		.strz	"C_ENABLE_CAN_CANCEL_NOTIFICATION "
000003c1 5f43414e5f43414e
000003c9 43454c5f4e4f5449
000003d1 4649434154494f4e
000003d9 2000            
000003db 01                541		.byte	1
000003dc a501              542		.byte	165,1
000003de 4150504c5f43414e  543		.strz	"APPL_CAN_CANCELNOTIFICATION IlCanCancelNotification"
000003e6 5f43414e43454c4e
000003ee 4f54494649434154
000003f6 494f4e20496c4361
000003fe 6e43616e63656c4e
00000406 6f74696669636174
0000040e 696f6e00        
00000412 01                544		.byte	1
00000413 a701              545		.byte	167,1
00000415 6b43616e50687973  546		.strz	"kCanPhysToLogChannelIndex_0 "
0000041d 546f4c6f67436861
00000425 6e6e656c496e6465
0000042d 785f302000      
00000432 01                547		.byte	1
00000433 a801              548		.byte	168,1
00000435 435f454e41424c45  549		.strz	"C_ENABLE_RX_FULLCAN_OBJECTS "
0000043d 5f52585f46554c4c
00000445 43414e5f4f424a45
0000044d 4354532000      
00000452 01                550		.byte	1
00000453 a901              551		.byte	169,1
00000455 435f454e41424c45  552		.strz	"C_ENABLE_RX_BASICCAN_OBJECTS "
0000045d 5f52585f42415349
00000465 4343414e5f4f424a
0000046d 454354532000    
00000473 01                553		.byte	1
00000474 b201              554		.byte	178,1
00000476 435f454e41424c45  555		.strz	"C_ENABLE_CAN_CAN_INTERRUPT_CONTROL "
0000047e 5f43414e5f43414e
00000486 5f494e5445525255
0000048e 50545f434f4e5452
00000496 4f4c2000        
0000049a 01                556		.byte	1
0000049b b601              557		.byte	182,1
0000049d 435f454e41424c45  558		.strz	"C_ENABLE_TX_POLLING "
000004a5 5f54585f504f4c4c
000004ad 494e472000      
000004b2 01                559		.byte	1
000004b3 b701              560		.byte	183,1
000004b5 435f454e41424c45  561		.strz	"C_ENABLE_RX_BASICCAN_POLLING "
000004bd 5f52585f42415349
000004c5 4343414e5f504f4c
000004cd 4c494e472000    
000004d3 01                562		.byte	1
000004d4 b801              563		.byte	184,1
000004d6 435f454e41424c45  564		.strz	"C_ENABLE_RX_FULLCAN_POLLING "
000004de 5f52585f46554c4c
000004e6 43414e5f504f4c4c
000004ee 494e472000      
000004f3 01                565		.byte	1
000004f4 b901              566		.byte	185,1
000004f6 435f454e41424c45  567		.strz	"C_ENABLE_ERROR_POLLING "
000004fe 5f4552524f525f50
00000506 4f4c4c494e472000
0000050e 01                568		.byte	1
0000050f ba01              569		.byte	186,1
00000511 435f454e41424c45  570		.strz	"C_ENABLE_WAKEUP_POLLING "
00000519 5f57414b4555505f
00000521 504f4c4c494e4720
00000529 00              
0000052a 01                571		.byte	1
0000052b c201              572		.byte	194,1
0000052d 435f44495341424c  573		.strz	"C_DISABLE_SLEEP_WAKEUP "
00000535 455f534c4545505f
0000053d 57414b4555502000
00000545 01                574		.byte	1
00000546 ce01              575		.byte	206,1
00000548 6b43616e4e756d62  576		.strz	"kCanNumberOfUsedCanRxIdTables 1"
00000550 65724f6655736564
00000558 43616e5278496454
00000560 61626c6573203100
00000568 01                577		.byte	1
00000569 d301              578		.byte	211,1
0000056b 6b43616e4e756d62  579		.strz	"kCanNumberOfUsedTxCANObjects 1"
00000573 65724f6655736564
0000057b 547843414e4f626a
00000583 65637473203100  
0000058a 01                580		.byte	1
0000058b ec01              581		.byte	236,1
0000058d 435f44495341424c  582		.strz	"C_DISABLE_SINGLE_ISR_API "
00000595 455f53494e474c45
0000059d 5f4953525f415049
000005a5 2000            
000005a7 01                583		.byte	1
000005a8 ed01              584		.byte	237,1
000005aa 435f454e41424c45  585		.strz	"C_ENABLE_FLEXCAN_INDIV_RXMASK "
000005b2 5f464c455843414e
000005ba 5f494e4449565f52
000005c2 584d41534b2000  
000005c9 01                586		.byte	1
000005ca ef01              587		.byte	239,1
000005cc 435f43414e5f4d41  588		.strz	"C_CAN_MAX_BUFFER_32 "
000005d4 585f425546464552
000005dc 5f33322000      

                                   Fri Apr 24 16:52:34 2020           Page 12
                                   Fri Apr 24 16:52:36 2020    gh_0000bv81.s
000005e1 01                589		.byte	1
000005e2 f001              590		.byte	240,1
000005e4 435f454e41424c45  591		.strz	"C_ENABLE_MIXED_RX_FULLCAN_MESSAGES "
000005ec 5f4d495845445f52
000005f4 585f46554c4c4341
000005fc 4e5f4d4553534147
00000604 45532000        
00000608 04                592		.byte	4
00000609 03                593		.byte	3
0000060a 43                594		.byte	67
0000060b 06                595		.byte	6
0000060c 03                596		.byte	3
0000060d 34                597		.byte	52
0000060e 07                598		.byte	7
0000060f 01                599		.byte	1
00000610 f503              600		.byte	245,3
00000612 565f4445465f4820  601		.strz	"V_DEF_H "
0000061a 00              
0000061b 01                602		.byte	1
0000061c 8804              603		.byte	136,4
0000061e 565f4445465f5355  604		.strz	"V_DEF_SUPPORTED_PLATFORM "
00000626 50504f525445445f
0000062e 504c4154464f524d
00000636 2000            
00000638 01                605		.byte	1
00000639 9e04              606		.byte	158,4
0000063b 63616e75696e7438  607		.strz	"canuint8 vuint8"
00000643 207675696e743800
0000064b 01                608		.byte	1
0000064c a904              609		.byte	169,4
0000064e 63616e75696e7431  610		.strz	"canuint16 vuint16"
00000656 36207675696e7431
0000065e 3600            
00000660 01                611		.byte	1
00000661 e204              612		.byte	226,4
00000663 7675696e74782076  613		.strz	"vuintx vuint32"
0000066b 75696e74333200  
00000672 01                614		.byte	1
00000673 e504              615		.byte	229,4
00000675 7673696e74782076  616		.strz	"vsintx vsint32"
0000067d 73696e74333200  
00000684 01                617		.byte	1
00000685 fd04              618		.byte	253,4
00000687 63616e6269747479  619		.strz	"canbittype vbittype"
0000068f 7065207662697474
00000697 79706500        
0000069b 01                620		.byte	1
0000069c dd06              621		.byte	221,6
0000069e 4c4f43414c5f494e  622		.strz	"LOCAL_INLINE static inline"
000006a6 4c494e4520737461
000006ae 74696320696e6c69
000006b6 6e6500          
000006b9 01                623		.byte	1
000006ba e706              624		.byte	231,6
000006bc 565f4d454d524f4d  625		.strz	"V_MEMROM0 "
000006c4 302000          
000006c7 01                626		.byte	1
000006c8 ef06              627		.byte	239,6
000006ca 565f4d454d524f4d  628		.strz	"V_MEMROM1 "
000006d2 312000          
000006d5 01                629		.byte	1
000006d6 8307              630		.byte	131,7
000006d8 565f4d454d524f4d  631		.strz	"V_MEMROM2 const"
000006e0 3220636f6e737400
000006e8 01                632		.byte	1
000006e9 9607              633		.byte	150,7
000006eb 565f4d454d524f4d  634		.strz	"V_MEMROM3 "
000006f3 332000          
000006f6 01                635		.byte	1
000006f7 9c07              636		.byte	156,7
000006f9 565f4d454d52414d  637		.strz	"V_MEMRAM0 "
00000701 302000          
00000704 01                638		.byte	1
00000705 a007              639		.byte	160,7
00000707 565f4d454d52414d  640		.strz	"V_MEMRAM1_NEAR "
0000070f 315f4e4541522000
00000717 01                641		.byte	1
00000718 a407              642		.byte	164,7
0000071a 565f4d454d52414d  643		.strz	"V_MEMRAM1 "
00000722 312000          
00000725 01                644		.byte	1

                                   Fri Apr 24 16:52:34 2020           Page 13
                                   Fri Apr 24 16:52:36 2020    gh_0000bv81.s
00000726 ae07              645		.byte	174,7
00000728 565f4d454d52414d  646		.strz	"V_MEMRAM2_NEAR "
00000730 325f4e4541522000
00000738 01                647		.byte	1
00000739 b107              648		.byte	177,7
0000073b 4d454d4f52595f4e  649		.strz	"MEMORY_NEAR V_MEMRAM2_NEAR"
00000743 45415220565f4d45
0000074b 4d52414d325f4e45
00000753 415200          
00000756 01                650		.byte	1
00000757 b807              651		.byte	184,7
00000759 565f4d454d52414d  652		.strz	"V_MEMRAM2 "
00000761 322000          
00000764 03                653		.byte	3
00000765 f207              654		.byte	242,7
00000767 08                655		.byte	8
00000768 03                656		.byte	3
00000769 d501              657		.byte	213,1
0000076b 07                658		.byte	7
0000076c 04                659		.byte	4
0000076d 01                660		.byte	1
0000076e e301              661		.byte	227,1
00000770 565354444c49425f  662		.strz	"VSTDLIB__COREHLL_VERSION 0x0308u"
00000778 5f434f5245484c4c
00000780 5f56455253494f4e
00000788 2030783033303875
00000790 00              
00000791 01                663		.byte	1
00000792 ed01              664		.byte	237,1
00000794 565354445f415049  665		.strz	"VSTD_API_0 "
0000079c 5f302000        
000007a0 01                666		.byte	1
000007a1 f101              667		.byte	241,1
000007a3 565354445f415049  668		.strz	"VSTD_API_1 "
000007ab 5f312000        
000007af 01                669		.byte	1
000007b0 f501              670		.byte	245,1
000007b2 565354445f415049  671		.strz	"VSTD_API_2 "
000007ba 5f322000        
000007be 01                672		.byte	1
000007bf 8102              673		.byte	129,2
000007c1 565354445f4e4f4e  674		.strz	"VSTD_NONE "
000007c9 452000          
000007cc 01                675		.byte	1
000007cd b502              676		.byte	181,2
000007cf 565354445f444546  677		.strz	"VSTD_DEF_CONST(storage,vartype,memclass) V_MEMROM0 storage V_MEMROM1 vartype V_MEMROM2"
000007d7 5f434f4e53542873
000007df 746f726167652c76
000007e7 6172747970652c6d
000007ef 656d636c61737329
000007f7 20565f4d454d524f
000007ff 4d302073746f7261
00000807 676520565f4d454d
0000080f 524f4d3120766172
00000817 7479706520565f4d
0000081f 454d524f4d3200  
00000826 01                678		.byte	1
00000827 bc02              679		.byte	188,2
00000829 565354445f444546  680		.strz	"VSTD_DEF_FUNC_API(storage,rettype,memclass) VSTD_API_0 storage VSTD_API_1 rettype"
00000831 5f46554e435f4150
00000839 492873746f726167
00000841 652c726574747970
00000849 652c6d656d636c61
00000851 7373292056535444
00000859 5f4150495f302073
00000861 746f726167652056
00000869 5354445f4150495f
00000871 3120726574747970
00000879 6500            
0000087b 01                681		.byte	1
0000087c dd02              682		.byte	221,2
0000087e 565354445f454e41  683		.strz	"VSTD_ENABLE_INTCTRL_HANDLING "
00000886 424c455f494e5443
0000088e 54524c5f48414e44
00000896 4c494e472000    
0000089c 01                684		.byte	1
0000089d fd02              685		.byte	253,2
0000089f 565354445f484c5f  686		.strz	"VSTD_HL_USE_VSTD_MEMCLR "
000008a7 5553455f56535444
000008af 5f4d454d434c5220
000008b7 00              
000008b8 01                687		.byte	1
000008b9 fe02              688		.byte	254,2
000008bb 565354445f484c5f  689		.strz	"VSTD_HL_USE_VSTD_MEMSET "
000008c3 5553455f56535444
000008cb 5f4d454d53455420
000008d3 00              
000008d4 01                690		.byte	1
000008d5 ff02              691		.byte	255,2
000008d7 565354445f484c5f  692		.strz	"VSTD_HL_USE_VSTD_RAMMEMCPY "
000008df 5553455f56535444
000008e7 5f52414d4d454d43
000008ef 50592000        
000008f3 01                693		.byte	1
000008f4 8003              694		.byte	128,3
000008f6 565354445f484c5f  695		.strz	"VSTD_HL_USE_VSTD_ROMMEMCPY "
000008fe 5553455f56535444
00000906 5f524f4d4d454d43
0000090e 50592000        
00000912 01                696		.byte	1
00000913 8103              697		.byte	129,3
00000915 565354445f484c5f  698		.strz	"VSTD_HL_USE_VSTD_WORD_MEMCPY "
0000091d 5553455f56535444
00000925 5f574f52445f4d45
0000092d 4d4350592000    
00000933 01                699		.byte	1
00000934 8203              700		.byte	130,3

                                   Fri Apr 24 16:52:34 2020           Page 14
                                   Fri Apr 24 16:52:36 2020    gh_0000bv81.s
00000936 565354445f484c5f  701		.strz	"VSTD_HL_USE_VSTD_DWORD_MEMCPY "
0000093e 5553455f56535444
00000946 5f44574f52445f4d
0000094e 454d4350592000  
00000955 01                702		.byte	1
00000956 9305              703		.byte	147,5
00000958 565354445f4e4f49  704		.strz	"VSTD_NOINLINE_PRE "
00000960 4e4c494e455f5052
00000968 452000          
0000096b 01                705		.byte	1
0000096c 9605              706		.byte	150,5
0000096e 565354445f4e4f49  707		.strz	"VSTD_NOINLINE_POST "
00000976 4e4c494e455f504f
0000097e 53542000        
00000982 04                708		.byte	4
00000983 01                709		.byte	1
00000984 9308              710		.byte	147,8
00000986 565f4e4f4e452000  711		.strz	"V_NONE "
0000098e 01                712		.byte	1
0000098f 9708              713		.byte	151,8
00000991 435f43414c4c4241  714		.strz	"C_CALLBACK_1 "
00000999 434b5f312000    
0000099f 01                715		.byte	1
000009a0 9a08              716		.byte	154,8
000009a2 435f43414c4c4241  717		.strz	"C_CALLBACK_2 "
000009aa 434b5f322000    
000009b0 01                718		.byte	1
000009b1 9d08              719		.byte	157,8
000009b3 435f4150495f3120  720		.strz	"C_API_1 "
000009bb 00              
000009bc 01                721		.byte	1
000009bd a008              722		.byte	160,8
000009bf 435f4150495f3220  723		.strz	"C_API_2 "
000009c7 00              
000009c8 01                724		.byte	1
000009c9 a308              725		.byte	163,8
000009cb 435f4150495f3320  726		.strz	"C_API_3 "
000009d3 00              
000009d4 01                727		.byte	1
000009d5 a808              728		.byte	168,8
000009d7 565f4445465f5641  729		.strz	"V_DEF_VAR_TYPE(storage,vartype) typedef storage V_MEMRAM1 vartype V_MEMRAM2"
000009df 525f545950452873
000009e7 746f726167652c76
000009ef 6172747970652920
000009f7 7479706564656620
000009ff 73746f7261676520
00000a07 565f4d454d52414d
00000a0f 3120766172747970
00000a17 6520565f4d454d52
00000a1f 414d3200        
00000a23 01                730		.byte	1
00000a24 ab08              731		.byte	171,8
00000a26 565f4445465f5032  732		.strz	"V_DEF_P2VAR_TYPE(storage,ptrtype,ptrclass) typedef storage V_MEMRAM1 ptrtype V_MEMRAM2 *"
00000a2e 5641525f54595045
00000a36 2873746f72616765
00000a3e 2c70747274797065
00000a46 2c707472636c6173
00000a4e 7329207479706564
00000a56 65662073746f7261
00000a5e 676520565f4d454d
00000a66 52414d3120707472
00000a6e 7479706520565f4d
00000a76 454d52414d32202a
00000a7e 00              
00000a7f 01                733		.byte	1
00000a80 ae08              734		.byte	174,8
00000a82 565f4445465f5032  735		.strz	"V_DEF_P2SFR_CAN_TYPE(storage,ptrtype) typedef storage V_MEMRAM1 ptrtype MEMORY_CAN *"
00000a8a 5346525f43414e5f
00000a92 545950452873746f
00000a9a 726167652c707472
00000aa2 7479706529207479
00000aaa 7065646566207374
00000ab2 6f7261676520565f
00000aba 4d454d52414d3120
00000ac2 7074727479706520
00000aca 4d454d4f52595f43
00000ad2 414e202a00      
00000ad7 01                736		.byte	1
00000ad8 b108              737		.byte	177,8
00000ada 565f4445465f434f  738		.strz	"V_DEF_CONST(storage,type,memclass) V_MEMROM0 storage V_MEMROM1 type V_MEMROM2"
00000ae2 4e53542873746f72
00000aea 6167652c74797065
00000af2 2c6d656d636c6173
00000afa 732920565f4d454d
00000b02 524f4d302073746f
00000b0a 7261676520565f4d
00000b12 454d524f4d312074
00000b1a 79706520565f4d45
00000b22 4d524f4d3200    
00000b28 01                739		.byte	1
00000b29 b708              740		.byte	183,8
00000b2b 565f4445465f5032  741		.strz	"V_DEF_P2CONST_TYPE(storage,ptrtype,ptrclass) typedef storage V_MEMROM1 ptrtype V_MEMROM2 V_MEMROM3 *"
00000b33 434f4e53545f5459
00000b3b 50452873746f7261
00000b43 67652c7074727479
00000b4b 70652c707472636c
00000b53 6173732920747970
00000b5b 656465662073746f
00000b63 7261676520565f4d
00000b6b 454d524f4d312070
00000b73 7472747970652056
00000b7b 5f4d454d524f4d32
00000b83 20565f4d454d524f
00000b8b 4d33202a00      
00000b90 04                742		.byte	4
00000b91 01                743		.byte	1
00000b92 3b                744		.byte	59
00000b93 5647454e5f44454c  745		.strz	"VGEN_DELIVERY_VERSION_BYTE_0 0x01"
00000b9b 49564552595f5645
00000ba3 5253494f4e5f4259
00000bab 54455f3020307830
00000bb3 3100            
00000bb5 01                746		.byte	1
00000bb6 3c                747		.byte	60
00000bb7 5647454e5f44454c  748		.strz	"VGEN_DELIVERY_VERSION_BYTE_1 0x02"
00000bbf 49564552595f5645
00000bc7 5253494f4e5f4259
00000bcf 54455f3120307830
00000bd7 3200            
00000bd9 01                749		.byte	1
00000bda 3d                750		.byte	61
00000bdb 5647454e5f44454c  751		.strz	"VGEN_DELIVERY_VERSION_BYTE_2 0x12"
00000be3 49564552595f5645
00000beb 5253494f4e5f4259
00000bf3 54455f3220307831
00000bfb 3200            
00000bfd 01                752		.byte	1
00000bfe 3e                753		.byte	62
00000bff 5647454e5f44454c  754		.strz	"VGEN_DELIVERY_VERSION_BYTE_3 0x01"
00000c07 49564552595f5645
00000c0f 5253494f4e5f4259
00000c17 54455f3320307830
00000c1f 3100            
00000c21 01                755		.byte	1
00000c22 3f                756		.byte	63

                                   Fri Apr 24 16:52:34 2020           Page 15
                                   Fri Apr 24 16:52:36 2020    gh_0000bv81.s
00000c23 5647454e5f44454c  757		.strz	"VGEN_DELIVERY_VERSION_BYTE_4 0x80"
00000c2b 49564552595f5645
00000c33 5253494f4e5f4259
00000c3b 54455f3420307838
00000c43 3000            
00000c45 01                758		.byte	1
00000c46 40                759		.byte	64
00000c47 5647454e5f44454c  760		.strz	"VGEN_DELIVERY_VERSION_BYTE_5 0x07"
00000c4f 49564552595f5645
00000c57 5253494f4e5f4259
00000c5f 54455f3520307830
00000c67 3700            
00000c69 01                761		.byte	1
00000c6a 41                762		.byte	65
00000c6b 5647454e5f44454c  763		.strz	"VGEN_DELIVERY_VERSION_BYTE_6 0x77"
00000c73 49564552595f5645
00000c7b 5253494f4e5f4259
00000c83 54455f3620307837
00000c8b 3700            
00000c8d 01                764		.byte	1
00000c8e 42                765		.byte	66
00000c8f 5647454e5f44454c  766		.strz	"VGEN_DELIVERY_VERSION_BYTE_7 0x00"
00000c97 49564552595f5645
00000c9f 5253494f4e5f4259
00000ca7 54455f3720307830
00000caf 3000            
00000cb1 01                767		.byte	1
00000cb2 43                768		.byte	67
00000cb3 5647454e5f44454c  769		.strz	"VGEN_DELIVERY_VERSION_BYTE_8 0x00"
00000cbb 49564552595f5645
00000cc3 5253494f4e5f4259
00000ccb 54455f3820307830
00000cd3 3000            
00000cd5 01                770		.byte	1
00000cd6 44                771		.byte	68
00000cd7 5647454e5f44454c  772		.strz	"VGEN_DELIVERY_VERSION_BYTE_9 0x00"
00000cdf 49564552595f5645
00000ce7 5253494f4e5f4259
00000cef 54455f3920307830
00000cf7 3000            
00000cf9 01                773		.byte	1
00000cfa 45                774		.byte	69
00000cfb 6b47454e79566572  775		.strz	"kGENyVersionNumberOfBytes 10"
00000d03 73696f6e4e756d62
00000d0b 65724f6642797465
00000d13 7320313000      
00000d18 04                776		.byte	4
00000d19 03                777		.byte	3
00000d1a 46                778		.byte	70
00000d1b 09                779		.byte	9
00000d1c 01                780		.byte	1
00000d1d f603              781		.byte	246,3
00000d1f 435f53494e474c45  782		.strz	"C_SINGLE_RECEIVE_CHANNEL "
00000d27 5f52454345495645
00000d2f 5f4348414e4e454c
00000d37 2000            
00000d39 01                783		.byte	1
00000d3a fb03              784		.byte	251,3
00000d3c 435f454e41424c45  785		.strz	"C_ENABLE_CAN_TRANSMIT "
00000d44 5f43414e5f545241
00000d4c 4e534d49542000  
00000d53 01                786		.byte	1
00000d54 8004              787		.byte	128,4
00000d56 435f454e41424c45  788		.strz	"C_ENABLE_OFFLINE "
00000d5e 5f4f46464c494e45
00000d66 2000            
00000d68 01                789		.byte	1
00000d69 8404              790		.byte	132,4
00000d6b 435f454e41424c45  791		.strz	"C_ENABLE_STOP "
00000d73 5f53544f502000  
00000d7a 01                792		.byte	1
00000d7b a004              793		.byte	160,4
00000d7d 435f454e41424c45  794		.strz	"C_ENABLE_INDIVIDUAL_BUFFER_MASKING "
00000d85 5f494e4449564944
00000d8d 55414c5f42554646
00000d95 45525f4d41534b49
00000d9d 4e472000        
00000da1 01                795		.byte	1
00000da2 db04              796		.byte	219,4
00000da4 6b43616e4e756d62  797		.strz	"kCanNumberOfRxBasicMasks 1"
00000dac 65724f6652784261
00000db4 7369634d61736b73
00000dbc 203100          
00000dbf 01                798		.byte	1
00000dc0 f004              799		.byte	240,4
00000dc2 435f44495341424c  800		.strz	"C_DISABLE_CAN_ISR_LOCK "
00000dca 455f43414e5f4953
00000dd2 525f4c4f434b2000
00000dda 01                801		.byte	1
00000ddb a506              802		.byte	165,6
00000ddd 43414e5f4348414e  803		.strz	"CAN_CHANNEL_CANTYPE_ONLY void"
00000de5 4e454c5f43414e54
00000ded 5950455f4f4e4c59
00000df5 20766f696400    
00000dfb 01                804		.byte	1
00000dfc a606              805		.byte	166,6
00000dfe 43414e5f4348414e  806		.strz	"CAN_CHANNEL_CANTYPE_FIRST "
00000e06 4e454c5f43414e54
00000e0e 5950455f46495253
00000e16 542000          
00000e19 01                807		.byte	1
00000e1a ea06              808		.byte	234,6
00000e1c 6b43616e4e756d62  809		.strz	"kCanNumberOfConfBytes ((kCanNumberOfConfFlags + 7)/8)"
00000e24 65724f66436f6e66
00000e2c 4279746573202828
00000e34 6b43616e4e756d62
00000e3c 65724f66436f6e66
00000e44 466c616773202b20
00000e4c 37292f382900    
00000e52 01                810		.byte	1
00000e53 dd0a              811		.byte	221,10
00000e55 4d454d4f52595f43  812		.strz	"MEMORY_CAN "
00000e5d 414e2000        

                                   Fri Apr 24 16:52:34 2020           Page 16
                                   Fri Apr 24 16:52:36 2020    gh_0000bv81.s
00000e61 01                813		.byte	1
00000e62 f70a              814		.byte	247,10
00000e64 435f464c45584341  815		.strz	"C_FLEXCAN_ISR_GROUP_B "
00000e6c 4e5f4953525f4752
00000e74 4f55505f422000  
00000e7b 01                816		.byte	1
00000e7c ac0b              817		.byte	172,11
00000e7e 6b43616e4d61784d  818		.strz	"kCanMaxMB ((vuint16)32)"
00000e86 422028287675696e
00000e8e 7431362933322900
00000e96 01                819		.byte	1
00000e97 e917              820		.byte	233,23
00000e99 435f454e41424c45  821		.strz	"C_ENABLE_ISR_PROTOTYPE "
00000ea1 5f4953525f50524f
00000ea9 544f545950452000
00000eb1 04                822		.byte	4
00000eb2 04                823		.byte	4
00000eb3 03                824		.byte	3
00000eb4 32                825		.byte	50
00000eb5 0a                826		.byte	10
00000eb6 04                827		.byte	4
00000eb7 03                828		.byte	3
00000eb8 34                829		.byte	52
00000eb9 0b                830		.byte	11
00000eba 03                831		.byte	3
00000ebb dd03              832		.byte	221,3
00000ebd 0c                833		.byte	12
00000ebe 03                834		.byte	3
00000ebf 2f                835		.byte	47
00000ec0 0d                836		.byte	13
00000ec1 03                837		.byte	3
00000ec2 30                838		.byte	48
00000ec3 02                839		.byte	2
00000ec4 04                840		.byte	4
00000ec5 04                841		.byte	4
00000ec6 01                842		.byte	1
00000ec7 30                843		.byte	48
00000ec8 54505f4d454d4f52  844		.strz	"TP_MEMORY_MODEL_DATA "
00000ed0 595f4d4f44454c5f
00000ed8 444154412000    
00000ede 01                845		.byte	1
00000edf 32                846		.byte	50
00000ee0 54505f454e41424c  847		.strz	"TP_ENABLE_SINGLE_MSG_OBJ "
00000ee8 455f53494e474c45
00000ef0 5f4d53475f4f424a
00000ef8 2000            
00000efa 01                848		.byte	1
00000efb 36                849		.byte	54
00000efc 6b54704e756d6265  850		.strz	"kTpNumberOfCanChannels 1"
00000f04 724f6643616e4368
00000f0c 616e6e656c732031
00000f14 00              
00000f15 01                851		.byte	1
00000f16 38                852		.byte	56
00000f17 6b54704f6e203100  853		.strz	"kTpOn 1"
00000f1f 01                854		.byte	1
00000f20 3c                855		.byte	60
00000f21 6b54704f66662030  856		.strz	"kTpOff 0"
00000f29 00              
00000f2a 01                857		.byte	1
00000f2b 4a                858		.byte	74
00000f2c 54505f5553455f49  859		.strz	"TP_USE_ISO_COMPLIANCE kTpOn"
00000f34 534f5f434f4d504c
00000f3c 49414e4345206b54
00000f44 704f6e00        
00000f48 01                860		.byte	1
00000f49 4b                861		.byte	75
00000f4a 54505f5553455f46  862		.strz	"TP_USE_FAST_PRECOPY kTpOff"
00000f52 4153545f50524543
00000f5a 4f5059206b54704f
00000f62 666600          
00000f65 01                863		.byte	1
00000f66 4c                864		.byte	76
00000f67 54505f5553455f44  865		.strz	"TP_USE_DIAGPRECOPY kTpOff"
00000f6f 494147505245434f
00000f77 5059206b54704f66
00000f7f 6600            
00000f81 01                866		.byte	1
00000f82 4e                867		.byte	78
00000f83 54505f454e41424c  868		.strz	"TP_ENABLE_ISO_15765_2_2 "
00000f8b 455f49534f5f3135
00000f93 3736355f325f3220
00000f9b 00              

                                   Fri Apr 24 16:52:34 2020           Page 17
                                   Fri Apr 24 16:52:36 2020    gh_0000bv81.s
00000f9c 01                869		.byte	1
00000f9d 50                870		.byte	80
00000f9e 54505f4449534142  871		.strz	"TP_DISABLE_OBD_PRECOPY "
00000fa6 4c455f4f42445f50
00000fae 5245434f50592000
00000fb6 01                872		.byte	1
00000fb7 56                873		.byte	86
00000fb8 54505f5553455f45  874		.strz	"TP_USE_EXTENDED_API_BS kTpOff"
00000fc0 5854454e4445445f
00000fc8 4150495f4253206b
00000fd0 54704f666600    
00000fd6 01                875		.byte	1
00000fd7 57                876		.byte	87
00000fd8 54505f5553455f45  877		.strz	"TP_USE_EXTENDED_API_STMIN kTpOff"
00000fe0 5854454e4445445f
00000fe8 4150495f53544d49
00000ff0 4e206b54704f6666
00000ff8 00              
00000ff9 01                878		.byte	1
00000ffa 58                879		.byte	88
00000ffb 54505f5553455f54  880		.strz	"TP_USE_TX_OF_FC_IN_ISR kTpOn"
00001003 585f4f465f46435f
0000100b 494e5f495352206b
00001013 54704f6e00      
00001018 01                881		.byte	1
00001019 59                882		.byte	89
0000101a 54505f5553455f4f  883		.strz	"TP_USE_OVERRUN_INDICATION kTpOff"
00001022 56455252554e5f49
0000102a 4e4449434154494f
00001032 4e206b54704f6666
0000103a 00              
0000103b 01                884		.byte	1
0000103c 5a                885		.byte	90
0000103d 54505f5553455f4f  886		.strz	"TP_USE_ONLY_FIRST_FC kTpOn"
00001045 4e4c595f46495253
0000104d 545f4643206b5470
00001055 4f6e00          
00001058 01                887		.byte	1
00001059 5b                888		.byte	91
0000105a 54505f5553455f46  889		.strz	"TP_USE_FAST_TX_TRANSMISSION kTpOff"
00001062 4153545f54585f54
0000106a 52414e534d495353
00001072 494f4e206b54704f
0000107a 666600          
0000107d 01                890		.byte	1
0000107e 5c                891		.byte	92
0000107f 54505f5553455f51  892		.strz	"TP_USE_QUEUE_IN_ISR kTpOn"
00001087 554555455f494e5f
0000108f 495352206b54704f
00001097 6e00            
00001099 01                893		.byte	1
0000109a 5d                894		.byte	93
0000109b 54505f5553455f4e  895		.strz	"TP_USE_NO_STMIN_AFTER_FC kTpOff"
000010a3 4f5f53544d494e5f
000010ab 41465445525f4643
000010b3 206b54704f666600
000010bb 01                896		.byte	1
000010bc 5e                897		.byte	94
000010bd 4d454d4f52595f4e  898		.strz	"MEMORY_NEAR_TP_SAVE MEMORY_NEAR"
000010c5 4541525f54505f53
000010cd 415645204d454d4f
000010d5 52595f4e45415200
000010dd 01                899		.byte	1
000010de 5f                900		.byte	95
000010df 54505f5553455f54  901		.strz	"TP_USE_TX_HANDLE_CHANGEABLE kTpOff"
000010e7 585f48414e444c45
000010ef 5f4348414e474541
000010f7 424c45206b54704f
000010ff 666600          
00001102 01                902		.byte	1
00001103 60                903		.byte	96
00001104 54505f5553455f47  904		.strz	"TP_USE_GATEWAY_API kTpOff"
0000110c 4154455741595f41
00001114 5049206b54704f66
0000111c 6600            
0000111e 01                905		.byte	1
0000111f 61                906		.byte	97
00001120 54505f5553455f52  907		.strz	"TP_USE_RX_CHANNEL_WITHOUT_FC kTpOff"
00001128 585f4348414e4e45
00001130 4c5f574954484f55
00001138 545f4643206b5470
00001140 4f666600        
00001144 01                908		.byte	1
00001145 62                909		.byte	98
00001146 54505f5553455f54  910		.strz	"TP_USE_TX_CHANNEL_WITHOUT_FC kTpOff"
0000114e 585f4348414e4e45
00001156 4c5f574954484f55
0000115e 545f4643206b5470
00001166 4f666600        
0000116a 01                911		.byte	1
0000116b 63                912		.byte	99
0000116c 54505f5553455f4f  913		.strz	"TP_USE_OLD_STMIN_CALCULATION kTpOff"
00001174 4c445f53544d494e
0000117c 5f43414c43554c41
00001184 54494f4e206b5470
0000118c 4f666600        
00001190 01                914		.byte	1
00001191 66                915		.byte	102
00001192 54505f5553455f50  916		.strz	"TP_USE_PADDING kTpOn"
0000119a 414444494e47206b
000011a2 54704f6e00      
000011a7 01                917		.byte	1
000011a8 67                918		.byte	103
000011a9 54505f5041444449  919		.strz	"TP_PADDING_PATTERN 0x00"
000011b1 4e475f5041545445
000011b9 524e203078303000
000011c1 01                920		.byte	1
000011c2 68                921		.byte	104
000011c3 54505f5553455f56  922		.strz	"TP_USE_VARIABLE_DLC kTpOff"
000011cb 41524941424c455f
000011d3 444c43206b54704f
000011db 666600          
000011de 01                923		.byte	1
000011df 69                924		.byte	105

                                   Fri Apr 24 16:52:34 2020           Page 18
                                   Fri Apr 24 16:52:36 2020    gh_0000bv81.s
000011e0 54505f4449534142  925		.strz	"TP_DISABLE_IGNORE_FC_RES_STMIN "
000011e8 4c455f49474e4f52
000011f0 455f46435f524553
000011f8 5f53544d494e2000
00001200 01                926		.byte	1
00001201 6a                927		.byte	106
00001202 54505f4449534142  928		.strz	"TP_DISABLE_CANCEL_FC_RES_STMIN "
0000120a 4c455f43414e4345
00001212 4c5f46435f524553
0000121a 5f53544d494e2000
00001222 01                929		.byte	1
00001223 6b                930		.byte	107
00001224 54505f4449534142  931		.strz	"TP_DISABLE_IGNORE_FC_OVFL "
0000122c 4c455f49474e4f52
00001234 455f46435f4f5646
0000123c 4c2000          
0000123f 01                932		.byte	1
00001240 6c                933		.byte	108
00001241 54505f4449534142  934		.strz	"TP_DISABLE_WAIT_FOR_CORRECT_SN "
00001249 4c455f574149545f
00001251 464f525f434f5252
00001259 4543545f534e2000
00001261 01                935		.byte	1
00001262 6d                936		.byte	109
00001263 54505f4449534142  937		.strz	"TP_DISABLE_SINGLE_CHAN_MULTICONN "
0000126b 4c455f53494e474c
00001273 455f4348414e5f4d
0000127b 554c5449434f4e4e
00001283 2000            
00001285 01                938		.byte	1
00001286 6e                939		.byte	110
00001287 54505f4449534142  940		.strz	"TP_DISABLE_FC_WAIT "
0000128f 4c455f46435f5741
00001297 49542000        
0000129b 01                941		.byte	1
0000129c 6f                942		.byte	111
0000129d 54505f5553455f55  943		.strz	"TP_USE_UNEXPECTED_FC_CANCELATION kTpOff"
000012a5 4e45585045435445
000012ad 445f46435f43414e
000012b5 43454c4154494f4e
000012bd 206b54704f666600
000012c5 01                944		.byte	1
000012c6 70                945		.byte	112
000012c7 54505f4449534142  946		.strz	"TP_DISABLE_EXT_COPYFROMCAN_API "
000012cf 4c455f4558545f43
000012d7 4f505946524f4d43
000012df 414e5f4150492000
000012e7 01                947		.byte	1
000012e8 77                948		.byte	119
000012e9 54505f5553455f4e  949		.strz	"TP_USE_NORMAL_ADDRESSING kTpOn"
000012f1 4f524d414c5f4144
000012f9 4452455353494e47
00001301 206b54704f6e00  
00001308 01                950		.byte	1
00001309 78                951		.byte	120
0000130a 54505f5553455f4e  952		.strz	"TP_USE_NORMAL_FIXED_ADDRESSING kTpOff"
00001312 4f524d414c5f4649
0000131a 5845445f41444452
00001322 455353494e47206b
0000132a 54704f666600    
00001330 01                953		.byte	1
00001331 79                954		.byte	121
00001332 54505f5553455f45  955		.strz	"TP_USE_EXTENDED_ADDRESSING kTpOff"
0000133a 5854454e4445445f
00001342 4144445245535349
0000134a 4e47206b54704f66
00001352 6600            
00001354 01                956		.byte	1
00001355 7a                957		.byte	122
00001356 54505f5553455f4d  958		.strz	"TP_USE_MIXED_11_ADDRESSING kTpOff"
0000135e 495845445f31315f
00001366 4144445245535349
0000136e 4e47206b54704f66
00001376 6600            
00001378 01                959		.byte	1
00001379 7b                960		.byte	123
0000137a 54505f5553455f4d  961		.strz	"TP_USE_MIXED_29_ADDRESSING kTpOff"
00001382 495845445f32395f
0000138a 4144445245535349
00001392 4e47206b54704f66
0000139a 6600            
0000139c 01                962		.byte	1
0000139d 7c                963		.byte	124
0000139e 54505f454e41424c  964		.strz	"TP_ENABLE_SINGLE_CHANNEL_TP "
000013a6 455f53494e474c45
000013ae 5f4348414e4e454c
000013b6 5f54502000      
000013bb 01                965		.byte	1
000013bc 7d                966		.byte	125
000013bd 54505f4449534142  967		.strz	"TP_DISABLE_MULTIPLE_ADDRESSING "
000013c5 4c455f4d554c5449
000013cd 504c455f41444452
000013d5 455353494e472000
000013dd 01                968		.byte	1
000013de 8b01              969		.byte	139,1
000013e0 54505f5553455f50  970		.strz	"TP_USE_PRE_COPY_CHECK kTpOff"
000013e8 52455f434f50595f
000013f0 434845434b206b54
000013f8 704f666600      
000013fd 01                971		.byte	1
000013fe 8c01              972		.byte	140,1
00001400 54505f5553455f41  973		.strz	"TP_USE_APPL_PRECOPY kTpOff"
00001408 50504c5f50524543
00001410 4f5059206b54704f
00001418 666600          
0000141b 01                974		.byte	1
0000141c 8e01              975		.byte	142,1
0000141e 54505f5553455f43  976		.strz	"TP_USE_CUSTOM_RX_MEMCPY kTpOff"
00001426 5553544f4d5f5258
0000142e 5f4d454d43505920
00001436 6b54704f666600  
0000143d 01                977		.byte	1
0000143e 9601              978		.byte	150,1
00001440 54505f5553455f53  979		.strz	"TP_USE_STMIN_OF_FC kTpOn"
00001448 544d494e5f4f465f
00001450 4643206b54704f6e
00001458 00              
00001459 01                980		.byte	1

                                   Fri Apr 24 16:52:34 2020           Page 19
                                   Fri Apr 24 16:52:36 2020    gh_0000bv81.s
0000145a 9801              981		.byte	152,1
0000145c 54505f5553455f44  982		.strz	"TP_USE_DYN_ID kTpOff"
00001464 594e5f4944206b54
0000146c 704f666600      
00001471 01                983		.byte	1
00001472 9901              984		.byte	153,1
00001474 54505f5553455f43  985		.strz	"TP_USE_CUSTOM_TX_MEMCPY kTpOn"
0000147c 5553544f4d5f5458
00001484 5f4d454d43505920
0000148c 6b54704f6e00    
00001492 01                986		.byte	1
00001493 a001              987		.byte	160,1
00001495 54505f5553455f57  988		.strz	"TP_USE_WAIT_FRAMES kTpOff"
0000149d 4149545f4652414d
000014a5 4553206b54704f66
000014ad 6600            
000014af 01                989		.byte	1
000014b0 a101              990		.byte	161,1
000014b2 54505f5553455f4d  991		.strz	"TP_USE_MULTIPLE_BASEADDRESS kTpOff"
000014ba 554c5449504c455f
000014c2 4241534541444452
000014ca 455353206b54704f
000014d2 666600          
000014d5 01                992		.byte	1
000014d6 a201              993		.byte	162,1
000014d8 54505f5553455f50  994		.strz	"TP_USE_PRE_DISPATCHED_MODE kTpOff"
000014e0 52455f4449535041
000014e8 54434845445f4d4f
000014f0 4445206b54704f66
000014f8 6600            
000014fa 01                995		.byte	1
000014fb a901              996		.byte	169,1
000014fd 54505f5553455f45  997		.strz	"TP_USE_EXT_IDS_FOR_NORMAL kTpOff"
00001505 58545f4944535f46
0000150d 4f525f4e4f524d41
00001515 4c206b54704f6666
0000151d 00              
0000151e 01                998		.byte	1
0000151f aa01              999		.byte	170,1
00001521 54505f5553455f4d 1000		.strz	"TP_USE_MIXED_IDS_FOR_NORMAL kTpOff"
00001529 495845445f494453
00001531 5f464f525f4e4f52
00001539 4d414c206b54704f
00001541 666600          
00001544 01               1001		.byte	1
00001545 b101             1002		.byte	177,1
00001547 54505f4449534142 1003		.strz	"TP_DISABLE_MIN_TIMER "
0000154f 4c455f4d494e5f54
00001557 494d45522000    
0000155d 01               1004		.byte	1
0000155e b201             1005		.byte	178,1
00001560 6b54705478436861 1006		.strz	"kTpTxChannelCount 1"
00001568 6e6e656c436f756e
00001570 74203100        
00001574 01               1007		.byte	1
00001575 b301             1008		.byte	179,1
00001577 6b54705278436861 1009		.strz	"kTpRxChannelCount 1"
0000157f 6e6e656c436f756e
00001587 74203100        
0000158b 01               1010		.byte	1
0000158c c201             1011		.byte	194,1
0000158e 54505f4449534142 1012		.strz	"TP_DISABLE_CHECKTA_COMPATIBILITY "
00001596 4c455f434845434b
0000159e 54415f434f4d5041
000015a6 544942494c495459
000015ae 2000            
000015b0 01               1013		.byte	1
000015b1 c901             1014		.byte	201,1
000015b3 54505f46554e435f 1015		.strz	"TP_FUNC_ENABLE_RECEPTION "
000015bb 454e41424c455f52
000015c3 4543455054494f4e
000015cb 2000            
000015cd 01               1016		.byte	1
000015ce d601             1017		.byte	214,1
000015d0 54505f5553455f54 1018		.strz	"TP_USE_TP_INDICATION kTpOn"
000015d8 505f494e44494341
000015e0 54494f4e206b5470
000015e8 4f6e00          
000015eb 01               1019		.byte	1
000015ec d801             1020		.byte	216,1
000015ee 54505f5553455f54 1021		.strz	"TP_USE_TP_CONFIRMATION kTpOn"
000015f6 505f434f4e464952
000015fe 4d4154494f4e206b
00001606 54704f6e00      
0000160b 01               1022		.byte	1
0000160c d901             1023		.byte	217,1
0000160e 54505f5553455f54 1024		.strz	"TP_USE_TP_RX_SF kTpOff"
00001616 505f52585f534620
0000161e 6b54704f666600  
00001625 01               1025		.byte	1
00001626 da01             1026		.byte	218,1
00001628 54505f5553455f54 1027		.strz	"TP_USE_TP_RX_FF kTpOff"
00001630 505f52585f464620
00001638 6b54704f666600  
0000163f 01               1028		.byte	1
00001640 db01             1029		.byte	219,1
00001642 54505f5553455f54 1030		.strz	"TP_USE_TP_RX_CF kTpOff"
0000164a 505f52585f434620
00001652 6b54704f666600  
00001659 01               1031		.byte	1
0000165a dc01             1032		.byte	220,1
0000165c 54505f5553455f54 1033		.strz	"TP_USE_TP_NOTIFY_TX kTpOff"
00001664 505f4e4f54494659
0000166c 5f5458206b54704f
00001674 666600          
00001677 01               1034		.byte	1
00001678 dd01             1035		.byte	221,1
0000167a 54505f5553455f54 1036		.strz	"TP_USE_TP_CAN_MESSAGE_TRANSMITTED kTpOff"
00001682 505f43414e5f4d45
0000168a 53534147455f5452
00001692 414e534d49545445
0000169a 44206b54704f6666
000016a2 00              

                                   Fri Apr 24 16:52:34 2020           Page 20
                                   Fri Apr 24 16:52:36 2020    gh_0000bv81.s
000016a3 01               1037		.byte	1
000016a4 de01             1038		.byte	222,1
000016a6 54505f5553455f54 1039		.strz	"TP_USE_TP_TX_FC kTpOff"
000016ae 505f54585f464320
000016b6 6b54704f666600  
000016bd 01               1040		.byte	1
000016be df01             1041		.byte	223,1
000016c0 54505f5553455f54 1042		.strz	"TP_USE_TP_RX_GET_BUFFER kTpOn"
000016c8 505f52585f474554
000016d0 5f42554646455220
000016d8 6b54704f6e00    
000016de 01               1043		.byte	1
000016df e001             1044		.byte	224,1
000016e1 54505f5553455f54 1045		.strz	"TP_USE_TX_ERROR_INDICATION kTpOn"
000016e9 585f4552524f525f
000016f1 494e444943415449
000016f9 4f4e206b54704f6e
00001701 00              
00001702 01               1046		.byte	1
00001703 8002             1047		.byte	128,2
00001705 5f5f4170706c5470 1048		.strz	"__ApplTpRxCanMessageTransmitted(tpChannel) "
0000170d 527843616e4d6573
00001715 736167655472616e
0000171d 736d697474656428
00001725 74704368616e6e65
0000172d 6c292000        
00001731 01               1049		.byte	1
00001732 8102             1050		.byte	129,2
00001734 5f5f4170706c5470 1051		.strz	"__ApplTpTxDelayFinished(tpChannel,state) "
0000173c 547844656c617946
00001744 696e697368656428
0000174c 74704368616e6e65
00001754 6c2c737461746529
0000175c 2000            
0000175e 01               1052		.byte	1
0000175f 8602             1053		.byte	134,2
00001761 54505f5041444449 1054		.strz	"TP_PADDING_PATTERN 0xAA"
00001769 4e475f5041545445
00001771 524e203078414100
00001779 04               1055		.byte	4
0000177a 01               1056		.byte	1
0000177b f003             1057		.byte	240,3
0000177d 54505f454e41424c 1058		.strz	"TP_ENABLE_NORMAL_ADDRESSING "
00001785 455f4e4f524d414c
0000178d 5f41444452455353
00001795 494e472000      
0000179a 01               1059		.byte	1
0000179b b504             1060		.byte	181,4
0000179d 54505f4449534142 1061		.strz	"TP_DISABLE_DYNAMIC_CHANNELS "
000017a5 4c455f44594e414d
000017ad 49435f4348414e4e
000017b5 454c532000      
000017ba 01               1062		.byte	1
000017bb c504             1063		.byte	197,4
000017bd 54505f4449534142 1064		.strz	"TP_DISABLE_VARIABLE_DLC "
000017c5 4c455f5641524941
000017cd 424c455f444c4320
000017d5 00              
000017d6 01               1065		.byte	1
000017d7 a305             1066		.byte	163,5
000017d9 54505f454e41424c 1067		.strz	"TP_ENABLE_MF_RECEPTION "
000017e1 455f4d465f524543
000017e9 455054494f4e2000
000017f1 01               1068		.byte	1
000017f2 b505             1069		.byte	181,5
000017f4 54505f5553455f4d 1070		.strz	"TP_USE_MULTIPLE_ECU_NR kTpOff"
000017fc 554c5449504c455f
00001804 4543555f4e52206b
0000180c 54704f666600    
00001812 01               1071		.byte	1
00001813 e206             1072		.byte	226,6
00001815 54505f454e41424c 1073		.strz	"TP_ENABLE_FC_SUPPRESS "
0000181d 455f46435f535550
00001825 50524553532000  
0000182c 01               1074		.byte	1
0000182d 8207             1075		.byte	130,7
0000182f 54505f454e41424c 1076		.strz	"TP_ENABLE_FC_OVERFLOW "
00001837 455f46435f4f5645
0000183f 52464c4f572000  
00001846 01               1077		.byte	1
00001847 9a08             1078		.byte	154,8
00001849 6b54704d61784361 1079		.strz	"kTpMaxCanChannels 15"
00001851 6e4368616e6e656c
00001859 7320313500      
0000185e 04               1080		.byte	4
0000185f 04               1081		.byte	4
00001860 04               1082		.byte	4
00001861 00               1083		.byte	0
                          1084		.section	.debug_abbrev
00000089 00               1085		.byte	0
                          1086		.section	.debug_info
                          1087	.Ldw_end:
